nohup: ignoring input
2021-01-22 20:40:46.229237: W tensorflow/stream_executor/platform/default/dso_loader.cc:60] Could not load dynamic library 'libcudart.so.11.0'; dlerror: libcudart.so.11.0: cannot open shared object file: No such file or directory
2021-01-22 20:40:46.229275: I tensorflow/stream_executor/cuda/cudart_stub.cc:29] Ignore above cudart dlerror if you do not have a GPU set up on your machine.
wandb: Currently logged in as: kjappelbaum (use `wandb login --relogin` to force relogin)
wandb: wandb version 0.10.14 is available!  To upgrade, please run:
wandb:  $ pip install wandb --upgrade
wandb: Tracking run with wandb version 0.10.12
wandb: Syncing run usual-durian-1698
wandb: ⭐️ View project at https://wandb.ai/kjappelbaum/ga_replication_study
wandb: 🚀 View run at https://wandb.ai/kjappelbaum/ga_replication_study/runs/1e6mlv5z
wandb: Run data is saved locally in /home/kjablonk/documents/replication_study/selfies_ga_nn_replication/wandb/run-20210122_204047-1e6mlv5z
wandb: Run `wandb offline` to turn off syncing.

{'beta': 1000.0, 'alphabet': 'original', 'num_generations': 100, 'generation_size': 500, 'max_molecules_len': 81, 'disc_epochs_per_generation': 10, 'disc_enc_type': 'properties_rdkit', 'disc_layers': [100, 51], 'training_start_gen': 0, 'properties_calc_ls': ['logP', 'SAS', 'RingP']}
###   On generation 1 of 100
Best best molecule in generation  1
    smile  :  CCCCCC[N+]1(C)CCCC1
    fitness:  0.9608323008615317
    discrm :  0.0
-- Training of the discriminator, num_Updates[ 1 / 10]: Loss 0.72951
-- Training of the discriminator, num_Updates[ 2 / 10]: Loss 0.71999
-- Training of the discriminator, num_Updates[ 3 / 10]: Loss 0.71181
-- Training of the discriminator, num_Updates[ 4 / 10]: Loss 0.70497
-- Training of the discriminator, num_Updates[ 5 / 10]: Loss 0.69943
-- Training of the discriminator, num_Updates[ 6 / 10]: Loss 0.69513
-- Training of the discriminator, num_Updates[ 7 / 10]: Loss 0.69199
-- Training of the discriminator, num_Updates[ 8 / 10]: Loss 0.68989
-- Training of the discriminator, num_Updates[ 9 / 10]: Loss 0.68863
Traceback (most recent call last):
-- Training of the discriminator, num_Updates[ 10 / 10]: Loss 0.68801
  File "/home/kjablonk/anaconda3/envs/replication_study/lib/python3.8/runpy.py", line 194, in _run_module_as_main
    return _run_code(code, main_globals, None,
  File "/home/kjablonk/anaconda3/envs/replication_study/lib/python3.8/runpy.py", line 87, in _run_code
    exec(code, run_globals)
  File "/home/kjablonk/documents/replication_study/selfies_ga_nn_replication/experiments/guacamol_baseline/benchmarks/goal_benchmark_rev_ga.py", line 359, in <module>
    cli()
  File "/home/kjablonk/anaconda3/envs/replication_study/lib/python3.8/site-packages/click/core.py", line 829, in __call__
    return self.main(*args, **kwargs)
  File "/home/kjablonk/anaconda3/envs/replication_study/lib/python3.8/site-packages/click/core.py", line 782, in main
    rv = self.invoke(ctx)
  File "/home/kjablonk/anaconda3/envs/replication_study/lib/python3.8/site-packages/click/core.py", line 1066, in invoke
    return ctx.invoke(self.callback, **ctx.params)
  File "/home/kjablonk/anaconda3/envs/replication_study/lib/python3.8/site-packages/click/core.py", line 610, in invoke
    return callback(*args, **kwargs)
  File "/home/kjablonk/documents/replication_study/selfies_ga_nn_replication/experiments/guacamol_baseline/benchmarks/goal_benchmark_rev_ga.py", line 355, in cli
    assess_goal_directed_generation(optimiser, json_output_file=json_file_path)
  File "/home/kjablonk/anaconda3/envs/replication_study/lib/python3.8/site-packages/guacamol/assess_goal_directed_generation.py", line 31, in assess_goal_directed_generation
    results = _evaluate_goal_directed_benchmarks(
  File "/home/kjablonk/anaconda3/envs/replication_study/lib/python3.8/site-packages/guacamol/assess_goal_directed_generation.py", line 64, in _evaluate_goal_directed_benchmarks
    result = benchmark.assess_model(goal_directed_molecule_generator)
  File "/home/kjablonk/anaconda3/envs/replication_study/lib/python3.8/site-packages/guacamol/goal_directed_benchmark.py", line 70, in assess_model
    molecules = model.generate_optimized_molecules(scoring_function=self.wrapped_objective,
  File "/home/kjablonk/documents/replication_study/selfies_ga_nn_replication/experiments/guacamol_baseline/benchmarks/goal_benchmark_rev_ga.py", line 271, in generate_optimized_molecules
    best_smiles = initiate_ga(
  File "/home/kjablonk/documents/replication_study/selfies_ga_nn_replication/experiments/guacamol_baseline/benchmarks/goal_benchmark_rev_ga.py", line 173, in initiate_ga
    modelpath = D.save_model(
  File "/home/kjablonk/documents/replication_study/selfies_ga_nn_replication/experiments/net/discriminator.py", line 119, in save_model
    torch.save(model, modelpath)
  File "/home/kjablonk/anaconda3/envs/replication_study/lib/python3.8/site-packages/torch/serialization.py", line 327, in save
    with _open_file_like(f, 'wb') as opened_file:
  File "/home/kjablonk/anaconda3/envs/replication_study/lib/python3.8/site-packages/torch/serialization.py", line 212, in _open_file_like
    return _open_file(name_or_buffer, mode)
  File "/home/kjablonk/anaconda3/envs/replication_study/lib/python3.8/site-packages/torch/serialization.py", line 193, in __init__
    super(_open_file, self).__init__(open(name, mode))
FileNotFoundError: [Errno 2] No such file or directory: '/home/kjablonk/documents/replication_study/selfies_ga_nn_replication/experiments/guacamol_baseline/benchmarks/results/results/saved_models_1000o0_0/0'
wandb: Waiting for W&B process to finish, PID 52269
wandb: Program failed with code 1.  Press ctrl-c to abort syncing.
wandb: - 0.00MB of 0.00MB uploaded (0.00MB deduped)wandb: \ 0.01MB of 0.01MB uploaded (0.00MB deduped)wandb:                                                                                
wandb: Find user logs for this run at: /home/kjablonk/documents/replication_study/selfies_ga_nn_replication/wandb/run-20210122_204047-1e6mlv5z/logs/debug.log
wandb: Find internal logs for this run at: /home/kjablonk/documents/replication_study/selfies_ga_nn_replication/wandb/run-20210122_204047-1e6mlv5z/logs/debug-internal.log
wandb: Run summary:
wandb:         fitness 0.96083
wandb:           score 0.96083
wandb:   discriminator 0.0
wandb:           _step 0
wandb:        _runtime 3144
wandb:      _timestamp 1611347591
wandb: Run history:
wandb:         fitness ▁
wandb:           score ▁
wandb:   discriminator ▁
wandb:           _step ▁
wandb:        _runtime ▁
wandb:      _timestamp ▁
wandb: 
wandb: Synced 5 W&B file(s), 1 media file(s), 0 artifact file(s) and 0 other file(s)
wandb: 
wandb: Synced usual-durian-1698: https://wandb.ai/kjappelbaum/ga_replication_study/runs/1e6mlv5z

