nohup: ignoring input
wandb: Currently logged in as: kjappelbaum (use `wandb login --relogin` to force relogin)
wandb: wandb version 0.10.14 is available!  To upgrade, please run:
wandb:  $ pip install wandb --upgrade
wandb: Tracking run with wandb version 0.10.12
wandb: Syncing run deep-wood-1813
wandb: ⭐️ View project at https://wandb.ai/kjappelbaum/ga_replication_study
wandb: 🚀 View run at https://wandb.ai/kjappelbaum/ga_replication_study/runs/2gnq1epq
wandb: Run data is saved locally in /home/kjablonk/documents/replication_study/selfies_ga_nn_replication/wandb/run-20210123_095249-2gnq1epq
wandb: Run `wandb offline` to turn off syncing.
###   On generation 1 of 1000
Best best molecule in generation  1
    smile  :  C
    fitness:  -6.281431695634691
    logP   :  0.6361
    sas    :  7.3284153846153846
    ringP  :  0
    discrm :  [0.]
/home/kjablonk/anaconda3/envs/replication_study/lib/python3.8/site-packages/torch/nn/functional.py:1351: UserWarning: nn.functional.sigmoid is deprecated. Use torch.sigmoid instead.
  warnings.warn("nn.functional.sigmoid is deprecated. Use torch.sigmoid instead.")
/home/kjablonk/anaconda3/envs/replication_study/lib/python3.8/site-packages/torch/nn/modules/loss.py:498: UserWarning: Using a target size (torch.Size([1000])) that is different to the input size (torch.Size([1000, 1])) is deprecated. Please ensure they have the same size.
  return F.binary_cross_entropy(input, target, weight=self.weight, reduction=self.reduction)
-- Training of the discriminator, num_Updates[ 1 / 10]: Loss 0.69686
-- Training of the discriminator, num_Updates[ 2 / 10]: Loss 0.69281
-- Training of the discriminator, num_Updates[ 3 / 10]: Loss 0.68878
-- Training of the discriminator, num_Updates[ 4 / 10]: Loss 0.68490
-- Training of the discriminator, num_Updates[ 5 / 10]: Loss 0.68098
-- Training of the discriminator, num_Updates[ 6 / 10]: Loss 0.67706
-- Training of the discriminator, num_Updates[ 7 / 10]: Loss 0.67320
-- Training of the discriminator, num_Updates[ 8 / 10]: Loss 0.66949
-- Training of the discriminator, num_Updates[ 9 / 10]: Loss 0.66581
-- Training of the discriminator, num_Updates[ 10 / 10]: Loss 0.66133
Generation time:  18.58  seconds
###   On generation 2 of 1000
Best best molecule in generation  2
    smile  :  CC
    fitness:  -0.491076226348965
    logP   :  1.0262
    sas    :  2.7475679189493913
    ringP  :  0
    discrm :  [0.53303564]
-- Training of the discriminator, num_Updates[ 1 / 10]: Loss 0.66501
-- Training of the discriminator, num_Updates[ 2 / 10]: Loss 0.66189
-- Training of the discriminator, num_Updates[ 3 / 10]: Loss 0.65890
-- Training of the discriminator, num_Updates[ 4 / 10]: Loss 0.65581
-- Training of the discriminator, num_Updates[ 5 / 10]: Loss 0.65277
-- Training of the discriminator, num_Updates[ 6 / 10]: Loss 0.64953
-- Training of the discriminator, num_Updates[ 7 / 10]: Loss 0.64650
-- Training of the discriminator, num_Updates[ 8 / 10]: Loss 0.64331
-- Training of the discriminator, num_Updates[ 9 / 10]: Loss 0.63989
-- Training of the discriminator, num_Updates[ 10 / 10]: Loss 0.63662
Generation time:  17.27  seconds
###   On generation 3 of 1000
Best best molecule in generation  3
    smile  :  c1ccccc1
    fitness:  2.079251008844443
    logP   :  1.6866
    sas    :  1.0
    ringP  :  0
    discrm :  [0.535251]
-- Training of the discriminator, num_Updates[ 1 / 10]: Loss 0.64864
-- Training of the discriminator, num_Updates[ 2 / 10]: Loss 0.64586
-- Training of the discriminator, num_Updates[ 3 / 10]: Loss 0.64299
-- Training of the discriminator, num_Updates[ 4 / 10]: Loss 0.64013
-- Training of the discriminator, num_Updates[ 5 / 10]: Loss 0.63717
-- Training of the discriminator, num_Updates[ 6 / 10]: Loss 0.63419
-- Training of the discriminator, num_Updates[ 7 / 10]: Loss 0.63119
-- Training of the discriminator, num_Updates[ 8 / 10]: Loss 0.62807
-- Training of the discriminator, num_Updates[ 9 / 10]: Loss 0.62497
-- Training of the discriminator, num_Updates[ 10 / 10]: Loss 0.62185
Generation time:  75.02  seconds
###   On generation 4 of 1000
Best best molecule in generation  4
    smile  :  Cc1ccccc1
    fitness:  2.297094361113432
    logP   :  1.99502
    sas    :  1.0
    ringP  :  0
    discrm :  [0.5171127]
-- Training of the discriminator, num_Updates[ 1 / 10]: Loss 0.62534
-- Training of the discriminator, num_Updates[ 2 / 10]: Loss 0.62217
-- Training of the discriminator, num_Updates[ 3 / 10]: Loss 0.61894
-- Training of the discriminator, num_Updates[ 4 / 10]: Loss 0.61565
-- Training of the discriminator, num_Updates[ 5 / 10]: Loss 0.61230
-- Training of the discriminator, num_Updates[ 6 / 10]: Loss 0.60889
-- Training of the discriminator, num_Updates[ 7 / 10]: Loss 0.60538
-- Training of the discriminator, num_Updates[ 8 / 10]: Loss 0.60181
-- Training of the discriminator, num_Updates[ 9 / 10]: Loss 0.59817
-- Training of the discriminator, num_Updates[ 10 / 10]: Loss 0.59445
Generation time:  76.19  seconds
###   On generation 5 of 1000
Best best molecule in generation  5
    smile  :  Cc1ccccc1
    fitness:  2.297094361113432
    logP   :  1.99502
    sas    :  1.0
    ringP  :  0
    discrm :  [0.49296993]
-- Training of the discriminator, num_Updates[ 1 / 10]: Loss 0.59899
-- Training of the discriminator, num_Updates[ 2 / 10]: Loss 0.59527
-- Training of the discriminator, num_Updates[ 3 / 10]: Loss 0.59148
-- Training of the discriminator, num_Updates[ 4 / 10]: Loss 0.58761
-- Training of the discriminator, num_Updates[ 5 / 10]: Loss 0.58368
-- Training of the discriminator, num_Updates[ 6 / 10]: Loss 0.57968
-- Training of the discriminator, num_Updates[ 7 / 10]: Loss 0.57561
-- Training of the discriminator, num_Updates[ 8 / 10]: Loss 0.57146
-- Training of the discriminator, num_Updates[ 9 / 10]: Loss 0.56723
-- Training of the discriminator, num_Updates[ 10 / 10]: Loss 0.56291
Generation time:  72.44  seconds
###   On generation 6 of 1000
Best best molecule in generation  6
    smile  :  Cc1ccccc1
    fitness:  2.297094361113432
    logP   :  1.99502
    sas    :  1.0
    ringP  :  0
    discrm :  [0.46996498]
-- Training of the discriminator, num_Updates[ 1 / 10]: Loss 0.56531
-- Training of the discriminator, num_Updates[ 2 / 10]: Loss 0.56100
-- Training of the discriminator, num_Updates[ 3 / 10]: Loss 0.55661
-- Training of the discriminator, num_Updates[ 4 / 10]: Loss 0.55216
-- Training of the discriminator, num_Updates[ 5 / 10]: Loss 0.54765
-- Training of the discriminator, num_Updates[ 6 / 10]: Loss 0.54309
-- Training of the discriminator, num_Updates[ 7 / 10]: Loss 0.53848
-- Training of the discriminator, num_Updates[ 8 / 10]: Loss 0.53382
-- Training of the discriminator, num_Updates[ 9 / 10]: Loss 0.52911
-- Training of the discriminator, num_Updates[ 10 / 10]: Loss 0.52435
Generation time:  86.61  seconds
###   On generation 7 of 1000
Best best molecule in generation  7
    smile  :  Cc1ccccc1
    fitness:  2.297094361113432
    logP   :  1.99502
    sas    :  1.0
    ringP  :  0
    discrm :  [0.44631994]
-- Training of the discriminator, num_Updates[ 1 / 10]: Loss 0.52858
-- Training of the discriminator, num_Updates[ 2 / 10]: Loss 0.52392
-- Training of the discriminator, num_Updates[ 3 / 10]: Loss 0.51921
-- Training of the discriminator, num_Updates[ 4 / 10]: Loss 0.51448
-- Training of the discriminator, num_Updates[ 5 / 10]: Loss 0.50975
-- Training of the discriminator, num_Updates[ 6 / 10]: Loss 0.50503
-- Training of the discriminator, num_Updates[ 7 / 10]: Loss 0.50031
-- Training of the discriminator, num_Updates[ 8 / 10]: Loss 0.49557
-- Training of the discriminator, num_Updates[ 9 / 10]: Loss 0.49079
-- Training of the discriminator, num_Updates[ 10 / 10]: Loss 0.48599
Generation time:  86.36  seconds
###   On generation 8 of 1000
Best best molecule in generation  8
    smile  :  Cc1cccc(C)c1
    fitness:  2.3487046509927083
    logP   :  2.30344
    sas    :  1.1380803582869472
    ringP  :  0
    discrm :  [0.4284398]
-- Training of the discriminator, num_Updates[ 1 / 10]: Loss 0.48897
-- Training of the discriminator, num_Updates[ 2 / 10]: Loss 0.48415
-- Training of the discriminator, num_Updates[ 3 / 10]: Loss 0.47924
-- Training of the discriminator, num_Updates[ 4 / 10]: Loss 0.47436
-- Training of the discriminator, num_Updates[ 5 / 10]: Loss 0.46957
-- Training of the discriminator, num_Updates[ 6 / 10]: Loss 0.46487
-- Training of the discriminator, num_Updates[ 7 / 10]: Loss 0.46016
-- Training of the discriminator, num_Updates[ 8 / 10]: Loss 0.45537
-- Training of the discriminator, num_Updates[ 9 / 10]: Loss 0.45052
-- Training of the discriminator, num_Updates[ 10 / 10]: Loss 0.44571
Generation time:  91.32  seconds
###   On generation 9 of 1000
Best best molecule in generation  9
    smile  :  Cc1cccc(C)c1
    fitness:  2.3487046509927083
    logP   :  2.30344
    sas    :  1.1380803582869472
    ringP  :  0
    discrm :  [0.3949589]
-- Training of the discriminator, num_Updates[ 1 / 10]: Loss 0.44076
-- Training of the discriminator, num_Updates[ 2 / 10]: Loss 0.43599
-- Training of the discriminator, num_Updates[ 3 / 10]: Loss 0.43119
-- Training of the discriminator, num_Updates[ 4 / 10]: Loss 0.42638
-- Training of the discriminator, num_Updates[ 5 / 10]: Loss 0.42159
-- Training of the discriminator, num_Updates[ 6 / 10]: Loss 0.41686
-- Training of the discriminator, num_Updates[ 7 / 10]: Loss 0.41221
-- Training of the discriminator, num_Updates[ 8 / 10]: Loss 0.40760
-- Training of the discriminator, num_Updates[ 9 / 10]: Loss 0.40300
-- Training of the discriminator, num_Updates[ 10 / 10]: Loss 0.39842
Generation time:  87.29  seconds
###   On generation 10 of 1000
Best best molecule in generation  10
    smile  :  Fc1cccc2ccccc12
    fitness:  2.508502023787344
    logP   :  2.978900000000001
    sas    :  1.4016383170664604
    ringP  :  0
    discrm :  [0.46031108]
-- Training of the discriminator, num_Updates[ 1 / 10]: Loss 0.39415
-- Training of the discriminator, num_Updates[ 2 / 10]: Loss 0.38955
-- Training of the discriminator, num_Updates[ 3 / 10]: Loss 0.38499
-- Training of the discriminator, num_Updates[ 4 / 10]: Loss 0.38045
-- Training of the discriminator, num_Updates[ 5 / 10]: Loss 0.37594
-- Training of the discriminator, num_Updates[ 6 / 10]: Loss 0.37149
-- Training of the discriminator, num_Updates[ 7 / 10]: Loss 0.36710
-- Training of the discriminator, num_Updates[ 8 / 10]: Loss 0.36278
-- Training of the discriminator, num_Updates[ 9 / 10]: Loss 0.35851
-- Training of the discriminator, num_Updates[ 10 / 10]: Loss 0.35430
Generation time:  85.22  seconds
###   On generation 11 of 1000
Best best molecule in generation  11
    smile  :  CC=CC=CC=CC=C(C)C=CC=C=CC=CC=C(C)C=CC=C(C)C
    fitness:  2.7610957256759834
    logP   :  7.913600000000007
    sas    :  4.08701284035934
    ringP  :  0
    discrm :  [0.3433638]
-- Training of the discriminator, num_Updates[ 1 / 10]: Loss 0.35394
-- Training of the discriminator, num_Updates[ 2 / 10]: Loss 0.34982
-- Training of the discriminator, num_Updates[ 3 / 10]: Loss 0.34579
-- Training of the discriminator, num_Updates[ 4 / 10]: Loss 0.34186
-- Training of the discriminator, num_Updates[ 5 / 10]: Loss 0.33799
-- Training of the discriminator, num_Updates[ 6 / 10]: Loss 0.33414
-- Training of the discriminator, num_Updates[ 7 / 10]: Loss 0.33033
-- Training of the discriminator, num_Updates[ 8 / 10]: Loss 0.32659
-- Training of the discriminator, num_Updates[ 9 / 10]: Loss 0.32295
-- Training of the discriminator, num_Updates[ 10 / 10]: Loss 0.31938
Generation time:  85.01  seconds
###   On generation 12 of 1000
Best best molecule in generation  12
    smile  :  c1ccc2ccccc2c1
    fitness:  2.89377974834447
    logP   :  2.839800000000001
    sas    :  1.0
    ringP  :  0
    discrm :  [0.32754305]
-- Training of the discriminator, num_Updates[ 1 / 10]: Loss 0.32266
-- Training of the discriminator, num_Updates[ 2 / 10]: Loss 0.31887
-- Training of the discriminator, num_Updates[ 3 / 10]: Loss 0.31519
-- Training of the discriminator, num_Updates[ 4 / 10]: Loss 0.31178
-- Training of the discriminator, num_Updates[ 5 / 10]: Loss 0.30848
-- Training of the discriminator, num_Updates[ 6 / 10]: Loss 0.30512
-- Training of the discriminator, num_Updates[ 7 / 10]: Loss 0.30171
-- Training of the discriminator, num_Updates[ 8 / 10]: Loss 0.29840
-- Training of the discriminator, num_Updates[ 9 / 10]: Loss 0.29527
-- Training of the discriminator, num_Updates[ 10 / 10]: Loss 0.29224
Generation time:  91.41  seconds
###   On generation 13 of 1000
Best best molecule in generation  13
    smile  :  CC=CC=CC=Cc1c(C)cccc1C=CC=CC=C(C)C=CC=C(C)C
    fitness:  3.7490744524805955
    logP   :  8.178620000000006
    sas    :  3.4218423585991555
    ringP  :  0
    discrm :  [0.420365]
-- Training of the discriminator, num_Updates[ 1 / 10]: Loss 0.29325
-- Training of the discriminator, num_Updates[ 2 / 10]: Loss 0.28964
-- Training of the discriminator, num_Updates[ 3 / 10]: Loss 0.28621
-- Training of the discriminator, num_Updates[ 4 / 10]: Loss 0.28335
-- Training of the discriminator, num_Updates[ 5 / 10]: Loss 0.28077
-- Training of the discriminator, num_Updates[ 6 / 10]: Loss 0.27797
-- Training of the discriminator, num_Updates[ 7 / 10]: Loss 0.27489
-- Training of the discriminator, num_Updates[ 8 / 10]: Loss 0.27186
-- Training of the discriminator, num_Updates[ 9 / 10]: Loss 0.26915
-- Training of the discriminator, num_Updates[ 10 / 10]: Loss 0.26667
Generation time:  88.84  seconds
###   On generation 14 of 1000
Best best molecule in generation  14
    smile  :  CC=CC=CC=Cc1c(C)cccc1C=CC=CC=C(C)C=CC=C(C)C
    fitness:  3.7490744524805955
    logP   :  8.178620000000006
    sas    :  3.4218423585991555
    ringP  :  0
    discrm :  [0.36657757]
-- Training of the discriminator, num_Updates[ 1 / 10]: Loss 0.27714
-- Training of the discriminator, num_Updates[ 2 / 10]: Loss 0.27378
-- Training of the discriminator, num_Updates[ 3 / 10]: Loss 0.27051
-- Training of the discriminator, num_Updates[ 4 / 10]: Loss 0.26801
-- Training of the discriminator, num_Updates[ 5 / 10]: Loss 0.26599
-- Training of the discriminator, num_Updates[ 6 / 10]: Loss 0.26369
-- Training of the discriminator, num_Updates[ 7 / 10]: Loss 0.26095
-- Training of the discriminator, num_Updates[ 8 / 10]: Loss 0.25817
-- Training of the discriminator, num_Updates[ 9 / 10]: Loss 0.25577
-- Training of the discriminator, num_Updates[ 10 / 10]: Loss 0.25374
Generation time:  87.18  seconds
###   On generation 15 of 1000
Best best molecule in generation  15
    smile  :  CC=CC=CC=Cc1c(C)cccc1C=CC=CC=C(C)C=CC=C(C)C
    fitness:  3.7490744524805955
    logP   :  8.178620000000006
    sas    :  3.4218423585991555
    ringP  :  0
    discrm :  [0.30978662]
-- Training of the discriminator, num_Updates[ 1 / 10]: Loss 0.26014
-- Training of the discriminator, num_Updates[ 2 / 10]: Loss 0.25586
-- Training of the discriminator, num_Updates[ 3 / 10]: Loss 0.25176
-- Training of the discriminator, num_Updates[ 4 / 10]: Loss 0.24938
-- Training of the discriminator, num_Updates[ 5 / 10]: Loss 0.24811
-- Training of the discriminator, num_Updates[ 6 / 10]: Loss 0.24641
-- Training of the discriminator, num_Updates[ 7 / 10]: Loss 0.24365
-- Training of the discriminator, num_Updates[ 8 / 10]: Loss 0.24048
-- Training of the discriminator, num_Updates[ 9 / 10]: Loss 0.23779
-- Training of the discriminator, num_Updates[ 10 / 10]: Loss 0.23591
Generation time:  92.09  seconds
###   On generation 16 of 1000
Best best molecule in generation  16
    smile  :  CC=CC=CC=Cc1c(C)cccc1C=CC=CC=C(C)C=CCC=CC=CC1=C=CC=C1C
    fitness:  3.925041993120478
    logP   :  9.756319999999995
    sas    :  4.2013131175407565
    ringP  :  0
    discrm :  [0.24709938]
-- Training of the discriminator, num_Updates[ 1 / 10]: Loss 0.23750
-- Training of the discriminator, num_Updates[ 2 / 10]: Loss 0.23389
-- Training of the discriminator, num_Updates[ 3 / 10]: Loss 0.22951
-- Training of the discriminator, num_Updates[ 4 / 10]: Loss 0.22645
-- Training of the discriminator, num_Updates[ 5 / 10]: Loss 0.22491
-- Training of the discriminator, num_Updates[ 6 / 10]: Loss 0.22372
-- Training of the discriminator, num_Updates[ 7 / 10]: Loss 0.22177
-- Training of the discriminator, num_Updates[ 8 / 10]: Loss 0.21899
-- Training of the discriminator, num_Updates[ 9 / 10]: Loss 0.21607
-- Training of the discriminator, num_Updates[ 10 / 10]: Loss 0.21370
Generation time:  91.01  seconds
###   On generation 17 of 1000
Best best molecule in generation  17
    smile  :  CC=CC=CC=Cc1c(C)cccc1C=CC=CC=C(C)C=CCC=CC=Cc1cocc1C
    fitness:  4.347355501636362
    logP   :  9.773539999999997
    sas    :  3.860624263537617
    ringP  :  0
    discrm :  [0.43526503]
-- Training of the discriminator, num_Updates[ 1 / 10]: Loss 0.21423
-- Training of the discriminator, num_Updates[ 2 / 10]: Loss 0.21271
-- Training of the discriminator, num_Updates[ 3 / 10]: Loss 0.21055
-- Training of the discriminator, num_Updates[ 4 / 10]: Loss 0.20803
-- Training of the discriminator, num_Updates[ 5 / 10]: Loss 0.20568
-- Training of the discriminator, num_Updates[ 6 / 10]: Loss 0.20380
-- Training of the discriminator, num_Updates[ 7 / 10]: Loss 0.20228
-- Training of the discriminator, num_Updates[ 8 / 10]: Loss 0.20082
-- Training of the discriminator, num_Updates[ 9 / 10]: Loss 0.19920
-- Training of the discriminator, num_Updates[ 10 / 10]: Loss 0.19739
Generation time:  87.1  seconds
###   On generation 18 of 1000
Best best molecule in generation  18
    smile  :  CC=CC=C1C=CC=C1C=CC=Cc1c(C)cccc1C=CC=CC=C(C)C=CCC=CCCC1=C=CC=C1C
    fitness:  4.800728064925558
    logP   :  11.402919999999986
    sas    :  4.439991103720246
    ringP  :  0
    discrm :  [0.17751627]
-- Training of the discriminator, num_Updates[ 1 / 10]: Loss 0.19036
-- Training of the discriminator, num_Updates[ 2 / 10]: Loss 0.18883
-- Training of the discriminator, num_Updates[ 3 / 10]: Loss 0.18742
-- Training of the discriminator, num_Updates[ 4 / 10]: Loss 0.18606
-- Training of the discriminator, num_Updates[ 5 / 10]: Loss 0.18469
-- Training of the discriminator, num_Updates[ 6 / 10]: Loss 0.18330
-- Training of the discriminator, num_Updates[ 7 / 10]: Loss 0.18191
-- Training of the discriminator, num_Updates[ 8 / 10]: Loss 0.18056
-- Training of the discriminator, num_Updates[ 9 / 10]: Loss 0.17928
-- Training of the discriminator, num_Updates[ 10 / 10]: Loss 0.17807
Generation time:  97.06  seconds
###   On generation 19 of 1000
Best best molecule in generation  19
    smile  :  CC=CC=CC=CCC=C(C)C=CCC=CC=CC=CC=CC=CC=CC=CC=CC=C(C)C=CC=C1C=CC=C1C
    fitness:  5.48545344482615
    logP   :  12.352199999999979
    sas    :  4.428171461752251
    ringP  :  0
    discrm :  [0.16343296]
-- Training of the discriminator, num_Updates[ 1 / 10]: Loss 0.17885
-- Training of the discriminator, num_Updates[ 2 / 10]: Loss 0.17767
-- Training of the discriminator, num_Updates[ 3 / 10]: Loss 0.17645
-- Training of the discriminator, num_Updates[ 4 / 10]: Loss 0.17523
-- Training of the discriminator, num_Updates[ 5 / 10]: Loss 0.17404
-- Training of the discriminator, num_Updates[ 6 / 10]: Loss 0.17291
-- Training of the discriminator, num_Updates[ 7 / 10]: Loss 0.17185
-- Training of the discriminator, num_Updates[ 8 / 10]: Loss 0.17082
-- Training of the discriminator, num_Updates[ 9 / 10]: Loss 0.16980
-- Training of the discriminator, num_Updates[ 10 / 10]: Loss 0.16877
Generation time:  92.76  seconds
###   On generation 20 of 1000
Best best molecule in generation  20
    smile  :  CC=CC=CC=C(CC=CC)CC=Cc1c(C)cccc1C=CC=CC=C(C)C=CC=CC=CC=CC=C(C)C
    fitness:  5.677168629517894
    logP   :  12.12991999999998
    sas    :  4.138512819481798
    ringP  :  0
    discrm :  [0.16126785]
-- Training of the discriminator, num_Updates[ 1 / 10]: Loss 0.16783
-- Training of the discriminator, num_Updates[ 2 / 10]: Loss 0.16678
-- Training of the discriminator, num_Updates[ 3 / 10]: Loss 0.16576
-- Training of the discriminator, num_Updates[ 4 / 10]: Loss 0.16478
-- Training of the discriminator, num_Updates[ 5 / 10]: Loss 0.16383
-- Training of the discriminator, num_Updates[ 6 / 10]: Loss 0.16290
-- Training of the discriminator, num_Updates[ 7 / 10]: Loss 0.16198
-- Training of the discriminator, num_Updates[ 8 / 10]: Loss 0.16105
-- Training of the discriminator, num_Updates[ 9 / 10]: Loss 0.16013
-- Training of the discriminator, num_Updates[ 10 / 10]: Loss 0.15922
Generation time:  95.99  seconds
###   On generation 21 of 1000
Best best molecule in generation  21
    smile  :  CC=CC=CC=CC=CC=C(C)C=CCC=CC=CC=CC=CC=CC=CC=CC=CC=C(C)C=CC=C1C=CC=C1C
    fitness:  5.645496564304366
    logP   :  12.518299999999979
    sas    :  4.3926836499330495
    ringP  :  0
    discrm :  [0.15041575]
-- Training of the discriminator, num_Updates[ 1 / 10]: Loss 0.15880
-- Training of the discriminator, num_Updates[ 2 / 10]: Loss 0.15794
-- Training of the discriminator, num_Updates[ 3 / 10]: Loss 0.15709
-- Training of the discriminator, num_Updates[ 4 / 10]: Loss 0.15626
-- Training of the discriminator, num_Updates[ 5 / 10]: Loss 0.15544
-- Training of the discriminator, num_Updates[ 6 / 10]: Loss 0.15462
-- Training of the discriminator, num_Updates[ 7 / 10]: Loss 0.15381
-- Training of the discriminator, num_Updates[ 8 / 10]: Loss 0.15301
-- Training of the discriminator, num_Updates[ 9 / 10]: Loss 0.15222
-- Training of the discriminator, num_Updates[ 10 / 10]: Loss 0.15144
Generation time:  107.96  seconds
###   On generation 22 of 1000
Best best molecule in generation  22
    smile  :  C=CC=CCC=CCC(C)=C=CC=CC=CCC=CC(C)=CCC=C=CC=CC=CCC=CCC=CCC1=CC=CC1=CC1=CC=CC1=C
    fitness:  5.882532576483193
    logP   :  14.142899999999967
    sas    :  5.148944541990163
    ringP  :  0
    discrm :  [0.14367293]
-- Training of the discriminator, num_Updates[ 1 / 10]: Loss 0.14708
-- Training of the discriminator, num_Updates[ 2 / 10]: Loss 0.14635
-- Training of the discriminator, num_Updates[ 3 / 10]: Loss 0.14557
-- Training of the discriminator, num_Updates[ 4 / 10]: Loss 0.14479
-- Training of the discriminator, num_Updates[ 5 / 10]: Loss 0.14404
-- Training of the discriminator, num_Updates[ 6 / 10]: Loss 0.14333
-- Training of the discriminator, num_Updates[ 7 / 10]: Loss 0.14268
-- Training of the discriminator, num_Updates[ 8 / 10]: Loss 0.14208
-- Training of the discriminator, num_Updates[ 9 / 10]: Loss 0.14150
-- Training of the discriminator, num_Updates[ 10 / 10]: Loss 0.14091
Generation time:  95.5  seconds
###   On generation 23 of 1000
Best best molecule in generation  23
    smile  :  C=C1C=CC=C1CC=CCC=CCC=CC=CC=C=CCC=C(C)C=CCC=CC=CC=C=C(CC=CCCC=CC)Cc1cscc1C
    fitness:  6.3263779204829085
    logP   :  14.537019999999966
    sas    :  5.0114977426356715
    ringP  :  0
    discrm :  [0.14446723]
-- Training of the discriminator, num_Updates[ 1 / 10]: Loss 0.13951
-- Training of the discriminator, num_Updates[ 2 / 10]: Loss 0.13887
-- Training of the discriminator, num_Updates[ 3 / 10]: Loss 0.13824
-- Training of the discriminator, num_Updates[ 4 / 10]: Loss 0.13761
-- Training of the discriminator, num_Updates[ 5 / 10]: Loss 0.13699
-- Training of the discriminator, num_Updates[ 6 / 10]: Loss 0.13637
-- Training of the discriminator, num_Updates[ 7 / 10]: Loss 0.13577
-- Training of the discriminator, num_Updates[ 8 / 10]: Loss 0.13516
-- Training of the discriminator, num_Updates[ 9 / 10]: Loss 0.13456
-- Training of the discriminator, num_Updates[ 10 / 10]: Loss 0.13396
Generation time:  88.56  seconds
###   On generation 24 of 1000
