nohup: ignoring input
wandb: Currently logged in as: kjappelbaum (use `wandb login --relogin` to force relogin)
wandb: wandb version 0.10.14 is available!  To upgrade, please run:
wandb:  $ pip install wandb --upgrade
wandb: Tracking run with wandb version 0.10.12
wandb: Syncing run absurd-snowflake-1811
wandb: ⭐️ View project at https://wandb.ai/kjappelbaum/ga_replication_study
wandb: 🚀 View run at https://wandb.ai/kjappelbaum/ga_replication_study/runs/1ic76auy
wandb: Run data is saved locally in /home/kjablonk/documents/replication_study/selfies_ga_nn_replication/wandb/run-20210123_095231-1ic76auy
wandb: Run `wandb offline` to turn off syncing.
###   On generation 1 of 1000
Best best molecule in generation  1
    smile  :  C
    fitness:  -6.281431695634691
    logP   :  0.6361
    sas    :  7.3284153846153846
    ringP  :  0
    discrm :  [0.]
/home/kjablonk/anaconda3/envs/replication_study/lib/python3.8/site-packages/torch/nn/functional.py:1351: UserWarning: nn.functional.sigmoid is deprecated. Use torch.sigmoid instead.
  warnings.warn("nn.functional.sigmoid is deprecated. Use torch.sigmoid instead.")
/home/kjablonk/anaconda3/envs/replication_study/lib/python3.8/site-packages/torch/nn/modules/loss.py:498: UserWarning: Using a target size (torch.Size([1000])) that is different to the input size (torch.Size([1000, 1])) is deprecated. Please ensure they have the same size.
  return F.binary_cross_entropy(input, target, weight=self.weight, reduction=self.reduction)
-- Training of the discriminator, num_Updates[ 1 / 10]: Loss 0.70953
-- Training of the discriminator, num_Updates[ 2 / 10]: Loss 0.70356
-- Training of the discriminator, num_Updates[ 3 / 10]: Loss 0.69767
-- Training of the discriminator, num_Updates[ 4 / 10]: Loss 0.69187
-- Training of the discriminator, num_Updates[ 5 / 10]: Loss 0.68631
-- Training of the discriminator, num_Updates[ 6 / 10]: Loss 0.68088
-- Training of the discriminator, num_Updates[ 7 / 10]: Loss 0.67523
-- Training of the discriminator, num_Updates[ 8 / 10]: Loss 0.66995
-- Training of the discriminator, num_Updates[ 9 / 10]: Loss 0.66478
-- Training of the discriminator, num_Updates[ 10 / 10]: Loss 0.65956
Generation time:  12.58  seconds
###   On generation 2 of 1000
Best best molecule in generation  2
    smile  :  CC
    fitness:  -0.491076226348965
    logP   :  1.0262
    sas    :  2.7475679189493913
    ringP  :  0
    discrm :  [0.40198147]
-- Training of the discriminator, num_Updates[ 1 / 10]: Loss 0.66158
-- Training of the discriminator, num_Updates[ 2 / 10]: Loss 0.65736
-- Training of the discriminator, num_Updates[ 3 / 10]: Loss 0.65334
-- Training of the discriminator, num_Updates[ 4 / 10]: Loss 0.64936
-- Training of the discriminator, num_Updates[ 5 / 10]: Loss 0.64553
-- Training of the discriminator, num_Updates[ 6 / 10]: Loss 0.64167
-- Training of the discriminator, num_Updates[ 7 / 10]: Loss 0.63792
-- Training of the discriminator, num_Updates[ 8 / 10]: Loss 0.63431
-- Training of the discriminator, num_Updates[ 9 / 10]: Loss 0.63067
-- Training of the discriminator, num_Updates[ 10 / 10]: Loss 0.62703
Generation time:  13.95  seconds
###   On generation 3 of 1000
Best best molecule in generation  3
    smile  :  Cc1ccccc1
    fitness:  2.297094361113432
    logP   :  1.99502
    sas    :  1.0
    ringP  :  0
    discrm :  [0.45652685]
-- Training of the discriminator, num_Updates[ 1 / 10]: Loss 0.63844
-- Training of the discriminator, num_Updates[ 2 / 10]: Loss 0.63551
-- Training of the discriminator, num_Updates[ 3 / 10]: Loss 0.63259
-- Training of the discriminator, num_Updates[ 4 / 10]: Loss 0.62965
-- Training of the discriminator, num_Updates[ 5 / 10]: Loss 0.62670
-- Training of the discriminator, num_Updates[ 6 / 10]: Loss 0.62375
-- Training of the discriminator, num_Updates[ 7 / 10]: Loss 0.62077
-- Training of the discriminator, num_Updates[ 8 / 10]: Loss 0.61776
-- Training of the discriminator, num_Updates[ 9 / 10]: Loss 0.61464
-- Training of the discriminator, num_Updates[ 10 / 10]: Loss 0.61149
Generation time:  61.96  seconds
###   On generation 4 of 1000
Best best molecule in generation  4
    smile  :  Cc1ccccc1
    fitness:  2.297094361113432
    logP   :  1.99502
    sas    :  1.0
    ringP  :  0
    discrm :  [0.46490866]
-- Training of the discriminator, num_Updates[ 1 / 10]: Loss 0.61874
-- Training of the discriminator, num_Updates[ 2 / 10]: Loss 0.61571
-- Training of the discriminator, num_Updates[ 3 / 10]: Loss 0.61262
-- Training of the discriminator, num_Updates[ 4 / 10]: Loss 0.60947
-- Training of the discriminator, num_Updates[ 5 / 10]: Loss 0.60625
-- Training of the discriminator, num_Updates[ 6 / 10]: Loss 0.60297
-- Training of the discriminator, num_Updates[ 7 / 10]: Loss 0.59964
-- Training of the discriminator, num_Updates[ 8 / 10]: Loss 0.59625
-- Training of the discriminator, num_Updates[ 9 / 10]: Loss 0.59279
-- Training of the discriminator, num_Updates[ 10 / 10]: Loss 0.58928
Generation time:  72.3  seconds
###   On generation 5 of 1000
Best best molecule in generation  5
    smile  :  Cc1ccccc1
    fitness:  2.297094361113432
    logP   :  1.99502
    sas    :  1.0
    ringP  :  0
    discrm :  [0.45023778]
-- Training of the discriminator, num_Updates[ 1 / 10]: Loss 0.59741
-- Training of the discriminator, num_Updates[ 2 / 10]: Loss 0.59388
-- Training of the discriminator, num_Updates[ 3 / 10]: Loss 0.59029
-- Training of the discriminator, num_Updates[ 4 / 10]: Loss 0.58668
-- Training of the discriminator, num_Updates[ 5 / 10]: Loss 0.58306
-- Training of the discriminator, num_Updates[ 6 / 10]: Loss 0.57942
-- Training of the discriminator, num_Updates[ 7 / 10]: Loss 0.57577
-- Training of the discriminator, num_Updates[ 8 / 10]: Loss 0.57207
-- Training of the discriminator, num_Updates[ 9 / 10]: Loss 0.56833
-- Training of the discriminator, num_Updates[ 10 / 10]: Loss 0.56452
Generation time:  66.39  seconds
###   On generation 6 of 1000
Best best molecule in generation  6
    smile  :  Cc1ccccc1
    fitness:  2.297094361113432
    logP   :  1.99502
    sas    :  1.0
    ringP  :  0
    discrm :  [0.4182673]
-- Training of the discriminator, num_Updates[ 1 / 10]: Loss 0.56668
-- Training of the discriminator, num_Updates[ 2 / 10]: Loss 0.56284
-- Training of the discriminator, num_Updates[ 3 / 10]: Loss 0.55896
-- Training of the discriminator, num_Updates[ 4 / 10]: Loss 0.55502
-- Training of the discriminator, num_Updates[ 5 / 10]: Loss 0.55102
-- Training of the discriminator, num_Updates[ 6 / 10]: Loss 0.54698
-- Training of the discriminator, num_Updates[ 7 / 10]: Loss 0.54290
-- Training of the discriminator, num_Updates[ 8 / 10]: Loss 0.53879
-- Training of the discriminator, num_Updates[ 9 / 10]: Loss 0.53464
-- Training of the discriminator, num_Updates[ 10 / 10]: Loss 0.53047
Generation time:  83.61  seconds
###   On generation 7 of 1000
Best best molecule in generation  7
    smile  :  CCc1ccccc1
    fitness:  2.476485628246815
    logP   :  2.2490000000000006
    sas    :  1.0
    ringP  :  0
    discrm :  [0.40687117]
-- Training of the discriminator, num_Updates[ 1 / 10]: Loss 0.52329
-- Training of the discriminator, num_Updates[ 2 / 10]: Loss 0.51904
-- Training of the discriminator, num_Updates[ 3 / 10]: Loss 0.51478
-- Training of the discriminator, num_Updates[ 4 / 10]: Loss 0.51051
-- Training of the discriminator, num_Updates[ 5 / 10]: Loss 0.50626
-- Training of the discriminator, num_Updates[ 6 / 10]: Loss 0.50202
-- Training of the discriminator, num_Updates[ 7 / 10]: Loss 0.49778
-- Training of the discriminator, num_Updates[ 8 / 10]: Loss 0.49354
-- Training of the discriminator, num_Updates[ 9 / 10]: Loss 0.48930
-- Training of the discriminator, num_Updates[ 10 / 10]: Loss 0.48506
Generation time:  95.61  seconds
###   On generation 8 of 1000
Best best molecule in generation  8
    smile  :  CCc1ccccc1
    fitness:  2.476485628246815
    logP   :  2.2490000000000006
    sas    :  1.0
    ringP  :  0
    discrm :  [0.38565886]
-- Training of the discriminator, num_Updates[ 1 / 10]: Loss 0.48317
-- Training of the discriminator, num_Updates[ 2 / 10]: Loss 0.47898
-- Training of the discriminator, num_Updates[ 3 / 10]: Loss 0.47479
-- Training of the discriminator, num_Updates[ 4 / 10]: Loss 0.47060
-- Training of the discriminator, num_Updates[ 5 / 10]: Loss 0.46641
-- Training of the discriminator, num_Updates[ 6 / 10]: Loss 0.46222
-- Training of the discriminator, num_Updates[ 7 / 10]: Loss 0.45803
-- Training of the discriminator, num_Updates[ 8 / 10]: Loss 0.45385
-- Training of the discriminator, num_Updates[ 9 / 10]: Loss 0.44968
-- Training of the discriminator, num_Updates[ 10 / 10]: Loss 0.44552
Generation time:  86.09  seconds
###   On generation 9 of 1000
Best best molecule in generation  9
    smile  :  CCc1ccccc1
    fitness:  2.476485628246815
    logP   :  2.2490000000000006
    sas    :  1.0
    ringP  :  0
    discrm :  [0.36089197]
-- Training of the discriminator, num_Updates[ 1 / 10]: Loss 0.44953
-- Training of the discriminator, num_Updates[ 2 / 10]: Loss 0.44531
-- Training of the discriminator, num_Updates[ 3 / 10]: Loss 0.44106
-- Training of the discriminator, num_Updates[ 4 / 10]: Loss 0.43688
-- Training of the discriminator, num_Updates[ 5 / 10]: Loss 0.43279
-- Training of the discriminator, num_Updates[ 6 / 10]: Loss 0.42878
-- Training of the discriminator, num_Updates[ 7 / 10]: Loss 0.42476
-- Training of the discriminator, num_Updates[ 8 / 10]: Loss 0.42072
-- Training of the discriminator, num_Updates[ 9 / 10]: Loss 0.41666
-- Training of the discriminator, num_Updates[ 10 / 10]: Loss 0.41264
Generation time:  94.26  seconds
###   On generation 10 of 1000
Best best molecule in generation  10
    smile  :  CCc1ccccc1
    fitness:  2.476485628246815
    logP   :  2.2490000000000006
    sas    :  1.0
    ringP  :  0
    discrm :  [0.3216961]
-- Training of the discriminator, num_Updates[ 1 / 10]: Loss 0.40424
-- Training of the discriminator, num_Updates[ 2 / 10]: Loss 0.40018
-- Training of the discriminator, num_Updates[ 3 / 10]: Loss 0.39622
-- Training of the discriminator, num_Updates[ 4 / 10]: Loss 0.39236
-- Training of the discriminator, num_Updates[ 5 / 10]: Loss 0.38855
-- Training of the discriminator, num_Updates[ 6 / 10]: Loss 0.38477
-- Training of the discriminator, num_Updates[ 7 / 10]: Loss 0.38099
-- Training of the discriminator, num_Updates[ 8 / 10]: Loss 0.37723
-- Training of the discriminator, num_Updates[ 9 / 10]: Loss 0.37352
-- Training of the discriminator, num_Updates[ 10 / 10]: Loss 0.36988
Generation time:  81.45  seconds
###   On generation 11 of 1000
Best best molecule in generation  11
    smile  :  CCc1ccccc1
    fitness:  2.476485628246815
    logP   :  2.2490000000000006
    sas    :  1.0
    ringP  :  0
    discrm :  [0.29099894]
-- Training of the discriminator, num_Updates[ 1 / 10]: Loss 0.36323
-- Training of the discriminator, num_Updates[ 2 / 10]: Loss 0.35965
-- Training of the discriminator, num_Updates[ 3 / 10]: Loss 0.35611
-- Training of the discriminator, num_Updates[ 4 / 10]: Loss 0.35260
-- Training of the discriminator, num_Updates[ 5 / 10]: Loss 0.34912
-- Training of the discriminator, num_Updates[ 6 / 10]: Loss 0.34569
-- Training of the discriminator, num_Updates[ 7 / 10]: Loss 0.34231
-- Training of the discriminator, num_Updates[ 8 / 10]: Loss 0.33901
-- Training of the discriminator, num_Updates[ 9 / 10]: Loss 0.33575
-- Training of the discriminator, num_Updates[ 10 / 10]: Loss 0.33256
Generation time:  85.92  seconds
###   On generation 12 of 1000
Best best molecule in generation  12
    smile  :  CCc1ccccc1
    fitness:  2.476485628246815
    logP   :  2.2490000000000006
    sas    :  1.0
    ringP  :  0
    discrm :  [0.25834984]
-- Training of the discriminator, num_Updates[ 1 / 10]: Loss 0.33286
-- Training of the discriminator, num_Updates[ 2 / 10]: Loss 0.32971
-- Training of the discriminator, num_Updates[ 3 / 10]: Loss 0.32660
-- Training of the discriminator, num_Updates[ 4 / 10]: Loss 0.32354
-- Training of the discriminator, num_Updates[ 5 / 10]: Loss 0.32052
-- Training of the discriminator, num_Updates[ 6 / 10]: Loss 0.31755
-- Training of the discriminator, num_Updates[ 7 / 10]: Loss 0.31462
-- Training of the discriminator, num_Updates[ 8 / 10]: Loss 0.31175
-- Training of the discriminator, num_Updates[ 9 / 10]: Loss 0.30892
-- Training of the discriminator, num_Updates[ 10 / 10]: Loss 0.30615
Generation time:  86.56  seconds
###   On generation 13 of 1000
Best best molecule in generation  13
    smile  :  CCCCCCC
    fitness:  2.6766056284264774
    logP   :  2.976700000000002
    sas    :  1.2607134650665888
    ringP  :  0
    discrm :  [0.21041842]
-- Training of the discriminator, num_Updates[ 1 / 10]: Loss 0.30456
-- Training of the discriminator, num_Updates[ 2 / 10]: Loss 0.30189
-- Training of the discriminator, num_Updates[ 3 / 10]: Loss 0.29928
-- Training of the discriminator, num_Updates[ 4 / 10]: Loss 0.29671
-- Training of the discriminator, num_Updates[ 5 / 10]: Loss 0.29419
-- Training of the discriminator, num_Updates[ 6 / 10]: Loss 0.29172
-- Training of the discriminator, num_Updates[ 7 / 10]: Loss 0.28929
-- Training of the discriminator, num_Updates[ 8 / 10]: Loss 0.28691
-- Training of the discriminator, num_Updates[ 9 / 10]: Loss 0.28456
-- Training of the discriminator, num_Updates[ 10 / 10]: Loss 0.28225
Generation time:  89.93  seconds
###   On generation 14 of 1000
Best best molecule in generation  14
    smile  :  CCCCCCCC
    fitness:  2.899110749310491
    logP   :  3.3668000000000022
    sas    :  1.304762875769466
    ringP  :  0
    discrm :  [0.21012606]
-- Training of the discriminator, num_Updates[ 1 / 10]: Loss 0.28038
-- Training of the discriminator, num_Updates[ 2 / 10]: Loss 0.27807
-- Training of the discriminator, num_Updates[ 3 / 10]: Loss 0.27576
-- Training of the discriminator, num_Updates[ 4 / 10]: Loss 0.27351
-- Training of the discriminator, num_Updates[ 5 / 10]: Loss 0.27133
-- Training of the discriminator, num_Updates[ 6 / 10]: Loss 0.26922
-- Training of the discriminator, num_Updates[ 7 / 10]: Loss 0.26715
-- Training of the discriminator, num_Updates[ 8 / 10]: Loss 0.26509
-- Training of the discriminator, num_Updates[ 9 / 10]: Loss 0.26304
-- Training of the discriminator, num_Updates[ 10 / 10]: Loss 0.26101
Generation time:  85.32  seconds
###   On generation 15 of 1000
Best best molecule in generation  15
    smile  :  CCCCCCCC
    fitness:  2.899110749310491
    logP   :  3.3668000000000022
    sas    :  1.304762875769466
    ringP  :  0
    discrm :  [0.19006635]
-- Training of the discriminator, num_Updates[ 1 / 10]: Loss 0.25768
-- Training of the discriminator, num_Updates[ 2 / 10]: Loss 0.25574
-- Training of the discriminator, num_Updates[ 3 / 10]: Loss 0.25383
-- Training of the discriminator, num_Updates[ 4 / 10]: Loss 0.25196
-- Training of the discriminator, num_Updates[ 5 / 10]: Loss 0.25010
-- Training of the discriminator, num_Updates[ 6 / 10]: Loss 0.24826
-- Training of the discriminator, num_Updates[ 7 / 10]: Loss 0.24645
-- Training of the discriminator, num_Updates[ 8 / 10]: Loss 0.24467
-- Training of the discriminator, num_Updates[ 9 / 10]: Loss 0.24293
-- Training of the discriminator, num_Updates[ 10 / 10]: Loss 0.24122
Generation time:  88.87  seconds
###   On generation 16 of 1000
Best best molecule in generation  16
    smile  :  CCCCCCCC
    fitness:  2.899110749310491
    logP   :  3.3668000000000022
    sas    :  1.304762875769466
    ringP  :  0
    discrm :  [0.17539644]
-- Training of the discriminator, num_Updates[ 1 / 10]: Loss 0.24210
-- Training of the discriminator, num_Updates[ 2 / 10]: Loss 0.24045
-- Training of the discriminator, num_Updates[ 3 / 10]: Loss 0.23882
-- Training of the discriminator, num_Updates[ 4 / 10]: Loss 0.23722
-- Training of the discriminator, num_Updates[ 5 / 10]: Loss 0.23563
-- Training of the discriminator, num_Updates[ 6 / 10]: Loss 0.23408
-- Training of the discriminator, num_Updates[ 7 / 10]: Loss 0.23255
-- Training of the discriminator, num_Updates[ 8 / 10]: Loss 0.23104
-- Training of the discriminator, num_Updates[ 9 / 10]: Loss 0.22956
-- Training of the discriminator, num_Updates[ 10 / 10]: Loss 0.22809
Generation time:  83.19  seconds
###   On generation 17 of 1000
Best best molecule in generation  17
    smile  :  CCCCCCCC
    fitness:  2.899110749310491
    logP   :  3.3668000000000022
    sas    :  1.304762875769466
    ringP  :  0
    discrm :  [0.16495447]
-- Training of the discriminator, num_Updates[ 1 / 10]: Loss 0.22711
-- Training of the discriminator, num_Updates[ 2 / 10]: Loss 0.22557
-- Training of the discriminator, num_Updates[ 3 / 10]: Loss 0.22405
-- Training of the discriminator, num_Updates[ 4 / 10]: Loss 0.22260
-- Training of the discriminator, num_Updates[ 5 / 10]: Loss 0.22124
-- Training of the discriminator, num_Updates[ 6 / 10]: Loss 0.21992
-- Training of the discriminator, num_Updates[ 7 / 10]: Loss 0.21860
-- Training of the discriminator, num_Updates[ 8 / 10]: Loss 0.21726
-- Training of the discriminator, num_Updates[ 9 / 10]: Loss 0.21589
-- Training of the discriminator, num_Updates[ 10 / 10]: Loss 0.21454
Generation time:  87.77  seconds
###   On generation 18 of 1000
Best best molecule in generation  18
    smile  :  CCCCCCCCC
    fitness:  3.2253800364603915
    logP   :  3.7569000000000026
    sas    :  1.2626212902326763
    ringP  :  0
    discrm :  [0.16167435]
-- Training of the discriminator, num_Updates[ 1 / 10]: Loss 0.21626
-- Training of the discriminator, num_Updates[ 2 / 10]: Loss 0.21491
-- Training of the discriminator, num_Updates[ 3 / 10]: Loss 0.21363
-- Training of the discriminator, num_Updates[ 4 / 10]: Loss 0.21241
-- Training of the discriminator, num_Updates[ 5 / 10]: Loss 0.21122
-- Training of the discriminator, num_Updates[ 6 / 10]: Loss 0.21003
-- Training of the discriminator, num_Updates[ 7 / 10]: Loss 0.20881
-- Training of the discriminator, num_Updates[ 8 / 10]: Loss 0.20758
-- Training of the discriminator, num_Updates[ 9 / 10]: Loss 0.20636
-- Training of the discriminator, num_Updates[ 10 / 10]: Loss 0.20518
Generation time:  90.1  seconds
###   On generation 19 of 1000
Best best molecule in generation  19
    smile  :  CCCCCCCC
    fitness:  2.899110749310491
    logP   :  3.3668000000000022
    sas    :  1.304762875769466
    ringP  :  0
    discrm :  [0.13919419]
-- Training of the discriminator, num_Updates[ 1 / 10]: Loss 0.20346
-- Training of the discriminator, num_Updates[ 2 / 10]: Loss 0.20189
-- Training of the discriminator, num_Updates[ 3 / 10]: Loss 0.20039
-- Training of the discriminator, num_Updates[ 4 / 10]: Loss 0.19914
-- Training of the discriminator, num_Updates[ 5 / 10]: Loss 0.19814
-- Training of the discriminator, num_Updates[ 6 / 10]: Loss 0.19723
-- Training of the discriminator, num_Updates[ 7 / 10]: Loss 0.19625
-- Training of the discriminator, num_Updates[ 8 / 10]: Loss 0.19511
-- Training of the discriminator, num_Updates[ 9 / 10]: Loss 0.19387
-- Training of the discriminator, num_Updates[ 10 / 10]: Loss 0.19263
Generation time:  91.41  seconds
###   On generation 20 of 1000
Best best molecule in generation  20
    smile  :  CCCCCCCCC
    fitness:  3.2253800364603915
    logP   :  3.7569000000000026
    sas    :  1.2626212902326763
    ringP  :  0
    discrm :  [0.13027154]
-- Training of the discriminator, num_Updates[ 1 / 10]: Loss 0.19398
-- Training of the discriminator, num_Updates[ 2 / 10]: Loss 0.19296
-- Training of the discriminator, num_Updates[ 3 / 10]: Loss 0.19197
-- Training of the discriminator, num_Updates[ 4 / 10]: Loss 0.19095
-- Training of the discriminator, num_Updates[ 5 / 10]: Loss 0.18986
-- Training of the discriminator, num_Updates[ 6 / 10]: Loss 0.18873
-- Training of the discriminator, num_Updates[ 7 / 10]: Loss 0.18761
-- Training of the discriminator, num_Updates[ 8 / 10]: Loss 0.18654
-- Training of the discriminator, num_Updates[ 9 / 10]: Loss 0.18553
-- Training of the discriminator, num_Updates[ 10 / 10]: Loss 0.18455
Generation time:  87.58  seconds
###   On generation 21 of 1000
Best best molecule in generation  21
    smile  :  CCCCCCCCC
    fitness:  3.2253800364603915
    logP   :  3.7569000000000026
    sas    :  1.2626212902326763
    ringP  :  0
    discrm :  [0.11822849]
-- Training of the discriminator, num_Updates[ 1 / 10]: Loss 0.18490
-- Training of the discriminator, num_Updates[ 2 / 10]: Loss 0.18381
-- Training of the discriminator, num_Updates[ 3 / 10]: Loss 0.18262
-- Training of the discriminator, num_Updates[ 4 / 10]: Loss 0.18149
-- Training of the discriminator, num_Updates[ 5 / 10]: Loss 0.18048
-- Training of the discriminator, num_Updates[ 6 / 10]: Loss 0.17958
-- Training of the discriminator, num_Updates[ 7 / 10]: Loss 0.17873
-- Training of the discriminator, num_Updates[ 8 / 10]: Loss 0.17785
-- Training of the discriminator, num_Updates[ 9 / 10]: Loss 0.17691
-- Training of the discriminator, num_Updates[ 10 / 10]: Loss 0.17592
Generation time:  93.79  seconds
###   On generation 22 of 1000
Best best molecule in generation  22
    smile  :  CCCCCCCCC
    fitness:  3.2253800364603915
    logP   :  3.7569000000000026
    sas    :  1.2626212902326763
    ringP  :  0
    discrm :  [0.1146847]
-- Training of the discriminator, num_Updates[ 1 / 10]: Loss 0.17545
-- Training of the discriminator, num_Updates[ 2 / 10]: Loss 0.17437
-- Training of the discriminator, num_Updates[ 3 / 10]: Loss 0.17337
-- Training of the discriminator, num_Updates[ 4 / 10]: Loss 0.17248
-- Training of the discriminator, num_Updates[ 5 / 10]: Loss 0.17164
-- Training of the discriminator, num_Updates[ 6 / 10]: Loss 0.17081
-- Training of the discriminator, num_Updates[ 7 / 10]: Loss 0.16994
-- Training of the discriminator, num_Updates[ 8 / 10]: Loss 0.16903
-- Training of the discriminator, num_Updates[ 9 / 10]: Loss 0.16810
-- Training of the discriminator, num_Updates[ 10 / 10]: Loss 0.16718
Generation time:  87.3  seconds
###   On generation 23 of 1000
Best best molecule in generation  23
    smile  :  CCCCCCc1ccccc1
    fitness:  3.326445316247869
    logP   :  3.809400000000003
    sas    :  1.2094738691001456
    ringP  :  0
    discrm :  [0.14864145]
-- Training of the discriminator, num_Updates[ 1 / 10]: Loss 0.17118
-- Training of the discriminator, num_Updates[ 2 / 10]: Loss 0.17020
-- Training of the discriminator, num_Updates[ 3 / 10]: Loss 0.16931
-- Training of the discriminator, num_Updates[ 4 / 10]: Loss 0.16848
-- Training of the discriminator, num_Updates[ 5 / 10]: Loss 0.16767
-- Training of the discriminator, num_Updates[ 6 / 10]: Loss 0.16683
-- Training of the discriminator, num_Updates[ 7 / 10]: Loss 0.16595
-- Training of the discriminator, num_Updates[ 8 / 10]: Loss 0.16505
-- Training of the discriminator, num_Updates[ 9 / 10]: Loss 0.16417
-- Training of the discriminator, num_Updates[ 10 / 10]: Loss 0.16333
Generation time:  80.54  seconds
###   On generation 24 of 1000
Best best molecule in generation  24
    smile  :  CCCCCCCCCC
    fitness:  3.5448703120817586
    logP   :  4.147000000000004
    sas    :  1.2261106443371048
    ringP  :  0
    discrm :  [0.10255674]
-- Training of the discriminator, num_Updates[ 1 / 10]: Loss 0.16223
-- Training of the discriminator, num_Updates[ 2 / 10]: Loss 0.16140
-- Training of the discriminator, num_Updates[ 3 / 10]: Loss 0.16061
-- Training of the discriminator, num_Updates[ 4 / 10]: Loss 0.15984
-- Training of the discriminator, num_Updates[ 5 / 10]: Loss 0.15906
-- Training of the discriminator, num_Updates[ 6 / 10]: Loss 0.15827
-- Training of the discriminator, num_Updates[ 7 / 10]: Loss 0.15748
-- Training of the discriminator, num_Updates[ 8 / 10]: Loss 0.15669
-- Training of the discriminator, num_Updates[ 9 / 10]: Loss 0.15592
-- Training of the discriminator, num_Updates[ 10 / 10]: Loss 0.15518
Generation time:  80.29  seconds
###   On generation 25 of 1000
Best best molecule in generation  25
    smile  :  CCCCCCCCCC
    fitness:  3.5448703120817586
    logP   :  4.147000000000004
    sas    :  1.2261106443371048
    ringP  :  0
    discrm :  [0.09605639]
-- Training of the discriminator, num_Updates[ 1 / 10]: Loss 0.15870
-- Training of the discriminator, num_Updates[ 2 / 10]: Loss 0.15799
-- Training of the discriminator, num_Updates[ 3 / 10]: Loss 0.15724
-- Training of the discriminator, num_Updates[ 4 / 10]: Loss 0.15649
-- Training of the discriminator, num_Updates[ 5 / 10]: Loss 0.15577
-- Training of the discriminator, num_Updates[ 6 / 10]: Loss 0.15509
-- Training of the discriminator, num_Updates[ 7 / 10]: Loss 0.15443
-- Training of the discriminator, num_Updates[ 8 / 10]: Loss 0.15378
-- Training of the discriminator, num_Updates[ 9 / 10]: Loss 0.15314
-- Training of the discriminator, num_Updates[ 10 / 10]: Loss 0.15248
Generation time:  85.43  seconds
###   On generation 26 of 1000
