nohup: ignoring input
wandb: Currently logged in as: kjappelbaum (use `wandb login --relogin` to force relogin)
wandb: wandb version 0.10.14 is available!  To upgrade, please run:
wandb:  $ pip install wandb --upgrade
wandb: Tracking run with wandb version 0.10.12
wandb: Syncing run treasured-totem-1815
wandb: ⭐️ View project at https://wandb.ai/kjappelbaum/ga_replication_study
wandb: 🚀 View run at https://wandb.ai/kjappelbaum/ga_replication_study/runs/16czrpes
wandb: Run data is saved locally in /home/kjablonk/documents/replication_study/selfies_ga_nn_replication/wandb/run-20210123_095340-16czrpes
wandb: Run `wandb offline` to turn off syncing.
###   On generation 1 of 1000
Best best molecule in generation  1
    smile  :  C
    fitness:  -6.281431695634691
    logP   :  0.6361
    sas    :  7.3284153846153846
    ringP  :  0
    discrm :  [0.]
/home/kjablonk/anaconda3/envs/replication_study/lib/python3.8/site-packages/torch/nn/functional.py:1351: UserWarning: nn.functional.sigmoid is deprecated. Use torch.sigmoid instead.
  warnings.warn("nn.functional.sigmoid is deprecated. Use torch.sigmoid instead.")
/home/kjablonk/anaconda3/envs/replication_study/lib/python3.8/site-packages/torch/nn/modules/loss.py:498: UserWarning: Using a target size (torch.Size([1000])) that is different to the input size (torch.Size([1000, 1])) is deprecated. Please ensure they have the same size.
  return F.binary_cross_entropy(input, target, weight=self.weight, reduction=self.reduction)
-- Training of the discriminator, num_Updates[ 1 / 10]: Loss 0.70180
-- Training of the discriminator, num_Updates[ 2 / 10]: Loss 0.69668
-- Training of the discriminator, num_Updates[ 3 / 10]: Loss 0.69145
-- Training of the discriminator, num_Updates[ 4 / 10]: Loss 0.68656
-- Training of the discriminator, num_Updates[ 5 / 10]: Loss 0.68144
-- Training of the discriminator, num_Updates[ 6 / 10]: Loss 0.67694
-- Training of the discriminator, num_Updates[ 7 / 10]: Loss 0.67262
-- Training of the discriminator, num_Updates[ 8 / 10]: Loss 0.66836
-- Training of the discriminator, num_Updates[ 9 / 10]: Loss 0.66429
-- Training of the discriminator, num_Updates[ 10 / 10]: Loss 0.66040
Generation time:  15.66  seconds
###   On generation 2 of 1000
Best best molecule in generation  2
    smile  :  CC
    fitness:  -0.491076226348965
    logP   :  1.0262
    sas    :  2.7475679189493913
    ringP  :  0
    discrm :  [0.49221075]
-- Training of the discriminator, num_Updates[ 1 / 10]: Loss 0.66137
-- Training of the discriminator, num_Updates[ 2 / 10]: Loss 0.65829
-- Training of the discriminator, num_Updates[ 3 / 10]: Loss 0.65528
-- Training of the discriminator, num_Updates[ 4 / 10]: Loss 0.65209
-- Training of the discriminator, num_Updates[ 5 / 10]: Loss 0.64915
-- Training of the discriminator, num_Updates[ 6 / 10]: Loss 0.64619
-- Training of the discriminator, num_Updates[ 7 / 10]: Loss 0.64332
-- Training of the discriminator, num_Updates[ 8 / 10]: Loss 0.64030
-- Training of the discriminator, num_Updates[ 9 / 10]: Loss 0.63708
-- Training of the discriminator, num_Updates[ 10 / 10]: Loss 0.63409
Generation time:  16.35  seconds
###   On generation 3 of 1000
Best best molecule in generation  3
    smile  :  c1ccccc1
    fitness:  2.079251008844443
    logP   :  1.6866
    sas    :  1.0
    ringP  :  0
    discrm :  [0.52677053]
-- Training of the discriminator, num_Updates[ 1 / 10]: Loss 0.64290
-- Training of the discriminator, num_Updates[ 2 / 10]: Loss 0.64039
-- Training of the discriminator, num_Updates[ 3 / 10]: Loss 0.63784
-- Training of the discriminator, num_Updates[ 4 / 10]: Loss 0.63519
-- Training of the discriminator, num_Updates[ 5 / 10]: Loss 0.63251
-- Training of the discriminator, num_Updates[ 6 / 10]: Loss 0.62973
-- Training of the discriminator, num_Updates[ 7 / 10]: Loss 0.62680
-- Training of the discriminator, num_Updates[ 8 / 10]: Loss 0.62388
-- Training of the discriminator, num_Updates[ 9 / 10]: Loss 0.62094
-- Training of the discriminator, num_Updates[ 10 / 10]: Loss 0.61786
Generation time:  67.24  seconds
###   On generation 4 of 1000
Best best molecule in generation  4
    smile  :  Fc1ccccc1
    fitness:  2.1775001830245104
    logP   :  1.8256999999999999
    sas    :  1.0
    ringP  :  0
    discrm :  [0.527762]
-- Training of the discriminator, num_Updates[ 1 / 10]: Loss 0.62247
-- Training of the discriminator, num_Updates[ 2 / 10]: Loss 0.61948
-- Training of the discriminator, num_Updates[ 3 / 10]: Loss 0.61642
-- Training of the discriminator, num_Updates[ 4 / 10]: Loss 0.61331
-- Training of the discriminator, num_Updates[ 5 / 10]: Loss 0.61015
-- Training of the discriminator, num_Updates[ 6 / 10]: Loss 0.60694
-- Training of the discriminator, num_Updates[ 7 / 10]: Loss 0.60369
-- Training of the discriminator, num_Updates[ 8 / 10]: Loss 0.60039
-- Training of the discriminator, num_Updates[ 9 / 10]: Loss 0.59703
-- Training of the discriminator, num_Updates[ 10 / 10]: Loss 0.59363
Generation time:  77.77  seconds
###   On generation 5 of 1000
Best best molecule in generation  5
    smile  :  Fc1ccccc1
    fitness:  2.1775001830245104
    logP   :  1.8256999999999999
    sas    :  1.0
    ringP  :  0
    discrm :  [0.5031803]
-- Training of the discriminator, num_Updates[ 1 / 10]: Loss 0.60127
-- Training of the discriminator, num_Updates[ 2 / 10]: Loss 0.59791
-- Training of the discriminator, num_Updates[ 3 / 10]: Loss 0.59450
-- Training of the discriminator, num_Updates[ 4 / 10]: Loss 0.59105
-- Training of the discriminator, num_Updates[ 5 / 10]: Loss 0.58756
-- Training of the discriminator, num_Updates[ 6 / 10]: Loss 0.58403
-- Training of the discriminator, num_Updates[ 7 / 10]: Loss 0.58045
-- Training of the discriminator, num_Updates[ 8 / 10]: Loss 0.57682
-- Training of the discriminator, num_Updates[ 9 / 10]: Loss 0.57313
-- Training of the discriminator, num_Updates[ 10 / 10]: Loss 0.56936
Generation time:  89.13  seconds
###   On generation 6 of 1000
Best best molecule in generation  6
    smile  :  Cc1ccccc1
    fitness:  2.297094361113432
    logP   :  1.99502
    sas    :  1.0
    ringP  :  0
    discrm :  [0.47059736]
-- Training of the discriminator, num_Updates[ 1 / 10]: Loss 0.57685
-- Training of the discriminator, num_Updates[ 2 / 10]: Loss 0.57308
-- Training of the discriminator, num_Updates[ 3 / 10]: Loss 0.56923
-- Training of the discriminator, num_Updates[ 4 / 10]: Loss 0.56532
-- Training of the discriminator, num_Updates[ 5 / 10]: Loss 0.56136
-- Training of the discriminator, num_Updates[ 6 / 10]: Loss 0.55737
-- Training of the discriminator, num_Updates[ 7 / 10]: Loss 0.55335
-- Training of the discriminator, num_Updates[ 8 / 10]: Loss 0.54928
-- Training of the discriminator, num_Updates[ 9 / 10]: Loss 0.54515
-- Training of the discriminator, num_Updates[ 10 / 10]: Loss 0.54095
Generation time:  91.84  seconds
###   On generation 7 of 1000
Best best molecule in generation  7
    smile  :  Cc1ccccc1
    fitness:  2.297094361113432
    logP   :  1.99502
    sas    :  1.0
    ringP  :  0
    discrm :  [0.43948972]
-- Training of the discriminator, num_Updates[ 1 / 10]: Loss 0.54371
-- Training of the discriminator, num_Updates[ 2 / 10]: Loss 0.53960
-- Training of the discriminator, num_Updates[ 3 / 10]: Loss 0.53545
-- Training of the discriminator, num_Updates[ 4 / 10]: Loss 0.53127
-- Training of the discriminator, num_Updates[ 5 / 10]: Loss 0.52704
-- Training of the discriminator, num_Updates[ 6 / 10]: Loss 0.52277
-- Training of the discriminator, num_Updates[ 7 / 10]: Loss 0.51845
-- Training of the discriminator, num_Updates[ 8 / 10]: Loss 0.51409
-- Training of the discriminator, num_Updates[ 9 / 10]: Loss 0.50968
-- Training of the discriminator, num_Updates[ 10 / 10]: Loss 0.50524
Generation time:  89.16  seconds
###   On generation 8 of 1000
Best best molecule in generation  8
    smile  :  Cc1ccccc1
    fitness:  2.297094361113432
    logP   :  1.99502
    sas    :  1.0
    ringP  :  0
    discrm :  [0.42212436]
-- Training of the discriminator, num_Updates[ 1 / 10]: Loss 0.49343
-- Training of the discriminator, num_Updates[ 2 / 10]: Loss 0.48891
-- Training of the discriminator, num_Updates[ 3 / 10]: Loss 0.48437
-- Training of the discriminator, num_Updates[ 4 / 10]: Loss 0.47980
-- Training of the discriminator, num_Updates[ 5 / 10]: Loss 0.47522
-- Training of the discriminator, num_Updates[ 6 / 10]: Loss 0.47063
-- Training of the discriminator, num_Updates[ 7 / 10]: Loss 0.46602
-- Training of the discriminator, num_Updates[ 8 / 10]: Loss 0.46140
-- Training of the discriminator, num_Updates[ 9 / 10]: Loss 0.45680
-- Training of the discriminator, num_Updates[ 10 / 10]: Loss 0.45220
Generation time:  84.41  seconds
###   On generation 9 of 1000
Best best molecule in generation  9
    smile  :  Cc1ccccc1
    fitness:  2.297094361113432
    logP   :  1.99502
    sas    :  1.0
    ringP  :  0
    discrm :  [0.3956039]
-- Training of the discriminator, num_Updates[ 1 / 10]: Loss 0.45751
-- Training of the discriminator, num_Updates[ 2 / 10]: Loss 0.45283
-- Training of the discriminator, num_Updates[ 3 / 10]: Loss 0.44811
-- Training of the discriminator, num_Updates[ 4 / 10]: Loss 0.44346
-- Training of the discriminator, num_Updates[ 5 / 10]: Loss 0.43891
-- Training of the discriminator, num_Updates[ 6 / 10]: Loss 0.43444
-- Training of the discriminator, num_Updates[ 7 / 10]: Loss 0.42994
-- Training of the discriminator, num_Updates[ 8 / 10]: Loss 0.42537
-- Training of the discriminator, num_Updates[ 9 / 10]: Loss 0.42075
-- Training of the discriminator, num_Updates[ 10 / 10]: Loss 0.41618
Generation time:  86.6  seconds
###   On generation 10 of 1000
Best best molecule in generation  10
    smile  :  CCc1ccccc1
    fitness:  2.476485628246815
    logP   :  2.2490000000000006
    sas    :  1.0
    ringP  :  0
    discrm :  [0.3757593]
-- Training of the discriminator, num_Updates[ 1 / 10]: Loss 0.41067
-- Training of the discriminator, num_Updates[ 2 / 10]: Loss 0.40607
-- Training of the discriminator, num_Updates[ 3 / 10]: Loss 0.40162
-- Training of the discriminator, num_Updates[ 4 / 10]: Loss 0.39735
-- Training of the discriminator, num_Updates[ 5 / 10]: Loss 0.39318
-- Training of the discriminator, num_Updates[ 6 / 10]: Loss 0.38900
-- Training of the discriminator, num_Updates[ 7 / 10]: Loss 0.38476
-- Training of the discriminator, num_Updates[ 8 / 10]: Loss 0.38049
-- Training of the discriminator, num_Updates[ 9 / 10]: Loss 0.37626
-- Training of the discriminator, num_Updates[ 10 / 10]: Loss 0.37214
Generation time:  88.09  seconds
###   On generation 11 of 1000
Best best molecule in generation  11
    smile  :  Cc1ccccc1
    fitness:  2.297094361113432
    logP   :  1.99502
    sas    :  1.0
    ringP  :  0
    discrm :  [0.33530065]
-- Training of the discriminator, num_Updates[ 1 / 10]: Loss 0.36823
-- Training of the discriminator, num_Updates[ 2 / 10]: Loss 0.36402
-- Training of the discriminator, num_Updates[ 3 / 10]: Loss 0.35998
-- Training of the discriminator, num_Updates[ 4 / 10]: Loss 0.35606
-- Training of the discriminator, num_Updates[ 5 / 10]: Loss 0.35215
-- Training of the discriminator, num_Updates[ 6 / 10]: Loss 0.34819
-- Training of the discriminator, num_Updates[ 7 / 10]: Loss 0.34421
-- Training of the discriminator, num_Updates[ 8 / 10]: Loss 0.34029
-- Training of the discriminator, num_Updates[ 9 / 10]: Loss 0.33649
-- Training of the discriminator, num_Updates[ 10 / 10]: Loss 0.33280
Generation time:  91.38  seconds
###   On generation 12 of 1000
Best best molecule in generation  12
    smile  :  CC=CC=CC=CC=CCCC=CC=CCCC=C(C)C=CC
    fitness:  2.9001158657399118
    logP   :  7.426300000000007
    sas    :  3.685637675071736
    ringP  :  0
    discrm :  [0.38298672]
-- Training of the discriminator, num_Updates[ 1 / 10]: Loss 0.34011
-- Training of the discriminator, num_Updates[ 2 / 10]: Loss 0.33623
-- Training of the discriminator, num_Updates[ 3 / 10]: Loss 0.33229
-- Training of the discriminator, num_Updates[ 4 / 10]: Loss 0.32847
-- Training of the discriminator, num_Updates[ 5 / 10]: Loss 0.32488
-- Training of the discriminator, num_Updates[ 6 / 10]: Loss 0.32145
-- Training of the discriminator, num_Updates[ 7 / 10]: Loss 0.31803
-- Training of the discriminator, num_Updates[ 8 / 10]: Loss 0.31453
-- Training of the discriminator, num_Updates[ 9 / 10]: Loss 0.31101
-- Training of the discriminator, num_Updates[ 10 / 10]: Loss 0.30758
Generation time:  91.38  seconds
###   On generation 13 of 1000
Best best molecule in generation  13
    smile  :  CC=CC=CC=CC=CCCC=CC=CCCC=C(C)C=CC
    fitness:  2.9001158657399118
    logP   :  7.426300000000007
    sas    :  3.685637675071736
    ringP  :  0
    discrm :  [0.3328166]
-- Training of the discriminator, num_Updates[ 1 / 10]: Loss 0.30929
-- Training of the discriminator, num_Updates[ 2 / 10]: Loss 0.30592
-- Training of the discriminator, num_Updates[ 3 / 10]: Loss 0.30231
-- Training of the discriminator, num_Updates[ 4 / 10]: Loss 0.29879
-- Training of the discriminator, num_Updates[ 5 / 10]: Loss 0.29560
-- Training of the discriminator, num_Updates[ 6 / 10]: Loss 0.29268
-- Training of the discriminator, num_Updates[ 7 / 10]: Loss 0.28976
-- Training of the discriminator, num_Updates[ 8 / 10]: Loss 0.28670
-- Training of the discriminator, num_Updates[ 9 / 10]: Loss 0.28357
-- Training of the discriminator, num_Updates[ 10 / 10]: Loss 0.28054
Generation time:  87.9  seconds
###   On generation 14 of 1000
Best best molecule in generation  14
    smile  :  CC=CC=CC=CC=CCCC=CC=CC=C=CC=CC=CC=C=C(C=CF)CC=C1C=CC=C1
    fitness:  3.2155721013697955
    logP   :  9.954599999999994
    sas    :  4.906960366000679
    ringP  :  0
    discrm :  [0.32593623]
-- Training of the discriminator, num_Updates[ 1 / 10]: Loss 0.28167
-- Training of the discriminator, num_Updates[ 2 / 10]: Loss 0.27883
-- Training of the discriminator, num_Updates[ 3 / 10]: Loss 0.27571
-- Training of the discriminator, num_Updates[ 4 / 10]: Loss 0.27263
-- Training of the discriminator, num_Updates[ 5 / 10]: Loss 0.26985
-- Training of the discriminator, num_Updates[ 6 / 10]: Loss 0.26735
-- Training of the discriminator, num_Updates[ 7 / 10]: Loss 0.26489
-- Training of the discriminator, num_Updates[ 8 / 10]: Loss 0.26231
-- Training of the discriminator, num_Updates[ 9 / 10]: Loss 0.25964
-- Training of the discriminator, num_Updates[ 10 / 10]: Loss 0.25705
Generation time:  94.29  seconds
###   On generation 15 of 1000
Best best molecule in generation  15
    smile  :  CC=CC=CC=CC=CCCC=C1C=CC=C1C=CC=CC=C=CC=CC=CC=C=C(C=CF)CC=C1C=CC=C1
    fitness:  3.9562646078904438
    logP   :  11.377199999999984
    sas    :  5.126348977971171
    ringP  :  0
    discrm :  [0.2790657]
-- Training of the discriminator, num_Updates[ 1 / 10]: Loss 0.25533
-- Training of the discriminator, num_Updates[ 2 / 10]: Loss 0.25285
-- Training of the discriminator, num_Updates[ 3 / 10]: Loss 0.25007
-- Training of the discriminator, num_Updates[ 4 / 10]: Loss 0.24739
-- Training of the discriminator, num_Updates[ 5 / 10]: Loss 0.24505
-- Training of the discriminator, num_Updates[ 6 / 10]: Loss 0.24295
-- Training of the discriminator, num_Updates[ 7 / 10]: Loss 0.24087
-- Training of the discriminator, num_Updates[ 8 / 10]: Loss 0.23864
-- Training of the discriminator, num_Updates[ 9 / 10]: Loss 0.23633
-- Training of the discriminator, num_Updates[ 10 / 10]: Loss 0.23408
Generation time:  89.16  seconds
###   On generation 16 of 1000
Best best molecule in generation  16
    smile  :  CC=CC=CC=CC=CCCC=C1C=CC=C1C=CC=CC=C=CC=CC=CC=C=C(C=CF)CC=C1C=CC=C1
    fitness:  3.9562646078904438
    logP   :  11.377199999999984
    sas    :  5.126348977971171
    ringP  :  0
    discrm :  [0.22001727]
-- Training of the discriminator, num_Updates[ 1 / 10]: Loss 0.24122
-- Training of the discriminator, num_Updates[ 2 / 10]: Loss 0.23872
-- Training of the discriminator, num_Updates[ 3 / 10]: Loss 0.23586
-- Training of the discriminator, num_Updates[ 4 / 10]: Loss 0.23332
-- Training of the discriminator, num_Updates[ 5 / 10]: Loss 0.23127
-- Training of the discriminator, num_Updates[ 6 / 10]: Loss 0.22939
-- Training of the discriminator, num_Updates[ 7 / 10]: Loss 0.22732
-- Training of the discriminator, num_Updates[ 8 / 10]: Loss 0.22506
-- Training of the discriminator, num_Updates[ 9 / 10]: Loss 0.22285
-- Training of the discriminator, num_Updates[ 10 / 10]: Loss 0.22087
Generation time:  90.36  seconds
###   On generation 17 of 1000
Best best molecule in generation  17
    smile  :  CC=CC=CC=CC=CCCC=C1C=CC=C1C=CC=CC=C=CC=CC=CC=C=C(C=CF)CC=CC=CC
    fitness:  4.081079422395177
    logP   :  11.457099999999985
    sas    :  5.069549755015899
    ringP  :  0
    discrm :  [0.18258476]
-- Training of the discriminator, num_Updates[ 1 / 10]: Loss 0.21974
-- Training of the discriminator, num_Updates[ 2 / 10]: Loss 0.21753
-- Training of the discriminator, num_Updates[ 3 / 10]: Loss 0.21501
-- Training of the discriminator, num_Updates[ 4 / 10]: Loss 0.21280
-- Training of the discriminator, num_Updates[ 5 / 10]: Loss 0.21108
-- Training of the discriminator, num_Updates[ 6 / 10]: Loss 0.20960
-- Training of the discriminator, num_Updates[ 7 / 10]: Loss 0.20804
-- Training of the discriminator, num_Updates[ 8 / 10]: Loss 0.20628
-- Training of the discriminator, num_Updates[ 9 / 10]: Loss 0.20443
-- Training of the discriminator, num_Updates[ 10 / 10]: Loss 0.20266
Generation time:  94.71  seconds
###   On generation 18 of 1000
Best best molecule in generation  18
    smile  :  CC=CC=CC=CC=CCCC=C1C=CC=C1C=CC=CC=C=CC=CC=CC=C(C=CF)CC=CC=CC
    fitness:  4.20602233792046
    logP   :  11.301999999999985
    sas    :  4.874769565479048
    ringP  :  0
    discrm :  [0.16866763]
-- Training of the discriminator, num_Updates[ 1 / 10]: Loss 0.20111
-- Training of the discriminator, num_Updates[ 2 / 10]: Loss 0.19950
-- Training of the discriminator, num_Updates[ 3 / 10]: Loss 0.19777
-- Training of the discriminator, num_Updates[ 4 / 10]: Loss 0.19592
-- Training of the discriminator, num_Updates[ 5 / 10]: Loss 0.19410
-- Training of the discriminator, num_Updates[ 6 / 10]: Loss 0.19243
-- Training of the discriminator, num_Updates[ 7 / 10]: Loss 0.19090
-- Training of the discriminator, num_Updates[ 8 / 10]: Loss 0.18942
-- Training of the discriminator, num_Updates[ 9 / 10]: Loss 0.18792
-- Training of the discriminator, num_Updates[ 10 / 10]: Loss 0.18641
Generation time:  94.99  seconds
###   On generation 19 of 1000
Best best molecule in generation  19
    smile  :  CC=CC=CC=CC=C1C=CC=C1SCC=CC=CC=C=CC=CC=CC=CC=C=CC=CC=C(C=CC)CC=CC=C=C1C=CC=C1C
    fitness:  5.176687912924088
    logP   :  13.59439999999997
    sas    :  5.413444501645891
    ringP  :  0
    discrm :  [0.15024652]
-- Training of the discriminator, num_Updates[ 1 / 10]: Loss 0.18337
-- Training of the discriminator, num_Updates[ 2 / 10]: Loss 0.18193
-- Training of the discriminator, num_Updates[ 3 / 10]: Loss 0.18054
-- Training of the discriminator, num_Updates[ 4 / 10]: Loss 0.17918
-- Training of the discriminator, num_Updates[ 5 / 10]: Loss 0.17782
-- Training of the discriminator, num_Updates[ 6 / 10]: Loss 0.17649
-- Training of the discriminator, num_Updates[ 7 / 10]: Loss 0.17518
-- Training of the discriminator, num_Updates[ 8 / 10]: Loss 0.17392
-- Training of the discriminator, num_Updates[ 9 / 10]: Loss 0.17271
-- Training of the discriminator, num_Updates[ 10 / 10]: Loss 0.17153
Generation time:  99.34  seconds
###   On generation 20 of 1000
Best best molecule in generation  20
    smile  :  CC=CC=CC=CC=C1C=CC=C1SCC=CC=CC=C=CC=CC=CC=CC=C=CC=CC=C(C=CC)CC=CC=C=C1C=CC=C1C
    fitness:  5.176687912924088
    logP   :  13.59439999999997
    sas    :  5.413444501645891
    ringP  :  0
    discrm :  [0.14355814]
-- Training of the discriminator, num_Updates[ 1 / 10]: Loss 0.16950
-- Training of the discriminator, num_Updates[ 2 / 10]: Loss 0.16840
-- Training of the discriminator, num_Updates[ 3 / 10]: Loss 0.16732
-- Training of the discriminator, num_Updates[ 4 / 10]: Loss 0.16626
-- Training of the discriminator, num_Updates[ 5 / 10]: Loss 0.16523
-- Training of the discriminator, num_Updates[ 6 / 10]: Loss 0.16422
-- Training of the discriminator, num_Updates[ 7 / 10]: Loss 0.16324
-- Training of the discriminator, num_Updates[ 8 / 10]: Loss 0.16228
-- Training of the discriminator, num_Updates[ 9 / 10]: Loss 0.16133
-- Training of the discriminator, num_Updates[ 10 / 10]: Loss 0.16040
Generation time:  96.05  seconds
###   On generation 21 of 1000
Best best molecule in generation  21
    smile  :  CC=CC=CC=CC=C1C=CC=C1SCC=CC=CC=C=CC=CC=CC=CC=C=CC=CC=C(C=CC)CC=CC=C=Cc1cscc1C
    fitness:  5.652791012333736
    logP   :  14.235219999999968
    sas    :  5.393941971353772
    ringP  :  0
    discrm :  [0.15326001]
-- Training of the discriminator, num_Updates[ 1 / 10]: Loss 0.16148
-- Training of the discriminator, num_Updates[ 2 / 10]: Loss 0.16039
-- Training of the discriminator, num_Updates[ 3 / 10]: Loss 0.15931
-- Training of the discriminator, num_Updates[ 4 / 10]: Loss 0.15833
-- Training of the discriminator, num_Updates[ 5 / 10]: Loss 0.15748
-- Training of the discriminator, num_Updates[ 6 / 10]: Loss 0.15670
-- Training of the discriminator, num_Updates[ 7 / 10]: Loss 0.15592
-- Training of the discriminator, num_Updates[ 8 / 10]: Loss 0.15509
-- Training of the discriminator, num_Updates[ 9 / 10]: Loss 0.15422
-- Training of the discriminator, num_Updates[ 10 / 10]: Loss 0.15334
Generation time:  92.75  seconds
###   On generation 22 of 1000
Best best molecule in generation  22
    smile  :  CC=CC=CC=CC=C1C=CC=C1SCC=CC=CC=C=CC=CC=CC=CC=COC=CC=CC=C(C=CC)CC=CC=C=Cc1cscc1C
    fitness:  5.927641629952365
    logP   :  14.567919999999965
    sas    :  5.36083435785341
    ringP  :  0
    discrm :  [0.15402628]
-- Training of the discriminator, num_Updates[ 1 / 10]: Loss 0.15028
-- Training of the discriminator, num_Updates[ 2 / 10]: Loss 0.14948
-- Training of the discriminator, num_Updates[ 3 / 10]: Loss 0.14873
-- Training of the discriminator, num_Updates[ 4 / 10]: Loss 0.14802
-- Training of the discriminator, num_Updates[ 5 / 10]: Loss 0.14732
-- Training of the discriminator, num_Updates[ 6 / 10]: Loss 0.14662
-- Training of the discriminator, num_Updates[ 7 / 10]: Loss 0.14591
-- Training of the discriminator, num_Updates[ 8 / 10]: Loss 0.14519
-- Training of the discriminator, num_Updates[ 9 / 10]: Loss 0.14447
-- Training of the discriminator, num_Updates[ 10 / 10]: Loss 0.14377
Generation time:  89.06  seconds
###   On generation 23 of 1000
Best best molecule in generation  23
    smile  :  C=CC=CC=CC=CC=CC=C=C(C=C)C=CC=C(C)CC=CC=CCC=CC=C(C)C=CC=C(C)CCC=CC=C=CC1=CC=C1C
    fitness:  5.856682723768801
    logP   :  13.998799999999967
    sas    :  5.085873038650593
    ringP  :  0
    discrm :  [0.12675588]
