nohup: ignoring input
wandb: Currently logged in as: kjappelbaum (use `wandb login --relogin` to force relogin)
wandb: wandb version 0.10.14 is available!  To upgrade, please run:
wandb:  $ pip install wandb --upgrade
wandb: Tracking run with wandb version 0.10.12
wandb: Syncing run woven-eon-1820
wandb: ⭐️ View project at https://wandb.ai/kjappelbaum/ga_replication_study
wandb: 🚀 View run at https://wandb.ai/kjappelbaum/ga_replication_study/runs/2tidl2nr
wandb: Run data is saved locally in /home/kjablonk/documents/replication_study/selfies_ga_nn_replication/wandb/run-20210123_095642-2tidl2nr
wandb: Run `wandb offline` to turn off syncing.
###   On generation 1 of 1000
Best best molecule in generation  1
    smile  :  C
    fitness:  -6.281431695634691
    logP   :  0.6361
    sas    :  7.3284153846153846
    ringP  :  0
    discrm :  [0.]
/home/kjablonk/anaconda3/envs/replication_study/lib/python3.8/site-packages/torch/nn/functional.py:1351: UserWarning: nn.functional.sigmoid is deprecated. Use torch.sigmoid instead.
  warnings.warn("nn.functional.sigmoid is deprecated. Use torch.sigmoid instead.")
/home/kjablonk/anaconda3/envs/replication_study/lib/python3.8/site-packages/torch/nn/modules/loss.py:498: UserWarning: Using a target size (torch.Size([1000])) that is different to the input size (torch.Size([1000, 1])) is deprecated. Please ensure they have the same size.
  return F.binary_cross_entropy(input, target, weight=self.weight, reduction=self.reduction)
-- Training of the discriminator, num_Updates[ 1 / 10]: Loss 0.70933
-- Training of the discriminator, num_Updates[ 2 / 10]: Loss 0.70439
-- Training of the discriminator, num_Updates[ 3 / 10]: Loss 0.69976
-- Training of the discriminator, num_Updates[ 4 / 10]: Loss 0.69521
-- Training of the discriminator, num_Updates[ 5 / 10]: Loss 0.69081
-- Training of the discriminator, num_Updates[ 6 / 10]: Loss 0.68584
-- Training of the discriminator, num_Updates[ 7 / 10]: Loss 0.68133
-- Training of the discriminator, num_Updates[ 8 / 10]: Loss 0.67686
-- Training of the discriminator, num_Updates[ 9 / 10]: Loss 0.67262
-- Training of the discriminator, num_Updates[ 10 / 10]: Loss 0.66826
Generation time:  22.28  seconds
###   On generation 2 of 1000
Best best molecule in generation  2
    smile  :  CC
    fitness:  -0.491076226348965
    logP   :  1.0262
    sas    :  2.7475679189493913
    ringP  :  0
    discrm :  [0.57579106]
-- Training of the discriminator, num_Updates[ 1 / 10]: Loss 0.66863
-- Training of the discriminator, num_Updates[ 2 / 10]: Loss 0.66485
-- Training of the discriminator, num_Updates[ 3 / 10]: Loss 0.66071
-- Training of the discriminator, num_Updates[ 4 / 10]: Loss 0.65700
-- Training of the discriminator, num_Updates[ 5 / 10]: Loss 0.65327
-- Training of the discriminator, num_Updates[ 6 / 10]: Loss 0.64945
-- Training of the discriminator, num_Updates[ 7 / 10]: Loss 0.64585
-- Training of the discriminator, num_Updates[ 8 / 10]: Loss 0.64223
-- Training of the discriminator, num_Updates[ 9 / 10]: Loss 0.63834
-- Training of the discriminator, num_Updates[ 10 / 10]: Loss 0.63480
Generation time:  15.52  seconds
###   On generation 3 of 1000
Best best molecule in generation  3
    smile  :  c1ccccc1
    fitness:  2.079251008844443
    logP   :  1.6866
    sas    :  1.0
    ringP  :  0
    discrm :  [0.56575483]
-- Training of the discriminator, num_Updates[ 1 / 10]: Loss 0.64973
-- Training of the discriminator, num_Updates[ 2 / 10]: Loss 0.64666
-- Training of the discriminator, num_Updates[ 3 / 10]: Loss 0.64353
-- Training of the discriminator, num_Updates[ 4 / 10]: Loss 0.64036
-- Training of the discriminator, num_Updates[ 5 / 10]: Loss 0.63722
-- Training of the discriminator, num_Updates[ 6 / 10]: Loss 0.63404
-- Training of the discriminator, num_Updates[ 7 / 10]: Loss 0.63095
-- Training of the discriminator, num_Updates[ 8 / 10]: Loss 0.62793
-- Training of the discriminator, num_Updates[ 9 / 10]: Loss 0.62485
-- Training of the discriminator, num_Updates[ 10 / 10]: Loss 0.62186
Generation time:  85.9  seconds
###   On generation 4 of 1000
Best best molecule in generation  4
    smile  :  CCc1ccccc1
    fitness:  2.476485628246815
    logP   :  2.2490000000000006
    sas    :  1.0
    ringP  :  0
    discrm :  [0.5494559]
-- Training of the discriminator, num_Updates[ 1 / 10]: Loss 0.62875
-- Training of the discriminator, num_Updates[ 2 / 10]: Loss 0.62577
-- Training of the discriminator, num_Updates[ 3 / 10]: Loss 0.62279
-- Training of the discriminator, num_Updates[ 4 / 10]: Loss 0.61981
-- Training of the discriminator, num_Updates[ 5 / 10]: Loss 0.61681
-- Training of the discriminator, num_Updates[ 6 / 10]: Loss 0.61383
-- Training of the discriminator, num_Updates[ 7 / 10]: Loss 0.61083
-- Training of the discriminator, num_Updates[ 8 / 10]: Loss 0.60780
-- Training of the discriminator, num_Updates[ 9 / 10]: Loss 0.60475
-- Training of the discriminator, num_Updates[ 10 / 10]: Loss 0.60164
Generation time:  81.57  seconds
###   On generation 5 of 1000
Best best molecule in generation  5
    smile  :  CCCc1ccccc1
    fitness:  2.655211436584508
    logP   :  2.639100000000001
    sas    :  1.0804143977581013
    ringP  :  0
    discrm :  [0.53348297]
-- Training of the discriminator, num_Updates[ 1 / 10]: Loss 0.60305
-- Training of the discriminator, num_Updates[ 2 / 10]: Loss 0.59992
-- Training of the discriminator, num_Updates[ 3 / 10]: Loss 0.59673
-- Training of the discriminator, num_Updates[ 4 / 10]: Loss 0.59350
-- Training of the discriminator, num_Updates[ 5 / 10]: Loss 0.59023
-- Training of the discriminator, num_Updates[ 6 / 10]: Loss 0.58690
-- Training of the discriminator, num_Updates[ 7 / 10]: Loss 0.58352
-- Training of the discriminator, num_Updates[ 8 / 10]: Loss 0.58008
-- Training of the discriminator, num_Updates[ 9 / 10]: Loss 0.57660
-- Training of the discriminator, num_Updates[ 10 / 10]: Loss 0.57306
Generation time:  91.72  seconds
###   On generation 6 of 1000
Best best molecule in generation  6
    smile  :  CCCc1ccccc1
    fitness:  2.655211436584508
    logP   :  2.639100000000001
    sas    :  1.0804143977581013
    ringP  :  0
    discrm :  [0.5240958]
-- Training of the discriminator, num_Updates[ 1 / 10]: Loss 0.57460
-- Training of the discriminator, num_Updates[ 2 / 10]: Loss 0.57103
-- Training of the discriminator, num_Updates[ 3 / 10]: Loss 0.56742
-- Training of the discriminator, num_Updates[ 4 / 10]: Loss 0.56375
-- Training of the discriminator, num_Updates[ 5 / 10]: Loss 0.56003
-- Training of the discriminator, num_Updates[ 6 / 10]: Loss 0.55624
-- Training of the discriminator, num_Updates[ 7 / 10]: Loss 0.55239
-- Training of the discriminator, num_Updates[ 8 / 10]: Loss 0.54848
-- Training of the discriminator, num_Updates[ 9 / 10]: Loss 0.54451
-- Training of the discriminator, num_Updates[ 10 / 10]: Loss 0.54046
Generation time:  84.7  seconds
###   On generation 7 of 1000
Best best molecule in generation  7
    smile  :  CCCc1ccccc1
    fitness:  2.655211436584508
    logP   :  2.639100000000001
    sas    :  1.0804143977581013
    ringP  :  0
    discrm :  [0.51397383]
-- Training of the discriminator, num_Updates[ 1 / 10]: Loss 0.53967
-- Training of the discriminator, num_Updates[ 2 / 10]: Loss 0.53555
-- Training of the discriminator, num_Updates[ 3 / 10]: Loss 0.53137
-- Training of the discriminator, num_Updates[ 4 / 10]: Loss 0.52714
-- Training of the discriminator, num_Updates[ 5 / 10]: Loss 0.52288
-- Training of the discriminator, num_Updates[ 6 / 10]: Loss 0.51858
-- Training of the discriminator, num_Updates[ 7 / 10]: Loss 0.51426
-- Training of the discriminator, num_Updates[ 8 / 10]: Loss 0.50993
-- Training of the discriminator, num_Updates[ 9 / 10]: Loss 0.50560
-- Training of the discriminator, num_Updates[ 10 / 10]: Loss 0.50126
Generation time:  96.93  seconds
###   On generation 8 of 1000
Best best molecule in generation  8
    smile  :  CC(C)c1ccccc1
    fitness:  2.7401738690327777
    logP   :  2.8100000000000014
    sas    :  1.1101080072255556
    ringP  :  0
    discrm :  [0.49342534]
-- Training of the discriminator, num_Updates[ 1 / 10]: Loss 0.49978
-- Training of the discriminator, num_Updates[ 2 / 10]: Loss 0.49544
-- Training of the discriminator, num_Updates[ 3 / 10]: Loss 0.49111
-- Training of the discriminator, num_Updates[ 4 / 10]: Loss 0.48678
-- Training of the discriminator, num_Updates[ 5 / 10]: Loss 0.48245
-- Training of the discriminator, num_Updates[ 6 / 10]: Loss 0.47812
-- Training of the discriminator, num_Updates[ 7 / 10]: Loss 0.47378
-- Training of the discriminator, num_Updates[ 8 / 10]: Loss 0.46945
-- Training of the discriminator, num_Updates[ 9 / 10]: Loss 0.46511
-- Training of the discriminator, num_Updates[ 10 / 10]: Loss 0.46076
Generation time:  85.47  seconds
###   On generation 9 of 1000
Best best molecule in generation  9
    smile  :  CCCCc1ccccc1
    fitness:  2.901205129706411
    logP   :  3.0292000000000012
    sas    :  1.1049531863041597
    ringP  :  0
    discrm :  [0.49138215]
-- Training of the discriminator, num_Updates[ 1 / 10]: Loss 0.45817
-- Training of the discriminator, num_Updates[ 2 / 10]: Loss 0.45375
-- Training of the discriminator, num_Updates[ 3 / 10]: Loss 0.44932
-- Training of the discriminator, num_Updates[ 4 / 10]: Loss 0.44493
-- Training of the discriminator, num_Updates[ 5 / 10]: Loss 0.44055
-- Training of the discriminator, num_Updates[ 6 / 10]: Loss 0.43620
-- Training of the discriminator, num_Updates[ 7 / 10]: Loss 0.43186
-- Training of the discriminator, num_Updates[ 8 / 10]: Loss 0.42758
-- Training of the discriminator, num_Updates[ 9 / 10]: Loss 0.42334
-- Training of the discriminator, num_Updates[ 10 / 10]: Loss 0.41915
Generation time:  88.13  seconds
###   On generation 10 of 1000
Best best molecule in generation  10
    smile  :  CCCCc1ccccc1
    fitness:  2.901205129706411
    logP   :  3.0292000000000012
    sas    :  1.1049531863041597
    ringP  :  0
    discrm :  [0.46431416]
-- Training of the discriminator, num_Updates[ 1 / 10]: Loss 0.41759
-- Training of the discriminator, num_Updates[ 2 / 10]: Loss 0.41337
-- Training of the discriminator, num_Updates[ 3 / 10]: Loss 0.40919
-- Training of the discriminator, num_Updates[ 4 / 10]: Loss 0.40511
-- Training of the discriminator, num_Updates[ 5 / 10]: Loss 0.40107
-- Training of the discriminator, num_Updates[ 6 / 10]: Loss 0.39704
-- Training of the discriminator, num_Updates[ 7 / 10]: Loss 0.39300
-- Training of the discriminator, num_Updates[ 8 / 10]: Loss 0.38902
-- Training of the discriminator, num_Updates[ 9 / 10]: Loss 0.38511
-- Training of the discriminator, num_Updates[ 10 / 10]: Loss 0.38128
Generation time:  88.87  seconds
###   On generation 11 of 1000
Best best molecule in generation  11
    smile  :  CCCCc1ccccc1
    fitness:  2.901205129706411
    logP   :  3.0292000000000012
    sas    :  1.1049531863041597
    ringP  :  0
    discrm :  [0.43237993]
-- Training of the discriminator, num_Updates[ 1 / 10]: Loss 0.38019
-- Training of the discriminator, num_Updates[ 2 / 10]: Loss 0.37636
-- Training of the discriminator, num_Updates[ 3 / 10]: Loss 0.37258
-- Training of the discriminator, num_Updates[ 4 / 10]: Loss 0.36891
-- Training of the discriminator, num_Updates[ 5 / 10]: Loss 0.36535
-- Training of the discriminator, num_Updates[ 6 / 10]: Loss 0.36183
-- Training of the discriminator, num_Updates[ 7 / 10]: Loss 0.35831
-- Training of the discriminator, num_Updates[ 8 / 10]: Loss 0.35482
-- Training of the discriminator, num_Updates[ 9 / 10]: Loss 0.35141
-- Training of the discriminator, num_Updates[ 10 / 10]: Loss 0.34808
Generation time:  84.85  seconds
###   On generation 12 of 1000
Best best molecule in generation  12
    smile  :  CCCCc1ccccc1
    fitness:  2.901205129706411
    logP   :  3.0292000000000012
    sas    :  1.1049531863041597
    ringP  :  0
    discrm :  [0.40014273]
-- Training of the discriminator, num_Updates[ 1 / 10]: Loss 0.34805
-- Training of the discriminator, num_Updates[ 2 / 10]: Loss 0.34470
-- Training of the discriminator, num_Updates[ 3 / 10]: Loss 0.34138
-- Training of the discriminator, num_Updates[ 4 / 10]: Loss 0.33812
-- Training of the discriminator, num_Updates[ 5 / 10]: Loss 0.33493
-- Training of the discriminator, num_Updates[ 6 / 10]: Loss 0.33180
-- Training of the discriminator, num_Updates[ 7 / 10]: Loss 0.32871
-- Training of the discriminator, num_Updates[ 8 / 10]: Loss 0.32565
-- Training of the discriminator, num_Updates[ 9 / 10]: Loss 0.32265
-- Training of the discriminator, num_Updates[ 10 / 10]: Loss 0.31971
Generation time:  89.56  seconds
###   On generation 13 of 1000
Best best molecule in generation  13
    smile  :  CCCCc1ccccc1
    fitness:  2.901205129706411
    logP   :  3.0292000000000012
    sas    :  1.1049531863041597
    ringP  :  0
    discrm :  [0.37033096]
-- Training of the discriminator, num_Updates[ 1 / 10]: Loss 0.31954
-- Training of the discriminator, num_Updates[ 2 / 10]: Loss 0.31663
-- Training of the discriminator, num_Updates[ 3 / 10]: Loss 0.31372
-- Training of the discriminator, num_Updates[ 4 / 10]: Loss 0.31094
-- Training of the discriminator, num_Updates[ 5 / 10]: Loss 0.30829
-- Training of the discriminator, num_Updates[ 6 / 10]: Loss 0.30569
-- Training of the discriminator, num_Updates[ 7 / 10]: Loss 0.30308
-- Training of the discriminator, num_Updates[ 8 / 10]: Loss 0.30047
-- Training of the discriminator, num_Updates[ 9 / 10]: Loss 0.29792
-- Training of the discriminator, num_Updates[ 10 / 10]: Loss 0.29547
Generation time:  85.24  seconds
###   On generation 14 of 1000
Best best molecule in generation  14
    smile  :  CCCc1cccc2ccccc12
    fitness:  3.07223072659924
    logP   :  3.7923000000000027
    sas    :  1.410602907903563
    ringP  :  0
    discrm :  [0.38031742]
-- Training of the discriminator, num_Updates[ 1 / 10]: Loss 0.29568
-- Training of the discriminator, num_Updates[ 2 / 10]: Loss 0.29324
-- Training of the discriminator, num_Updates[ 3 / 10]: Loss 0.29076
-- Training of the discriminator, num_Updates[ 4 / 10]: Loss 0.28836
-- Training of the discriminator, num_Updates[ 5 / 10]: Loss 0.28609
-- Training of the discriminator, num_Updates[ 6 / 10]: Loss 0.28389
-- Training of the discriminator, num_Updates[ 7 / 10]: Loss 0.28169
-- Training of the discriminator, num_Updates[ 8 / 10]: Loss 0.27947
-- Training of the discriminator, num_Updates[ 9 / 10]: Loss 0.27729
-- Training of the discriminator, num_Updates[ 10 / 10]: Loss 0.27518
Generation time:  90.53  seconds
###   On generation 15 of 1000
Best best molecule in generation  15
    smile  :  CCCc1cccc2ccccc12
    fitness:  3.07223072659924
    logP   :  3.7923000000000027
    sas    :  1.410602907903563
    ringP  :  0
    discrm :  [0.3503317]
-- Training of the discriminator, num_Updates[ 1 / 10]: Loss 0.27716
-- Training of the discriminator, num_Updates[ 2 / 10]: Loss 0.27512
-- Training of the discriminator, num_Updates[ 3 / 10]: Loss 0.27301
-- Training of the discriminator, num_Updates[ 4 / 10]: Loss 0.27097
-- Training of the discriminator, num_Updates[ 5 / 10]: Loss 0.26907
-- Training of the discriminator, num_Updates[ 6 / 10]: Loss 0.26724
-- Training of the discriminator, num_Updates[ 7 / 10]: Loss 0.26540
-- Training of the discriminator, num_Updates[ 8 / 10]: Loss 0.26351
-- Training of the discriminator, num_Updates[ 9 / 10]: Loss 0.26164
-- Training of the discriminator, num_Updates[ 10 / 10]: Loss 0.25984
Generation time:  83.81  seconds
###   On generation 16 of 1000
Best best molecule in generation  16
    smile  :  CCCCCc1ccccc1
    fitness:  3.1174284538192008
    logP   :  3.4193000000000024
    sas    :  1.154220528604922
    ringP  :  0
    discrm :  [0.31232148]
-- Training of the discriminator, num_Updates[ 1 / 10]: Loss 0.25991
-- Training of the discriminator, num_Updates[ 2 / 10]: Loss 0.25815
-- Training of the discriminator, num_Updates[ 3 / 10]: Loss 0.25631
-- Training of the discriminator, num_Updates[ 4 / 10]: Loss 0.25451
-- Training of the discriminator, num_Updates[ 5 / 10]: Loss 0.25282
-- Training of the discriminator, num_Updates[ 6 / 10]: Loss 0.25121
-- Training of the discriminator, num_Updates[ 7 / 10]: Loss 0.24959
-- Training of the discriminator, num_Updates[ 8 / 10]: Loss 0.24793
-- Training of the discriminator, num_Updates[ 9 / 10]: Loss 0.24628
-- Training of the discriminator, num_Updates[ 10 / 10]: Loss 0.24468
Generation time:  90.42  seconds
###   On generation 17 of 1000
Best best molecule in generation  17
    smile  :  c1ccc(Cc2ccccc2)cc1
    fitness:  3.168644422134308
    logP   :  3.277400000000002
    sas    :  1.0284255677733025
    ringP  :  0
    discrm :  [0.2847295]
-- Training of the discriminator, num_Updates[ 1 / 10]: Loss 0.24633
-- Training of the discriminator, num_Updates[ 2 / 10]: Loss 0.24466
-- Training of the discriminator, num_Updates[ 3 / 10]: Loss 0.24289
-- Training of the discriminator, num_Updates[ 4 / 10]: Loss 0.24128
-- Training of the discriminator, num_Updates[ 5 / 10]: Loss 0.23991
-- Training of the discriminator, num_Updates[ 6 / 10]: Loss 0.23861
-- Training of the discriminator, num_Updates[ 7 / 10]: Loss 0.23719
-- Training of the discriminator, num_Updates[ 8 / 10]: Loss 0.23566
-- Training of the discriminator, num_Updates[ 9 / 10]: Loss 0.23415
-- Training of the discriminator, num_Updates[ 10 / 10]: Loss 0.23277
Generation time:  90.77  seconds
###   On generation 18 of 1000
Best best molecule in generation  18
    smile  :  c1ccc(Cc2ccccc2)cc1
    fitness:  3.168644422134308
    logP   :  3.277400000000002
    sas    :  1.0284255677733025
    ringP  :  0
    discrm :  [0.26847327]
-- Training of the discriminator, num_Updates[ 1 / 10]: Loss 0.23341
-- Training of the discriminator, num_Updates[ 2 / 10]: Loss 0.23211
-- Training of the discriminator, num_Updates[ 3 / 10]: Loss 0.23082
-- Training of the discriminator, num_Updates[ 4 / 10]: Loss 0.22950
-- Training of the discriminator, num_Updates[ 5 / 10]: Loss 0.22816
-- Training of the discriminator, num_Updates[ 6 / 10]: Loss 0.22685
-- Training of the discriminator, num_Updates[ 7 / 10]: Loss 0.22560
-- Training of the discriminator, num_Updates[ 8 / 10]: Loss 0.22437
-- Training of the discriminator, num_Updates[ 9 / 10]: Loss 0.22315
-- Training of the discriminator, num_Updates[ 10 / 10]: Loss 0.22192
Generation time:  88.17  seconds
###   On generation 19 of 1000
Best best molecule in generation  19
    smile  :  c1ccc(Nc2ccccc2)cc1
    fitness:  3.209248005358814
    logP   :  3.430200000000001
    sas    :  1.0843462778324717
    ringP  :  0
    discrm :  [0.29908478]
-- Training of the discriminator, num_Updates[ 1 / 10]: Loss 0.22499
-- Training of the discriminator, num_Updates[ 2 / 10]: Loss 0.22362
-- Training of the discriminator, num_Updates[ 3 / 10]: Loss 0.22220
-- Training of the discriminator, num_Updates[ 4 / 10]: Loss 0.22094
-- Training of the discriminator, num_Updates[ 5 / 10]: Loss 0.21985
-- Training of the discriminator, num_Updates[ 6 / 10]: Loss 0.21875
-- Training of the discriminator, num_Updates[ 7 / 10]: Loss 0.21752
-- Training of the discriminator, num_Updates[ 8 / 10]: Loss 0.21623
-- Training of the discriminator, num_Updates[ 9 / 10]: Loss 0.21501
-- Training of the discriminator, num_Updates[ 10 / 10]: Loss 0.21391
Generation time:  94.9  seconds
###   On generation 20 of 1000
Best best molecule in generation  20
    smile  :  c1ccc(Oc2ccccc2)cc1
    fitness:  3.278565639674101
    logP   :  3.478900000000001
    sas    :  1.0553403606727105
    ringP  :  0
    discrm :  [0.26547343]
-- Training of the discriminator, num_Updates[ 1 / 10]: Loss 0.21041
-- Training of the discriminator, num_Updates[ 2 / 10]: Loss 0.20934
-- Training of the discriminator, num_Updates[ 3 / 10]: Loss 0.20826
-- Training of the discriminator, num_Updates[ 4 / 10]: Loss 0.20717
-- Training of the discriminator, num_Updates[ 5 / 10]: Loss 0.20609
-- Training of the discriminator, num_Updates[ 6 / 10]: Loss 0.20504
-- Training of the discriminator, num_Updates[ 7 / 10]: Loss 0.20402
-- Training of the discriminator, num_Updates[ 8 / 10]: Loss 0.20300
-- Training of the discriminator, num_Updates[ 9 / 10]: Loss 0.20197
-- Training of the discriminator, num_Updates[ 10 / 10]: Loss 0.20095
Generation time:  84.92  seconds
###   On generation 21 of 1000
Best best molecule in generation  21
    smile  :  CCCCC(C)=CC=CCCCc1ccccc1
    fitness:  3.476681802119496
    logP   :  5.702000000000005
    sas    :  2.195069863861738
    ringP  :  0
    discrm :  [0.3015417]
-- Training of the discriminator, num_Updates[ 1 / 10]: Loss 0.20483
-- Training of the discriminator, num_Updates[ 2 / 10]: Loss 0.20379
-- Training of the discriminator, num_Updates[ 3 / 10]: Loss 0.20271
-- Training of the discriminator, num_Updates[ 4 / 10]: Loss 0.20172
-- Training of the discriminator, num_Updates[ 5 / 10]: Loss 0.20084
-- Training of the discriminator, num_Updates[ 6 / 10]: Loss 0.19996
-- Training of the discriminator, num_Updates[ 7 / 10]: Loss 0.19902
-- Training of the discriminator, num_Updates[ 8 / 10]: Loss 0.19804
-- Training of the discriminator, num_Updates[ 9 / 10]: Loss 0.19709
-- Training of the discriminator, num_Updates[ 10 / 10]: Loss 0.19621
Generation time:  84.29  seconds
###   On generation 22 of 1000
