nohup: ignoring input
wandb: Currently logged in as: kjappelbaum (use `wandb login --relogin` to force relogin)
wandb: wandb version 0.10.14 is available!  To upgrade, please run:
wandb:  $ pip install wandb --upgrade
wandb: Tracking run with wandb version 0.10.12
wandb: Syncing run scarlet-dream-1454
wandb: ⭐️ View project at https://wandb.ai/kjappelbaum/ga_replication_study
wandb: 🚀 View run at https://wandb.ai/kjappelbaum/ga_replication_study/runs/u8taohez
wandb: Run data is saved locally in /home/kjablonk/documents/replication_study/selfies_ga_nn_replication/wandb/run-20210121_231818-u8taohez
wandb: Run `wandb offline` to turn off syncing.
###   On generation 1 of 500
Best best molecule in generation  1
    smile  :  C
    fitness:  -6.281431695634691
    logP   :  0.6361
    sas    :  7.3284153846153846
    ringP  :  0
    discrm :  [0.]
/home/kjablonk/anaconda3/envs/replication_study/lib/python3.8/site-packages/torch/nn/functional.py:1351: UserWarning: nn.functional.sigmoid is deprecated. Use torch.sigmoid instead.
  warnings.warn("nn.functional.sigmoid is deprecated. Use torch.sigmoid instead.")
/home/kjablonk/anaconda3/envs/replication_study/lib/python3.8/site-packages/torch/nn/modules/loss.py:498: UserWarning: Using a target size (torch.Size([1000])) that is different to the input size (torch.Size([1000, 1])) is deprecated. Please ensure they have the same size.
  return F.binary_cross_entropy(input, target, weight=self.weight, reduction=self.reduction)
-- Training of the discriminator, num_Updates[ 1 / 10]: Loss 2.19028
-- Training of the discriminator, num_Updates[ 2 / 10]: Loss 2.18483
-- Training of the discriminator, num_Updates[ 3 / 10]: Loss 2.17941
-- Training of the discriminator, num_Updates[ 4 / 10]: Loss 2.17403
-- Training of the discriminator, num_Updates[ 5 / 10]: Loss 2.16870
-- Training of the discriminator, num_Updates[ 6 / 10]: Loss 2.16341
-- Training of the discriminator, num_Updates[ 7 / 10]: Loss 2.15817
-- Training of the discriminator, num_Updates[ 8 / 10]: Loss 2.15297
-- Training of the discriminator, num_Updates[ 9 / 10]: Loss 2.14783
-- Training of the discriminator, num_Updates[ 10 / 10]: Loss 2.14275
Generation time:  9.96  seconds
###   On generation 2 of 500
Best best molecule in generation  2
    smile  :  N
    fitness:  94.17898912163942
    logP   :  0.16199999999999998
    sas    :  6.667815384615385
    ringP  :  0
    discrm :  [1.]
-- Training of the discriminator, num_Updates[ 1 / 10]: Loss 4.45008
-- Training of the discriminator, num_Updates[ 2 / 10]: Loss 4.44338
-- Training of the discriminator, num_Updates[ 3 / 10]: Loss 4.43668
-- Training of the discriminator, num_Updates[ 4 / 10]: Loss 4.43001
-- Training of the discriminator, num_Updates[ 5 / 10]: Loss 4.31541
-- Training of the discriminator, num_Updates[ 6 / 10]: Loss 4.30657
-- Training of the discriminator, num_Updates[ 7 / 10]: Loss 4.30039
-- Training of the discriminator, num_Updates[ 8 / 10]: Loss 4.07329
-- Training of the discriminator, num_Updates[ 9 / 10]: Loss 4.06737
-- Training of the discriminator, num_Updates[ 10 / 10]: Loss 4.06159
Generation time:  11.78  seconds
###   On generation 3 of 500
Best best molecule in generation  3
    smile  :  C=CC=CC=CC=C1C=CC=C1
    fitness:  95.64093931652927
    logP   :  3.337200000000002
    sas    :  3.604613209759486
    ringP  :  0
    discrm :  [0.95531493]
-- Training of the discriminator, num_Updates[ 1 / 10]: Loss 5.80980
-- Training of the discriminator, num_Updates[ 2 / 10]: Loss 5.80384
-- Training of the discriminator, num_Updates[ 3 / 10]: Loss 5.79804
-- Training of the discriminator, num_Updates[ 4 / 10]: Loss 5.79243
-- Training of the discriminator, num_Updates[ 5 / 10]: Loss 5.78704
-- Training of the discriminator, num_Updates[ 6 / 10]: Loss 5.78190
-- Training of the discriminator, num_Updates[ 7 / 10]: Loss 5.77702
-- Training of the discriminator, num_Updates[ 8 / 10]: Loss 5.77245
-- Training of the discriminator, num_Updates[ 9 / 10]: Loss 5.76821
-- Training of the discriminator, num_Updates[ 10 / 10]: Loss 5.76431
Generation time:  40.86  seconds
###   On generation 4 of 500
Best best molecule in generation  4
    smile  :  N
    fitness:  94.17898912163942
    logP   :  0.16199999999999998
    sas    :  6.667815384615385
    ringP  :  0
    discrm :  [1.]
-- Training of the discriminator, num_Updates[ 1 / 10]: Loss 8.29190
-- Training of the discriminator, num_Updates[ 2 / 10]: Loss 8.29250
-- Training of the discriminator, num_Updates[ 3 / 10]: Loss 8.29315
-- Training of the discriminator, num_Updates[ 4 / 10]: Loss 8.29381
-- Training of the discriminator, num_Updates[ 5 / 10]: Loss 8.29439
-- Training of the discriminator, num_Updates[ 6 / 10]: Loss 8.29485
-- Training of the discriminator, num_Updates[ 7 / 10]: Loss 8.29517
-- Training of the discriminator, num_Updates[ 8 / 10]: Loss 8.29529
-- Training of the discriminator, num_Updates[ 9 / 10]: Loss 8.29525
-- Training of the discriminator, num_Updates[ 10 / 10]: Loss 8.29502
Generation time:  41.05  seconds
###   On generation 5 of 500
Best best molecule in generation  5
    smile  :  N
    fitness:  94.17898912163942
    logP   :  0.16199999999999998
    sas    :  6.667815384615385
    ringP  :  0
    discrm :  [1.]
-- Training of the discriminator, num_Updates[ 1 / 10]: Loss 8.82800
-- Training of the discriminator, num_Updates[ 2 / 10]: Loss 8.82739
-- Training of the discriminator, num_Updates[ 3 / 10]: Loss 8.82657
-- Training of the discriminator, num_Updates[ 4 / 10]: Loss 8.82560
-- Training of the discriminator, num_Updates[ 5 / 10]: Loss 8.82454
-- Training of the discriminator, num_Updates[ 6 / 10]: Loss 8.82340
-- Training of the discriminator, num_Updates[ 7 / 10]: Loss 8.82226
-- Training of the discriminator, num_Updates[ 8 / 10]: Loss 8.82113
-- Training of the discriminator, num_Updates[ 9 / 10]: Loss 8.82004
-- Training of the discriminator, num_Updates[ 10 / 10]: Loss 8.81900
Generation time:  10.43  seconds
###   On generation 6 of 500
Best best molecule in generation  6
    smile  :  N
    fitness:  94.17898912163942
    logP   :  0.16199999999999998
    sas    :  6.667815384615385
    ringP  :  0
    discrm :  [1.]
-- Training of the discriminator, num_Updates[ 1 / 10]: Loss 8.87177
-- Training of the discriminator, num_Updates[ 2 / 10]: Loss 8.87104
-- Training of the discriminator, num_Updates[ 3 / 10]: Loss 8.87039
-- Training of the discriminator, num_Updates[ 4 / 10]: Loss 8.86982
-- Training of the discriminator, num_Updates[ 5 / 10]: Loss 8.86931
-- Training of the discriminator, num_Updates[ 6 / 10]: Loss 8.86886
-- Training of the discriminator, num_Updates[ 7 / 10]: Loss 8.86847
-- Training of the discriminator, num_Updates[ 8 / 10]: Loss 8.86814
-- Training of the discriminator, num_Updates[ 9 / 10]: Loss 8.86783
-- Training of the discriminator, num_Updates[ 10 / 10]: Loss 8.86757
Generation time:  11.02  seconds
###   On generation 7 of 500
Best best molecule in generation  7
    smile  :  N
    fitness:  94.17898912163942
    logP   :  0.16199999999999998
    sas    :  6.667815384615385
    ringP  :  0
    discrm :  [1.]
-- Training of the discriminator, num_Updates[ 1 / 10]: Loss 8.60390
-- Training of the discriminator, num_Updates[ 2 / 10]: Loss 8.60369
-- Training of the discriminator, num_Updates[ 3 / 10]: Loss 8.60352
-- Training of the discriminator, num_Updates[ 4 / 10]: Loss 8.60336
-- Training of the discriminator, num_Updates[ 5 / 10]: Loss 8.60322
-- Training of the discriminator, num_Updates[ 6 / 10]: Loss 8.60309
-- Training of the discriminator, num_Updates[ 7 / 10]: Loss 8.60297
-- Training of the discriminator, num_Updates[ 8 / 10]: Loss 8.60285
-- Training of the discriminator, num_Updates[ 9 / 10]: Loss 8.60275
-- Training of the discriminator, num_Updates[ 10 / 10]: Loss 8.60264
Generation time:  10.69  seconds
###   On generation 8 of 500
Best best molecule in generation  8
    smile  :  N
    fitness:  94.17898912163942
    logP   :  0.16199999999999998
    sas    :  6.667815384615385
    ringP  :  0
    discrm :  [1.]
-- Training of the discriminator, num_Updates[ 1 / 10]: Loss 8.77887
-- Training of the discriminator, num_Updates[ 2 / 10]: Loss 8.77877
-- Training of the discriminator, num_Updates[ 3 / 10]: Loss 8.77868
-- Training of the discriminator, num_Updates[ 4 / 10]: Loss 8.77860
-- Training of the discriminator, num_Updates[ 5 / 10]: Loss 8.77851
-- Training of the discriminator, num_Updates[ 6 / 10]: Loss 8.77843
-- Training of the discriminator, num_Updates[ 7 / 10]: Loss 8.77835
-- Training of the discriminator, num_Updates[ 8 / 10]: Loss 8.77827
-- Training of the discriminator, num_Updates[ 9 / 10]: Loss 8.77819
-- Training of the discriminator, num_Updates[ 10 / 10]: Loss 8.77811
Generation time:  11.24  seconds
###   On generation 9 of 500
Best best molecule in generation  9
    smile  :  N
    fitness:  94.17898912163942
    logP   :  0.16199999999999998
    sas    :  6.667815384615385
    ringP  :  0
    discrm :  [1.]
-- Training of the discriminator, num_Updates[ 1 / 10]: Loss 9.35355
-- Training of the discriminator, num_Updates[ 2 / 10]: Loss 9.35348
-- Training of the discriminator, num_Updates[ 3 / 10]: Loss 9.35341
-- Training of the discriminator, num_Updates[ 4 / 10]: Loss 9.35333
-- Training of the discriminator, num_Updates[ 5 / 10]: Loss 9.35326
-- Training of the discriminator, num_Updates[ 6 / 10]: Loss 9.35319
-- Training of the discriminator, num_Updates[ 7 / 10]: Loss 9.35312
-- Training of the discriminator, num_Updates[ 8 / 10]: Loss 9.35305
-- Training of the discriminator, num_Updates[ 9 / 10]: Loss 9.35297
-- Training of the discriminator, num_Updates[ 10 / 10]: Loss 9.35290
Generation time:  10.89  seconds
###   On generation 10 of 500
Best best molecule in generation  10
    smile  :  N
    fitness:  94.17898912163942
    logP   :  0.16199999999999998
    sas    :  6.667815384615385
    ringP  :  0
    discrm :  [1.]
-- Training of the discriminator, num_Updates[ 1 / 10]: Loss 9.54229
-- Training of the discriminator, num_Updates[ 2 / 10]: Loss 9.54224
-- Training of the discriminator, num_Updates[ 3 / 10]: Loss 9.54218
-- Training of the discriminator, num_Updates[ 4 / 10]: Loss 9.54212
-- Training of the discriminator, num_Updates[ 5 / 10]: Loss 9.54206
-- Training of the discriminator, num_Updates[ 6 / 10]: Loss 9.54200
-- Training of the discriminator, num_Updates[ 7 / 10]: Loss 9.54195
-- Training of the discriminator, num_Updates[ 8 / 10]: Loss 9.54189
-- Training of the discriminator, num_Updates[ 9 / 10]: Loss 9.54183
-- Training of the discriminator, num_Updates[ 10 / 10]: Loss 9.54177
Generation time:  10.99  seconds
###   On generation 11 of 500
Best best molecule in generation  11
    smile  :  N
    fitness:  94.17898912163942
    logP   :  0.16199999999999998
    sas    :  6.667815384615385
    ringP  :  0
    discrm :  [1.]
-- Training of the discriminator, num_Updates[ 1 / 10]: Loss 9.15033
-- Training of the discriminator, num_Updates[ 2 / 10]: Loss 9.15027
-- Training of the discriminator, num_Updates[ 3 / 10]: Loss 9.15022
-- Training of the discriminator, num_Updates[ 4 / 10]: Loss 9.15016
-- Training of the discriminator, num_Updates[ 5 / 10]: Loss 9.15010
-- Training of the discriminator, num_Updates[ 6 / 10]: Loss 9.15005
-- Training of the discriminator, num_Updates[ 7 / 10]: Loss 9.14998
-- Training of the discriminator, num_Updates[ 8 / 10]: Loss 9.14993
-- Training of the discriminator, num_Updates[ 9 / 10]: Loss 9.14987
-- Training of the discriminator, num_Updates[ 10 / 10]: Loss 9.14981
Generation time:  10.94  seconds
###   On generation 12 of 500
Best best molecule in generation  12
    smile  :  N
    fitness:  94.17898912163942
    logP   :  0.16199999999999998
    sas    :  6.667815384615385
    ringP  :  0
    discrm :  [1.]
-- Training of the discriminator, num_Updates[ 1 / 10]: Loss 9.64279
-- Training of the discriminator, num_Updates[ 2 / 10]: Loss 9.64273
-- Training of the discriminator, num_Updates[ 3 / 10]: Loss 9.64267
-- Training of the discriminator, num_Updates[ 4 / 10]: Loss 9.64261
-- Training of the discriminator, num_Updates[ 5 / 10]: Loss 9.64255
-- Training of the discriminator, num_Updates[ 6 / 10]: Loss 9.64250
-- Training of the discriminator, num_Updates[ 7 / 10]: Loss 9.64244
-- Training of the discriminator, num_Updates[ 8 / 10]: Loss 9.64239
-- Training of the discriminator, num_Updates[ 9 / 10]: Loss 9.64233
-- Training of the discriminator, num_Updates[ 10 / 10]: Loss 9.64227
Generation time:  11.28  seconds
###   On generation 13 of 500
Best best molecule in generation  13
    smile  :  N
    fitness:  94.17898912163942
    logP   :  0.16199999999999998
    sas    :  6.667815384615385
    ringP  :  0
    discrm :  [1.]
-- Training of the discriminator, num_Updates[ 1 / 10]: Loss 9.67689
-- Training of the discriminator, num_Updates[ 2 / 10]: Loss 9.67684
-- Training of the discriminator, num_Updates[ 3 / 10]: Loss 9.67678
-- Training of the discriminator, num_Updates[ 4 / 10]: Loss 9.67671
-- Training of the discriminator, num_Updates[ 5 / 10]: Loss 9.67665
-- Training of the discriminator, num_Updates[ 6 / 10]: Loss 9.67657
-- Training of the discriminator, num_Updates[ 7 / 10]: Loss 9.67650
-- Training of the discriminator, num_Updates[ 8 / 10]: Loss 9.67642
-- Training of the discriminator, num_Updates[ 9 / 10]: Loss 9.67634
-- Training of the discriminator, num_Updates[ 10 / 10]: Loss 9.67626
Generation time:  11.28  seconds
###   On generation 14 of 500
Best best molecule in generation  14
    smile  :  N
    fitness:  94.17898912163942
    logP   :  0.16199999999999998
    sas    :  6.667815384615385
    ringP  :  0
    discrm :  [1.]
-- Training of the discriminator, num_Updates[ 1 / 10]: Loss 10.26014
-- Training of the discriminator, num_Updates[ 2 / 10]: Loss 10.20247
-- Training of the discriminator, num_Updates[ 3 / 10]: Loss 10.14933
-- Training of the discriminator, num_Updates[ 4 / 10]: Loss 0.44086
-- Training of the discriminator, num_Updates[ 5 / 10]: Loss 0.06355
-- Training of the discriminator, num_Updates[ 6 / 10]: Loss 0.06328
-- Training of the discriminator, num_Updates[ 7 / 10]: Loss 0.06303
-- Training of the discriminator, num_Updates[ 8 / 10]: Loss 0.06281
-- Training of the discriminator, num_Updates[ 9 / 10]: Loss 0.06260
-- Training of the discriminator, num_Updates[ 10 / 10]: Loss 0.06241
Generation time:  10.59  seconds
###   On generation 15 of 500
Best best molecule in generation  15
    smile  :  CN1C2C=CSC21
    fitness:  78.90071563772604
    logP   :  0.887
    sas    :  5.183146651439719
    ringP  :  0
    discrm :  [0.82422274]
-- Training of the discriminator, num_Updates[ 1 / 10]: Loss 0.24102
-- Training of the discriminator, num_Updates[ 2 / 10]: Loss 0.23934
-- Training of the discriminator, num_Updates[ 3 / 10]: Loss 0.23724
-- Training of the discriminator, num_Updates[ 4 / 10]: Loss 0.23480
-- Training of the discriminator, num_Updates[ 5 / 10]: Loss 0.23212
-- Training of the discriminator, num_Updates[ 6 / 10]: Loss 0.22928
-- Training of the discriminator, num_Updates[ 7 / 10]: Loss 0.22636
-- Training of the discriminator, num_Updates[ 8 / 10]: Loss 0.22343
-- Training of the discriminator, num_Updates[ 9 / 10]: Loss 0.22058
-- Training of the discriminator, num_Updates[ 10 / 10]: Loss 0.21786
Generation time:  11.04  seconds
###   On generation 16 of 500
Best best molecule in generation  16
    smile  :  C=C1C=CC=C1C=C1C=CC=C1
    fitness:  88.79042963965497
    logP   :  3.0912000000000015
    sas    :  3.8857969460232225
    ringP  :  0
    discrm :  [0.89193255]
-- Training of the discriminator, num_Updates[ 1 / 10]: Loss 0.47349
-- Training of the discriminator, num_Updates[ 2 / 10]: Loss 0.46276
-- Training of the discriminator, num_Updates[ 3 / 10]: Loss 0.45111
-- Training of the discriminator, num_Updates[ 4 / 10]: Loss 0.43934
-- Training of the discriminator, num_Updates[ 5 / 10]: Loss 0.42816
-- Training of the discriminator, num_Updates[ 6 / 10]: Loss 0.41822
-- Training of the discriminator, num_Updates[ 7 / 10]: Loss 0.41006
-- Training of the discriminator, num_Updates[ 8 / 10]: Loss 0.40407
-- Training of the discriminator, num_Updates[ 9 / 10]: Loss 0.40040
-- Training of the discriminator, num_Updates[ 10 / 10]: Loss 0.39886
Generation time:  41.67  seconds
###   On generation 17 of 500
Best best molecule in generation  17
    smile  :  C1=CC(=Cc2ccccc2)C=C1
    fitness:  81.67670319162882
    logP   :  3.1960000000000015
    sas    :  2.285422330638607
    ringP  :  0
    discrm :  [0.80078834]
-- Training of the discriminator, num_Updates[ 1 / 10]: Loss 0.48666
-- Training of the discriminator, num_Updates[ 2 / 10]: Loss 0.48287
-- Training of the discriminator, num_Updates[ 3 / 10]: Loss 0.48061
-- Training of the discriminator, num_Updates[ 4 / 10]: Loss 0.47929
-- Training of the discriminator, num_Updates[ 5 / 10]: Loss 0.47812
-- Training of the discriminator, num_Updates[ 6 / 10]: Loss 0.47636
-- Training of the discriminator, num_Updates[ 7 / 10]: Loss 0.47360
-- Training of the discriminator, num_Updates[ 8 / 10]: Loss 0.46978
-- Training of the discriminator, num_Updates[ 9 / 10]: Loss 0.46518
-- Training of the discriminator, num_Updates[ 10 / 10]: Loss 0.46021
Generation time:  41.98  seconds
###   On generation 18 of 500
Best best molecule in generation  18
    smile  :  CC=C1N2CC12C=C1C=CC=C1
    fitness:  78.56365918917719
    logP   :  2.0106
    sas    :  5.067809232777919
    ringP  :  0
    discrm :  [0.8115274]
-- Training of the discriminator, num_Updates[ 1 / 10]: Loss 0.53698
-- Training of the discriminator, num_Updates[ 2 / 10]: Loss 0.53341
-- Training of the discriminator, num_Updates[ 3 / 10]: Loss 0.52942
-- Training of the discriminator, num_Updates[ 4 / 10]: Loss 0.52490
-- Training of the discriminator, num_Updates[ 5 / 10]: Loss 0.51989
-- Training of the discriminator, num_Updates[ 6 / 10]: Loss 0.51453
-- Training of the discriminator, num_Updates[ 7 / 10]: Loss 0.50902
-- Training of the discriminator, num_Updates[ 8 / 10]: Loss 0.50357
-- Training of the discriminator, num_Updates[ 9 / 10]: Loss 0.49834
-- Training of the discriminator, num_Updates[ 10 / 10]: Loss 0.49342
Generation time:  42.66  seconds
###   On generation 19 of 500
Best best molecule in generation  19
    smile  :  CC=C1N2CC12C=CC=CC=C1C=C2C=CC1=C2
    fitness:  79.91466560244265
    logP   :  3.433200000000002
    sas    :  6.102561367944187
    ringP  :  0
    discrm :  [0.8274466]
-- Training of the discriminator, num_Updates[ 1 / 10]: Loss 0.55100
-- Training of the discriminator, num_Updates[ 2 / 10]: Loss 0.54400
-- Training of the discriminator, num_Updates[ 3 / 10]: Loss 0.53733
-- Training of the discriminator, num_Updates[ 4 / 10]: Loss 0.53132
-- Training of the discriminator, num_Updates[ 5 / 10]: Loss 0.52603
-- Training of the discriminator, num_Updates[ 6 / 10]: Loss 0.52133
-- Training of the discriminator, num_Updates[ 7 / 10]: Loss 0.51693
-- Training of the discriminator, num_Updates[ 8 / 10]: Loss 0.51252
-- Training of the discriminator, num_Updates[ 9 / 10]: Loss 0.50787
-- Training of the discriminator, num_Updates[ 10 / 10]: Loss 0.50291
Generation time:  43.64  seconds
###   On generation 20 of 500
Best best molecule in generation  20
    smile  :  CC(C=CC=CCC#Cc1ccccc1)C1C=CC=C1
    fitness:  76.92231502195584
    logP   :  4.918900000000003
    sas    :  3.7421166498831564
    ringP  :  0
    discrm :  [0.7586122]
-- Training of the discriminator, num_Updates[ 1 / 10]: Loss 0.53772
-- Training of the discriminator, num_Updates[ 2 / 10]: Loss 0.53326
-- Training of the discriminator, num_Updates[ 3 / 10]: Loss 0.52891
-- Training of the discriminator, num_Updates[ 4 / 10]: Loss 0.52465
-- Training of the discriminator, num_Updates[ 5 / 10]: Loss 0.52045
-- Training of the discriminator, num_Updates[ 6 / 10]: Loss 0.51630
-- Training of the discriminator, num_Updates[ 7 / 10]: Loss 0.51219
-- Training of the discriminator, num_Updates[ 8 / 10]: Loss 0.50813
-- Training of the discriminator, num_Updates[ 9 / 10]: Loss 0.50413
-- Training of the discriminator, num_Updates[ 10 / 10]: Loss 0.50021
Generation time:  42.71  seconds
###   On generation 21 of 500
Best best molecule in generation  21
    smile  :  CC=C1N2CC12C=CC=CC=C1C=Cc2occc21
    fitness:  80.01598393247392
    logP   :  3.7740000000000027
    sas    :  4.985477548960533
    ringP  :  0
    discrm :  [0.8126042]
-- Training of the discriminator, num_Updates[ 1 / 10]: Loss 0.53973
-- Training of the discriminator, num_Updates[ 2 / 10]: Loss 0.53520
-- Training of the discriminator, num_Updates[ 3 / 10]: Loss 0.53064
-- Training of the discriminator, num_Updates[ 4 / 10]: Loss 0.52625
-- Training of the discriminator, num_Updates[ 5 / 10]: Loss 0.52214
-- Training of the discriminator, num_Updates[ 6 / 10]: Loss 0.51834
-- Training of the discriminator, num_Updates[ 7 / 10]: Loss 0.51474
-- Training of the discriminator, num_Updates[ 8 / 10]: Loss 0.51124
-- Training of the discriminator, num_Updates[ 9 / 10]: Loss 0.50769
-- Training of the discriminator, num_Updates[ 10 / 10]: Loss 0.50406
Generation time:  44.5  seconds
###   On generation 22 of 500
Best best molecule in generation  22
    smile  :  CC=C1N2CC12C=CC=CC=C1C=Cc2occc21
    fitness:  75.2864154510286
    logP   :  3.7740000000000027
    sas    :  4.985477548960533
    ringP  :  0
    discrm :  [0.7653085]
-- Training of the discriminator, num_Updates[ 1 / 10]: Loss 0.53827
-- Training of the discriminator, num_Updates[ 2 / 10]: Loss 0.53460
-- Training of the discriminator, num_Updates[ 3 / 10]: Loss 0.53091
-- Training of the discriminator, num_Updates[ 4 / 10]: Loss 0.52721
-- Training of the discriminator, num_Updates[ 5 / 10]: Loss 0.52356
-- Training of the discriminator, num_Updates[ 6 / 10]: Loss 0.51996
-- Training of the discriminator, num_Updates[ 7 / 10]: Loss 0.51645
-- Training of the discriminator, num_Updates[ 8 / 10]: Loss 0.51302
-- Training of the discriminator, num_Updates[ 9 / 10]: Loss 0.50965
-- Training of the discriminator, num_Updates[ 10 / 10]: Loss 0.50632
Generation time:  44.17  seconds
###   On generation 23 of 500
Best best molecule in generation  23
    smile  :  CC=C1N2CC12C=CC=CC=C1C=Cc2occc21
    fitness:  72.12353550718095
    logP   :  3.7740000000000027
    sas    :  4.985477548960533
    ringP  :  0
    discrm :  [0.7336797]
-- Training of the discriminator, num_Updates[ 1 / 10]: Loss 0.53543
-- Training of the discriminator, num_Updates[ 2 / 10]: Loss 0.53176
-- Training of the discriminator, num_Updates[ 3 / 10]: Loss 0.52796
-- Training of the discriminator, num_Updates[ 4 / 10]: Loss 0.52421
-- Training of the discriminator, num_Updates[ 5 / 10]: Loss 0.52062
-- Training of the discriminator, num_Updates[ 6 / 10]: Loss 0.51721
-- Training of the discriminator, num_Updates[ 7 / 10]: Loss 0.51391
-- Training of the discriminator, num_Updates[ 8 / 10]: Loss 0.51064
-- Training of the discriminator, num_Updates[ 9 / 10]: Loss 0.50731
-- Training of the discriminator, num_Updates[ 10 / 10]: Loss 0.50390
Generation time:  44.0  seconds
###   On generation 24 of 500
Best best molecule in generation  24
    smile  :  CN1CC1=CC=C1CCCC1=CC=Cn1cccc1
    fitness:  69.31203321485586
    logP   :  3.8248000000000033
    sas    :  4.3097385878704495
    ringP  :  0
    discrm :  [0.6970708]
-- Training of the discriminator, num_Updates[ 1 / 10]: Loss 0.51728
-- Training of the discriminator, num_Updates[ 2 / 10]: Loss 0.51439
-- Training of the discriminator, num_Updates[ 3 / 10]: Loss 0.51147
-- Training of the discriminator, num_Updates[ 4 / 10]: Loss 0.50855
-- Training of the discriminator, num_Updates[ 5 / 10]: Loss 0.50566
-- Training of the discriminator, num_Updates[ 6 / 10]: Loss 0.50285
-- Training of the discriminator, num_Updates[ 7 / 10]: Loss 0.50014
-- Training of the discriminator, num_Updates[ 8 / 10]: Loss 0.49751
-- Training of the discriminator, num_Updates[ 9 / 10]: Loss 0.49495
-- Training of the discriminator, num_Updates[ 10 / 10]: Loss 0.49243
Generation time:  43.08  seconds
###   On generation 25 of 500
Best best molecule in generation  25
    smile  :  Cc1cscc1C=CCCC(=N)c1ccccc1
    fitness:  67.98909518506655
    logP   :  4.917990000000004
    sas    :  2.8684669052818563
    ringP  :  0
    discrm :  [0.6587687]
