nohup: ignoring input
wandb: Currently logged in as: kjappelbaum (use `wandb login --relogin` to force relogin)
wandb: wandb version 0.10.14 is available!  To upgrade, please run:
wandb:  $ pip install wandb --upgrade
wandb: Tracking run with wandb version 0.10.12
wandb: Syncing run glorious-jazz-1812
wandb: ⭐️ View project at https://wandb.ai/kjappelbaum/ga_replication_study
wandb: 🚀 View run at https://wandb.ai/kjappelbaum/ga_replication_study/runs/2squ3idy
wandb: Run data is saved locally in /home/kjablonk/documents/replication_study/selfies_ga_nn_replication/wandb/run-20210123_095238-2squ3idy
wandb: Run `wandb offline` to turn off syncing.
###   On generation 1 of 1000
Best best molecule in generation  1
    smile  :  C
    fitness:  -6.281431695634691
    logP   :  0.6361
    sas    :  7.3284153846153846
    ringP  :  0
    discrm :  [0.]
/home/kjablonk/anaconda3/envs/replication_study/lib/python3.8/site-packages/torch/nn/functional.py:1351: UserWarning: nn.functional.sigmoid is deprecated. Use torch.sigmoid instead.
  warnings.warn("nn.functional.sigmoid is deprecated. Use torch.sigmoid instead.")
/home/kjablonk/anaconda3/envs/replication_study/lib/python3.8/site-packages/torch/nn/modules/loss.py:498: UserWarning: Using a target size (torch.Size([1000])) that is different to the input size (torch.Size([1000, 1])) is deprecated. Please ensure they have the same size.
  return F.binary_cross_entropy(input, target, weight=self.weight, reduction=self.reduction)
-- Training of the discriminator, num_Updates[ 1 / 10]: Loss 0.69613
-- Training of the discriminator, num_Updates[ 2 / 10]: Loss 0.69157
-- Training of the discriminator, num_Updates[ 3 / 10]: Loss 0.68716
-- Training of the discriminator, num_Updates[ 4 / 10]: Loss 0.68249
-- Training of the discriminator, num_Updates[ 5 / 10]: Loss 0.67825
-- Training of the discriminator, num_Updates[ 6 / 10]: Loss 0.67406
-- Training of the discriminator, num_Updates[ 7 / 10]: Loss 0.67000
-- Training of the discriminator, num_Updates[ 8 / 10]: Loss 0.66576
-- Training of the discriminator, num_Updates[ 9 / 10]: Loss 0.66199
-- Training of the discriminator, num_Updates[ 10 / 10]: Loss 0.65804
Generation time:  11.66  seconds
###   On generation 2 of 1000
Best best molecule in generation  2
    smile  :  CC
    fitness:  -0.491076226348965
    logP   :  1.0262
    sas    :  2.7475679189493913
    ringP  :  0
    discrm :  [0.47838214]
-- Training of the discriminator, num_Updates[ 1 / 10]: Loss 0.65861
-- Training of the discriminator, num_Updates[ 2 / 10]: Loss 0.65528
-- Training of the discriminator, num_Updates[ 3 / 10]: Loss 0.65221
-- Training of the discriminator, num_Updates[ 4 / 10]: Loss 0.64888
-- Training of the discriminator, num_Updates[ 5 / 10]: Loss 0.64593
-- Training of the discriminator, num_Updates[ 6 / 10]: Loss 0.64306
-- Training of the discriminator, num_Updates[ 7 / 10]: Loss 0.64025
-- Training of the discriminator, num_Updates[ 8 / 10]: Loss 0.63749
-- Training of the discriminator, num_Updates[ 9 / 10]: Loss 0.63466
-- Training of the discriminator, num_Updates[ 10 / 10]: Loss 0.63186
Generation time:  14.59  seconds
###   On generation 3 of 1000
Best best molecule in generation  3
    smile  :  c1ccccc1
    fitness:  2.079251008844443
    logP   :  1.6866
    sas    :  1.0
    ringP  :  0
    discrm :  [0.5200852]
-- Training of the discriminator, num_Updates[ 1 / 10]: Loss 0.64632
-- Training of the discriminator, num_Updates[ 2 / 10]: Loss 0.64411
-- Training of the discriminator, num_Updates[ 3 / 10]: Loss 0.64179
-- Training of the discriminator, num_Updates[ 4 / 10]: Loss 0.63933
-- Training of the discriminator, num_Updates[ 5 / 10]: Loss 0.63686
-- Training of the discriminator, num_Updates[ 6 / 10]: Loss 0.63427
-- Training of the discriminator, num_Updates[ 7 / 10]: Loss 0.63156
-- Training of the discriminator, num_Updates[ 8 / 10]: Loss 0.62885
-- Training of the discriminator, num_Updates[ 9 / 10]: Loss 0.62609
-- Training of the discriminator, num_Updates[ 10 / 10]: Loss 0.62311
Generation time:  48.1  seconds
###   On generation 4 of 1000
Best best molecule in generation  4
    smile  :  Cc1ccccc1
    fitness:  2.297094361113432
    logP   :  1.99502
    sas    :  1.0
    ringP  :  0
    discrm :  [0.5231557]
-- Training of the discriminator, num_Updates[ 1 / 10]: Loss 0.63118
-- Training of the discriminator, num_Updates[ 2 / 10]: Loss 0.62829
-- Training of the discriminator, num_Updates[ 3 / 10]: Loss 0.62530
-- Training of the discriminator, num_Updates[ 4 / 10]: Loss 0.62222
-- Training of the discriminator, num_Updates[ 5 / 10]: Loss 0.61907
-- Training of the discriminator, num_Updates[ 6 / 10]: Loss 0.61585
-- Training of the discriminator, num_Updates[ 7 / 10]: Loss 0.61256
-- Training of the discriminator, num_Updates[ 8 / 10]: Loss 0.60922
-- Training of the discriminator, num_Updates[ 9 / 10]: Loss 0.60582
-- Training of the discriminator, num_Updates[ 10 / 10]: Loss 0.60236
Generation time:  52.19  seconds
###   On generation 5 of 1000
Best best molecule in generation  5
    smile  :  Cc1ccccc1
    fitness:  2.297094361113432
    logP   :  1.99502
    sas    :  1.0
    ringP  :  0
    discrm :  [0.4940767]
-- Training of the discriminator, num_Updates[ 1 / 10]: Loss 0.60999
-- Training of the discriminator, num_Updates[ 2 / 10]: Loss 0.60652
-- Training of the discriminator, num_Updates[ 3 / 10]: Loss 0.60301
-- Training of the discriminator, num_Updates[ 4 / 10]: Loss 0.59943
-- Training of the discriminator, num_Updates[ 5 / 10]: Loss 0.59582
-- Training of the discriminator, num_Updates[ 6 / 10]: Loss 0.59216
-- Training of the discriminator, num_Updates[ 7 / 10]: Loss 0.58845
-- Training of the discriminator, num_Updates[ 8 / 10]: Loss 0.58467
-- Training of the discriminator, num_Updates[ 9 / 10]: Loss 0.58080
-- Training of the discriminator, num_Updates[ 10 / 10]: Loss 0.57685
Generation time:  53.98  seconds
###   On generation 6 of 1000
Best best molecule in generation  6
    smile  :  CCc1ccccc1
    fitness:  2.476485628246815
    logP   :  2.2490000000000006
    sas    :  1.0
    ringP  :  0
    discrm :  [0.47127503]
-- Training of the discriminator, num_Updates[ 1 / 10]: Loss 0.58604
-- Training of the discriminator, num_Updates[ 2 / 10]: Loss 0.58220
-- Training of the discriminator, num_Updates[ 3 / 10]: Loss 0.57829
-- Training of the discriminator, num_Updates[ 4 / 10]: Loss 0.57432
-- Training of the discriminator, num_Updates[ 5 / 10]: Loss 0.57031
-- Training of the discriminator, num_Updates[ 6 / 10]: Loss 0.56627
-- Training of the discriminator, num_Updates[ 7 / 10]: Loss 0.56220
-- Training of the discriminator, num_Updates[ 8 / 10]: Loss 0.55810
-- Training of the discriminator, num_Updates[ 9 / 10]: Loss 0.55395
-- Training of the discriminator, num_Updates[ 10 / 10]: Loss 0.54973
Generation time:  54.28  seconds
###   On generation 7 of 1000
Best best molecule in generation  7
    smile  :  CCc1ccccc1
    fitness:  2.476485628246815
    logP   :  2.2490000000000006
    sas    :  1.0
    ringP  :  0
    discrm :  [0.4364891]
-- Training of the discriminator, num_Updates[ 1 / 10]: Loss 0.55426
-- Training of the discriminator, num_Updates[ 2 / 10]: Loss 0.55014
-- Training of the discriminator, num_Updates[ 3 / 10]: Loss 0.54596
-- Training of the discriminator, num_Updates[ 4 / 10]: Loss 0.54172
-- Training of the discriminator, num_Updates[ 5 / 10]: Loss 0.53742
-- Training of the discriminator, num_Updates[ 6 / 10]: Loss 0.53306
-- Training of the discriminator, num_Updates[ 7 / 10]: Loss 0.52864
-- Training of the discriminator, num_Updates[ 8 / 10]: Loss 0.52416
-- Training of the discriminator, num_Updates[ 9 / 10]: Loss 0.51963
-- Training of the discriminator, num_Updates[ 10 / 10]: Loss 0.51504
Generation time:  62.11  seconds
###   On generation 8 of 1000
Best best molecule in generation  8
    smile  :  CCc1ccccc1
    fitness:  2.476485628246815
    logP   :  2.2490000000000006
    sas    :  1.0
    ringP  :  0
    discrm :  [0.4101028]
-- Training of the discriminator, num_Updates[ 1 / 10]: Loss 0.51066
-- Training of the discriminator, num_Updates[ 2 / 10]: Loss 0.50600
-- Training of the discriminator, num_Updates[ 3 / 10]: Loss 0.50132
-- Training of the discriminator, num_Updates[ 4 / 10]: Loss 0.49664
-- Training of the discriminator, num_Updates[ 5 / 10]: Loss 0.49195
-- Training of the discriminator, num_Updates[ 6 / 10]: Loss 0.48727
-- Training of the discriminator, num_Updates[ 7 / 10]: Loss 0.48256
-- Training of the discriminator, num_Updates[ 8 / 10]: Loss 0.47784
-- Training of the discriminator, num_Updates[ 9 / 10]: Loss 0.47311
-- Training of the discriminator, num_Updates[ 10 / 10]: Loss 0.46838
Generation time:  75.8  seconds
###   On generation 9 of 1000
Best best molecule in generation  9
    smile  :  CCc1ccccc1
    fitness:  2.476485628246815
    logP   :  2.2490000000000006
    sas    :  1.0
    ringP  :  0
    discrm :  [0.38088292]
-- Training of the discriminator, num_Updates[ 1 / 10]: Loss 0.46891
-- Training of the discriminator, num_Updates[ 2 / 10]: Loss 0.46391
-- Training of the discriminator, num_Updates[ 3 / 10]: Loss 0.45893
-- Training of the discriminator, num_Updates[ 4 / 10]: Loss 0.45405
-- Training of the discriminator, num_Updates[ 5 / 10]: Loss 0.44921
-- Training of the discriminator, num_Updates[ 6 / 10]: Loss 0.44430
-- Training of the discriminator, num_Updates[ 7 / 10]: Loss 0.43933
-- Training of the discriminator, num_Updates[ 8 / 10]: Loss 0.43436
-- Training of the discriminator, num_Updates[ 9 / 10]: Loss 0.42946
-- Training of the discriminator, num_Updates[ 10 / 10]: Loss 0.42461
Generation time:  76.44  seconds
###   On generation 10 of 1000
Best best molecule in generation  10
    smile  :  C=CCCCC=C1C=CC=C1C=CC=CC=C1C=CC=C1C=CC=C1C=CC=C1C
    fitness:  2.899553320523582
    logP   :  8.299000000000005
    sas    :  4.198118263507421
    ringP  :  0
    discrm :  [0.52396345]
-- Training of the discriminator, num_Updates[ 1 / 10]: Loss 0.41990
-- Training of the discriminator, num_Updates[ 2 / 10]: Loss 0.41514
-- Training of the discriminator, num_Updates[ 3 / 10]: Loss 0.41042
-- Training of the discriminator, num_Updates[ 4 / 10]: Loss 0.40572
-- Training of the discriminator, num_Updates[ 5 / 10]: Loss 0.40107
-- Training of the discriminator, num_Updates[ 6 / 10]: Loss 0.39645
-- Training of the discriminator, num_Updates[ 7 / 10]: Loss 0.39189
-- Training of the discriminator, num_Updates[ 8 / 10]: Loss 0.38737
-- Training of the discriminator, num_Updates[ 9 / 10]: Loss 0.38290
-- Training of the discriminator, num_Updates[ 10 / 10]: Loss 0.37847
Generation time:  75.08  seconds
###   On generation 11 of 1000
Best best molecule in generation  11
    smile  :  C=CCCCC=C1C=CC=C1C=CC=CC=CC=CC=C(C)C=C1C=CC=C1C
    fitness:  3.120390970219112
    logP   :  8.378900000000003
    sas    :  4.061558328114631
    ringP  :  0
    discrm :  [0.50188845]
-- Training of the discriminator, num_Updates[ 1 / 10]: Loss 0.37694
-- Training of the discriminator, num_Updates[ 2 / 10]: Loss 0.37219
-- Training of the discriminator, num_Updates[ 3 / 10]: Loss 0.36752
-- Training of the discriminator, num_Updates[ 4 / 10]: Loss 0.36324
-- Training of the discriminator, num_Updates[ 5 / 10]: Loss 0.35921
-- Training of the discriminator, num_Updates[ 6 / 10]: Loss 0.35505
-- Training of the discriminator, num_Updates[ 7 / 10]: Loss 0.35072
-- Training of the discriminator, num_Updates[ 8 / 10]: Loss 0.34645
-- Training of the discriminator, num_Updates[ 9 / 10]: Loss 0.34244
-- Training of the discriminator, num_Updates[ 10 / 10]: Loss 0.33861
Generation time:  79.5  seconds
###   On generation 12 of 1000
Best best molecule in generation  12
    smile  :  C=CCCCC=C1C=CC=C1C=CC=CC=C1C=CC=C1C=CCC=CC=CC=C=CC=CCF
    fitness:  3.234389984178055
    logP   :  9.595999999999997
    sas    :  4.680938708046983
    ringP  :  0
    discrm :  [0.4772082]
-- Training of the discriminator, num_Updates[ 1 / 10]: Loss 0.34746
-- Training of the discriminator, num_Updates[ 2 / 10]: Loss 0.34271
-- Training of the discriminator, num_Updates[ 3 / 10]: Loss 0.33809
-- Training of the discriminator, num_Updates[ 4 / 10]: Loss 0.33430
-- Training of the discriminator, num_Updates[ 5 / 10]: Loss 0.33102
-- Training of the discriminator, num_Updates[ 6 / 10]: Loss 0.32735
-- Training of the discriminator, num_Updates[ 7 / 10]: Loss 0.32320
-- Training of the discriminator, num_Updates[ 8 / 10]: Loss 0.31917
-- Training of the discriminator, num_Updates[ 9 / 10]: Loss 0.31565
-- Training of the discriminator, num_Updates[ 10 / 10]: Loss 0.31244
Generation time:  78.34  seconds
###   On generation 13 of 1000
Best best molecule in generation  13
    smile  :  C=CCCCCC=CC=CC=C=C1C=CC=C1C=CC=CC=C1C=CC=C1C=CCC=CC=CC=C=CC=CCF
    fitness:  4.092088166019006
    logP   :  11.253599999999986
    sas    :  4.9410119150341085
    ringP  :  0
    discrm :  [0.36822128]
-- Training of the discriminator, num_Updates[ 1 / 10]: Loss 0.33093
-- Training of the discriminator, num_Updates[ 2 / 10]: Loss 0.32275
-- Training of the discriminator, num_Updates[ 3 / 10]: Loss 0.31540
-- Training of the discriminator, num_Updates[ 4 / 10]: Loss 0.31152
-- Training of the discriminator, num_Updates[ 5 / 10]: Loss 0.30996
-- Training of the discriminator, num_Updates[ 6 / 10]: Loss 0.30747
-- Training of the discriminator, num_Updates[ 7 / 10]: Loss 0.30281
-- Training of the discriminator, num_Updates[ 8 / 10]: Loss 0.29726
-- Training of the discriminator, num_Updates[ 9 / 10]: Loss 0.29254
-- Training of the discriminator, num_Updates[ 10 / 10]: Loss 0.28933
Generation time:  78.15  seconds
###   On generation 14 of 1000
Best best molecule in generation  14
    smile  :  C=CCCCCC=CC=CC=C=C1C=CC=C1C=CC=CC=C1C=CC=C1C=CCC=CC=CC=C=CC=CCF
    fitness:  4.092088166019006
    logP   :  11.253599999999986
    sas    :  4.9410119150341085
    ringP  :  0
    discrm :  [0.261095]
-- Training of the discriminator, num_Updates[ 1 / 10]: Loss 0.30338
-- Training of the discriminator, num_Updates[ 2 / 10]: Loss 0.29834
-- Training of the discriminator, num_Updates[ 3 / 10]: Loss 0.29124
-- Training of the discriminator, num_Updates[ 4 / 10]: Loss 0.28530
-- Training of the discriminator, num_Updates[ 5 / 10]: Loss 0.28186
-- Training of the discriminator, num_Updates[ 6 / 10]: Loss 0.28003
-- Training of the discriminator, num_Updates[ 7 / 10]: Loss 0.27793
-- Training of the discriminator, num_Updates[ 8 / 10]: Loss 0.27451
-- Training of the discriminator, num_Updates[ 9 / 10]: Loss 0.27012
-- Training of the discriminator, num_Updates[ 10 / 10]: Loss 0.26579
Generation time:  78.88  seconds
###   On generation 15 of 1000
Best best molecule in generation  15
    smile  :  CC1=CCC=C1C=CC=CC1=CC=CC1=CC=CC=CC1=CC=CC1=CC=CC=CC=CCCCC=CC1=CC=CC1=CO
    fitness:  4.5738285219429144
    logP   :  11.665999999999984
    sas    :  4.7828127634539594
    ringP  :  0
    discrm :  [0.21294187]
-- Training of the discriminator, num_Updates[ 1 / 10]: Loss 0.26374
-- Training of the discriminator, num_Updates[ 2 / 10]: Loss 0.26135
-- Training of the discriminator, num_Updates[ 3 / 10]: Loss 0.25815
-- Training of the discriminator, num_Updates[ 4 / 10]: Loss 0.25417
-- Training of the discriminator, num_Updates[ 5 / 10]: Loss 0.25015
-- Training of the discriminator, num_Updates[ 6 / 10]: Loss 0.24676
-- Training of the discriminator, num_Updates[ 7 / 10]: Loss 0.24406
-- Training of the discriminator, num_Updates[ 8 / 10]: Loss 0.24169
-- Training of the discriminator, num_Updates[ 9 / 10]: Loss 0.23922
-- Training of the discriminator, num_Updates[ 10 / 10]: Loss 0.23646
Generation time:  79.15  seconds
###   On generation 16 of 1000
Best best molecule in generation  16
    smile  :  CC(=CC=CC=CC=C=CC=CC=C=CC=CC=CCCCCC=CO)CC=CC=C1C=CC=C1C=CC=CC1=CCC=C1C
    fitness:  4.801867425632169
    logP   :  12.52609999999998
    sas    :  5.098014695939576
    ringP  :  0
    discrm :  [0.19141117]
-- Training of the discriminator, num_Updates[ 1 / 10]: Loss 0.23394
-- Training of the discriminator, num_Updates[ 2 / 10]: Loss 0.23115
-- Training of the discriminator, num_Updates[ 3 / 10]: Loss 0.22859
-- Training of the discriminator, num_Updates[ 4 / 10]: Loss 0.22622
-- Training of the discriminator, num_Updates[ 5 / 10]: Loss 0.22395
-- Training of the discriminator, num_Updates[ 6 / 10]: Loss 0.22167
-- Training of the discriminator, num_Updates[ 7 / 10]: Loss 0.21937
-- Training of the discriminator, num_Updates[ 8 / 10]: Loss 0.21710
-- Training of the discriminator, num_Updates[ 9 / 10]: Loss 0.21492
-- Training of the discriminator, num_Updates[ 10 / 10]: Loss 0.21286
Generation time:  82.52  seconds
###   On generation 17 of 1000
Best best molecule in generation  17
    smile  :  C=CCC=C1C=CC=C1CCC=C1C=CC=C1C=CC=CC=C1C=CC=C1C=CC=CC=C(C)C=CC=C(C)C=C1C=CC=C1C
    fitness:  5.3093458028912295
    logP   :  12.726599999999976
    sas    :  4.794114648256641
    ringP  :  0
    discrm :  [0.16943893]
-- Training of the discriminator, num_Updates[ 1 / 10]: Loss 0.20725
-- Training of the discriminator, num_Updates[ 2 / 10]: Loss 0.20538
-- Training of the discriminator, num_Updates[ 3 / 10]: Loss 0.20336
-- Training of the discriminator, num_Updates[ 4 / 10]: Loss 0.20132
-- Training of the discriminator, num_Updates[ 5 / 10]: Loss 0.19939
-- Training of the discriminator, num_Updates[ 6 / 10]: Loss 0.19765
-- Training of the discriminator, num_Updates[ 7 / 10]: Loss 0.19610
-- Training of the discriminator, num_Updates[ 8 / 10]: Loss 0.19467
-- Training of the discriminator, num_Updates[ 9 / 10]: Loss 0.19326
-- Training of the discriminator, num_Updates[ 10 / 10]: Loss 0.19182
Generation time:  82.15  seconds
###   On generation 18 of 1000
Best best molecule in generation  18
    smile  :  C=CCCCCC=CCC=C1C=CC=C1C=C=C1C=CC=C1C=CC=CC=CC=CC=CC=C1C=CC=C1C=CCC=CC=CC=C=CC=CCF
    fitness:  5.79810062584447
    logP   :  14.178699999999967
    sas    :  5.240081234506169
    ringP  :  0
    discrm :  [0.1628893]
-- Training of the discriminator, num_Updates[ 1 / 10]: Loss 0.18950
-- Training of the discriminator, num_Updates[ 2 / 10]: Loss 0.18811
-- Training of the discriminator, num_Updates[ 3 / 10]: Loss 0.18676
-- Training of the discriminator, num_Updates[ 4 / 10]: Loss 0.18545
-- Training of the discriminator, num_Updates[ 5 / 10]: Loss 0.18416
-- Training of the discriminator, num_Updates[ 6 / 10]: Loss 0.18289
-- Training of the discriminator, num_Updates[ 7 / 10]: Loss 0.18165
-- Training of the discriminator, num_Updates[ 8 / 10]: Loss 0.18044
-- Training of the discriminator, num_Updates[ 9 / 10]: Loss 0.17924
-- Training of the discriminator, num_Updates[ 10 / 10]: Loss 0.17808
Generation time:  80.5  seconds
###   On generation 19 of 1000
Best best molecule in generation  19
    smile  :  C=CCCCCC=CCC=C1C=CC=C1C=C=C1C=CC=C1C=CC=CC=CC=CC=CC=C1C=CC=C1C=CCC=CC=CC=C=CC=CCF
    fitness:  5.79810062584447
    logP   :  14.178699999999967
    sas    :  5.240081234506169
    ringP  :  0
    discrm :  [0.15583761]
-- Training of the discriminator, num_Updates[ 1 / 10]: Loss 0.17199
-- Training of the discriminator, num_Updates[ 2 / 10]: Loss 0.17085
-- Training of the discriminator, num_Updates[ 3 / 10]: Loss 0.16971
-- Training of the discriminator, num_Updates[ 4 / 10]: Loss 0.16862
-- Training of the discriminator, num_Updates[ 5 / 10]: Loss 0.16757
-- Training of the discriminator, num_Updates[ 6 / 10]: Loss 0.16659
-- Training of the discriminator, num_Updates[ 7 / 10]: Loss 0.16565
-- Training of the discriminator, num_Updates[ 8 / 10]: Loss 0.16474
-- Training of the discriminator, num_Updates[ 9 / 10]: Loss 0.16385
-- Training of the discriminator, num_Updates[ 10 / 10]: Loss 0.16295
Generation time:  87.72  seconds
###   On generation 20 of 1000
Best best molecule in generation  20
    smile  :  C=CCCCCC=CCC=CC=CC=C(C)CC=CC=C1C=CC=C1C=CC=CC=CC=C1C=CC=C1C=CCC=CC=CC=C=CC=CCF
    fitness:  6.2991014700410854
    logP   :  14.493599999999965
    sas    :  5.008680214810721
    ringP  :  0
    discrm :  [0.15407135]
-- Training of the discriminator, num_Updates[ 1 / 10]: Loss 0.16093
-- Training of the discriminator, num_Updates[ 2 / 10]: Loss 0.16000
-- Training of the discriminator, num_Updates[ 3 / 10]: Loss 0.15905
-- Training of the discriminator, num_Updates[ 4 / 10]: Loss 0.15811
-- Training of the discriminator, num_Updates[ 5 / 10]: Loss 0.15721
-- Training of the discriminator, num_Updates[ 6 / 10]: Loss 0.15634
-- Training of the discriminator, num_Updates[ 7 / 10]: Loss 0.15552
-- Training of the discriminator, num_Updates[ 8 / 10]: Loss 0.15473
-- Training of the discriminator, num_Updates[ 9 / 10]: Loss 0.15395
-- Training of the discriminator, num_Updates[ 10 / 10]: Loss 0.15319
Generation time:  76.36  seconds
###   On generation 21 of 1000
Best best molecule in generation  21
    smile  :  C=CCCCCC=CCC=CC=CC=C(C)CC=CC=C1C=CC=C1C=CC=CC=CC=C1C=CC=C1C=CCC=CC=CC=C=CC=CCF
    fitness:  6.2991014700410854
    logP   :  14.493599999999965
    sas    :  5.008680214810721
    ringP  :  0
    discrm :  [0.14493519]
-- Training of the discriminator, num_Updates[ 1 / 10]: Loss 0.15557
-- Training of the discriminator, num_Updates[ 2 / 10]: Loss 0.15480
-- Training of the discriminator, num_Updates[ 3 / 10]: Loss 0.15403
-- Training of the discriminator, num_Updates[ 4 / 10]: Loss 0.15326
-- Training of the discriminator, num_Updates[ 5 / 10]: Loss 0.15250
-- Training of the discriminator, num_Updates[ 6 / 10]: Loss 0.15174
-- Training of the discriminator, num_Updates[ 7 / 10]: Loss 0.15099
-- Training of the discriminator, num_Updates[ 8 / 10]: Loss 0.15025
-- Training of the discriminator, num_Updates[ 9 / 10]: Loss 0.14953
-- Training of the discriminator, num_Updates[ 10 / 10]: Loss 0.14881
Generation time:  81.88  seconds
###   On generation 22 of 1000
Best best molecule in generation  22
    smile  :  C=CCCCCC=CCC=CC=CC=C(C)CC=CC=COC=CC=CC=CC=CC=CC=C1C=CC=C1C=CCC=CC=CC=C=CC=CCF
    fitness:  6.361406592804961
    logP   :  14.671199999999965
    sas    :  5.061124855590966
    ringP  :  0
    discrm :  [0.14294618]
-- Training of the discriminator, num_Updates[ 1 / 10]: Loss 0.15038
-- Training of the discriminator, num_Updates[ 2 / 10]: Loss 0.14954
-- Training of the discriminator, num_Updates[ 3 / 10]: Loss 0.14859
-- Training of the discriminator, num_Updates[ 4 / 10]: Loss 0.14764
-- Training of the discriminator, num_Updates[ 5 / 10]: Loss 0.14675
-- Training of the discriminator, num_Updates[ 6 / 10]: Loss 0.14598
-- Training of the discriminator, num_Updates[ 7 / 10]: Loss 0.14531
-- Training of the discriminator, num_Updates[ 8 / 10]: Loss 0.14470
-- Training of the discriminator, num_Updates[ 9 / 10]: Loss 0.14411
-- Training of the discriminator, num_Updates[ 10 / 10]: Loss 0.14350
Generation time:  83.18  seconds
###   On generation 23 of 1000
Best best molecule in generation  23
    smile  :  C=CCCCCC=CCCCC=CC=C(C)CC=CC=C1C=CC=C1C=CC=CC=CC=C1C=CC=C1C=CCC=CC=CC=C=CC=CCF
    fitness:  6.52905591336228
    logP   :  14.717599999999964
    sas    :  4.949090984041491
    ringP  :  0
    discrm :  [0.13229729]
-- Training of the discriminator, num_Updates[ 1 / 10]: Loss 0.14260
-- Training of the discriminator, num_Updates[ 2 / 10]: Loss 0.14190
-- Training of the discriminator, num_Updates[ 3 / 10]: Loss 0.14119
-- Training of the discriminator, num_Updates[ 4 / 10]: Loss 0.14049
-- Training of the discriminator, num_Updates[ 5 / 10]: Loss 0.13979
-- Training of the discriminator, num_Updates[ 6 / 10]: Loss 0.13910
-- Training of the discriminator, num_Updates[ 7 / 10]: Loss 0.13843
-- Training of the discriminator, num_Updates[ 8 / 10]: Loss 0.13778
-- Training of the discriminator, num_Updates[ 9 / 10]: Loss 0.13713
-- Training of the discriminator, num_Updates[ 10 / 10]: Loss 0.13649
Generation time:  77.78  seconds
###   On generation 24 of 1000
Best best molecule in generation  24
    smile  :  C=CCCCCC=CCC=C1C=CC=C1C=C(CC=CC=CC=C(C)CC=CC=CC=C=CC=CCF)CC=CC=COc1cscc1C=CC=CC
    fitness:  6.739808519004409
    logP   :  15.406199999999961
    sas    :  5.178032567936635
    ringP  :  0
    discrm :  [0.14248781]
-- Training of the discriminator, num_Updates[ 1 / 10]: Loss 0.13401
-- Training of the discriminator, num_Updates[ 2 / 10]: Loss 0.13337
-- Training of the discriminator, num_Updates[ 3 / 10]: Loss 0.13273
-- Training of the discriminator, num_Updates[ 4 / 10]: Loss 0.13210
-- Training of the discriminator, num_Updates[ 5 / 10]: Loss 0.13147
-- Training of the discriminator, num_Updates[ 6 / 10]: Loss 0.13086
-- Training of the discriminator, num_Updates[ 7 / 10]: Loss 0.13026
-- Training of the discriminator, num_Updates[ 8 / 10]: Loss 0.12968
-- Training of the discriminator, num_Updates[ 9 / 10]: Loss 0.12910
-- Training of the discriminator, num_Updates[ 10 / 10]: Loss 0.12853
Generation time:  81.76  seconds
###   On generation 25 of 1000
Best best molecule in generation  25
    smile  :  C=CCCCCC=CCC=CC=CC=C(C)CC=CC=CC=CC(C)=CC=CC=CC=CC=CC=C(C)CCC=CC=CC=C=CC=CCF
    fitness:  7.006905420134712
    logP   :  15.043499999999963
    sas    :  4.7433741675319805
    ringP  :  0
    discrm :  [0.12401942]
-- Training of the discriminator, num_Updates[ 1 / 10]: Loss 0.12891
-- Training of the discriminator, num_Updates[ 2 / 10]: Loss 0.12834
-- Training of the discriminator, num_Updates[ 3 / 10]: Loss 0.12778
-- Training of the discriminator, num_Updates[ 4 / 10]: Loss 0.12722
-- Training of the discriminator, num_Updates[ 5 / 10]: Loss 0.12667
-- Training of the discriminator, num_Updates[ 6 / 10]: Loss 0.12613
-- Training of the discriminator, num_Updates[ 7 / 10]: Loss 0.12559
-- Training of the discriminator, num_Updates[ 8 / 10]: Loss 0.12505
-- Training of the discriminator, num_Updates[ 9 / 10]: Loss 0.12453
-- Training of the discriminator, num_Updates[ 10 / 10]: Loss 0.12400
Generation time:  81.08  seconds
###   On generation 26 of 1000
wandb: Network error resolved after 0:00:39.225272, resuming normal operation.
Best best molecule in generation  26
    smile  :  C=CCCCCC=CCC=C1C=CC=C1C=C(CC=CC=CC=C(C)CCC=CC=CC=C=CC=CCF)CC=CC=COc1cscc1C=CC=CC
    fitness:  7.062013814140288
    logP   :  15.79629999999996
    sas    :  5.1392667096186315
    ringP  :  0
    discrm :  [0.13632625]
-- Training of the discriminator, num_Updates[ 1 / 10]: Loss 0.12350
-- Training of the discriminator, num_Updates[ 2 / 10]: Loss 0.12285
-- Training of the discriminator, num_Updates[ 3 / 10]: Loss 0.12215
-- Training of the discriminator, num_Updates[ 4 / 10]: Loss 0.12145
-- Training of the discriminator, num_Updates[ 5 / 10]: Loss 0.12079
-- Training of the discriminator, num_Updates[ 6 / 10]: Loss 0.12019
-- Training of the discriminator, num_Updates[ 7 / 10]: Loss 0.11966
-- Training of the discriminator, num_Updates[ 8 / 10]: Loss 0.11919
-- Training of the discriminator, num_Updates[ 9 / 10]: Loss 0.11874
-- Training of the discriminator, num_Updates[ 10 / 10]: Loss 0.11830
Generation time:  76.68  seconds
###   On generation 27 of 1000
Best best molecule in generation  27
    smile  :  CC=CC=CC=CC=CC(=CCCC(C)=CC=CC=CCC=CCCCCCC)CC=CC=CC=C(C)CCC=CC=CC=C=CC=CCF
    fitness:  7.392630253374387
    logP   :  15.49149999999996
    sas    :  4.6858161834470975
    ringP  :  0
    discrm :  [0.11353826]
-- Training of the discriminator, num_Updates[ 1 / 10]: Loss 0.12155
-- Training of the discriminator, num_Updates[ 2 / 10]: Loss 0.12107
-- Training of the discriminator, num_Updates[ 3 / 10]: Loss 0.12056
-- Training of the discriminator, num_Updates[ 4 / 10]: Loss 0.12002
-- Training of the discriminator, num_Updates[ 5 / 10]: Loss 0.11947
-- Training of the discriminator, num_Updates[ 6 / 10]: Loss 0.11893
-- Training of the discriminator, num_Updates[ 7 / 10]: Loss 0.11841
-- Training of the discriminator, num_Updates[ 8 / 10]: Loss 0.11792
-- Training of the discriminator, num_Updates[ 9 / 10]: Loss 0.11746
-- Training of the discriminator, num_Updates[ 10 / 10]: Loss 0.11701
Generation time:  77.66  seconds
###   On generation 28 of 1000
Best best molecule in generation  28
    smile  :  CC=CC=CC=CC=CC(=CCC(C)=CC=CC=CCC=CCCCCCC)CC=CC=CC=C(C)CCC=CC=C(C)CC=CCF
    fitness:  7.3543378555328545
    logP   :  15.170299999999962
    sas    :  4.529175379787718
    ringP  :  0
    discrm :  [0.11085771]
-- Training of the discriminator, num_Updates[ 1 / 10]: Loss 0.11910
-- Training of the discriminator, num_Updates[ 2 / 10]: Loss 0.11830
-- Training of the discriminator, num_Updates[ 3 / 10]: Loss 0.11726
-- Training of the discriminator, num_Updates[ 4 / 10]: Loss 0.11629
-- Training of the discriminator, num_Updates[ 5 / 10]: Loss 0.11555
-- Training of the discriminator, num_Updates[ 6 / 10]: Loss 0.11504
-- Training of the discriminator, num_Updates[ 7 / 10]: Loss 0.11469
-- Training of the discriminator, num_Updates[ 8 / 10]: Loss 0.11440
-- Training of the discriminator, num_Updates[ 9 / 10]: Loss 0.11411
-- Training of the discriminator, num_Updates[ 10 / 10]: Loss 0.11374
Generation time:  75.32  seconds
###   On generation 29 of 1000
