nohup: ignoring input
wandb: Currently logged in as: kjappelbaum (use `wandb login --relogin` to force relogin)
wandb: wandb version 0.10.14 is available!  To upgrade, please run:
wandb:  $ pip install wandb --upgrade
wandb: Tracking run with wandb version 0.10.12
wandb: Syncing run worthy-jazz-1873
wandb: ⭐️ View project at https://wandb.ai/kjappelbaum/ga_replication_study
wandb: 🚀 View run at https://wandb.ai/kjappelbaum/ga_replication_study/runs/1yevuyun
wandb: Run data is saved locally in /home/kevin/Documents/ga_replication/selfies_ga_nn_replication/wandb/run-20210123_165639-1yevuyun
wandb: Run `wandb offline` to turn off syncing.
###   On generation 1 of 500
Best best molecule in generation  1
    smile  :  C
    fitness:  -6.281431695634691
    logP   :  0.6361
    sas    :  7.3284153846153846
    ringP  :  0
    discrm :  [0.]
/home/kevin/anaconda3/envs/ga_replication/lib/python3.8/site-packages/torch/nn/functional.py:1351: UserWarning: nn.functional.sigmoid is deprecated. Use torch.sigmoid instead.
  warnings.warn("nn.functional.sigmoid is deprecated. Use torch.sigmoid instead.")
/home/kevin/anaconda3/envs/ga_replication/lib/python3.8/site-packages/torch/nn/modules/loss.py:498: UserWarning: Using a target size (torch.Size([1000])) that is different to the input size (torch.Size([1000, 1])) is deprecated. Please ensure they have the same size.
  return F.binary_cross_entropy(input, target, weight=self.weight, reduction=self.reduction)
-- Training of the discriminator, num_Updates[ 1 / 10]: Loss 0.70039
-- Training of the discriminator, num_Updates[ 2 / 10]: Loss 0.69342
-- Training of the discriminator, num_Updates[ 3 / 10]: Loss 0.68676
-- Training of the discriminator, num_Updates[ 4 / 10]: Loss 0.68046
-- Training of the discriminator, num_Updates[ 5 / 10]: Loss 0.67422
-- Training of the discriminator, num_Updates[ 6 / 10]: Loss 0.66826
-- Training of the discriminator, num_Updates[ 7 / 10]: Loss 0.66242
-- Training of the discriminator, num_Updates[ 8 / 10]: Loss 0.65673
-- Training of the discriminator, num_Updates[ 9 / 10]: Loss 0.65092
-- Training of the discriminator, num_Updates[ 10 / 10]: Loss 0.64551
Generation time:  4.17  seconds
###   On generation 2 of 500
Best best molecule in generation  2
    smile  :  CC=C1C=CC=C1
    fitness:  50.63874857291493
    logP   :  2.0587
    sas    :  3.4990597403702326
    ringP  :  0
    discrm :  [0.5130526]
-- Training of the discriminator, num_Updates[ 1 / 10]: Loss 0.64909
-- Training of the discriminator, num_Updates[ 2 / 10]: Loss 0.64513
-- Training of the discriminator, num_Updates[ 3 / 10]: Loss 0.64123
-- Training of the discriminator, num_Updates[ 4 / 10]: Loss 0.63755
-- Training of the discriminator, num_Updates[ 5 / 10]: Loss 0.63375
-- Training of the discriminator, num_Updates[ 6 / 10]: Loss 0.63013
-- Training of the discriminator, num_Updates[ 7 / 10]: Loss 0.62628
-- Training of the discriminator, num_Updates[ 8 / 10]: Loss 0.62254
-- Training of the discriminator, num_Updates[ 9 / 10]: Loss 0.61881
-- Training of the discriminator, num_Updates[ 10 / 10]: Loss 0.61496
Generation time:  8.64  seconds
###   On generation 3 of 500
Best best molecule in generation  3
    smile  :  Cc1ccccc1
    fitness:  56.02466012649429
    logP   :  1.99502
    sas    :  1.0
    ringP  :  0
    discrm :  [0.5372757]
-- Training of the discriminator, num_Updates[ 1 / 10]: Loss 0.63610
-- Training of the discriminator, num_Updates[ 2 / 10]: Loss 0.63317
-- Training of the discriminator, num_Updates[ 3 / 10]: Loss 0.63005
-- Training of the discriminator, num_Updates[ 4 / 10]: Loss 0.62677
-- Training of the discriminator, num_Updates[ 5 / 10]: Loss 0.62332
-- Training of the discriminator, num_Updates[ 6 / 10]: Loss 0.61990
-- Training of the discriminator, num_Updates[ 7 / 10]: Loss 0.61642
-- Training of the discriminator, num_Updates[ 8 / 10]: Loss 0.61294
-- Training of the discriminator, num_Updates[ 9 / 10]: Loss 0.60945
-- Training of the discriminator, num_Updates[ 10 / 10]: Loss 0.60598
Generation time:  9.57  seconds
###   On generation 4 of 500
Best best molecule in generation  4
    smile  :  CC=CC=CC=C1C=CC=C1C
    fitness:  53.763621935064876
    logP   :  3.561200000000002
    sas    :  3.473069163217793
    ringP  :  0
    discrm :  [0.533376]
-- Training of the discriminator, num_Updates[ 1 / 10]: Loss 0.62929
-- Training of the discriminator, num_Updates[ 2 / 10]: Loss 0.62592
-- Training of the discriminator, num_Updates[ 3 / 10]: Loss 0.62252
-- Training of the discriminator, num_Updates[ 4 / 10]: Loss 0.61913
-- Training of the discriminator, num_Updates[ 5 / 10]: Loss 0.61579
-- Training of the discriminator, num_Updates[ 6 / 10]: Loss 0.61251
-- Training of the discriminator, num_Updates[ 7 / 10]: Loss 0.60928
-- Training of the discriminator, num_Updates[ 8 / 10]: Loss 0.60605
-- Training of the discriminator, num_Updates[ 9 / 10]: Loss 0.60281
-- Training of the discriminator, num_Updates[ 10 / 10]: Loss 0.59950
Generation time:  20.03  seconds
###   On generation 5 of 500
Best best molecule in generation  5
    smile  :  C=CC=CCC=CC=C1C=CC=C1C=CC=C=C=N
    fitness:  51.344306939725556
    logP   :  4.613470000000004
    sas    :  4.589983488979062
    ringP  :  0
    discrm :  [0.5151968]
-- Training of the discriminator, num_Updates[ 1 / 10]: Loss 0.61138
-- Training of the discriminator, num_Updates[ 2 / 10]: Loss 0.60822
-- Training of the discriminator, num_Updates[ 3 / 10]: Loss 0.60501
-- Training of the discriminator, num_Updates[ 4 / 10]: Loss 0.60176
-- Training of the discriminator, num_Updates[ 5 / 10]: Loss 0.59847
-- Training of the discriminator, num_Updates[ 6 / 10]: Loss 0.59515
-- Training of the discriminator, num_Updates[ 7 / 10]: Loss 0.59180
-- Training of the discriminator, num_Updates[ 8 / 10]: Loss 0.58840
-- Training of the discriminator, num_Updates[ 9 / 10]: Loss 0.58492
-- Training of the discriminator, num_Updates[ 10 / 10]: Loss 0.58134
Generation time:  25.49  seconds
###   On generation 6 of 500
Best best molecule in generation  6
    smile  :  CC=C1C=Cc2c(C=C3C=CCS3)cccc21
    fitness:  50.687719036625296
    logP   :  4.760600000000004
    sas    :  3.8511102741482492
    ringP  :  0
    discrm :  [0.4986965]
-- Training of the discriminator, num_Updates[ 1 / 10]: Loss 0.59335
-- Training of the discriminator, num_Updates[ 2 / 10]: Loss 0.58978
-- Training of the discriminator, num_Updates[ 3 / 10]: Loss 0.58608
-- Training of the discriminator, num_Updates[ 4 / 10]: Loss 0.58229
-- Training of the discriminator, num_Updates[ 5 / 10]: Loss 0.57846
-- Training of the discriminator, num_Updates[ 6 / 10]: Loss 0.57462
-- Training of the discriminator, num_Updates[ 7 / 10]: Loss 0.57074
-- Training of the discriminator, num_Updates[ 8 / 10]: Loss 0.56680
-- Training of the discriminator, num_Updates[ 9 / 10]: Loss 0.56277
-- Training of the discriminator, num_Updates[ 10 / 10]: Loss 0.55861
Generation time:  29.97  seconds
###   On generation 7 of 500
Best best molecule in generation  7
    smile  :  CC=C1C=Cc2c(C=C3C=CCS3)cccc21
    fitness:  48.934781719730765
    logP   :  4.760600000000004
    sas    :  3.8511102741482492
    ringP  :  0
    discrm :  [0.48116714]
-- Training of the discriminator, num_Updates[ 1 / 10]: Loss 0.57470
-- Training of the discriminator, num_Updates[ 2 / 10]: Loss 0.57046
-- Training of the discriminator, num_Updates[ 3 / 10]: Loss 0.56597
-- Training of the discriminator, num_Updates[ 4 / 10]: Loss 0.56141
-- Training of the discriminator, num_Updates[ 5 / 10]: Loss 0.55691
-- Training of the discriminator, num_Updates[ 6 / 10]: Loss 0.55253
-- Training of the discriminator, num_Updates[ 7 / 10]: Loss 0.54819
-- Training of the discriminator, num_Updates[ 8 / 10]: Loss 0.54370
-- Training of the discriminator, num_Updates[ 9 / 10]: Loss 0.53898
-- Training of the discriminator, num_Updates[ 10 / 10]: Loss 0.53409
Generation time:  31.28  seconds
###   On generation 8 of 500
Best best molecule in generation  8
    smile  :  C(=CC1CNCS1)Cc1ccccc1
    fitness:  49.45916433718089
    logP   :  2.447800000000001
    sas    :  3.6776759643038046
    ringP  :  0
    discrm :  [0.5006588]
-- Training of the discriminator, num_Updates[ 1 / 10]: Loss 0.54985
-- Training of the discriminator, num_Updates[ 2 / 10]: Loss 0.54565
-- Training of the discriminator, num_Updates[ 3 / 10]: Loss 0.54129
-- Training of the discriminator, num_Updates[ 4 / 10]: Loss 0.53677
-- Training of the discriminator, num_Updates[ 5 / 10]: Loss 0.53221
-- Training of the discriminator, num_Updates[ 6 / 10]: Loss 0.52772
-- Training of the discriminator, num_Updates[ 7 / 10]: Loss 0.52331
-- Training of the discriminator, num_Updates[ 8 / 10]: Loss 0.51889
-- Training of the discriminator, num_Updates[ 9 / 10]: Loss 0.51434
-- Training of the discriminator, num_Updates[ 10 / 10]: Loss 0.50967
Generation time:  32.47  seconds
###   On generation 9 of 500
Best best molecule in generation  9
    smile  :  C(=Cc1cccs1)c1ccccc1
    fitness:  50.503160167855135
    logP   :  3.9185000000000025
    sas    :  1.814483536991073
    ringP  :  0
    discrm :  [0.4782802]
-- Training of the discriminator, num_Updates[ 1 / 10]: Loss 0.53048
-- Training of the discriminator, num_Updates[ 2 / 10]: Loss 0.52668
-- Training of the discriminator, num_Updates[ 3 / 10]: Loss 0.52273
-- Training of the discriminator, num_Updates[ 4 / 10]: Loss 0.51874
-- Training of the discriminator, num_Updates[ 5 / 10]: Loss 0.51483
-- Training of the discriminator, num_Updates[ 6 / 10]: Loss 0.51105
-- Training of the discriminator, num_Updates[ 7 / 10]: Loss 0.50728
-- Training of the discriminator, num_Updates[ 8 / 10]: Loss 0.50343
-- Training of the discriminator, num_Updates[ 9 / 10]: Loss 0.49950
-- Training of the discriminator, num_Updates[ 10 / 10]: Loss 0.49562
Generation time:  31.47  seconds
###   On generation 10 of 500
Best best molecule in generation  10
    smile  :  C(=Cc1ccccc1)CC1NOCS1
    fitness:  53.81949351257406
    logP   :  2.6415000000000006
    sas    :  3.767240799468639
    ringP  :  0
    discrm :  [0.5439722]
-- Training of the discriminator, num_Updates[ 1 / 10]: Loss 0.50875
-- Training of the discriminator, num_Updates[ 2 / 10]: Loss 0.50525
-- Training of the discriminator, num_Updates[ 3 / 10]: Loss 0.50152
-- Training of the discriminator, num_Updates[ 4 / 10]: Loss 0.49799
-- Training of the discriminator, num_Updates[ 5 / 10]: Loss 0.49484
-- Training of the discriminator, num_Updates[ 6 / 10]: Loss 0.49169
-- Training of the discriminator, num_Updates[ 7 / 10]: Loss 0.48823
-- Training of the discriminator, num_Updates[ 8 / 10]: Loss 0.48462
-- Training of the discriminator, num_Updates[ 9 / 10]: Loss 0.48117
-- Training of the discriminator, num_Updates[ 10 / 10]: Loss 0.47794
Generation time:  30.63  seconds
###   On generation 11 of 500
Best best molecule in generation  11
    smile  :  C(=Cc1ccccc1)CCN1OCCS1
    fitness:  55.07674665645117
    logP   :  2.9853000000000014
    sas    :  3.1945792726500706
    ringP  :  0
    discrm :  [0.5472222]
-- Training of the discriminator, num_Updates[ 1 / 10]: Loss 0.50139
-- Training of the discriminator, num_Updates[ 2 / 10]: Loss 0.49671
-- Training of the discriminator, num_Updates[ 3 / 10]: Loss 0.49196
-- Training of the discriminator, num_Updates[ 4 / 10]: Loss 0.48888
-- Training of the discriminator, num_Updates[ 5 / 10]: Loss 0.48699
-- Training of the discriminator, num_Updates[ 6 / 10]: Loss 0.48420
-- Training of the discriminator, num_Updates[ 7 / 10]: Loss 0.48009
-- Training of the discriminator, num_Updates[ 8 / 10]: Loss 0.47597
-- Training of the discriminator, num_Updates[ 9 / 10]: Loss 0.47286
-- Training of the discriminator, num_Updates[ 10 / 10]: Loss 0.47038
Generation time:  31.95  seconds
###   On generation 12 of 500
Best best molecule in generation  12
    smile  :  CC=COC1SOC=C1C=CC=Cc1cscc1[SH]=CC=CON
    fitness:  59.42248626279004
    logP   :  4.786700000000003
    sas    :  5.739825984799487
    ringP  :  0
    discrm :  [0.6085978]
-- Training of the discriminator, num_Updates[ 1 / 10]: Loss 0.50153
-- Training of the discriminator, num_Updates[ 2 / 10]: Loss 0.49680
-- Training of the discriminator, num_Updates[ 3 / 10]: Loss 0.49185
-- Training of the discriminator, num_Updates[ 4 / 10]: Loss 0.48878
-- Training of the discriminator, num_Updates[ 5 / 10]: Loss 0.48738
-- Training of the discriminator, num_Updates[ 6 / 10]: Loss 0.48533
-- Training of the discriminator, num_Updates[ 7 / 10]: Loss 0.48156
-- Training of the discriminator, num_Updates[ 8 / 10]: Loss 0.47733
-- Training of the discriminator, num_Updates[ 9 / 10]: Loss 0.47415
-- Training of the discriminator, num_Updates[ 10 / 10]: Loss 0.47201
Generation time:  31.98  seconds
###   On generation 13 of 500
Best best molecule in generation  13
    smile  :  CCN=CC=Cc1ncccc1C=CC=CC[SH]=NCn1cccc1
    fitness:  60.959568552138116
    logP   :  4.212600000000004
    sas    :  4.345156641582047
    ringP  :  0
    discrm :  [0.6112334]
-- Training of the discriminator, num_Updates[ 1 / 10]: Loss 0.51241
-- Training of the discriminator, num_Updates[ 2 / 10]: Loss 0.50884
-- Training of the discriminator, num_Updates[ 3 / 10]: Loss 0.50456
-- Training of the discriminator, num_Updates[ 4 / 10]: Loss 0.50127
-- Training of the discriminator, num_Updates[ 5 / 10]: Loss 0.49938
-- Training of the discriminator, num_Updates[ 6 / 10]: Loss 0.49748
-- Training of the discriminator, num_Updates[ 7 / 10]: Loss 0.49437
-- Training of the discriminator, num_Updates[ 8 / 10]: Loss 0.49061
-- Training of the discriminator, num_Updates[ 9 / 10]: Loss 0.48745
-- Training of the discriminator, num_Updates[ 10 / 10]: Loss 0.48516
Generation time:  30.18  seconds
###   On generation 14 of 500
Best best molecule in generation  14
    smile  :  CCNSc1csc2c(C=CC#CCC[SH]=N)cccc12
    fitness:  60.49040007858216
    logP   :  4.501870000000004
    sas    :  4.409674389662939
    ringP  :  0
    discrm :  [0.6052753]
-- Training of the discriminator, num_Updates[ 1 / 10]: Loss 0.52562
-- Training of the discriminator, num_Updates[ 2 / 10]: Loss 0.52033
-- Training of the discriminator, num_Updates[ 3 / 10]: Loss 0.51422
-- Training of the discriminator, num_Updates[ 4 / 10]: Loss 0.51122
-- Training of the discriminator, num_Updates[ 5 / 10]: Loss 0.51123
-- Training of the discriminator, num_Updates[ 6 / 10]: Loss 0.51010
-- Training of the discriminator, num_Updates[ 7 / 10]: Loss 0.50597
-- Training of the discriminator, num_Updates[ 8 / 10]: Loss 0.50110
-- Training of the discriminator, num_Updates[ 9 / 10]: Loss 0.49811
-- Training of the discriminator, num_Updates[ 10 / 10]: Loss 0.49687
Generation time:  32.45  seconds
###   On generation 15 of 500
Best best molecule in generation  15
    smile  :  CC=C1C=Cc2c(C=CCCC=C3C=CC=C3n3o[nH]ss3)cccc21
    fitness:  63.182870399872144
    logP   :  6.917400000000004
    sas    :  4.503906812140983
    ringP  :  0
    discrm :  [0.61627305]
-- Training of the discriminator, num_Updates[ 1 / 10]: Loss 0.53316
-- Training of the discriminator, num_Updates[ 2 / 10]: Loss 0.52703
-- Training of the discriminator, num_Updates[ 3 / 10]: Loss 0.51979
-- Training of the discriminator, num_Updates[ 4 / 10]: Loss 0.51604
-- Training of the discriminator, num_Updates[ 5 / 10]: Loss 0.51575
-- Training of the discriminator, num_Updates[ 6 / 10]: Loss 0.51435
-- Training of the discriminator, num_Updates[ 7 / 10]: Loss 0.50951
-- Training of the discriminator, num_Updates[ 8 / 10]: Loss 0.50362
-- Training of the discriminator, num_Updates[ 9 / 10]: Loss 0.49982
-- Training of the discriminator, num_Updates[ 10 / 10]: Loss 0.49814
Generation time:  32.41  seconds
###   On generation 16 of 500
Best best molecule in generation  16
    smile  :  C(C=CC1OS[SH]1C=CCn1cccc1)=COc1ccccc1
    fitness:  67.80514630031294
    logP   :  5.071400000000003
    sas    :  4.827480239374972
    ringP  :  0
    discrm :  [0.67942995]
-- Training of the discriminator, num_Updates[ 1 / 10]: Loss 0.49838
-- Training of the discriminator, num_Updates[ 2 / 10]: Loss 0.49283
-- Training of the discriminator, num_Updates[ 3 / 10]: Loss 0.48616
-- Training of the discriminator, num_Updates[ 4 / 10]: Loss 0.48259
-- Training of the discriminator, num_Updates[ 5 / 10]: Loss 0.48220
-- Training of the discriminator, num_Updates[ 6 / 10]: Loss 0.48098
-- Training of the discriminator, num_Updates[ 7 / 10]: Loss 0.47674
-- Training of the discriminator, num_Updates[ 8 / 10]: Loss 0.47160
-- Training of the discriminator, num_Updates[ 9 / 10]: Loss 0.46841
-- Training of the discriminator, num_Updates[ 10 / 10]: Loss 0.46713
Generation time:  34.77  seconds
###   On generation 17 of 500
Best best molecule in generation  17
    smile  :  FSCNc1cccc(CC=CCc2ccccc2)c1
    fitness:  68.46686236404253
    logP   :  5.015100000000004
    sas    :  2.684402627203694
    ringP  :  0
    discrm :  [0.66064453]
-- Training of the discriminator, num_Updates[ 1 / 10]: Loss 0.50529
-- Training of the discriminator, num_Updates[ 2 / 10]: Loss 0.50293
-- Training of the discriminator, num_Updates[ 3 / 10]: Loss 0.49988
-- Training of the discriminator, num_Updates[ 4 / 10]: Loss 0.49743
-- Training of the discriminator, num_Updates[ 5 / 10]: Loss 0.49601
-- Training of the discriminator, num_Updates[ 6 / 10]: Loss 0.49474
-- Training of the discriminator, num_Updates[ 7 / 10]: Loss 0.49269
-- Training of the discriminator, num_Updates[ 8 / 10]: Loss 0.49012
-- Training of the discriminator, num_Updates[ 9 / 10]: Loss 0.48790
-- Training of the discriminator, num_Updates[ 10 / 10]: Loss 0.48635
Generation time:  32.0  seconds
###   On generation 18 of 500
Best best molecule in generation  18
    smile  :  FSCNc1cccc(CC=CCc2ccccc2)c1
    fitness:  71.8707853987105
    logP   :  5.015100000000004
    sas    :  2.684402627203694
    ringP  :  0
    discrm :  [0.6946838]
-- Training of the discriminator, num_Updates[ 1 / 10]: Loss 0.51791
-- Training of the discriminator, num_Updates[ 2 / 10]: Loss 0.51476
-- Training of the discriminator, num_Updates[ 3 / 10]: Loss 0.51110
-- Training of the discriminator, num_Updates[ 4 / 10]: Loss 0.50947
-- Training of the discriminator, num_Updates[ 5 / 10]: Loss 0.50953
-- Training of the discriminator, num_Updates[ 6 / 10]: Loss 0.50876
-- Training of the discriminator, num_Updates[ 7 / 10]: Loss 0.50618
-- Training of the discriminator, num_Updates[ 8 / 10]: Loss 0.50333
-- Training of the discriminator, num_Updates[ 9 / 10]: Loss 0.50181
-- Training of the discriminator, num_Updates[ 10 / 10]: Loss 0.50121
Generation time:  31.88  seconds
###   On generation 19 of 500
Best best molecule in generation  19
    smile  :  CC=COC=S1SOC=C1C=CC=CCC=Cc1csc2c([SH]=CC=CON)csc12
    fitness:  68.56906832537075
    logP   :  7.522700000000006
    sas    :  5.949897391596989
    ringP  :  0
    discrm :  [0.6832678]
-- Training of the discriminator, num_Updates[ 1 / 10]: Loss 0.50432
-- Training of the discriminator, num_Updates[ 2 / 10]: Loss 0.50177
-- Training of the discriminator, num_Updates[ 3 / 10]: Loss 0.49900
-- Training of the discriminator, num_Updates[ 4 / 10]: Loss 0.49756
-- Training of the discriminator, num_Updates[ 5 / 10]: Loss 0.49702
-- Training of the discriminator, num_Updates[ 6 / 10]: Loss 0.49579
-- Training of the discriminator, num_Updates[ 7 / 10]: Loss 0.49342
-- Training of the discriminator, num_Updates[ 8 / 10]: Loss 0.49101
-- Training of the discriminator, num_Updates[ 9 / 10]: Loss 0.48950
-- Training of the discriminator, num_Updates[ 10 / 10]: Loss 0.48844
Generation time:  30.35  seconds
###   On generation 20 of 500
Best best molecule in generation  20
    smile  :  NSCNCOc1coc2c1ccc1ccccc12
    fitness:  73.37395437858017
    logP   :  3.0763000000000016
    sas    :  3.0737146028651754
    ringP  :  0
    discrm :  [0.7280965]
-- Training of the discriminator, num_Updates[ 1 / 10]: Loss 0.52254
-- Training of the discriminator, num_Updates[ 2 / 10]: Loss 0.51828
-- Training of the discriminator, num_Updates[ 3 / 10]: Loss 0.51468
-- Training of the discriminator, num_Updates[ 4 / 10]: Loss 0.51397
-- Training of the discriminator, num_Updates[ 5 / 10]: Loss 0.51404
-- Training of the discriminator, num_Updates[ 6 / 10]: Loss 0.51192
-- Training of the discriminator, num_Updates[ 7 / 10]: Loss 0.50832
-- Training of the discriminator, num_Updates[ 8 / 10]: Loss 0.50587
-- Training of the discriminator, num_Updates[ 9 / 10]: Loss 0.50508
-- Training of the discriminator, num_Updates[ 10 / 10]: Loss 0.50408
Generation time:  31.79  seconds
###   On generation 21 of 500
Best best molecule in generation  21
    smile  :  FC1=CC=CC1=CC=[SH]c1csc2cc(C=CC3=COSS3=COC=NCS)ccc12
    fitness:  72.049197635245
    logP   :  7.286300000000005
    sas    :  5.70294439075168
    ringP  :  0
    discrm :  [0.71676576]
-- Training of the discriminator, num_Updates[ 1 / 10]: Loss 0.51978
-- Training of the discriminator, num_Updates[ 2 / 10]: Loss 0.51488
-- Training of the discriminator, num_Updates[ 3 / 10]: Loss 0.51201
-- Training of the discriminator, num_Updates[ 4 / 10]: Loss 0.51188
-- Training of the discriminator, num_Updates[ 5 / 10]: Loss 0.51082
-- Training of the discriminator, num_Updates[ 6 / 10]: Loss 0.50713
-- Training of the discriminator, num_Updates[ 7 / 10]: Loss 0.50339
-- Training of the discriminator, num_Updates[ 8 / 10]: Loss 0.50173
-- Training of the discriminator, num_Updates[ 9 / 10]: Loss 0.50072
-- Training of the discriminator, num_Updates[ 10 / 10]: Loss 0.49828
Generation time:  32.27  seconds
###   On generation 22 of 500
Best best molecule in generation  22
    smile  :  Nc1cccc(CC(Cc2ccccc2)c2ccccc2)c1
    fitness:  77.03278918572619
    logP   :  4.837800000000003
    sas    :  2.201541931064696
    ringP  :  0
    discrm :  [0.741743]
-- Training of the discriminator, num_Updates[ 1 / 10]: Loss 0.54590
-- Training of the discriminator, num_Updates[ 2 / 10]: Loss 0.53860
-- Training of the discriminator, num_Updates[ 3 / 10]: Loss 0.53694
-- Training of the discriminator, num_Updates[ 4 / 10]: Loss 0.53775
-- Training of the discriminator, num_Updates[ 5 / 10]: Loss 0.53394
-- Training of the discriminator, num_Updates[ 6 / 10]: Loss 0.52724
-- Training of the discriminator, num_Updates[ 7 / 10]: Loss 0.52353
-- Training of the discriminator, num_Updates[ 8 / 10]: Loss 0.52267
-- Training of the discriminator, num_Updates[ 9 / 10]: Loss 0.51999
-- Training of the discriminator, num_Updates[ 10 / 10]: Loss 0.51472
Generation time:  32.5  seconds
###   On generation 23 of 500
Best best molecule in generation  23
    smile  :  C(=CCn1cccc1)=S1SOC1C=CC=COc1ccccc1
    fitness:  65.7303616364994
    logP   :  4.782700000000004
    sas    :  4.84972839991009
    ringP  :  0
    discrm :  [0.6609891]
-- Training of the discriminator, num_Updates[ 1 / 10]: Loss 0.53717
-- Training of the discriminator, num_Updates[ 2 / 10]: Loss 0.53563
-- Training of the discriminator, num_Updates[ 3 / 10]: Loss 0.53471
-- Training of the discriminator, num_Updates[ 4 / 10]: Loss 0.53177
-- Training of the discriminator, num_Updates[ 5 / 10]: Loss 0.52775
-- Training of the discriminator, num_Updates[ 6 / 10]: Loss 0.52503
-- Training of the discriminator, num_Updates[ 7 / 10]: Loss 0.52346
-- Training of the discriminator, num_Updates[ 8 / 10]: Loss 0.52111
-- Training of the discriminator, num_Updates[ 9 / 10]: Loss 0.51763
-- Training of the discriminator, num_Updates[ 10 / 10]: Loss 0.51456
Generation time:  31.13  seconds
###   On generation 24 of 500
Best best molecule in generation  24
    smile  :  C=C(CC=CCc1ccccc1)n1c2ccc1[nH]2
    fitness:  75.61566317159114
    logP   :  4.066900000000002
    sas    :  4.05908520393467
    ringP  :  0
    discrm :  [0.7553795]
-- Training of the discriminator, num_Updates[ 1 / 10]: Loss 0.55394
-- Training of the discriminator, num_Updates[ 2 / 10]: Loss 0.55207
-- Training of the discriminator, num_Updates[ 3 / 10]: Loss 0.55019
-- Training of the discriminator, num_Updates[ 4 / 10]: Loss 0.54766
-- Training of the discriminator, num_Updates[ 5 / 10]: Loss 0.54493
-- Training of the discriminator, num_Updates[ 6 / 10]: Loss 0.54259
-- Training of the discriminator, num_Updates[ 7 / 10]: Loss 0.54055
-- Training of the discriminator, num_Updates[ 8 / 10]: Loss 0.53820
-- Training of the discriminator, num_Updates[ 9 / 10]: Loss 0.53554
-- Training of the discriminator, num_Updates[ 10 / 10]: Loss 0.53308
Generation time:  34.72  seconds
###   On generation 25 of 500
Best best molecule in generation  25
    smile  :  C=C(CCN=CCc1ccccc1)n1c2ccc1[nH]2
    fitness:  76.48130586163306
    logP   :  3.581500000000002
    sas    :  4.223872329180313
    ringP  :  0
    discrm :  [0.7694483]
-- Training of the discriminator, num_Updates[ 1 / 10]: Loss 0.56500
-- Training of the discriminator, num_Updates[ 2 / 10]: Loss 0.56176
-- Training of the discriminator, num_Updates[ 3 / 10]: Loss 0.55911
-- Training of the discriminator, num_Updates[ 4 / 10]: Loss 0.55638
-- Training of the discriminator, num_Updates[ 5 / 10]: Loss 0.55295
-- Training of the discriminator, num_Updates[ 6 / 10]: Loss 0.54934
-- Training of the discriminator, num_Updates[ 7 / 10]: Loss 0.54618
-- Training of the discriminator, num_Updates[ 8 / 10]: Loss 0.54321
-- Training of the discriminator, num_Updates[ 9 / 10]: Loss 0.53990
-- Training of the discriminator, num_Updates[ 10 / 10]: Loss 0.53644
Generation time:  31.47  seconds
###   On generation 26 of 500
Best best molecule in generation  26
    smile  :  C=C(CCN=CCc1ccccc1)n1c2ccc1[nH]2
    fitness:  74.94815614239478
    logP   :  3.581500000000002
    sas    :  4.223872329180313
    ringP  :  0
    discrm :  [0.7541167]
-- Training of the discriminator, num_Updates[ 1 / 10]: Loss 0.58710
-- Training of the discriminator, num_Updates[ 2 / 10]: Loss 0.58425
-- Training of the discriminator, num_Updates[ 3 / 10]: Loss 0.58287
-- Training of the discriminator, num_Updates[ 4 / 10]: Loss 0.58159
-- Training of the discriminator, num_Updates[ 5 / 10]: Loss 0.57903
-- Training of the discriminator, num_Updates[ 6 / 10]: Loss 0.57626
-- Training of the discriminator, num_Updates[ 7 / 10]: Loss 0.57445
-- Training of the discriminator, num_Updates[ 8 / 10]: Loss 0.57284
-- Training of the discriminator, num_Updates[ 9 / 10]: Loss 0.57048
-- Training of the discriminator, num_Updates[ 10 / 10]: Loss 0.56789
Generation time:  29.84  seconds
###   On generation 27 of 500
Best best molecule in generation  27
    smile  :  C=C(CCN=CCc1ccccc1)n1c2ccc1[nH]2
    fitness:  71.40672853009009
    logP   :  3.581500000000002
    sas    :  4.223872329180313
    ringP  :  0
    discrm :  [0.71870244]
-- Training of the discriminator, num_Updates[ 1 / 10]: Loss 0.57026
-- Training of the discriminator, num_Updates[ 2 / 10]: Loss 0.56779
-- Training of the discriminator, num_Updates[ 3 / 10]: Loss 0.56706
-- Training of the discriminator, num_Updates[ 4 / 10]: Loss 0.56566
-- Training of the discriminator, num_Updates[ 5 / 10]: Loss 0.56267
-- Training of the discriminator, num_Updates[ 6 / 10]: Loss 0.56018
-- Training of the discriminator, num_Updates[ 7 / 10]: Loss 0.55879
-- Training of the discriminator, num_Updates[ 8 / 10]: Loss 0.55684
-- Training of the discriminator, num_Updates[ 9 / 10]: Loss 0.55397
-- Training of the discriminator, num_Updates[ 10 / 10]: Loss 0.55161
Generation time:  31.13  seconds
###   On generation 28 of 500
Best best molecule in generation  28
    smile  :  CC1CC(=COc2ccccc2)C1COSS#CCOn1cccc1
    fitness:  69.59284735382438
    logP   :  4.807800000000004
    sas    :  4.7783386699464865
    ringP  :  0
    discrm :  [0.6985772]
-- Training of the discriminator, num_Updates[ 1 / 10]: Loss 0.58197
-- Training of the discriminator, num_Updates[ 2 / 10]: Loss 0.57979
-- Training of the discriminator, num_Updates[ 3 / 10]: Loss 0.57834
-- Training of the discriminator, num_Updates[ 4 / 10]: Loss 0.57618
-- Training of the discriminator, num_Updates[ 5 / 10]: Loss 0.57349
-- Training of the discriminator, num_Updates[ 6 / 10]: Loss 0.57148
-- Training of the discriminator, num_Updates[ 7 / 10]: Loss 0.56973
-- Training of the discriminator, num_Updates[ 8 / 10]: Loss 0.56738
-- Training of the discriminator, num_Updates[ 9 / 10]: Loss 0.56499
-- Training of the discriminator, num_Updates[ 10 / 10]: Loss 0.56316
Generation time:  33.14  seconds
###   On generation 29 of 500
Best best molecule in generation  29
    smile  :  CC1CC(=COc2ccccc2)C1COSS#CCOn1cccc1
    fitness:  67.86256933868766
    logP   :  4.807800000000004
    sas    :  4.7783386699464865
    ringP  :  0
    discrm :  [0.6812744]
-- Training of the discriminator, num_Updates[ 1 / 10]: Loss 0.57438
-- Training of the discriminator, num_Updates[ 2 / 10]: Loss 0.57232
-- Training of the discriminator, num_Updates[ 3 / 10]: Loss 0.57019
-- Training of the discriminator, num_Updates[ 4 / 10]: Loss 0.56803
-- Training of the discriminator, num_Updates[ 5 / 10]: Loss 0.56585
-- Training of the discriminator, num_Updates[ 6 / 10]: Loss 0.56361
-- Training of the discriminator, num_Updates[ 7 / 10]: Loss 0.56136
-- Training of the discriminator, num_Updates[ 8 / 10]: Loss 0.55913
-- Training of the discriminator, num_Updates[ 9 / 10]: Loss 0.55688
-- Training of the discriminator, num_Updates[ 10 / 10]: Loss 0.55463
Generation time:  32.43  seconds
###   On generation 30 of 500
Best best molecule in generation  30
    smile  :  C(=NCn1cccc1)=[SH]CC#SOCc1coc2ccccc12
    fitness:  68.21265800142275
    logP   :  4.386800000000003
    sas    :  4.231426060599252
    ringP  :  0
    discrm :  [0.68116474]
-- Training of the discriminator, num_Updates[ 1 / 10]: Loss 0.58204
-- Training of the discriminator, num_Updates[ 2 / 10]: Loss 0.58005
-- Training of the discriminator, num_Updates[ 3 / 10]: Loss 0.57810
-- Training of the discriminator, num_Updates[ 4 / 10]: Loss 0.57632
-- Training of the discriminator, num_Updates[ 5 / 10]: Loss 0.57435
-- Training of the discriminator, num_Updates[ 6 / 10]: Loss 0.57242
-- Training of the discriminator, num_Updates[ 7 / 10]: Loss 0.57054
-- Training of the discriminator, num_Updates[ 8 / 10]: Loss 0.56867
-- Training of the discriminator, num_Updates[ 9 / 10]: Loss 0.56676
-- Training of the discriminator, num_Updates[ 10 / 10]: Loss 0.56492
Generation time:  31.78  seconds
###   On generation 31 of 500
Best best molecule in generation  31
    smile  :  N
    fitness:  74.9020802471277
    logP   :  0.16199999999999998
    sas    :  6.667815384615385
    ringP  :  0
    discrm :  [0.8072309]
-- Training of the discriminator, num_Updates[ 1 / 10]: Loss 0.60366
-- Training of the discriminator, num_Updates[ 2 / 10]: Loss 0.60146
-- Training of the discriminator, num_Updates[ 3 / 10]: Loss 0.60035
-- Training of the discriminator, num_Updates[ 4 / 10]: Loss 0.59742
-- Training of the discriminator, num_Updates[ 5 / 10]: Loss 0.59445
-- Training of the discriminator, num_Updates[ 6 / 10]: Loss 0.59155
-- Training of the discriminator, num_Updates[ 7 / 10]: Loss 0.58860
-- Training of the discriminator, num_Updates[ 8 / 10]: Loss 0.58547
-- Training of the discriminator, num_Updates[ 9 / 10]: Loss 0.58233
-- Training of the discriminator, num_Updates[ 10 / 10]: Loss 0.57939
Generation time:  30.57  seconds
###   On generation 32 of 500
Best best molecule in generation  32
    smile  :  O
    fitness:  81.91959514826455
    logP   :  -0.8247
    sas    :  5.868476923076923
    ringP  :  0
    discrm :  [0.87475216]
-- Training of the discriminator, num_Updates[ 1 / 10]: Loss 0.64492
-- Training of the discriminator, num_Updates[ 2 / 10]: Loss 0.64500
-- Training of the discriminator, num_Updates[ 3 / 10]: Loss 0.63857
-- Training of the discriminator, num_Updates[ 4 / 10]: Loss 0.63361
-- Training of the discriminator, num_Updates[ 5 / 10]: Loss 0.63030
-- Training of the discriminator, num_Updates[ 6 / 10]: Loss 0.62689
-- Training of the discriminator, num_Updates[ 7 / 10]: Loss 0.62345
-- Training of the discriminator, num_Updates[ 8 / 10]: Loss 0.62001
-- Training of the discriminator, num_Updates[ 9 / 10]: Loss 0.61658
-- Training of the discriminator, num_Updates[ 10 / 10]: Loss 0.61318
Generation time:  32.53  seconds
###   On generation 33 of 500
Best best molecule in generation  33
    smile  :  S=S1CCON1CCC1CC1c1ccccc1
    fitness:  83.2177599470416
    logP   :  2.4226
    sas    :  4.403591185217735
    ringP  :  0
    discrm :  [0.84716195]
-- Training of the discriminator, num_Updates[ 1 / 10]: Loss 0.72249
-- Training of the discriminator, num_Updates[ 2 / 10]: Loss 0.71729
-- Training of the discriminator, num_Updates[ 3 / 10]: Loss 0.71153
-- Training of the discriminator, num_Updates[ 4 / 10]: Loss 0.70520
-- Training of the discriminator, num_Updates[ 5 / 10]: Loss 0.68287
-- Training of the discriminator, num_Updates[ 6 / 10]: Loss 0.67453
-- Training of the discriminator, num_Updates[ 7 / 10]: Loss 0.66588
-- Training of the discriminator, num_Updates[ 8 / 10]: Loss 0.65704
-- Training of the discriminator, num_Updates[ 9 / 10]: Loss 0.64769
-- Training of the discriminator, num_Updates[ 10 / 10]: Loss 0.63819
Generation time:  29.05  seconds
###   On generation 34 of 500
Best best molecule in generation  34
    smile  :  N=O
    fitness:  86.1647862656603
    logP   :  0.33157000000000003
    sas    :  3.8227217651032372
    ringP  :  0
    discrm :  [0.88440853]
-- Training of the discriminator, num_Updates[ 1 / 10]: Loss 0.67447
-- Training of the discriminator, num_Updates[ 2 / 10]: Loss 0.66691
-- Training of the discriminator, num_Updates[ 3 / 10]: Loss 0.65544
-- Training of the discriminator, num_Updates[ 4 / 10]: Loss 0.65417
-- Training of the discriminator, num_Updates[ 5 / 10]: Loss 0.64759
-- Training of the discriminator, num_Updates[ 6 / 10]: Loss 0.64480
-- Training of the discriminator, num_Updates[ 7 / 10]: Loss 0.63638
-- Training of the discriminator, num_Updates[ 8 / 10]: Loss 0.62974
-- Training of the discriminator, num_Updates[ 9 / 10]: Loss 0.62333
-- Training of the discriminator, num_Updates[ 10 / 10]: Loss 0.61632
Generation time:  27.95  seconds
###   On generation 35 of 500
Best best molecule in generation  35
    smile  :  N=O
    fitness:  83.42024891214467
    logP   :  0.33157000000000003
    sas    :  3.8227217651032372
    ringP  :  0
    discrm :  [0.8569632]
-- Training of the discriminator, num_Updates[ 1 / 10]: Loss 0.68058
-- Training of the discriminator, num_Updates[ 2 / 10]: Loss 0.67308
-- Training of the discriminator, num_Updates[ 3 / 10]: Loss 0.66585
-- Training of the discriminator, num_Updates[ 4 / 10]: Loss 0.65980
-- Training of the discriminator, num_Updates[ 5 / 10]: Loss 0.65207
-- Training of the discriminator, num_Updates[ 6 / 10]: Loss 0.64487
-- Training of the discriminator, num_Updates[ 7 / 10]: Loss 0.63900
-- Training of the discriminator, num_Updates[ 8 / 10]: Loss 0.63206
-- Training of the discriminator, num_Updates[ 9 / 10]: Loss 0.62648
-- Training of the discriminator, num_Updates[ 10 / 10]: Loss 0.62071
Generation time:  29.6  seconds
###   On generation 36 of 500
Best best molecule in generation  36
    smile  :  N=O
    fitness:  78.87882892923452
    logP   :  0.33157000000000003
    sas    :  3.8227217651032372
    ringP  :  0
    discrm :  [0.811549]
-- Training of the discriminator, num_Updates[ 1 / 10]: Loss 0.69754
-- Training of the discriminator, num_Updates[ 2 / 10]: Loss 0.69338
-- Training of the discriminator, num_Updates[ 3 / 10]: Loss 0.69002
-- Training of the discriminator, num_Updates[ 4 / 10]: Loss 0.68684
-- Training of the discriminator, num_Updates[ 5 / 10]: Loss 0.68301
-- Training of the discriminator, num_Updates[ 6 / 10]: Loss 0.67881
-- Training of the discriminator, num_Updates[ 7 / 10]: Loss 0.67497
-- Training of the discriminator, num_Updates[ 8 / 10]: Loss 0.67153
-- Training of the discriminator, num_Updates[ 9 / 10]: Loss 0.66801
-- Training of the discriminator, num_Updates[ 10 / 10]: Loss 0.66420
Generation time:  28.78  seconds
###   On generation 37 of 500
Best best molecule in generation  37
    smile  :  Fc1cccn1CN=CNC#SOCc1coc2ccccc12
    fitness:  70.95179388553832
    logP   :  3.730500000000002
    sas    :  3.9716694109828836
    ringP  :  0
    discrm :  [0.7100645]
-- Training of the discriminator, num_Updates[ 1 / 10]: Loss 0.78965
-- Training of the discriminator, num_Updates[ 2 / 10]: Loss 0.76937
-- Training of the discriminator, num_Updates[ 3 / 10]: Loss 0.74480
-- Training of the discriminator, num_Updates[ 4 / 10]: Loss 0.72198
-- Training of the discriminator, num_Updates[ 5 / 10]: Loss 0.70195
-- Training of the discriminator, num_Updates[ 6 / 10]: Loss 0.68327
-- Training of the discriminator, num_Updates[ 7 / 10]: Loss 0.66462
-- Training of the discriminator, num_Updates[ 8 / 10]: Loss 0.64565
-- Training of the discriminator, num_Updates[ 9 / 10]: Loss 0.62670
-- Training of the discriminator, num_Updates[ 10 / 10]: Loss 0.60851
Generation time:  27.54  seconds
###   On generation 38 of 500
Best best molecule in generation  38
    smile  :  C=Cc1ccn(-c2cccn2C(C)=COCC=CCCC=CN=[SH]N=Cc2ccccc2)c1
    fitness:  73.39342961258274
    logP   :  6.639400000000007
    sas    :  4.27766293278908
    ringP  :  0
    discrm :  [0.71761847]
-- Training of the discriminator, num_Updates[ 1 / 10]: Loss 0.67101
-- Training of the discriminator, num_Updates[ 2 / 10]: Loss 0.65669
-- Training of the discriminator, num_Updates[ 3 / 10]: Loss 0.64058
-- Training of the discriminator, num_Updates[ 4 / 10]: Loss 0.62719
-- Training of the discriminator, num_Updates[ 5 / 10]: Loss 0.62028
-- Training of the discriminator, num_Updates[ 6 / 10]: Loss 0.62149
-- Training of the discriminator, num_Updates[ 7 / 10]: Loss 0.62877
-- Training of the discriminator, num_Updates[ 8 / 10]: Loss 0.63692
-- Training of the discriminator, num_Updates[ 9 / 10]: Loss 0.64093
-- Training of the discriminator, num_Updates[ 10 / 10]: Loss 0.63900
Generation time:  25.32  seconds
###   On generation 39 of 500
Best best molecule in generation  39
    smile  :  CC(=CC=CC=CCCCON=[SH]N=Cc1ccccc1)n1c2ccc1[nH]2
    fitness:  50.08724414673503
    logP   :  5.124800000000004
    sas    :  4.90878519914217
    ringP  :  0
    discrm :  [0.50285256]
-- Training of the discriminator, num_Updates[ 1 / 10]: Loss 0.65500
-- Training of the discriminator, num_Updates[ 2 / 10]: Loss 0.64917
-- Training of the discriminator, num_Updates[ 3 / 10]: Loss 0.64458
-- Training of the discriminator, num_Updates[ 4 / 10]: Loss 0.64192
-- Training of the discriminator, num_Updates[ 5 / 10]: Loss 0.64085
-- Training of the discriminator, num_Updates[ 6 / 10]: Loss 0.64054
-- Training of the discriminator, num_Updates[ 7 / 10]: Loss 0.64009
-- Training of the discriminator, num_Updates[ 8 / 10]: Loss 0.63877
-- Training of the discriminator, num_Updates[ 9 / 10]: Loss 0.63621
-- Training of the discriminator, num_Updates[ 10 / 10]: Loss 0.63241
Generation time:  30.53  seconds
###   On generation 40 of 500
Best best molecule in generation  40
    smile  :  CC(=CC=CC=CCCCON=[SH]N=Cc1ccccc1)n1c2ccc1[nH]2
    fitness:  58.69412052002605
    logP   :  5.124800000000004
    sas    :  4.90878519914217
    ringP  :  0
    discrm :  [0.5889213]
-- Training of the discriminator, num_Updates[ 1 / 10]: Loss 0.64319
-- Training of the discriminator, num_Updates[ 2 / 10]: Loss 0.63775
-- Training of the discriminator, num_Updates[ 3 / 10]: Loss 0.63294
-- Training of the discriminator, num_Updates[ 4 / 10]: Loss 0.62967
-- Training of the discriminator, num_Updates[ 5 / 10]: Loss 0.62802
-- Training of the discriminator, num_Updates[ 6 / 10]: Loss 0.62698
-- Training of the discriminator, num_Updates[ 7 / 10]: Loss 0.62510
-- Training of the discriminator, num_Updates[ 8 / 10]: Loss 0.62159
-- Training of the discriminator, num_Updates[ 9 / 10]: Loss 0.61678
-- Training of the discriminator, num_Updates[ 10 / 10]: Loss 0.61176
Generation time:  33.77  seconds
###   On generation 41 of 500
Best best molecule in generation  41
    smile  :  c1ccc(C2CC2CCN2CCCO2)cc1
    fitness:  58.76008879896175
    logP   :  2.817500000000001
    sas    :  3.324223097267865
    ringP  :  0
    discrm :  [0.5868016]
-- Training of the discriminator, num_Updates[ 1 / 10]: Loss 0.63590
-- Training of the discriminator, num_Updates[ 2 / 10]: Loss 0.63362
-- Training of the discriminator, num_Updates[ 3 / 10]: Loss 0.63163
-- Training of the discriminator, num_Updates[ 4 / 10]: Loss 0.62917
-- Training of the discriminator, num_Updates[ 5 / 10]: Loss 0.62594
-- Training of the discriminator, num_Updates[ 6 / 10]: Loss 0.62223
-- Training of the discriminator, num_Updates[ 7 / 10]: Loss 0.61869
-- Training of the discriminator, num_Updates[ 8 / 10]: Loss 0.61585
-- Training of the discriminator, num_Updates[ 9 / 10]: Loss 0.61365
-- Training of the discriminator, num_Updates[ 10 / 10]: Loss 0.61157
Generation time:  30.93  seconds
###   On generation 42 of 500
Best best molecule in generation  42
    smile  :  c1ccc(C2CC2CCN2CCCO2)cc1
    fitness:  63.676886436901206
    logP   :  2.817500000000001
    sas    :  3.324223097267865
    ringP  :  0
    discrm :  [0.6359696]
-- Training of the discriminator, num_Updates[ 1 / 10]: Loss 0.62117
-- Training of the discriminator, num_Updates[ 2 / 10]: Loss 0.61928
-- Training of the discriminator, num_Updates[ 3 / 10]: Loss 0.61720
-- Training of the discriminator, num_Updates[ 4 / 10]: Loss 0.61530
-- Training of the discriminator, num_Updates[ 5 / 10]: Loss 0.61374
-- Training of the discriminator, num_Updates[ 6 / 10]: Loss 0.61233
-- Training of the discriminator, num_Updates[ 7 / 10]: Loss 0.61080
-- Training of the discriminator, num_Updates[ 8 / 10]: Loss 0.60899
-- Training of the discriminator, num_Updates[ 9 / 10]: Loss 0.60702
-- Training of the discriminator, num_Updates[ 10 / 10]: Loss 0.60513
Generation time:  31.42  seconds
###   On generation 43 of 500
Best best molecule in generation  43
    smile  :  c1ccc(C2CC2CCN2CCCO2)cc1
    fitness:  67.22079741712581
    logP   :  2.817500000000001
    sas    :  3.324223097267865
    ringP  :  0
    discrm :  [0.67140865]
-- Training of the discriminator, num_Updates[ 1 / 10]: Loss 0.63050
-- Training of the discriminator, num_Updates[ 2 / 10]: Loss 0.62948
-- Training of the discriminator, num_Updates[ 3 / 10]: Loss 0.62796
-- Training of the discriminator, num_Updates[ 4 / 10]: Loss 0.62598
-- Training of the discriminator, num_Updates[ 5 / 10]: Loss 0.62372
-- Training of the discriminator, num_Updates[ 6 / 10]: Loss 0.62139
-- Training of the discriminator, num_Updates[ 7 / 10]: Loss 0.61902
-- Training of the discriminator, num_Updates[ 8 / 10]: Loss 0.61654
-- Training of the discriminator, num_Updates[ 9 / 10]: Loss 0.61389
-- Training of the discriminator, num_Updates[ 10 / 10]: Loss 0.61112
Generation time:  31.06  seconds
###   On generation 44 of 500
Best best molecule in generation  44
    smile  :  c1ccc(C2CC2CCN2CCCO2)cc1
    fitness:  64.99785125013362
    logP   :  2.817500000000001
    sas    :  3.324223097267865
    ringP  :  0
    discrm :  [0.6491792]
-- Training of the discriminator, num_Updates[ 1 / 10]: Loss 0.63055
-- Training of the discriminator, num_Updates[ 2 / 10]: Loss 0.62765
-- Training of the discriminator, num_Updates[ 3 / 10]: Loss 0.62491
-- Training of the discriminator, num_Updates[ 4 / 10]: Loss 0.62232
-- Training of the discriminator, num_Updates[ 5 / 10]: Loss 0.61964
-- Training of the discriminator, num_Updates[ 6 / 10]: Loss 0.61666
-- Training of the discriminator, num_Updates[ 7 / 10]: Loss 0.61346
-- Training of the discriminator, num_Updates[ 8 / 10]: Loss 0.61025
-- Training of the discriminator, num_Updates[ 9 / 10]: Loss 0.60721
-- Training of the discriminator, num_Updates[ 10 / 10]: Loss 0.60433
Generation time:  29.24  seconds
###   On generation 45 of 500
Best best molecule in generation  45
    smile  :  OC1C(=CC=NC=NOc2ccccc2)SS1=c1c2cccn12
    fitness:  61.214736076468306
    logP   :  3.5729900000000026
    sas    :  5.054943199880424
    ringP  :  0
    discrm :  [0.6268478]
-- Training of the discriminator, num_Updates[ 1 / 10]: Loss 0.61662
-- Training of the discriminator, num_Updates[ 2 / 10]: Loss 0.61428
-- Training of the discriminator, num_Updates[ 3 / 10]: Loss 0.61192
-- Training of the discriminator, num_Updates[ 4 / 10]: Loss 0.60970
-- Training of the discriminator, num_Updates[ 5 / 10]: Loss 0.60767
-- Training of the discriminator, num_Updates[ 6 / 10]: Loss 0.60568
-- Training of the discriminator, num_Updates[ 7 / 10]: Loss 0.60363
-- Training of the discriminator, num_Updates[ 8 / 10]: Loss 0.60146
-- Training of the discriminator, num_Updates[ 9 / 10]: Loss 0.59923
-- Training of the discriminator, num_Updates[ 10 / 10]: Loss 0.59717
Generation time:  30.66  seconds
###   On generation 46 of 500
Best best molecule in generation  46
    smile  :  Fc1cccn1CN=CNC#SOCc1noc2ccccc12
    fitness:  62.313510707858214
    logP   :  3.1255000000000015
    sas    :  4.031613076141255
    ringP  :  0
    discrm :  [0.62867653]
-- Training of the discriminator, num_Updates[ 1 / 10]: Loss 0.62238
-- Training of the discriminator, num_Updates[ 2 / 10]: Loss 0.62101
-- Training of the discriminator, num_Updates[ 3 / 10]: Loss 0.61878
-- Training of the discriminator, num_Updates[ 4 / 10]: Loss 0.61745
-- Training of the discriminator, num_Updates[ 5 / 10]: Loss 0.61727
-- Training of the discriminator, num_Updates[ 6 / 10]: Loss 0.61692
-- Training of the discriminator, num_Updates[ 7 / 10]: Loss 0.61544
-- Training of the discriminator, num_Updates[ 8 / 10]: Loss 0.61325
-- Training of the discriminator, num_Updates[ 9 / 10]: Loss 0.61139
-- Training of the discriminator, num_Updates[ 10 / 10]: Loss 0.61021
Generation time:  30.15  seconds
###   On generation 47 of 500
Best best molecule in generation  47
    smile  :  C(=NC=NOc1ccccc1)C1CS(=c2c3cccn23)SO1
    fitness:  63.10862888001224
    logP   :  3.6708900000000018
    sas    :  5.110702925598901
    ringP  :  0
    discrm :  [0.64576656]
-- Training of the discriminator, num_Updates[ 1 / 10]: Loss 0.63393
-- Training of the discriminator, num_Updates[ 2 / 10]: Loss 0.63221
-- Training of the discriminator, num_Updates[ 3 / 10]: Loss 0.62968
-- Training of the discriminator, num_Updates[ 4 / 10]: Loss 0.62755
-- Training of the discriminator, num_Updates[ 5 / 10]: Loss 0.62626
-- Training of the discriminator, num_Updates[ 6 / 10]: Loss 0.62500
-- Training of the discriminator, num_Updates[ 7 / 10]: Loss 0.62288
-- Training of the discriminator, num_Updates[ 8 / 10]: Loss 0.62013
-- Training of the discriminator, num_Updates[ 9 / 10]: Loss 0.61764
-- Training of the discriminator, num_Updates[ 10 / 10]: Loss 0.61576
Generation time:  29.2  seconds
###   On generation 48 of 500
Best best molecule in generation  48
    smile  :  C(=NC=NOc1ccccc1)C1CS(=c2c3cccn23)SO1
    fitness:  62.68499148987552
    logP   :  3.6708900000000018
    sas    :  5.110702925598901
    ringP  :  0
    discrm :  [0.64153016]
-- Training of the discriminator, num_Updates[ 1 / 10]: Loss 0.63883
-- Training of the discriminator, num_Updates[ 2 / 10]: Loss 0.63524
-- Training of the discriminator, num_Updates[ 3 / 10]: Loss 0.63111
-- Training of the discriminator, num_Updates[ 4 / 10]: Loss 0.62779
-- Training of the discriminator, num_Updates[ 5 / 10]: Loss 0.62537
-- Training of the discriminator, num_Updates[ 6 / 10]: Loss 0.62267
-- Training of the discriminator, num_Updates[ 7 / 10]: Loss 0.61903
-- Training of the discriminator, num_Updates[ 8 / 10]: Loss 0.61519
-- Training of the discriminator, num_Updates[ 9 / 10]: Loss 0.61207
-- Training of the discriminator, num_Updates[ 10 / 10]: Loss 0.60950
Generation time:  29.34  seconds
###   On generation 49 of 500
Best best molecule in generation  49
    smile  :  C#[SH]=NN=CN1CC2CC2c2ccccc21
    fitness:  61.93112547247313
    logP   :  2.1409000000000002
    sas    :  4.835321931146751
    ringP  :  0
    discrm :  [0.64148283]
-- Training of the discriminator, num_Updates[ 1 / 10]: Loss 0.61811
-- Training of the discriminator, num_Updates[ 2 / 10]: Loss 0.61541
-- Training of the discriminator, num_Updates[ 3 / 10]: Loss 0.61279
-- Training of the discriminator, num_Updates[ 4 / 10]: Loss 0.61058
-- Training of the discriminator, num_Updates[ 5 / 10]: Loss 0.60860
-- Training of the discriminator, num_Updates[ 6 / 10]: Loss 0.60646
-- Training of the discriminator, num_Updates[ 7 / 10]: Loss 0.60416
-- Training of the discriminator, num_Updates[ 8 / 10]: Loss 0.60200
-- Training of the discriminator, num_Updates[ 9 / 10]: Loss 0.60011
-- Training of the discriminator, num_Updates[ 10 / 10]: Loss 0.59829
Generation time:  32.12  seconds
###   On generation 50 of 500
Best best molecule in generation  50
    smile  :  C#[SH]=NN=CN1CC2CC2c2ccccc21
    fitness:  65.75242216436766
    logP   :  2.1409000000000002
    sas    :  4.835321931146751
    ringP  :  0
    discrm :  [0.67969584]
-- Training of the discriminator, num_Updates[ 1 / 10]: Loss 0.61912
-- Training of the discriminator, num_Updates[ 2 / 10]: Loss 0.61675
-- Training of the discriminator, num_Updates[ 3 / 10]: Loss 0.61498
-- Training of the discriminator, num_Updates[ 4 / 10]: Loss 0.61430
-- Training of the discriminator, num_Updates[ 5 / 10]: Loss 0.61348
-- Training of the discriminator, num_Updates[ 6 / 10]: Loss 0.61164
-- Training of the discriminator, num_Updates[ 7 / 10]: Loss 0.60951
-- Training of the discriminator, num_Updates[ 8 / 10]: Loss 0.60808
-- Training of the discriminator, num_Updates[ 9 / 10]: Loss 0.60711
-- Training of the discriminator, num_Updates[ 10 / 10]: Loss 0.60572
Generation time:  29.34  seconds
###   On generation 51 of 500
Best best molecule in generation  51
    smile  :  FCCCOOCCC1CC1c1ccccc1
    fitness:  68.83646690796283
    logP   :  3.488000000000002
    sas    :  3.3990544729908585
    ringP  :  0
    discrm :  [0.68373036]
-- Training of the discriminator, num_Updates[ 1 / 10]: Loss 0.63962
-- Training of the discriminator, num_Updates[ 2 / 10]: Loss 0.63839
-- Training of the discriminator, num_Updates[ 3 / 10]: Loss 0.63729
-- Training of the discriminator, num_Updates[ 4 / 10]: Loss 0.63598
-- Training of the discriminator, num_Updates[ 5 / 10]: Loss 0.63415
-- Training of the discriminator, num_Updates[ 6 / 10]: Loss 0.63202
-- Training of the discriminator, num_Updates[ 7 / 10]: Loss 0.63000
-- Training of the discriminator, num_Updates[ 8 / 10]: Loss 0.62814
-- Training of the discriminator, num_Updates[ 9 / 10]: Loss 0.62615
-- Training of the discriminator, num_Updates[ 10 / 10]: Loss 0.62395
Generation time:  29.28  seconds
###   On generation 52 of 500
Best best molecule in generation  52
    smile  :  N=O
    fitness:  73.5364903672228
    logP   :  0.33157000000000003
    sas    :  3.8227217651032372
    ringP  :  0
    discrm :  [0.7581256]
-- Training of the discriminator, num_Updates[ 1 / 10]: Loss 0.64736
-- Training of the discriminator, num_Updates[ 2 / 10]: Loss 0.64394
-- Training of the discriminator, num_Updates[ 3 / 10]: Loss 0.63932
-- Training of the discriminator, num_Updates[ 4 / 10]: Loss 0.63410
-- Training of the discriminator, num_Updates[ 5 / 10]: Loss 0.62857
-- Training of the discriminator, num_Updates[ 6 / 10]: Loss 0.62259
-- Training of the discriminator, num_Updates[ 7 / 10]: Loss 0.61605
-- Training of the discriminator, num_Updates[ 8 / 10]: Loss 0.60918
-- Training of the discriminator, num_Updates[ 9 / 10]: Loss 0.60233
-- Training of the discriminator, num_Updates[ 10 / 10]: Loss 0.59559
Generation time:  27.87  seconds
###   On generation 53 of 500
Best best molecule in generation  53
    smile  :  N=O
    fitness:  71.15735523538686
    logP   :  0.33157000000000003
    sas    :  3.8227217651032372
    ringP  :  0
    discrm :  [0.73433423]
-- Training of the discriminator, num_Updates[ 1 / 10]: Loss 0.61800
-- Training of the discriminator, num_Updates[ 2 / 10]: Loss 0.61331
-- Training of the discriminator, num_Updates[ 3 / 10]: Loss 0.60881
-- Training of the discriminator, num_Updates[ 4 / 10]: Loss 0.60447
-- Training of the discriminator, num_Updates[ 5 / 10]: Loss 0.60033
-- Training of the discriminator, num_Updates[ 6 / 10]: Loss 0.59646
-- Training of the discriminator, num_Updates[ 7 / 10]: Loss 0.59292
-- Training of the discriminator, num_Updates[ 8 / 10]: Loss 0.58970
-- Training of the discriminator, num_Updates[ 9 / 10]: Loss 0.58677
-- Training of the discriminator, num_Updates[ 10 / 10]: Loss 0.58410
Generation time:  27.93  seconds
###   On generation 54 of 500
Best best molecule in generation  54
    smile  :  CC1(F)NOCC1=S1CC(=COC=NN=NOc2ccccc2)OS1
    fitness:  66.95415031521985
    logP   :  3.4891000000000023
    sas    :  5.676319443449178
    ringP  :  0
    discrm :  [0.69231516]
-- Training of the discriminator, num_Updates[ 1 / 10]: Loss 0.68478
-- Training of the discriminator, num_Updates[ 2 / 10]: Loss 0.68269
-- Training of the discriminator, num_Updates[ 3 / 10]: Loss 0.67921
-- Training of the discriminator, num_Updates[ 4 / 10]: Loss 0.67461
-- Training of the discriminator, num_Updates[ 5 / 10]: Loss 0.68201
-- Training of the discriminator, num_Updates[ 6 / 10]: Loss 0.67619
-- Training of the discriminator, num_Updates[ 7 / 10]: Loss 0.66997
-- Training of the discriminator, num_Updates[ 8 / 10]: Loss 0.66358
-- Training of the discriminator, num_Updates[ 9 / 10]: Loss 0.65716
-- Training of the discriminator, num_Updates[ 10 / 10]: Loss 0.65083
Generation time:  26.59  seconds
###   On generation 55 of 500
Best best molecule in generation  55
    smile  :  CNCOCC(CC=c1c2cc3c(c2)c13)=S1NOC1c1ccnc(C)c1C=CC=Cc1ccccc1
    fitness:  62.92302295211917
    logP   :  5.409320000000005
    sas    :  5.88144311982487
    ringP  :  0
    discrm :  [0.64091045]
-- Training of the discriminator, num_Updates[ 1 / 10]: Loss 0.71959
-- Training of the discriminator, num_Updates[ 2 / 10]: Loss 0.69906
-- Training of the discriminator, num_Updates[ 3 / 10]: Loss 0.67738
-- Training of the discriminator, num_Updates[ 4 / 10]: Loss 0.65825
-- Training of the discriminator, num_Updates[ 5 / 10]: Loss 0.65627
-- Training of the discriminator, num_Updates[ 6 / 10]: Loss 0.63973
-- Training of the discriminator, num_Updates[ 7 / 10]: Loss 0.62293
-- Training of the discriminator, num_Updates[ 8 / 10]: Loss 0.60608
-- Training of the discriminator, num_Updates[ 9 / 10]: Loss 0.59002
-- Training of the discriminator, num_Updates[ 10 / 10]: Loss 0.57569
Generation time:  24.46  seconds
###   On generation 56 of 500
wandb: ERROR Error while calling W&B API: Error 1213: Deadlock found when trying to get lock; try restarting transaction (<Response [500]>)
Best best molecule in generation  56
    smile  :  C=CCN=NC(O)=S1SOC1c1ccnc(C)c1C=CC=Cc1ccccc1
    fitness:  66.90169439491099
    logP   :  6.261120000000005
    sas    :  4.732789111026641
    ringP  :  0
    discrm :  [0.6608522]
-- Training of the discriminator, num_Updates[ 1 / 10]: Loss 0.63465
-- Training of the discriminator, num_Updates[ 2 / 10]: Loss 0.61647
-- Training of the discriminator, num_Updates[ 3 / 10]: Loss 0.60224
-- Training of the discriminator, num_Updates[ 4 / 10]: Loss 0.60236
-- Training of the discriminator, num_Updates[ 5 / 10]: Loss 0.61418
-- Training of the discriminator, num_Updates[ 6 / 10]: Loss 0.62232
-- Training of the discriminator, num_Updates[ 7 / 10]: Loss 0.61802
-- Training of the discriminator, num_Updates[ 8 / 10]: Loss 0.60593
-- Training of the discriminator, num_Updates[ 9 / 10]: Loss 0.59566
-- Training of the discriminator, num_Updates[ 10 / 10]: Loss 0.59248
Generation time:  23.77  seconds
###   On generation 57 of 500
Best best molecule in generation  57
    smile  :  CC=CC(COCNCOF)=S1SOC1c1ccnc(C)c1C=CC=Cc1ccccc1
    fitness:  58.05615651452085
    logP   :  6.148320000000006
    sas    :  4.961654199303062
    ringP  :  0
    discrm :  [0.57594883]
-- Training of the discriminator, num_Updates[ 1 / 10]: Loss 0.62335
-- Training of the discriminator, num_Updates[ 2 / 10]: Loss 0.62571
-- Training of the discriminator, num_Updates[ 3 / 10]: Loss 0.62363
-- Training of the discriminator, num_Updates[ 4 / 10]: Loss 0.61707
-- Training of the discriminator, num_Updates[ 5 / 10]: Loss 0.60852
-- Training of the discriminator, num_Updates[ 6 / 10]: Loss 0.60188
-- Training of the discriminator, num_Updates[ 7 / 10]: Loss 0.59977
-- Training of the discriminator, num_Updates[ 8 / 10]: Loss 0.60067
-- Training of the discriminator, num_Updates[ 9 / 10]: Loss 0.60009
-- Training of the discriminator, num_Updates[ 10 / 10]: Loss 0.59551
Generation time:  29.42  seconds
###   On generation 58 of 500
Best best molecule in generation  58
    smile  :  Cc1nccc(CF)c1C=CC=COc1ccccc1
    fitness:  56.93813448357304
    logP   :  4.4654200000000035
    sas    :  2.9122425858423657
    ringP  :  0
    discrm :  [0.5519827]
-- Training of the discriminator, num_Updates[ 1 / 10]: Loss 0.61187
-- Training of the discriminator, num_Updates[ 2 / 10]: Loss 0.60792
-- Training of the discriminator, num_Updates[ 3 / 10]: Loss 0.60663
-- Training of the discriminator, num_Updates[ 4 / 10]: Loss 0.60679
-- Training of the discriminator, num_Updates[ 5 / 10]: Loss 0.60621
-- Training of the discriminator, num_Updates[ 6 / 10]: Loss 0.60375
-- Training of the discriminator, num_Updates[ 7 / 10]: Loss 0.60002
-- Training of the discriminator, num_Updates[ 8 / 10]: Loss 0.59668
-- Training of the discriminator, num_Updates[ 9 / 10]: Loss 0.59485
-- Training of the discriminator, num_Updates[ 10 / 10]: Loss 0.59405
Generation time:  29.3  seconds
###   On generation 59 of 500
Best best molecule in generation  59
    smile  :  Cc1nccc(F)c1CCc1ccccc1
    fitness:  61.42020418178311
    logP   :  3.314320000000002
    sas    :  1.9392297462513426
    ringP  :  0
    discrm :  [0.5932199]
-- Training of the discriminator, num_Updates[ 1 / 10]: Loss 0.66266
-- Training of the discriminator, num_Updates[ 2 / 10]: Loss 0.65995
-- Training of the discriminator, num_Updates[ 3 / 10]: Loss 0.65516
-- Training of the discriminator, num_Updates[ 4 / 10]: Loss 0.64986
-- Training of the discriminator, num_Updates[ 5 / 10]: Loss 0.64485
-- Training of the discriminator, num_Updates[ 6 / 10]: Loss 0.63994
-- Training of the discriminator, num_Updates[ 7 / 10]: Loss 0.63451
-- Training of the discriminator, num_Updates[ 8 / 10]: Loss 0.62829
-- Training of the discriminator, num_Updates[ 9 / 10]: Loss 0.62166
-- Training of the discriminator, num_Updates[ 10 / 10]: Loss 0.61534
Generation time:  29.44  seconds
###   On generation 60 of 500
Best best molecule in generation  60
    smile  :  FCCCOOCCC1(N=NF)CC1c1ccccn1
    fitness:  62.394315502711905
    logP   :  3.3423000000000016
    sas    :  4.67662294383617
    ringP  :  0
    discrm :  [0.63571846]
-- Training of the discriminator, num_Updates[ 1 / 10]: Loss 0.64624
-- Training of the discriminator, num_Updates[ 2 / 10]: Loss 0.64036
-- Training of the discriminator, num_Updates[ 3 / 10]: Loss 0.63453
-- Training of the discriminator, num_Updates[ 4 / 10]: Loss 0.62833
-- Training of the discriminator, num_Updates[ 5 / 10]: Loss 0.62155
-- Training of the discriminator, num_Updates[ 6 / 10]: Loss 0.61438
-- Training of the discriminator, num_Updates[ 7 / 10]: Loss 0.60723
-- Training of the discriminator, num_Updates[ 8 / 10]: Loss 0.60041
-- Training of the discriminator, num_Updates[ 9 / 10]: Loss 0.59410
-- Training of the discriminator, num_Updates[ 10 / 10]: Loss 0.58830
Generation time:  26.6  seconds
###   On generation 61 of 500
Best best molecule in generation  61
    smile  :  Cc1nccc(C2ONS2=C(CF)NC=CC=c2c3cc4c(c3)c24)c1C=CC=Cc1ccccc1
    fitness:  67.02561193182618
    logP   :  5.856020000000005
    sas    :  5.886743782198764
    ringP  :  0
    discrm :  [0.678845]
-- Training of the discriminator, num_Updates[ 1 / 10]: Loss 0.62742
-- Training of the discriminator, num_Updates[ 2 / 10]: Loss 0.62513
-- Training of the discriminator, num_Updates[ 3 / 10]: Loss 0.62307
-- Training of the discriminator, num_Updates[ 4 / 10]: Loss 0.62149
-- Training of the discriminator, num_Updates[ 5 / 10]: Loss 0.62029
-- Training of the discriminator, num_Updates[ 6 / 10]: Loss 0.61911
-- Training of the discriminator, num_Updates[ 7 / 10]: Loss 0.61758
-- Training of the discriminator, num_Updates[ 8 / 10]: Loss 0.61566
-- Training of the discriminator, num_Updates[ 9 / 10]: Loss 0.61355
-- Training of the discriminator, num_Updates[ 10 / 10]: Loss 0.61149
Generation time:  25.78  seconds
###   On generation 62 of 500
Best best molecule in generation  62
    smile  :  Cc1nccc(C2ONS2=CN(CF)NC=CC=c2c3cc4c(c3)c24)c1C=CC=Cc1ccccc1
    fitness:  66.87765351077621
    logP   :  5.660320000000005
    sas    :  6.053183758431547
    ringP  :  0
    discrm :  [0.6807514]
-- Training of the discriminator, num_Updates[ 1 / 10]: Loss 0.65764
-- Training of the discriminator, num_Updates[ 2 / 10]: Loss 0.65690
-- Training of the discriminator, num_Updates[ 3 / 10]: Loss 0.65454
-- Training of the discriminator, num_Updates[ 4 / 10]: Loss 0.65143
-- Training of the discriminator, num_Updates[ 5 / 10]: Loss 0.64839
-- Training of the discriminator, num_Updates[ 6 / 10]: Loss 0.64572
-- Training of the discriminator, num_Updates[ 7 / 10]: Loss 0.64310
-- Training of the discriminator, num_Updates[ 8 / 10]: Loss 0.64004
-- Training of the discriminator, num_Updates[ 9 / 10]: Loss 0.63642
-- Training of the discriminator, num_Updates[ 10 / 10]: Loss 0.63263
Generation time:  29.91  seconds
###   On generation 63 of 500
Best best molecule in generation  63
    smile  :  FSC1(CCC2OOCN2F)CC1c1ccccn1
    fitness:  59.49676295454854
    logP   :  3.137500000000001
    sas    :  5.307025435013585
    ringP  :  0
    discrm :  [0.6157788]
-- Training of the discriminator, num_Updates[ 1 / 10]: Loss 0.63753
-- Training of the discriminator, num_Updates[ 2 / 10]: Loss 0.63486
-- Training of the discriminator, num_Updates[ 3 / 10]: Loss 0.63214
-- Training of the discriminator, num_Updates[ 4 / 10]: Loss 0.62909
-- Training of the discriminator, num_Updates[ 5 / 10]: Loss 0.62580
-- Training of the discriminator, num_Updates[ 6 / 10]: Loss 0.62262
-- Training of the discriminator, num_Updates[ 7 / 10]: Loss 0.61980
-- Training of the discriminator, num_Updates[ 8 / 10]: Loss 0.61728
-- Training of the discriminator, num_Updates[ 9 / 10]: Loss 0.61480
-- Training of the discriminator, num_Updates[ 10 / 10]: Loss 0.61225
Generation time:  29.91  seconds
###   On generation 64 of 500
Best best molecule in generation  64
    smile  :  FNC1(CC2OOCN2F)CC1c1ccccn1
    fitness:  57.69142853737864
    logP   :  1.6037999999999997
    sas    :  5.24905263291939
    ringP  :  0
    discrm :  [0.6078604]
-- Training of the discriminator, num_Updates[ 1 / 10]: Loss 0.65319
-- Training of the discriminator, num_Updates[ 2 / 10]: Loss 0.65073
-- Training of the discriminator, num_Updates[ 3 / 10]: Loss 0.64771
-- Training of the discriminator, num_Updates[ 4 / 10]: Loss 0.64404
-- Training of the discriminator, num_Updates[ 5 / 10]: Loss 0.63963
-- Training of the discriminator, num_Updates[ 6 / 10]: Loss 0.63457
-- Training of the discriminator, num_Updates[ 7 / 10]: Loss 0.62922
-- Training of the discriminator, num_Updates[ 8 / 10]: Loss 0.62399
-- Training of the discriminator, num_Updates[ 9 / 10]: Loss 0.61903
-- Training of the discriminator, num_Updates[ 10 / 10]: Loss 0.61399
Generation time:  27.81  seconds
###   On generation 65 of 500
Best best molecule in generation  65
    smile  :  Cc1ccc(C=Cc2ccccc2)c(C2OSS2=C(O)NF)c1
    fitness:  55.9574013812203
    logP   :  5.145820000000003
    sas    :  4.211711859928331
    ringP  :  0
    discrm :  [0.5530137]
-- Training of the discriminator, num_Updates[ 1 / 10]: Loss 0.61593
-- Training of the discriminator, num_Updates[ 2 / 10]: Loss 0.61190
-- Training of the discriminator, num_Updates[ 3 / 10]: Loss 0.60795
-- Training of the discriminator, num_Updates[ 4 / 10]: Loss 0.60424
-- Training of the discriminator, num_Updates[ 5 / 10]: Loss 0.60072
-- Training of the discriminator, num_Updates[ 6 / 10]: Loss 0.59733
-- Training of the discriminator, num_Updates[ 7 / 10]: Loss 0.59407
-- Training of the discriminator, num_Updates[ 8 / 10]: Loss 0.59100
-- Training of the discriminator, num_Updates[ 9 / 10]: Loss 0.58811
-- Training of the discriminator, num_Updates[ 10 / 10]: Loss 0.58530
Generation time:  30.17  seconds
###   On generation 66 of 500
Best best molecule in generation  66
    smile  :  COSC(NC=CC=c1c2cc3c(c2)c13)=S1OOC1c1ccnc(C)c1CCC=Cc1ccccc1
    fitness:  67.80970879530264
    logP   :  6.485020000000006
    sas    :  5.898854005165943
    ringP  :  0
    discrm :  [0.68238896]
-- Training of the discriminator, num_Updates[ 1 / 10]: Loss 0.61828
-- Training of the discriminator, num_Updates[ 2 / 10]: Loss 0.61632
-- Training of the discriminator, num_Updates[ 3 / 10]: Loss 0.61405
-- Training of the discriminator, num_Updates[ 4 / 10]: Loss 0.61214
-- Training of the discriminator, num_Updates[ 5 / 10]: Loss 0.61031
-- Training of the discriminator, num_Updates[ 6 / 10]: Loss 0.60796
-- Training of the discriminator, num_Updates[ 7 / 10]: Loss 0.60503
-- Training of the discriminator, num_Updates[ 8 / 10]: Loss 0.60205
-- Training of the discriminator, num_Updates[ 9 / 10]: Loss 0.59939
-- Training of the discriminator, num_Updates[ 10 / 10]: Loss 0.59687
Generation time:  29.67  seconds
###   On generation 67 of 500
Best best molecule in generation  67
    smile  :  C=[SH]N=C(CSOC=CC=c1c2cc3c(c2)c13)c1ccnc(C)c1C=CC=Cc1ccccc1
    fitness:  64.75348911003583
    logP   :  6.716120000000007
    sas    :  5.210976329195966
    ringP  :  0
    discrm :  [0.64191324]
-- Training of the discriminator, num_Updates[ 1 / 10]: Loss 0.62149
-- Training of the discriminator, num_Updates[ 2 / 10]: Loss 0.61846
-- Training of the discriminator, num_Updates[ 3 / 10]: Loss 0.61493
-- Training of the discriminator, num_Updates[ 4 / 10]: Loss 0.61145
-- Training of the discriminator, num_Updates[ 5 / 10]: Loss 0.60816
-- Training of the discriminator, num_Updates[ 6 / 10]: Loss 0.60488
-- Training of the discriminator, num_Updates[ 7 / 10]: Loss 0.60150
-- Training of the discriminator, num_Updates[ 8 / 10]: Loss 0.59823
-- Training of the discriminator, num_Updates[ 9 / 10]: Loss 0.59530
-- Training of the discriminator, num_Updates[ 10 / 10]: Loss 0.59268
Generation time:  30.24  seconds
###   On generation 68 of 500
Best best molecule in generation  68
    smile  :  CC(c1ccccn1)C(F)C1CCCC1
    fitness:  63.79200033498397
    logP   :  3.7134000000000027
    sas    :  3.2560094178254175
    ringP  :  0
    discrm :  [0.62997156]
-- Training of the discriminator, num_Updates[ 1 / 10]: Loss 0.64418
-- Training of the discriminator, num_Updates[ 2 / 10]: Loss 0.64236
-- Training of the discriminator, num_Updates[ 3 / 10]: Loss 0.63858
-- Training of the discriminator, num_Updates[ 4 / 10]: Loss 0.63318
-- Training of the discriminator, num_Updates[ 5 / 10]: Loss 0.62656
-- Training of the discriminator, num_Updates[ 6 / 10]: Loss 0.61900
-- Training of the discriminator, num_Updates[ 7 / 10]: Loss 0.61066
-- Training of the discriminator, num_Updates[ 8 / 10]: Loss 0.60174
-- Training of the discriminator, num_Updates[ 9 / 10]: Loss 0.59245
-- Training of the discriminator, num_Updates[ 10 / 10]: Loss 0.58309
Generation time:  28.43  seconds
###   On generation 69 of 500
Best best molecule in generation  69
    smile  :  COSCC(C=CC=c1c2cc3c(c2)c13)=[SH]1(F)Cc2c1cnc(C)c2C=CC=Cc1ccccc1
    fitness:  61.5570425152677
    logP   :  7.253120000000007
    sas    :  5.348204204539652
    ringP  :  0
    discrm :  [0.6078079]
-- Training of the discriminator, num_Updates[ 1 / 10]: Loss 0.61063
-- Training of the discriminator, num_Updates[ 2 / 10]: Loss 0.60817
-- Training of the discriminator, num_Updates[ 3 / 10]: Loss 0.60644
-- Training of the discriminator, num_Updates[ 4 / 10]: Loss 0.60528
-- Training of the discriminator, num_Updates[ 5 / 10]: Loss 0.60441
-- Training of the discriminator, num_Updates[ 6 / 10]: Loss 0.60343
-- Training of the discriminator, num_Updates[ 7 / 10]: Loss 0.60218
-- Training of the discriminator, num_Updates[ 8 / 10]: Loss 0.60090
-- Training of the discriminator, num_Updates[ 9 / 10]: Loss 0.59976
-- Training of the discriminator, num_Updates[ 10 / 10]: Loss 0.59868
Generation time:  28.63  seconds
###   On generation 70 of 500
Best best molecule in generation  70
    smile  :  COSC(NC=CC=c1c2cc3c(c2)c13)=S1OOC1c1ccnc(C)c1CCc1ccccc1
    fitness:  73.27954361829224
    logP   :  5.624220000000005
    sas    :  5.78909791265396
    ringP  :  0
    discrm :  [0.741846]
-- Training of the discriminator, num_Updates[ 1 / 10]: Loss 0.63946
-- Training of the discriminator, num_Updates[ 2 / 10]: Loss 0.63438
-- Training of the discriminator, num_Updates[ 3 / 10]: Loss 0.62700
-- Training of the discriminator, num_Updates[ 4 / 10]: Loss 0.62044
-- Training of the discriminator, num_Updates[ 5 / 10]: Loss 0.61496
-- Training of the discriminator, num_Updates[ 6 / 10]: Loss 0.60804
-- Training of the discriminator, num_Updates[ 7 / 10]: Loss 0.59842
-- Training of the discriminator, num_Updates[ 8 / 10]: Loss 0.58839
-- Training of the discriminator, num_Updates[ 9 / 10]: Loss 0.58081
-- Training of the discriminator, num_Updates[ 10 / 10]: Loss 0.57575
Generation time:  28.65  seconds
###   On generation 71 of 500
Best best molecule in generation  71
    smile  :  CC(CN(CC1COOC1(C)F)N=NN)c1ccc[nH]1
    fitness:  67.19979024034797
    logP   :  1.9247999999999998
    sas    :  5.292420838329056
    ringP  :  0
    discrm :  [0.7011988]
-- Training of the discriminator, num_Updates[ 1 / 10]: Loss 0.61284
-- Training of the discriminator, num_Updates[ 2 / 10]: Loss 0.60906
-- Training of the discriminator, num_Updates[ 3 / 10]: Loss 0.60524
-- Training of the discriminator, num_Updates[ 4 / 10]: Loss 0.60309
-- Training of the discriminator, num_Updates[ 5 / 10]: Loss 0.60152
-- Training of the discriminator, num_Updates[ 6 / 10]: Loss 0.59845
-- Training of the discriminator, num_Updates[ 7 / 10]: Loss 0.59390
-- Training of the discriminator, num_Updates[ 8 / 10]: Loss 0.58961
-- Training of the discriminator, num_Updates[ 9 / 10]: Loss 0.58637
-- Training of the discriminator, num_Updates[ 10 / 10]: Loss 0.58320
Generation time:  29.28  seconds
###   On generation 72 of 500
Best best molecule in generation  72
    smile  :  CC(CN(CC1COOC1(C)F)N=NN)c1ccc[nH]1
    fitness:  66.95789265734015
    logP   :  1.9247999999999998
    sas    :  5.292420838329056
    ringP  :  0
    discrm :  [0.6987798]
-- Training of the discriminator, num_Updates[ 1 / 10]: Loss 0.63301
-- Training of the discriminator, num_Updates[ 2 / 10]: Loss 0.62740
-- Training of the discriminator, num_Updates[ 3 / 10]: Loss 0.62209
-- Training of the discriminator, num_Updates[ 4 / 10]: Loss 0.61813
-- Training of the discriminator, num_Updates[ 5 / 10]: Loss 0.61407
-- Training of the discriminator, num_Updates[ 6 / 10]: Loss 0.60840
-- Training of the discriminator, num_Updates[ 7 / 10]: Loss 0.60185
-- Training of the discriminator, num_Updates[ 8 / 10]: Loss 0.59611
-- Training of the discriminator, num_Updates[ 9 / 10]: Loss 0.59146
-- Training of the discriminator, num_Updates[ 10 / 10]: Loss 0.58680
Generation time:  29.42  seconds
###   On generation 73 of 500
Best best molecule in generation  73
    smile  :  CC(c1ccccn1)C1CCCCC1N=NN=[SH]F
    fitness:  69.14353813313275
    logP   :  3.9941000000000035
    sas    :  4.787296204244354
    ringP  :  0
    discrm :  [0.69993925]
-- Training of the discriminator, num_Updates[ 1 / 10]: Loss 0.61467
-- Training of the discriminator, num_Updates[ 2 / 10]: Loss 0.60655
-- Training of the discriminator, num_Updates[ 3 / 10]: Loss 0.59842
-- Training of the discriminator, num_Updates[ 4 / 10]: Loss 0.59070
-- Training of the discriminator, num_Updates[ 5 / 10]: Loss 0.58283
-- Training of the discriminator, num_Updates[ 6 / 10]: Loss 0.57448
-- Training of the discriminator, num_Updates[ 7 / 10]: Loss 0.56625
-- Training of the discriminator, num_Updates[ 8 / 10]: Loss 0.55899
-- Training of the discriminator, num_Updates[ 9 / 10]: Loss 0.55294
-- Training of the discriminator, num_Updates[ 10 / 10]: Loss 0.54775
Generation time:  28.38  seconds
###   On generation 74 of 500
Best best molecule in generation  74
    smile  :  COSC(NC=CC=c1c2cc3c(c2)c13)=S1OOC1c1ccnc(C)c1COCC=Cc1ccccc1
    fitness:  74.51435926253144
    logP   :  6.069020000000005
    sas    :  5.913570868590936
    ringP  :  0
    discrm :  [0.75255096]
-- Training of the discriminator, num_Updates[ 1 / 10]: Loss 0.58157
-- Training of the discriminator, num_Updates[ 2 / 10]: Loss 0.58006
-- Training of the discriminator, num_Updates[ 3 / 10]: Loss 0.57888
-- Training of the discriminator, num_Updates[ 4 / 10]: Loss 0.57834
-- Training of the discriminator, num_Updates[ 5 / 10]: Loss 0.57757
-- Training of the discriminator, num_Updates[ 6 / 10]: Loss 0.57600
-- Training of the discriminator, num_Updates[ 7 / 10]: Loss 0.57383
-- Training of the discriminator, num_Updates[ 8 / 10]: Loss 0.57174
-- Training of the discriminator, num_Updates[ 9 / 10]: Loss 0.56985
-- Training of the discriminator, num_Updates[ 10 / 10]: Loss 0.56778
Generation time:  30.34  seconds
###   On generation 75 of 500
Best best molecule in generation  75
    smile  :  COSC(NC=CC=c1c2cc3c(c2)c13)=S1OOC1c1ccnc(C)c1COCC=Cc1ccccc1
    fitness:  78.24800184065644
    logP   :  6.069020000000005
    sas    :  5.913570868590936
    ringP  :  0
    discrm :  [0.78988737]
-- Training of the discriminator, num_Updates[ 1 / 10]: Loss 0.62856
-- Training of the discriminator, num_Updates[ 2 / 10]: Loss 0.62510
-- Training of the discriminator, num_Updates[ 3 / 10]: Loss 0.62246
-- Training of the discriminator, num_Updates[ 4 / 10]: Loss 0.62042
-- Training of the discriminator, num_Updates[ 5 / 10]: Loss 0.61700
-- Training of the discriminator, num_Updates[ 6 / 10]: Loss 0.61212
-- Training of the discriminator, num_Updates[ 7 / 10]: Loss 0.60712
-- Training of the discriminator, num_Updates[ 8 / 10]: Loss 0.60253
-- Training of the discriminator, num_Updates[ 9 / 10]: Loss 0.59775
-- Training of the discriminator, num_Updates[ 10 / 10]: Loss 0.59235
Generation time:  29.97  seconds
###   On generation 76 of 500
Best best molecule in generation  76
    smile  :  COSC(NC=CC=c1c2cc3c(c2)c13)=[SH]OOOCc1ccnc(C)c1COCC=Cc1ccccc1
    fitness:  71.9254728269086
    logP   :  5.685020000000005
    sas    :  5.220087566297135
    ringP  :  0
    discrm :  [0.7210256]
-- Training of the discriminator, num_Updates[ 1 / 10]: Loss 0.60442
-- Training of the discriminator, num_Updates[ 2 / 10]: Loss 0.60041
-- Training of the discriminator, num_Updates[ 3 / 10]: Loss 0.59875
-- Training of the discriminator, num_Updates[ 4 / 10]: Loss 0.59776
-- Training of the discriminator, num_Updates[ 5 / 10]: Loss 0.59509
-- Training of the discriminator, num_Updates[ 6 / 10]: Loss 0.59172
-- Training of the discriminator, num_Updates[ 7 / 10]: Loss 0.58984
-- Training of the discriminator, num_Updates[ 8 / 10]: Loss 0.58918
-- Training of the discriminator, num_Updates[ 9 / 10]: Loss 0.58801
-- Training of the discriminator, num_Updates[ 10 / 10]: Loss 0.58605
Generation time:  28.48  seconds
###   On generation 77 of 500
Best best molecule in generation  77
    smile  :  CC(N=NF)OOCCCN(CC(C)c1ccccn1)N=NN
    fitness:  66.302367378936
    logP   :  2.7490000000000006
    sas    :  4.80071878838449
    ringP  :  0
    discrm :  [0.6804835]
-- Training of the discriminator, num_Updates[ 1 / 10]: Loss 0.65409
-- Training of the discriminator, num_Updates[ 2 / 10]: Loss 0.65285
-- Training of the discriminator, num_Updates[ 3 / 10]: Loss 0.65149
-- Training of the discriminator, num_Updates[ 4 / 10]: Loss 0.64851
-- Training of the discriminator, num_Updates[ 5 / 10]: Loss 0.64334
-- Training of the discriminator, num_Updates[ 6 / 10]: Loss 0.63728
-- Training of the discriminator, num_Updates[ 7 / 10]: Loss 0.63143
-- Training of the discriminator, num_Updates[ 8 / 10]: Loss 0.62565
-- Training of the discriminator, num_Updates[ 9 / 10]: Loss 0.61969
-- Training of the discriminator, num_Updates[ 10 / 10]: Loss 0.61393
Generation time:  27.58  seconds
###   On generation 78 of 500
