nohup: ignoring input
wandb: Currently logged in as: kjappelbaum (use `wandb login --relogin` to force relogin)
wandb: wandb version 0.10.14 is available!  To upgrade, please run:
wandb:  $ pip install wandb --upgrade
wandb: Tracking run with wandb version 0.10.12
wandb: Syncing run ruby-firebrand-1829
wandb: ⭐️ View project at https://wandb.ai/kjappelbaum/ga_replication_study
wandb: 🚀 View run at https://wandb.ai/kjappelbaum/ga_replication_study/runs/3faelf5r
wandb: Run data is saved locally in /home/kevin/Documents/replication_study/selfies_ga_nn_replication/wandb/run-20210123_104426-3faelf5r
wandb: Run `wandb offline` to turn off syncing.
###   On generation 1 of 1000
Best best molecule in generation  1
    smile  :  C
    fitness:  -6.281431695634691
    logP   :  0.6361
    sas    :  7.3284153846153846
    ringP  :  0
    discrm :  [0.]
/home/kevin/anaconda3/envs/ga_replication/lib/python3.8/site-packages/torch/nn/functional.py:1351: UserWarning: nn.functional.sigmoid is deprecated. Use torch.sigmoid instead.
  warnings.warn("nn.functional.sigmoid is deprecated. Use torch.sigmoid instead.")
/home/kevin/anaconda3/envs/ga_replication/lib/python3.8/site-packages/torch/nn/modules/loss.py:498: UserWarning: Using a target size (torch.Size([1000])) that is different to the input size (torch.Size([1000, 1])) is deprecated. Please ensure they have the same size.
  return F.binary_cross_entropy(input, target, weight=self.weight, reduction=self.reduction)
-- Training of the discriminator, num_Updates[ 1 / 10]: Loss 0.69864
-- Training of the discriminator, num_Updates[ 2 / 10]: Loss 0.69421
-- Training of the discriminator, num_Updates[ 3 / 10]: Loss 0.68983
-- Training of the discriminator, num_Updates[ 4 / 10]: Loss 0.68559
-- Training of the discriminator, num_Updates[ 5 / 10]: Loss 0.68134
-- Training of the discriminator, num_Updates[ 6 / 10]: Loss 0.67688
-- Training of the discriminator, num_Updates[ 7 / 10]: Loss 0.67286
-- Training of the discriminator, num_Updates[ 8 / 10]: Loss 0.66875
-- Training of the discriminator, num_Updates[ 9 / 10]: Loss 0.66482
-- Training of the discriminator, num_Updates[ 10 / 10]: Loss 0.66100
Generation time:  3.86  seconds
###   On generation 2 of 1000
Best best molecule in generation  2
    smile  :  CC
    fitness:  -0.491076226348965
    logP   :  1.0262
    sas    :  2.7475679189493913
    ringP  :  0
    discrm :  [0.48185048]
-- Training of the discriminator, num_Updates[ 1 / 10]: Loss 0.66285
-- Training of the discriminator, num_Updates[ 2 / 10]: Loss 0.65951
-- Training of the discriminator, num_Updates[ 3 / 10]: Loss 0.65625
-- Training of the discriminator, num_Updates[ 4 / 10]: Loss 0.65316
-- Training of the discriminator, num_Updates[ 5 / 10]: Loss 0.64991
-- Training of the discriminator, num_Updates[ 6 / 10]: Loss 0.64681
-- Training of the discriminator, num_Updates[ 7 / 10]: Loss 0.64372
-- Training of the discriminator, num_Updates[ 8 / 10]: Loss 0.64060
-- Training of the discriminator, num_Updates[ 9 / 10]: Loss 0.63745
-- Training of the discriminator, num_Updates[ 10 / 10]: Loss 0.63420
Generation time:  3.76  seconds
###   On generation 3 of 1000
Best best molecule in generation  3
    smile  :  Cc1ccccc1
    fitness:  2.297094361113432
    logP   :  1.99502
    sas    :  1.0
    ringP  :  0
    discrm :  [0.5230726]
-- Training of the discriminator, num_Updates[ 1 / 10]: Loss 0.64459
-- Training of the discriminator, num_Updates[ 2 / 10]: Loss 0.64199
-- Training of the discriminator, num_Updates[ 3 / 10]: Loss 0.63934
-- Training of the discriminator, num_Updates[ 4 / 10]: Loss 0.63672
-- Training of the discriminator, num_Updates[ 5 / 10]: Loss 0.63403
-- Training of the discriminator, num_Updates[ 6 / 10]: Loss 0.63129
-- Training of the discriminator, num_Updates[ 7 / 10]: Loss 0.62851
-- Training of the discriminator, num_Updates[ 8 / 10]: Loss 0.62562
-- Training of the discriminator, num_Updates[ 9 / 10]: Loss 0.62269
-- Training of the discriminator, num_Updates[ 10 / 10]: Loss 0.61964
Generation time:  6.38  seconds
###   On generation 4 of 1000
Best best molecule in generation  4
    smile  :  Cc1ccccc1
    fitness:  2.297094361113432
    logP   :  1.99502
    sas    :  1.0
    ringP  :  0
    discrm :  [0.51942796]
-- Training of the discriminator, num_Updates[ 1 / 10]: Loss 0.62886
-- Training of the discriminator, num_Updates[ 2 / 10]: Loss 0.62597
-- Training of the discriminator, num_Updates[ 3 / 10]: Loss 0.62299
-- Training of the discriminator, num_Updates[ 4 / 10]: Loss 0.61993
-- Training of the discriminator, num_Updates[ 5 / 10]: Loss 0.61682
-- Training of the discriminator, num_Updates[ 6 / 10]: Loss 0.61360
-- Training of the discriminator, num_Updates[ 7 / 10]: Loss 0.61032
-- Training of the discriminator, num_Updates[ 8 / 10]: Loss 0.60696
-- Training of the discriminator, num_Updates[ 9 / 10]: Loss 0.60354
-- Training of the discriminator, num_Updates[ 10 / 10]: Loss 0.60006
Generation time:  6.68  seconds
###   On generation 5 of 1000
Best best molecule in generation  5
    smile  :  Cc1ccccc1
    fitness:  2.297094361113432
    logP   :  1.99502
    sas    :  1.0
    ringP  :  0
    discrm :  [0.49210945]
-- Training of the discriminator, num_Updates[ 1 / 10]: Loss 0.60141
-- Training of the discriminator, num_Updates[ 2 / 10]: Loss 0.59776
-- Training of the discriminator, num_Updates[ 3 / 10]: Loss 0.59403
-- Training of the discriminator, num_Updates[ 4 / 10]: Loss 0.59025
-- Training of the discriminator, num_Updates[ 5 / 10]: Loss 0.58640
-- Training of the discriminator, num_Updates[ 6 / 10]: Loss 0.58249
-- Training of the discriminator, num_Updates[ 7 / 10]: Loss 0.57851
-- Training of the discriminator, num_Updates[ 8 / 10]: Loss 0.57447
-- Training of the discriminator, num_Updates[ 9 / 10]: Loss 0.57035
-- Training of the discriminator, num_Updates[ 10 / 10]: Loss 0.56616
Generation time:  7.83  seconds
###   On generation 6 of 1000
Best best molecule in generation  6
    smile  :  Cc1ccccc1
    fitness:  2.297094361113432
    logP   :  1.99502
    sas    :  1.0
    ringP  :  0
    discrm :  [0.45784467]
-- Training of the discriminator, num_Updates[ 1 / 10]: Loss 0.56333
-- Training of the discriminator, num_Updates[ 2 / 10]: Loss 0.55900
-- Training of the discriminator, num_Updates[ 3 / 10]: Loss 0.55461
-- Training of the discriminator, num_Updates[ 4 / 10]: Loss 0.55014
-- Training of the discriminator, num_Updates[ 5 / 10]: Loss 0.54561
-- Training of the discriminator, num_Updates[ 6 / 10]: Loss 0.54101
-- Training of the discriminator, num_Updates[ 7 / 10]: Loss 0.53634
-- Training of the discriminator, num_Updates[ 8 / 10]: Loss 0.53161
-- Training of the discriminator, num_Updates[ 9 / 10]: Loss 0.52682
-- Training of the discriminator, num_Updates[ 10 / 10]: Loss 0.52198
Generation time:  6.44  seconds
###   On generation 7 of 1000
Best best molecule in generation  7
    smile  :  CCc1ccccc1
    fitness:  2.476485628246815
    logP   :  2.2490000000000006
    sas    :  1.0
    ringP  :  0
    discrm :  [0.44791776]
-- Training of the discriminator, num_Updates[ 1 / 10]: Loss 0.52008
-- Training of the discriminator, num_Updates[ 2 / 10]: Loss 0.51523
-- Training of the discriminator, num_Updates[ 3 / 10]: Loss 0.51034
-- Training of the discriminator, num_Updates[ 4 / 10]: Loss 0.50541
-- Training of the discriminator, num_Updates[ 5 / 10]: Loss 0.50044
-- Training of the discriminator, num_Updates[ 6 / 10]: Loss 0.49544
-- Training of the discriminator, num_Updates[ 7 / 10]: Loss 0.49040
-- Training of the discriminator, num_Updates[ 8 / 10]: Loss 0.48535
-- Training of the discriminator, num_Updates[ 9 / 10]: Loss 0.48028
-- Training of the discriminator, num_Updates[ 10 / 10]: Loss 0.47521
Generation time:  6.51  seconds
###   On generation 8 of 1000
Best best molecule in generation  8
    smile  :  CCc1ccccc1
    fitness:  2.476485628246815
    logP   :  2.2490000000000006
    sas    :  1.0
    ringP  :  0
    discrm :  [0.4269939]
-- Training of the discriminator, num_Updates[ 1 / 10]: Loss 0.46663
-- Training of the discriminator, num_Updates[ 2 / 10]: Loss 0.46153
-- Training of the discriminator, num_Updates[ 3 / 10]: Loss 0.45644
-- Training of the discriminator, num_Updates[ 4 / 10]: Loss 0.45139
-- Training of the discriminator, num_Updates[ 5 / 10]: Loss 0.44639
-- Training of the discriminator, num_Updates[ 6 / 10]: Loss 0.44143
-- Training of the discriminator, num_Updates[ 7 / 10]: Loss 0.43651
-- Training of the discriminator, num_Updates[ 8 / 10]: Loss 0.43161
-- Training of the discriminator, num_Updates[ 9 / 10]: Loss 0.42674
-- Training of the discriminator, num_Updates[ 10 / 10]: Loss 0.42191
Generation time:  7.46  seconds
###   On generation 9 of 1000
Best best molecule in generation  9
    smile  :  CCc1ccccc1
    fitness:  2.476485628246815
    logP   :  2.2490000000000006
    sas    :  1.0
    ringP  :  0
    discrm :  [0.40190217]
-- Training of the discriminator, num_Updates[ 1 / 10]: Loss 0.42714
-- Training of the discriminator, num_Updates[ 2 / 10]: Loss 0.42223
-- Training of the discriminator, num_Updates[ 3 / 10]: Loss 0.41734
-- Training of the discriminator, num_Updates[ 4 / 10]: Loss 0.41255
-- Training of the discriminator, num_Updates[ 5 / 10]: Loss 0.40785
-- Training of the discriminator, num_Updates[ 6 / 10]: Loss 0.40324
-- Training of the discriminator, num_Updates[ 7 / 10]: Loss 0.39866
-- Training of the discriminator, num_Updates[ 8 / 10]: Loss 0.39410
-- Training of the discriminator, num_Updates[ 9 / 10]: Loss 0.38958
-- Training of the discriminator, num_Updates[ 10 / 10]: Loss 0.38510
Generation time:  6.35  seconds
###   On generation 10 of 1000
Best best molecule in generation  10
    smile  :  CCc1ccccc1
    fitness:  2.476485628246815
    logP   :  2.2490000000000006
    sas    :  1.0
    ringP  :  0
    discrm :  [0.35586005]
-- Training of the discriminator, num_Updates[ 1 / 10]: Loss 0.38747
-- Training of the discriminator, num_Updates[ 2 / 10]: Loss 0.38302
-- Training of the discriminator, num_Updates[ 3 / 10]: Loss 0.37855
-- Training of the discriminator, num_Updates[ 4 / 10]: Loss 0.37409
-- Training of the discriminator, num_Updates[ 5 / 10]: Loss 0.36968
-- Training of the discriminator, num_Updates[ 6 / 10]: Loss 0.36536
-- Training of the discriminator, num_Updates[ 7 / 10]: Loss 0.36112
-- Training of the discriminator, num_Updates[ 8 / 10]: Loss 0.35693
-- Training of the discriminator, num_Updates[ 9 / 10]: Loss 0.35279
-- Training of the discriminator, num_Updates[ 10 / 10]: Loss 0.34866
Generation time:  7.65  seconds
###   On generation 11 of 1000
Best best molecule in generation  11
    smile  :  CCCc1ccccc1
    fitness:  2.655211436584508
    logP   :  2.639100000000001
    sas    :  1.0804143977581013
    ringP  :  0
    discrm :  [0.33331275]
-- Training of the discriminator, num_Updates[ 1 / 10]: Loss 0.35255
-- Training of the discriminator, num_Updates[ 2 / 10]: Loss 0.34848
-- Training of the discriminator, num_Updates[ 3 / 10]: Loss 0.34444
-- Training of the discriminator, num_Updates[ 4 / 10]: Loss 0.34046
-- Training of the discriminator, num_Updates[ 5 / 10]: Loss 0.33657
-- Training of the discriminator, num_Updates[ 6 / 10]: Loss 0.33277
-- Training of the discriminator, num_Updates[ 7 / 10]: Loss 0.32906
-- Training of the discriminator, num_Updates[ 8 / 10]: Loss 0.32540
-- Training of the discriminator, num_Updates[ 9 / 10]: Loss 0.32178
-- Training of the discriminator, num_Updates[ 10 / 10]: Loss 0.31822
Generation time:  7.72  seconds
###   On generation 12 of 1000
Best best molecule in generation  12
    smile  :  CCCCc1ccccc1
    fitness:  2.901205129706411
    logP   :  3.0292000000000012
    sas    :  1.1049531863041597
    ringP  :  0
    discrm :  [0.31586805]
-- Training of the discriminator, num_Updates[ 1 / 10]: Loss 0.31324
-- Training of the discriminator, num_Updates[ 2 / 10]: Loss 0.30984
-- Training of the discriminator, num_Updates[ 3 / 10]: Loss 0.30653
-- Training of the discriminator, num_Updates[ 4 / 10]: Loss 0.30330
-- Training of the discriminator, num_Updates[ 5 / 10]: Loss 0.30013
-- Training of the discriminator, num_Updates[ 6 / 10]: Loss 0.29702
-- Training of the discriminator, num_Updates[ 7 / 10]: Loss 0.29396
-- Training of the discriminator, num_Updates[ 8 / 10]: Loss 0.29096
-- Training of the discriminator, num_Updates[ 9 / 10]: Loss 0.28802
-- Training of the discriminator, num_Updates[ 10 / 10]: Loss 0.28516
Generation time:  7.12  seconds
###   On generation 13 of 1000
Best best molecule in generation  13
    smile  :  CCCc1ccccc1
    fitness:  2.655211436584508
    logP   :  2.639100000000001
    sas    :  1.0804143977581013
    ringP  :  0
    discrm :  [0.2556121]
-- Training of the discriminator, num_Updates[ 1 / 10]: Loss 0.28004
-- Training of the discriminator, num_Updates[ 2 / 10]: Loss 0.27716
-- Training of the discriminator, num_Updates[ 3 / 10]: Loss 0.27436
-- Training of the discriminator, num_Updates[ 4 / 10]: Loss 0.27166
-- Training of the discriminator, num_Updates[ 5 / 10]: Loss 0.26904
-- Training of the discriminator, num_Updates[ 6 / 10]: Loss 0.26648
-- Training of the discriminator, num_Updates[ 7 / 10]: Loss 0.26394
-- Training of the discriminator, num_Updates[ 8 / 10]: Loss 0.26144
-- Training of the discriminator, num_Updates[ 9 / 10]: Loss 0.25899
-- Training of the discriminator, num_Updates[ 10 / 10]: Loss 0.25661
Generation time:  7.69  seconds
###   On generation 14 of 1000
Best best molecule in generation  14
    smile  :  CCCc1ccccc1
    fitness:  2.655211436584508
    logP   :  2.639100000000001
    sas    :  1.0804143977581013
    ringP  :  0
    discrm :  [0.22421755]
-- Training of the discriminator, num_Updates[ 1 / 10]: Loss 0.25462
-- Training of the discriminator, num_Updates[ 2 / 10]: Loss 0.25233
-- Training of the discriminator, num_Updates[ 3 / 10]: Loss 0.25009
-- Training of the discriminator, num_Updates[ 4 / 10]: Loss 0.24788
-- Training of the discriminator, num_Updates[ 5 / 10]: Loss 0.24570
-- Training of the discriminator, num_Updates[ 6 / 10]: Loss 0.24356
-- Training of the discriminator, num_Updates[ 7 / 10]: Loss 0.24147
-- Training of the discriminator, num_Updates[ 8 / 10]: Loss 0.23943
-- Training of the discriminator, num_Updates[ 9 / 10]: Loss 0.23743
-- Training of the discriminator, num_Updates[ 10 / 10]: Loss 0.23547
Generation time:  7.94  seconds
###   On generation 15 of 1000
Best best molecule in generation  15
    smile  :  CCCc1ccccc1
    fitness:  2.655211436584508
    logP   :  2.639100000000001
    sas    :  1.0804143977581013
    ringP  :  0
    discrm :  [0.20064017]
-- Training of the discriminator, num_Updates[ 1 / 10]: Loss 0.23895
-- Training of the discriminator, num_Updates[ 2 / 10]: Loss 0.23700
-- Training of the discriminator, num_Updates[ 3 / 10]: Loss 0.23508
-- Training of the discriminator, num_Updates[ 4 / 10]: Loss 0.23322
-- Training of the discriminator, num_Updates[ 5 / 10]: Loss 0.23141
-- Training of the discriminator, num_Updates[ 6 / 10]: Loss 0.22963
-- Training of the discriminator, num_Updates[ 7 / 10]: Loss 0.22788
-- Training of the discriminator, num_Updates[ 8 / 10]: Loss 0.22614
-- Training of the discriminator, num_Updates[ 9 / 10]: Loss 0.22443
-- Training of the discriminator, num_Updates[ 10 / 10]: Loss 0.22276
Generation time:  7.02  seconds
###   On generation 16 of 1000
Best best molecule in generation  16
    smile  :  CCCc1ccccc1
    fitness:  2.655211436584508
    logP   :  2.639100000000001
    sas    :  1.0804143977581013
    ringP  :  0
    discrm :  [0.1856065]
-- Training of the discriminator, num_Updates[ 1 / 10]: Loss 0.22139
-- Training of the discriminator, num_Updates[ 2 / 10]: Loss 0.21952
-- Training of the discriminator, num_Updates[ 3 / 10]: Loss 0.21771
-- Training of the discriminator, num_Updates[ 4 / 10]: Loss 0.21608
-- Training of the discriminator, num_Updates[ 5 / 10]: Loss 0.21463
-- Training of the discriminator, num_Updates[ 6 / 10]: Loss 0.21322
-- Training of the discriminator, num_Updates[ 7 / 10]: Loss 0.21174
-- Training of the discriminator, num_Updates[ 8 / 10]: Loss 0.21017
-- Training of the discriminator, num_Updates[ 9 / 10]: Loss 0.20860
-- Training of the discriminator, num_Updates[ 10 / 10]: Loss 0.20709
Generation time:  7.68  seconds
###   On generation 17 of 1000
Best best molecule in generation  17
    smile  :  CCCc1ccccc1
    fitness:  2.655211436584508
    logP   :  2.639100000000001
    sas    :  1.0804143977581013
    ringP  :  0
    discrm :  [0.1664745]
-- Training of the discriminator, num_Updates[ 1 / 10]: Loss 0.21328
-- Training of the discriminator, num_Updates[ 2 / 10]: Loss 0.21193
-- Training of the discriminator, num_Updates[ 3 / 10]: Loss 0.21061
-- Training of the discriminator, num_Updates[ 4 / 10]: Loss 0.20927
-- Training of the discriminator, num_Updates[ 5 / 10]: Loss 0.20790
-- Training of the discriminator, num_Updates[ 6 / 10]: Loss 0.20653
-- Training of the discriminator, num_Updates[ 7 / 10]: Loss 0.20521
-- Training of the discriminator, num_Updates[ 8 / 10]: Loss 0.20394
-- Training of the discriminator, num_Updates[ 9 / 10]: Loss 0.20271
-- Training of the discriminator, num_Updates[ 10 / 10]: Loss 0.20149
Generation time:  7.17  seconds
###   On generation 18 of 1000
Best best molecule in generation  18
    smile  :  CCCCc1ccccc1
    fitness:  2.901205129706411
    logP   :  3.0292000000000012
    sas    :  1.1049531863041597
    ringP  :  0
    discrm :  [0.16507237]
-- Training of the discriminator, num_Updates[ 1 / 10]: Loss 0.20237
-- Training of the discriminator, num_Updates[ 2 / 10]: Loss 0.20081
-- Training of the discriminator, num_Updates[ 3 / 10]: Loss 0.19920
-- Training of the discriminator, num_Updates[ 4 / 10]: Loss 0.19787
-- Training of the discriminator, num_Updates[ 5 / 10]: Loss 0.19686
-- Training of the discriminator, num_Updates[ 6 / 10]: Loss 0.19595
-- Training of the discriminator, num_Updates[ 7 / 10]: Loss 0.19488
-- Training of the discriminator, num_Updates[ 8 / 10]: Loss 0.19360
-- Training of the discriminator, num_Updates[ 9 / 10]: Loss 0.19227
-- Training of the discriminator, num_Updates[ 10 / 10]: Loss 0.19107
Generation time:  7.28  seconds
###   On generation 19 of 1000
Best best molecule in generation  19
    smile  :  CCCCc1ccccc1
    fitness:  2.901205129706411
    logP   :  3.0292000000000012
    sas    :  1.1049531863041597
    ringP  :  0
    discrm :  [0.14906842]
-- Training of the discriminator, num_Updates[ 1 / 10]: Loss 0.19510
-- Training of the discriminator, num_Updates[ 2 / 10]: Loss 0.19404
-- Training of the discriminator, num_Updates[ 3 / 10]: Loss 0.19304
-- Training of the discriminator, num_Updates[ 4 / 10]: Loss 0.19200
-- Training of the discriminator, num_Updates[ 5 / 10]: Loss 0.19086
-- Training of the discriminator, num_Updates[ 6 / 10]: Loss 0.18970
-- Training of the discriminator, num_Updates[ 7 / 10]: Loss 0.18857
-- Training of the discriminator, num_Updates[ 8 / 10]: Loss 0.18753
-- Training of the discriminator, num_Updates[ 9 / 10]: Loss 0.18654
-- Training of the discriminator, num_Updates[ 10 / 10]: Loss 0.18555
Generation time:  8.23  seconds
###   On generation 20 of 1000
Best best molecule in generation  20
    smile  :  CCCCc1ccccc1
    fitness:  2.901205129706411
    logP   :  3.0292000000000012
    sas    :  1.1049531863041597
    ringP  :  0
    discrm :  [0.13878238]
-- Training of the discriminator, num_Updates[ 1 / 10]: Loss 0.18409
-- Training of the discriminator, num_Updates[ 2 / 10]: Loss 0.18305
-- Training of the discriminator, num_Updates[ 3 / 10]: Loss 0.18203
-- Training of the discriminator, num_Updates[ 4 / 10]: Loss 0.18102
-- Training of the discriminator, num_Updates[ 5 / 10]: Loss 0.18002
-- Training of the discriminator, num_Updates[ 6 / 10]: Loss 0.17904
-- Training of the discriminator, num_Updates[ 7 / 10]: Loss 0.17805
-- Training of the discriminator, num_Updates[ 8 / 10]: Loss 0.17708
-- Training of the discriminator, num_Updates[ 9 / 10]: Loss 0.17612
-- Training of the discriminator, num_Updates[ 10 / 10]: Loss 0.17518
Generation time:  6.56  seconds
###   On generation 21 of 1000
Best best molecule in generation  21
    smile  :  CCCCc1ccccc1
    fitness:  2.901205129706411
    logP   :  3.0292000000000012
    sas    :  1.1049531863041597
    ringP  :  0
    discrm :  [0.13100411]
-- Training of the discriminator, num_Updates[ 1 / 10]: Loss 0.17485
-- Training of the discriminator, num_Updates[ 2 / 10]: Loss 0.17380
-- Training of the discriminator, num_Updates[ 3 / 10]: Loss 0.17278
-- Training of the discriminator, num_Updates[ 4 / 10]: Loss 0.17187
-- Training of the discriminator, num_Updates[ 5 / 10]: Loss 0.17103
-- Training of the discriminator, num_Updates[ 6 / 10]: Loss 0.17018
-- Training of the discriminator, num_Updates[ 7 / 10]: Loss 0.16928
-- Training of the discriminator, num_Updates[ 8 / 10]: Loss 0.16834
-- Training of the discriminator, num_Updates[ 9 / 10]: Loss 0.16741
-- Training of the discriminator, num_Updates[ 10 / 10]: Loss 0.16655
Generation time:  7.14  seconds
###   On generation 22 of 1000
Best best molecule in generation  22
    smile  :  CCCCCc1ccccc1
    fitness:  3.1174284538192008
    logP   :  3.4193000000000024
    sas    :  1.154220528604922
    ringP  :  0
    discrm :  [0.12897544]
-- Training of the discriminator, num_Updates[ 1 / 10]: Loss 0.16775
-- Training of the discriminator, num_Updates[ 2 / 10]: Loss 0.16692
-- Training of the discriminator, num_Updates[ 3 / 10]: Loss 0.16604
-- Training of the discriminator, num_Updates[ 4 / 10]: Loss 0.16515
-- Training of the discriminator, num_Updates[ 5 / 10]: Loss 0.16429
-- Training of the discriminator, num_Updates[ 6 / 10]: Loss 0.16348
-- Training of the discriminator, num_Updates[ 7 / 10]: Loss 0.16267
-- Training of the discriminator, num_Updates[ 8 / 10]: Loss 0.16185
-- Training of the discriminator, num_Updates[ 9 / 10]: Loss 0.16100
-- Training of the discriminator, num_Updates[ 10 / 10]: Loss 0.16018
Generation time:  8.63  seconds
###   On generation 23 of 1000
Best best molecule in generation  23
    smile  :  C=CC=C(C)CC=CC=CC=C(C)CCCc1ccccc1
    fitness:  3.224164151803347
    logP   :  6.590400000000006
    sas    :  2.926046434109834
    ringP  :  0
    discrm :  [0.23450933]
-- Training of the discriminator, num_Updates[ 1 / 10]: Loss 0.16298
-- Training of the discriminator, num_Updates[ 2 / 10]: Loss 0.16206
-- Training of the discriminator, num_Updates[ 3 / 10]: Loss 0.16106
-- Training of the discriminator, num_Updates[ 4 / 10]: Loss 0.16020
-- Training of the discriminator, num_Updates[ 5 / 10]: Loss 0.15950
-- Training of the discriminator, num_Updates[ 6 / 10]: Loss 0.15879
-- Training of the discriminator, num_Updates[ 7 / 10]: Loss 0.15796
-- Training of the discriminator, num_Updates[ 8 / 10]: Loss 0.15705
-- Training of the discriminator, num_Updates[ 9 / 10]: Loss 0.15621
-- Training of the discriminator, num_Updates[ 10 / 10]: Loss 0.15547
Generation time:  6.41  seconds
###   On generation 24 of 1000
Best best molecule in generation  24
    smile  :  C=CC=C(C)CC=CC=CC=C(C)CCCc1ccccc1
    fitness:  3.224164151803347
    logP   :  6.590400000000006
    sas    :  2.926046434109834
    ringP  :  0
    discrm :  [0.19389786]
-- Training of the discriminator, num_Updates[ 1 / 10]: Loss 0.15646
-- Training of the discriminator, num_Updates[ 2 / 10]: Loss 0.15575
-- Training of the discriminator, num_Updates[ 3 / 10]: Loss 0.15501
-- Training of the discriminator, num_Updates[ 4 / 10]: Loss 0.15427
-- Training of the discriminator, num_Updates[ 5 / 10]: Loss 0.15354
-- Training of the discriminator, num_Updates[ 6 / 10]: Loss 0.15284
-- Training of the discriminator, num_Updates[ 7 / 10]: Loss 0.15215
-- Training of the discriminator, num_Updates[ 8 / 10]: Loss 0.15147
-- Training of the discriminator, num_Updates[ 9 / 10]: Loss 0.15077
-- Training of the discriminator, num_Updates[ 10 / 10]: Loss 0.15008
Generation time:  7.65  seconds
###   On generation 25 of 1000
Best best molecule in generation  25
    smile  :  CCC=C(C)CC=CC=CC=C(C)CCc1ccccc1
    fitness:  3.251951211957332
    logP   :  6.424300000000007
    sas    :  2.805514389662939
    ringP  :  0
    discrm :  [0.16165163]
-- Training of the discriminator, num_Updates[ 1 / 10]: Loss 0.14799
-- Training of the discriminator, num_Updates[ 2 / 10]: Loss 0.14733
-- Training of the discriminator, num_Updates[ 3 / 10]: Loss 0.14664
-- Training of the discriminator, num_Updates[ 4 / 10]: Loss 0.14595
-- Training of the discriminator, num_Updates[ 5 / 10]: Loss 0.14529
-- Training of the discriminator, num_Updates[ 6 / 10]: Loss 0.14465
-- Training of the discriminator, num_Updates[ 7 / 10]: Loss 0.14402
-- Training of the discriminator, num_Updates[ 8 / 10]: Loss 0.14338
-- Training of the discriminator, num_Updates[ 9 / 10]: Loss 0.14273
-- Training of the discriminator, num_Updates[ 10 / 10]: Loss 0.14209
Generation time:  8.69  seconds
###   On generation 26 of 1000
Best best molecule in generation  26
    smile  :  CCCCCCc1ccccc1
    fitness:  3.326445316247869
    logP   :  3.809400000000003
    sas    :  1.2094738691001456
    ringP  :  0
    discrm :  [0.10750694]
-- Training of the discriminator, num_Updates[ 1 / 10]: Loss 0.14214
-- Training of the discriminator, num_Updates[ 2 / 10]: Loss 0.14144
-- Training of the discriminator, num_Updates[ 3 / 10]: Loss 0.14070
-- Training of the discriminator, num_Updates[ 4 / 10]: Loss 0.14009
-- Training of the discriminator, num_Updates[ 5 / 10]: Loss 0.13959
-- Training of the discriminator, num_Updates[ 6 / 10]: Loss 0.13907
-- Training of the discriminator, num_Updates[ 7 / 10]: Loss 0.13847
-- Training of the discriminator, num_Updates[ 8 / 10]: Loss 0.13781
-- Training of the discriminator, num_Updates[ 9 / 10]: Loss 0.13722
-- Training of the discriminator, num_Updates[ 10 / 10]: Loss 0.13670
Generation time:  6.45  seconds
###   On generation 27 of 1000
Best best molecule in generation  27
    smile  :  CCCCCCc1ccccc1
    fitness:  3.326445316247869
    logP   :  3.809400000000003
    sas    :  1.2094738691001456
    ringP  :  0
    discrm :  [0.10221462]
-- Training of the discriminator, num_Updates[ 1 / 10]: Loss 0.13851
-- Training of the discriminator, num_Updates[ 2 / 10]: Loss 0.13785
-- Training of the discriminator, num_Updates[ 3 / 10]: Loss 0.13714
-- Training of the discriminator, num_Updates[ 4 / 10]: Loss 0.13650
-- Training of the discriminator, num_Updates[ 5 / 10]: Loss 0.13596
-- Training of the discriminator, num_Updates[ 6 / 10]: Loss 0.13540
-- Training of the discriminator, num_Updates[ 7 / 10]: Loss 0.13477
-- Training of the discriminator, num_Updates[ 8 / 10]: Loss 0.13410
-- Training of the discriminator, num_Updates[ 9 / 10]: Loss 0.13346
-- Training of the discriminator, num_Updates[ 10 / 10]: Loss 0.13289
Generation time:  7.44  seconds
###   On generation 28 of 1000
Best best molecule in generation  28
    smile  :  CCCCCCc1ccccc1
    fitness:  3.326445316247869
    logP   :  3.809400000000003
    sas    :  1.2094738691001456
    ringP  :  0
    discrm :  [0.09769329]
-- Training of the discriminator, num_Updates[ 1 / 10]: Loss 0.12760
-- Training of the discriminator, num_Updates[ 2 / 10]: Loss 0.12675
-- Training of the discriminator, num_Updates[ 3 / 10]: Loss 0.12582
-- Training of the discriminator, num_Updates[ 4 / 10]: Loss 0.12513
-- Training of the discriminator, num_Updates[ 5 / 10]: Loss 0.12474
-- Training of the discriminator, num_Updates[ 6 / 10]: Loss 0.12440
-- Training of the discriminator, num_Updates[ 7 / 10]: Loss 0.12387
-- Training of the discriminator, num_Updates[ 8 / 10]: Loss 0.12316
-- Training of the discriminator, num_Updates[ 9 / 10]: Loss 0.12245
-- Training of the discriminator, num_Updates[ 10 / 10]: Loss 0.12189
Generation time:  8.68  seconds
###   On generation 29 of 1000
Best best molecule in generation  29
    smile  :  C=CC=CC=CC=CC=C(C)C=C1C=CC=C1CCc1cccc(C=C2C=CC=C2)c1
    fitness:  3.535474142124008
    logP   :  8.352100000000005
    sas    :  3.7010487585474525
    ringP  :  0
    discrm :  [0.09841211]
-- Training of the discriminator, num_Updates[ 1 / 10]: Loss 0.12974
-- Training of the discriminator, num_Updates[ 2 / 10]: Loss 0.12931
-- Training of the discriminator, num_Updates[ 3 / 10]: Loss 0.12872
-- Training of the discriminator, num_Updates[ 4 / 10]: Loss 0.12807
-- Training of the discriminator, num_Updates[ 5 / 10]: Loss 0.12752
-- Training of the discriminator, num_Updates[ 6 / 10]: Loss 0.12707
-- Training of the discriminator, num_Updates[ 7 / 10]: Loss 0.12663
-- Training of the discriminator, num_Updates[ 8 / 10]: Loss 0.12611
-- Training of the discriminator, num_Updates[ 9 / 10]: Loss 0.12553
-- Training of the discriminator, num_Updates[ 10 / 10]: Loss 0.12498
Generation time:  6.43  seconds
###   On generation 30 of 1000
Best best molecule in generation  30
    smile  :  C=CC=C(C)CCC=CC=CC=C(C)CCCc1ccccc1
    fitness:  3.608678857838091
    logP   :  6.980500000000007
    sas    :  2.8355236890577498
    ringP  :  0
    discrm :  [0.09695285]
-- Training of the discriminator, num_Updates[ 1 / 10]: Loss 0.12830
-- Training of the discriminator, num_Updates[ 2 / 10]: Loss 0.12780
-- Training of the discriminator, num_Updates[ 3 / 10]: Loss 0.12737
-- Training of the discriminator, num_Updates[ 4 / 10]: Loss 0.12693
-- Training of the discriminator, num_Updates[ 5 / 10]: Loss 0.12641
-- Training of the discriminator, num_Updates[ 6 / 10]: Loss 0.12586
-- Training of the discriminator, num_Updates[ 7 / 10]: Loss 0.12535
-- Training of the discriminator, num_Updates[ 8 / 10]: Loss 0.12488
-- Training of the discriminator, num_Updates[ 9 / 10]: Loss 0.12441
-- Training of the discriminator, num_Updates[ 10 / 10]: Loss 0.12391
Generation time:  7.46  seconds
###   On generation 31 of 1000
Best best molecule in generation  31
    smile  :  C=CC=C(C)CCC=CC=CC=C(C)CCCc1ccccc1
    fitness:  3.608678857838091
    logP   :  6.980500000000007
    sas    :  2.8355236890577498
    ringP  :  0
    discrm :  [0.09128924]
-- Training of the discriminator, num_Updates[ 1 / 10]: Loss 0.11647
-- Training of the discriminator, num_Updates[ 2 / 10]: Loss 0.11572
-- Training of the discriminator, num_Updates[ 3 / 10]: Loss 0.11493
-- Training of the discriminator, num_Updates[ 4 / 10]: Loss 0.11446
-- Training of the discriminator, num_Updates[ 5 / 10]: Loss 0.11423
-- Training of the discriminator, num_Updates[ 6 / 10]: Loss 0.11393
-- Training of the discriminator, num_Updates[ 7 / 10]: Loss 0.11340
-- Training of the discriminator, num_Updates[ 8 / 10]: Loss 0.11276
-- Training of the discriminator, num_Updates[ 9 / 10]: Loss 0.11222
-- Training of the discriminator, num_Updates[ 10 / 10]: Loss 0.11187
Generation time:  8.75  seconds
###   On generation 32 of 1000
Best best molecule in generation  32
    smile  :  C=CC=C(C)CCCCC=C(C)CCCc1ccccc1
    fitness:  3.834286902339747
    logP   :  6.648300000000007
    sas    :  2.4532220819706314
    ringP  :  0
    discrm :  [0.08611464]
-- Training of the discriminator, num_Updates[ 1 / 10]: Loss 0.11911
-- Training of the discriminator, num_Updates[ 2 / 10]: Loss 0.11868
-- Training of the discriminator, num_Updates[ 3 / 10]: Loss 0.11829
-- Training of the discriminator, num_Updates[ 4 / 10]: Loss 0.11788
-- Training of the discriminator, num_Updates[ 5 / 10]: Loss 0.11741
-- Training of the discriminator, num_Updates[ 6 / 10]: Loss 0.11694
-- Training of the discriminator, num_Updates[ 7 / 10]: Loss 0.11651
-- Training of the discriminator, num_Updates[ 8 / 10]: Loss 0.11611
-- Training of the discriminator, num_Updates[ 9 / 10]: Loss 0.11569
-- Training of the discriminator, num_Updates[ 10 / 10]: Loss 0.11524
Generation time:  6.48  seconds
###   On generation 33 of 1000
Best best molecule in generation  33
    smile  :  C=CC=C(C)CCCCC=C(C)CCCc1ccccc1
    fitness:  3.834286902339747
    logP   :  6.648300000000007
    sas    :  2.4532220819706314
    ringP  :  0
    discrm :  [0.08273043]
-- Training of the discriminator, num_Updates[ 1 / 10]: Loss 0.11383
-- Training of the discriminator, num_Updates[ 2 / 10]: Loss 0.11330
-- Training of the discriminator, num_Updates[ 3 / 10]: Loss 0.11285
-- Training of the discriminator, num_Updates[ 4 / 10]: Loss 0.11253
-- Training of the discriminator, num_Updates[ 5 / 10]: Loss 0.11220
-- Training of the discriminator, num_Updates[ 6 / 10]: Loss 0.11177
-- Training of the discriminator, num_Updates[ 7 / 10]: Loss 0.11127
-- Training of the discriminator, num_Updates[ 8 / 10]: Loss 0.11080
-- Training of the discriminator, num_Updates[ 9 / 10]: Loss 0.11042
-- Training of the discriminator, num_Updates[ 10 / 10]: Loss 0.11005
Generation time:  7.9  seconds
###   On generation 34 of 1000
Best best molecule in generation  34
    smile  :  C=CC=CC=CC=CC=C(C)SC=C1C=CC=C1CCCC=C1C=CC=C1C=C1C=CC=C1C=C1C=CC=C1
    fitness:  4.141417572764354
    logP   :  10.925999999999988
    sas    :  4.707833776005363
    ringP  :  0
    discrm :  [0.08701526]
-- Training of the discriminator, num_Updates[ 1 / 10]: Loss 0.11068
-- Training of the discriminator, num_Updates[ 2 / 10]: Loss 0.10875
-- Training of the discriminator, num_Updates[ 3 / 10]: Loss 0.10754
-- Training of the discriminator, num_Updates[ 4 / 10]: Loss 0.10768
-- Training of the discriminator, num_Updates[ 5 / 10]: Loss 0.10809
-- Training of the discriminator, num_Updates[ 6 / 10]: Loss 0.10771
-- Training of the discriminator, num_Updates[ 7 / 10]: Loss 0.10660
-- Training of the discriminator, num_Updates[ 8 / 10]: Loss 0.10554
-- Training of the discriminator, num_Updates[ 9 / 10]: Loss 0.10513
-- Training of the discriminator, num_Updates[ 10 / 10]: Loss 0.10518
Generation time:  9.28  seconds
###   On generation 35 of 1000
Best best molecule in generation  35
    smile  :  C=CC=CC=CC=CC=C(C)C=CC=CC=CC=C(C=C1C=CC=C1)CCc1cccc(C=C2C=CC=C2)c1
    fitness:  4.683741969604283
    logP   :  10.576899999999991
    sas    :  4.052538658948507
    ringP  :  0
    discrm :  [0.07425334]
-- Training of the discriminator, num_Updates[ 1 / 10]: Loss 0.10901
-- Training of the discriminator, num_Updates[ 2 / 10]: Loss 0.10748
-- Training of the discriminator, num_Updates[ 3 / 10]: Loss 0.10633
-- Training of the discriminator, num_Updates[ 4 / 10]: Loss 0.10620
-- Training of the discriminator, num_Updates[ 5 / 10]: Loss 0.10639
-- Training of the discriminator, num_Updates[ 6 / 10]: Loss 0.10619
-- Training of the discriminator, num_Updates[ 7 / 10]: Loss 0.10546
-- Training of the discriminator, num_Updates[ 8 / 10]: Loss 0.10452
-- Training of the discriminator, num_Updates[ 9 / 10]: Loss 0.10384
-- Training of the discriminator, num_Updates[ 10 / 10]: Loss 0.10363
Generation time:  7.66  seconds
###   On generation 36 of 1000
Best best molecule in generation  36
    smile  :  CCC(C=C1C=CC=C1)=CC=CC=CC=CC(C)=CC=CC=CC=CSCc1cccc(C=C2C=CC=C2)c1
    fitness:  4.939111354443075
    logP   :  11.058999999999989
    sas    :  4.123266016808039
    ringP  :  0
    discrm :  [0.07743593]
-- Training of the discriminator, num_Updates[ 1 / 10]: Loss 0.11048
-- Training of the discriminator, num_Updates[ 2 / 10]: Loss 0.10928
-- Training of the discriminator, num_Updates[ 3 / 10]: Loss 0.10794
-- Training of the discriminator, num_Updates[ 4 / 10]: Loss 0.10754
-- Training of the discriminator, num_Updates[ 5 / 10]: Loss 0.10762
-- Training of the discriminator, num_Updates[ 6 / 10]: Loss 0.10739
-- Training of the discriminator, num_Updates[ 7 / 10]: Loss 0.10660
-- Training of the discriminator, num_Updates[ 8 / 10]: Loss 0.10564
-- Training of the discriminator, num_Updates[ 9 / 10]: Loss 0.10500
-- Training of the discriminator, num_Updates[ 10 / 10]: Loss 0.10479
Generation time:  9.51  seconds
###   On generation 37 of 1000
Best best molecule in generation  37
    smile  :  C=CC(C=CC=C(C)c1ccccc1)=CC=CC(C)=CC=CC=CCCC(C)=CC=CC=CC=CC
    fitness:  5.068508306366566
    logP   :  10.788399999999989
    sas    :  3.857022232689591
    ringP  :  0
    discrm :  [0.06846923]
-- Training of the discriminator, num_Updates[ 1 / 10]: Loss 0.10765
-- Training of the discriminator, num_Updates[ 2 / 10]: Loss 0.10659
-- Training of the discriminator, num_Updates[ 3 / 10]: Loss 0.10540
-- Training of the discriminator, num_Updates[ 4 / 10]: Loss 0.10473
-- Training of the discriminator, num_Updates[ 5 / 10]: Loss 0.10440
-- Training of the discriminator, num_Updates[ 6 / 10]: Loss 0.10392
-- Training of the discriminator, num_Updates[ 7 / 10]: Loss 0.10310
-- Training of the discriminator, num_Updates[ 8 / 10]: Loss 0.10211
-- Training of the discriminator, num_Updates[ 9 / 10]: Loss 0.10127
-- Training of the discriminator, num_Updates[ 10 / 10]: Loss 0.10070
Generation time:  10.18  seconds
###   On generation 38 of 1000
Best best molecule in generation  38
    smile  :  C=CC=Cc1cccc(CCC(C=C2C=CC=C2)=CC=CC=CC=CC(C)=CC=CC=CC=CSC2=CC=CC2=CC=C)c1
    fitness:  5.431399702600441
    logP   :  12.337499999999977
    sas    :  4.464446339895407
    ringP  :  0
    discrm :  [0.06763972]
-- Training of the discriminator, num_Updates[ 1 / 10]: Loss 0.09205
-- Training of the discriminator, num_Updates[ 2 / 10]: Loss 0.09156
-- Training of the discriminator, num_Updates[ 3 / 10]: Loss 0.09098
-- Training of the discriminator, num_Updates[ 4 / 10]: Loss 0.09041
-- Training of the discriminator, num_Updates[ 5 / 10]: Loss 0.08992
-- Training of the discriminator, num_Updates[ 6 / 10]: Loss 0.08950
-- Training of the discriminator, num_Updates[ 7 / 10]: Loss 0.08910
-- Training of the discriminator, num_Updates[ 8 / 10]: Loss 0.08866
-- Training of the discriminator, num_Updates[ 9 / 10]: Loss 0.08819
-- Training of the discriminator, num_Updates[ 10 / 10]: Loss 0.08772
Generation time:  10.84  seconds
###   On generation 39 of 1000
Best best molecule in generation  39
    smile  :  C=CC=CC=CC=CC=C(C)C=CC=CC=Cc1ccc(C=C2C=CC=C2CCc2cccc(C=C3C=CC=C3)c2)c(C)c1
    fitness:  5.815239128426762
    logP   :  11.943319999999984
    sas    :  3.9143472343497896
    ringP  :  0
    discrm :  [0.06522144]
-- Training of the discriminator, num_Updates[ 1 / 10]: Loss 0.08463
-- Training of the discriminator, num_Updates[ 2 / 10]: Loss 0.08416
-- Training of the discriminator, num_Updates[ 3 / 10]: Loss 0.08378
-- Training of the discriminator, num_Updates[ 4 / 10]: Loss 0.08344
-- Training of the discriminator, num_Updates[ 5 / 10]: Loss 0.08308
-- Training of the discriminator, num_Updates[ 6 / 10]: Loss 0.08266
-- Training of the discriminator, num_Updates[ 7 / 10]: Loss 0.08224
-- Training of the discriminator, num_Updates[ 8 / 10]: Loss 0.08185
-- Training of the discriminator, num_Updates[ 9 / 10]: Loss 0.08151
-- Training of the discriminator, num_Updates[ 10 / 10]: Loss 0.08118
Generation time:  10.91  seconds
###   On generation 40 of 1000
Best best molecule in generation  40
    smile  :  CCC=C1C=CC=C1SC=CC=CC=CC=C(C)SC=C1C=CC=C1CCCCC=CC=CC=C1C=CC=C1c1ccccc1
    fitness:  6.1698326451733445
    logP   :  13.405499999999972
    sas    :  4.477667932177023
    ringP  :  0
    discrm :  [0.06867671]
-- Training of the discriminator, num_Updates[ 1 / 10]: Loss 0.08068
-- Training of the discriminator, num_Updates[ 2 / 10]: Loss 0.07993
-- Training of the discriminator, num_Updates[ 3 / 10]: Loss 0.07930
-- Training of the discriminator, num_Updates[ 4 / 10]: Loss 0.07900
-- Training of the discriminator, num_Updates[ 5 / 10]: Loss 0.07888
-- Training of the discriminator, num_Updates[ 6 / 10]: Loss 0.07875
-- Training of the discriminator, num_Updates[ 7 / 10]: Loss 0.07851
-- Training of the discriminator, num_Updates[ 8 / 10]: Loss 0.07813
-- Training of the discriminator, num_Updates[ 9 / 10]: Loss 0.07768
-- Training of the discriminator, num_Updates[ 10 / 10]: Loss 0.07728
Generation time:  11.33  seconds
###   On generation 41 of 1000
Best best molecule in generation  41
    smile  :  CCC=Cc1cscc1SC=CC=CC=CC=C(C)SC=C1C=CC=C1CCCCC=CC=CC=C1C=CC=C1c1ccccc1
    fitness:  6.754587740319022
    logP   :  14.159199999999968
    sas    :  4.4341410884538455
    ringP  :  0
    discrm :  [0.2131206]
-- Training of the discriminator, num_Updates[ 1 / 10]: Loss 0.08311
-- Training of the discriminator, num_Updates[ 2 / 10]: Loss 0.08278
-- Training of the discriminator, num_Updates[ 3 / 10]: Loss 0.08207
-- Training of the discriminator, num_Updates[ 4 / 10]: Loss 0.08134
-- Training of the discriminator, num_Updates[ 5 / 10]: Loss 0.08085
-- Training of the discriminator, num_Updates[ 6 / 10]: Loss 0.08061
-- Training of the discriminator, num_Updates[ 7 / 10]: Loss 0.08046
-- Training of the discriminator, num_Updates[ 8 / 10]: Loss 0.08021
-- Training of the discriminator, num_Updates[ 9 / 10]: Loss 0.07979
-- Training of the discriminator, num_Updates[ 10 / 10]: Loss 0.07925
Generation time:  11.57  seconds
###   On generation 42 of 1000
Best best molecule in generation  42
    smile  :  CCC=Cc1cscc1SC=CC=CC=CC=C(C)SC=C1C=CC=C1CCCCC=CC=CC=C1C=CC=C1c1ccccc1
    fitness:  6.754587740319022
    logP   :  14.159199999999968
    sas    :  4.4341410884538455
    ringP  :  0
    discrm :  [0.09070733]
-- Training of the discriminator, num_Updates[ 1 / 10]: Loss 0.08958
-- Training of the discriminator, num_Updates[ 2 / 10]: Loss 0.08918
-- Training of the discriminator, num_Updates[ 3 / 10]: Loss 0.08874
-- Training of the discriminator, num_Updates[ 4 / 10]: Loss 0.08816
-- Training of the discriminator, num_Updates[ 5 / 10]: Loss 0.08751
-- Training of the discriminator, num_Updates[ 6 / 10]: Loss 0.08691
-- Training of the discriminator, num_Updates[ 7 / 10]: Loss 0.08638
-- Training of the discriminator, num_Updates[ 8 / 10]: Loss 0.08587
-- Training of the discriminator, num_Updates[ 9 / 10]: Loss 0.08530
-- Training of the discriminator, num_Updates[ 10 / 10]: Loss 0.08468
Generation time:  11.79  seconds
###   On generation 43 of 1000
Best best molecule in generation  43
    smile  :  CCC=Cc1cscc1SC=CC=CC=CC=C(C)SC=C1C=CC=C1CCCCC=CC=CC=C1C=CC=C1c1ccccc1
    fitness:  6.754587740319022
    logP   :  14.159199999999968
    sas    :  4.4341410884538455
    ringP  :  0
    discrm :  [0.07721529]
-- Training of the discriminator, num_Updates[ 1 / 10]: Loss 0.09020
-- Training of the discriminator, num_Updates[ 2 / 10]: Loss 0.08922
-- Training of the discriminator, num_Updates[ 3 / 10]: Loss 0.08791
-- Training of the discriminator, num_Updates[ 4 / 10]: Loss 0.08677
-- Training of the discriminator, num_Updates[ 5 / 10]: Loss 0.08622
-- Training of the discriminator, num_Updates[ 6 / 10]: Loss 0.08636
-- Training of the discriminator, num_Updates[ 7 / 10]: Loss 0.08642
-- Training of the discriminator, num_Updates[ 8 / 10]: Loss 0.08583
-- Training of the discriminator, num_Updates[ 9 / 10]: Loss 0.08483
-- Training of the discriminator, num_Updates[ 10 / 10]: Loss 0.08401
Generation time:  11.88  seconds
###   On generation 44 of 1000
Best best molecule in generation  44
    smile  :  CCC=C1C=CC=C1SC=CC=CC=CC=C(C)SC=CC=CC=CC=C1C=CC=C1CCCCC=CC=CC=C1C=CC=C1c1ccccc1
    fitness:  7.052059943366798
    logP   :  15.074099999999962
    sas    :  4.7238198989676246
    ringP  :  0
    discrm :  [0.05690935]
-- Training of the discriminator, num_Updates[ 1 / 10]: Loss 0.08694
-- Training of the discriminator, num_Updates[ 2 / 10]: Loss 0.08582
-- Training of the discriminator, num_Updates[ 3 / 10]: Loss 0.08379
-- Training of the discriminator, num_Updates[ 4 / 10]: Loss 0.08296
-- Training of the discriminator, num_Updates[ 5 / 10]: Loss 0.08304
-- Training of the discriminator, num_Updates[ 6 / 10]: Loss 0.08296
-- Training of the discriminator, num_Updates[ 7 / 10]: Loss 0.08212
-- Training of the discriminator, num_Updates[ 8 / 10]: Loss 0.08084
-- Training of the discriminator, num_Updates[ 9 / 10]: Loss 0.07983
-- Training of the discriminator, num_Updates[ 10 / 10]: Loss 0.07937
Generation time:  11.48  seconds
###   On generation 45 of 1000
Best best molecule in generation  45
    smile  :  CCC=C1C=CC=C1SC=CC=CC=CC=C(C)SC=CC=CC=CC=C1C=CC=C1CCCCC=CC=CC=C1C=CC=C1c1ccccc1
    fitness:  7.052059943366798
    logP   :  15.074099999999962
    sas    :  4.7238198989676246
    ringP  :  0
    discrm :  [0.05575427]
-- Training of the discriminator, num_Updates[ 1 / 10]: Loss 0.08439
-- Training of the discriminator, num_Updates[ 2 / 10]: Loss 0.08403
-- Training of the discriminator, num_Updates[ 3 / 10]: Loss 0.08360
-- Training of the discriminator, num_Updates[ 4 / 10]: Loss 0.08304
-- Training of the discriminator, num_Updates[ 5 / 10]: Loss 0.08243
-- Training of the discriminator, num_Updates[ 6 / 10]: Loss 0.08190
-- Training of the discriminator, num_Updates[ 7 / 10]: Loss 0.08149
-- Training of the discriminator, num_Updates[ 8 / 10]: Loss 0.08114
-- Training of the discriminator, num_Updates[ 9 / 10]: Loss 0.08077
-- Training of the discriminator, num_Updates[ 10 / 10]: Loss 0.08034
Generation time:  11.79  seconds
###   On generation 46 of 1000
Best best molecule in generation  46
    smile  :  CCC=C1C=CC=C1SC=CC=CC=CC=C(C)SC=CC=CC=CC=C1CCC=C1CCCCC=CC=CC=C1C=CC=C1c1ccccc1
    fitness:  7.176155755949136
    logP   :  15.29809999999996
    sas    :  4.7521614170521875
    ringP  :  0
    discrm :  [0.05464521]
-- Training of the discriminator, num_Updates[ 1 / 10]: Loss 0.08058
-- Training of the discriminator, num_Updates[ 2 / 10]: Loss 0.07952
-- Training of the discriminator, num_Updates[ 3 / 10]: Loss 0.07853
-- Training of the discriminator, num_Updates[ 4 / 10]: Loss 0.07800
-- Training of the discriminator, num_Updates[ 5 / 10]: Loss 0.07794
-- Training of the discriminator, num_Updates[ 6 / 10]: Loss 0.07798
-- Training of the discriminator, num_Updates[ 7 / 10]: Loss 0.07771
-- Training of the discriminator, num_Updates[ 8 / 10]: Loss 0.07708
-- Training of the discriminator, num_Updates[ 9 / 10]: Loss 0.07639
-- Training of the discriminator, num_Updates[ 10 / 10]: Loss 0.07590
Generation time:  11.35  seconds
###   On generation 47 of 1000
Best best molecule in generation  47
    smile  :  CCC=C1C=CC=C1SC=CC=CC=CC=C(C)SC=CC=CC=CC=C1CCC=C1CCCCC=CC=CC=C1C=CC=C1c1ccccc1
    fitness:  7.176155755949136
    logP   :  15.29809999999996
    sas    :  4.7521614170521875
    ringP  :  0
    discrm :  [0.05362951]
-- Training of the discriminator, num_Updates[ 1 / 10]: Loss 0.06680
-- Training of the discriminator, num_Updates[ 2 / 10]: Loss 0.06678
-- Training of the discriminator, num_Updates[ 3 / 10]: Loss 0.06669
-- Training of the discriminator, num_Updates[ 4 / 10]: Loss 0.06650
-- Training of the discriminator, num_Updates[ 5 / 10]: Loss 0.06624
-- Training of the discriminator, num_Updates[ 6 / 10]: Loss 0.06593
-- Training of the discriminator, num_Updates[ 7 / 10]: Loss 0.06561
-- Training of the discriminator, num_Updates[ 8 / 10]: Loss 0.06534
-- Training of the discriminator, num_Updates[ 9 / 10]: Loss 0.06514
-- Training of the discriminator, num_Updates[ 10 / 10]: Loss 0.06500
Generation time:  11.5  seconds
###   On generation 48 of 1000
Best best molecule in generation  48
    smile  :  CC(=CC=CC=CCCSc1cccc(C)c1)SC=CC=CC=CC=C1C=CC=C1CCCCC=CC=CC=C1C=CC=C1c1ccccc1
    fitness:  7.2271422061785096
    logP   :  14.527919999999966
    sas    :  4.257945066521154
    ringP  :  0
    discrm :  [0.05349365]
-- Training of the discriminator, num_Updates[ 1 / 10]: Loss 0.06805
-- Training of the discriminator, num_Updates[ 2 / 10]: Loss 0.06789
-- Training of the discriminator, num_Updates[ 3 / 10]: Loss 0.06776
-- Training of the discriminator, num_Updates[ 4 / 10]: Loss 0.06762
-- Training of the discriminator, num_Updates[ 5 / 10]: Loss 0.06744
-- Training of the discriminator, num_Updates[ 6 / 10]: Loss 0.06723
-- Training of the discriminator, num_Updates[ 7 / 10]: Loss 0.06702
-- Training of the discriminator, num_Updates[ 8 / 10]: Loss 0.06683
-- Training of the discriminator, num_Updates[ 9 / 10]: Loss 0.06666
-- Training of the discriminator, num_Updates[ 10 / 10]: Loss 0.06650
Generation time:  11.57  seconds
###   On generation 49 of 1000
Best best molecule in generation  49
    smile  :  CCC=C1C=CC=C1SC=CC=Cc1ccc(SC=CC=CC=CC=C2C=CC=C2CCCCC=CC=CC=C2C=CC=C2c2ccccc2)cc1
    fitness:  7.446298884863315
    logP   :  15.130199999999963
    sas    :  4.429261898358446
    ringP  :  0
    discrm :  [0.05143565]
-- Training of the discriminator, num_Updates[ 1 / 10]: Loss 0.07167
-- Training of the discriminator, num_Updates[ 2 / 10]: Loss 0.07129
-- Training of the discriminator, num_Updates[ 3 / 10]: Loss 0.07093
-- Training of the discriminator, num_Updates[ 4 / 10]: Loss 0.07068
-- Training of the discriminator, num_Updates[ 5 / 10]: Loss 0.07053
-- Training of the discriminator, num_Updates[ 6 / 10]: Loss 0.07044
-- Training of the discriminator, num_Updates[ 7 / 10]: Loss 0.07035
-- Training of the discriminator, num_Updates[ 8 / 10]: Loss 0.07023
-- Training of the discriminator, num_Updates[ 9 / 10]: Loss 0.07006
-- Training of the discriminator, num_Updates[ 10 / 10]: Loss 0.06986
Generation time:  11.73  seconds
###   On generation 50 of 1000
Best best molecule in generation  50
    smile  :  CCC=C1C=CC=C1SC=CC=Cc1ccc(SC=CC=CC=CC=C2C=CC=C2CCCCC=CC=CC=C2C=CC=C2c2ccccc2)cc1
    fitness:  7.446298884863315
    logP   :  15.130199999999963
    sas    :  4.429261898358446
    ringP  :  0
    discrm :  [0.04989795]
-- Training of the discriminator, num_Updates[ 1 / 10]: Loss 0.06988
-- Training of the discriminator, num_Updates[ 2 / 10]: Loss 0.06938
-- Training of the discriminator, num_Updates[ 3 / 10]: Loss 0.06884
-- Training of the discriminator, num_Updates[ 4 / 10]: Loss 0.06838
-- Training of the discriminator, num_Updates[ 5 / 10]: Loss 0.06807
-- Training of the discriminator, num_Updates[ 6 / 10]: Loss 0.06793
-- Training of the discriminator, num_Updates[ 7 / 10]: Loss 0.06792
-- Training of the discriminator, num_Updates[ 8 / 10]: Loss 0.06788
-- Training of the discriminator, num_Updates[ 9 / 10]: Loss 0.06768
-- Training of the discriminator, num_Updates[ 10 / 10]: Loss 0.06732
Generation time:  11.64  seconds
###   On generation 51 of 1000
Best best molecule in generation  51
    smile  :  CCC=Cc1cscc1SC=CC=CC=CC=C=Cc1ccc(SC=C2C=CC=C2CCCCCC=CC=CC=C2C=CC=C2c2ccccc2)cc1
    fitness:  7.857335939598958
    logP   :  15.87289999999996
    sas    :  4.523579055985133
    ringP  :  0
    discrm :  [0.05321741]
-- Training of the discriminator, num_Updates[ 1 / 10]: Loss 0.06355
-- Training of the discriminator, num_Updates[ 2 / 10]: Loss 0.06322
-- Training of the discriminator, num_Updates[ 3 / 10]: Loss 0.06304
-- Training of the discriminator, num_Updates[ 4 / 10]: Loss 0.06295
-- Training of the discriminator, num_Updates[ 5 / 10]: Loss 0.06288
-- Training of the discriminator, num_Updates[ 6 / 10]: Loss 0.06277
-- Training of the discriminator, num_Updates[ 7 / 10]: Loss 0.06259
-- Training of the discriminator, num_Updates[ 8 / 10]: Loss 0.06235
-- Training of the discriminator, num_Updates[ 9 / 10]: Loss 0.06209
-- Training of the discriminator, num_Updates[ 10 / 10]: Loss 0.06185
Generation time:  11.88  seconds
###   On generation 52 of 1000
Best best molecule in generation  52
    smile  :  CCC=Cc1cscc1SC=CC=CC=CC=C=Cc1ccc(SC=C2C=CC=C2CCCCCC=CC=CC=C2C=CC=C2c2ccccc2)cc1
    fitness:  7.857335939598958
    logP   :  15.87289999999996
    sas    :  4.523579055985133
    ringP  :  0
    discrm :  [0.05089041]
-- Training of the discriminator, num_Updates[ 1 / 10]: Loss 0.06955
-- Training of the discriminator, num_Updates[ 2 / 10]: Loss 0.06908
-- Training of the discriminator, num_Updates[ 3 / 10]: Loss 0.06831
-- Training of the discriminator, num_Updates[ 4 / 10]: Loss 0.06793
-- Training of the discriminator, num_Updates[ 5 / 10]: Loss 0.06796
-- Training of the discriminator, num_Updates[ 6 / 10]: Loss 0.06803
-- Training of the discriminator, num_Updates[ 7 / 10]: Loss 0.06786
-- Training of the discriminator, num_Updates[ 8 / 10]: Loss 0.06744
-- Training of the discriminator, num_Updates[ 9 / 10]: Loss 0.06695
-- Training of the discriminator, num_Updates[ 10 / 10]: Loss 0.06663
Generation time:  12.64  seconds
###   On generation 53 of 1000
Best best molecule in generation  53
    smile  :  CCC=Cc1cscc1SC=CC=CC=CC=C=Cc1ccc(SC=C2C=CC=C2CCCCCC=CC=CC=C2C=CC=C2c2ccccc2)cc1
    fitness:  7.857335939598958
    logP   :  15.87289999999996
    sas    :  4.523579055985133
    ringP  :  0
    discrm :  [0.04865147]
-- Training of the discriminator, num_Updates[ 1 / 10]: Loss 0.06679
-- Training of the discriminator, num_Updates[ 2 / 10]: Loss 0.06664
-- Training of the discriminator, num_Updates[ 3 / 10]: Loss 0.06608
-- Training of the discriminator, num_Updates[ 4 / 10]: Loss 0.06561
-- Training of the discriminator, num_Updates[ 5 / 10]: Loss 0.06540
-- Training of the discriminator, num_Updates[ 6 / 10]: Loss 0.06534
-- Training of the discriminator, num_Updates[ 7 / 10]: Loss 0.06525
-- Training of the discriminator, num_Updates[ 8 / 10]: Loss 0.06503
-- Training of the discriminator, num_Updates[ 9 / 10]: Loss 0.06471
-- Training of the discriminator, num_Updates[ 10 / 10]: Loss 0.06434
Generation time:  19.47  seconds
###   On generation 54 of 1000
Best best molecule in generation  54
    smile  :  CCC=Cc1cscc1SC=CC=CC=CC=CSC=Cc1ccc(SC=C2C=CC=C2CCCCCC=CC=CC=C2C=CC=C2c2ccccc2)cc1
    fitness:  8.526601410583641
    logP   :  16.922199999999968
    sas    :  4.583282841485968
    ringP  :  0
    discrm :  [0.05089745]
-- Training of the discriminator, num_Updates[ 1 / 10]: Loss 0.06291
-- Training of the discriminator, num_Updates[ 2 / 10]: Loss 0.06246
-- Training of the discriminator, num_Updates[ 3 / 10]: Loss 0.06149
-- Training of the discriminator, num_Updates[ 4 / 10]: Loss 0.06066
-- Training of the discriminator, num_Updates[ 5 / 10]: Loss 0.06026
-- Training of the discriminator, num_Updates[ 6 / 10]: Loss 0.06026
-- Training of the discriminator, num_Updates[ 7 / 10]: Loss 0.06043
-- Training of the discriminator, num_Updates[ 8 / 10]: Loss 0.06049
-- Training of the discriminator, num_Updates[ 9 / 10]: Loss 0.06031
-- Training of the discriminator, num_Updates[ 10 / 10]: Loss 0.05989
Generation time:  29.71  seconds
###   On generation 55 of 1000
Best best molecule in generation  55
    smile  :  CCC=Cc1cscc1SC=CC=CC=CC=CSC=Cc1ccc(SC=C2C=CC=C2CCCCCC=CC=CC=C2C=CC=C2c2ccccc2)cc1
    fitness:  8.526601410583641
    logP   :  16.922199999999968
    sas    :  4.583282841485968
    ringP  :  0
    discrm :  [0.04553952]
-- Training of the discriminator, num_Updates[ 1 / 10]: Loss 0.06268
-- Training of the discriminator, num_Updates[ 2 / 10]: Loss 0.06167
-- Training of the discriminator, num_Updates[ 3 / 10]: Loss 0.06111
-- Training of the discriminator, num_Updates[ 4 / 10]: Loss 0.06122
-- Training of the discriminator, num_Updates[ 5 / 10]: Loss 0.06158
-- Training of the discriminator, num_Updates[ 6 / 10]: Loss 0.06153
-- Training of the discriminator, num_Updates[ 7 / 10]: Loss 0.06099
-- Training of the discriminator, num_Updates[ 8 / 10]: Loss 0.06035
-- Training of the discriminator, num_Updates[ 9 / 10]: Loss 0.06004
-- Training of the discriminator, num_Updates[ 10 / 10]: Loss 0.06004
Generation time:  43.06  seconds
###   On generation 56 of 1000
Best best molecule in generation  56
    smile  :  CCC=Cc1cscc1SC=CC=CC=CC=CSC=Cc1ccc(SC=C2C=CC=C2CCCCCC=CC=CC=C2C=CC=C2c2ccccc2)cc1
    fitness:  8.526601410583641
    logP   :  16.922199999999968
    sas    :  4.583282841485968
    ringP  :  0
    discrm :  [0.04504618]
-- Training of the discriminator, num_Updates[ 1 / 10]: Loss 0.06729
-- Training of the discriminator, num_Updates[ 2 / 10]: Loss 0.06627
-- Training of the discriminator, num_Updates[ 3 / 10]: Loss 0.06591
-- Training of the discriminator, num_Updates[ 4 / 10]: Loss 0.06607
-- Training of the discriminator, num_Updates[ 5 / 10]: Loss 0.06613
-- Training of the discriminator, num_Updates[ 6 / 10]: Loss 0.06575
-- Training of the discriminator, num_Updates[ 7 / 10]: Loss 0.06505
-- Training of the discriminator, num_Updates[ 8 / 10]: Loss 0.06443
-- Training of the discriminator, num_Updates[ 9 / 10]: Loss 0.06413
-- Training of the discriminator, num_Updates[ 10 / 10]: Loss 0.06405
Generation time:  40.11  seconds
###   On generation 57 of 1000
Best best molecule in generation  57
    smile  :  CCC=Cc1cscc1SC=CC=CC=CC=CSC=Cc1ccc(SC=CC=CC=C=CCCCCCC=CC=CC=C2C=CC=C2c2ccccc2)cc1
    fitness:  8.608247325991101
    logP   :  17.32329999999997
    sas    :  4.750789692300183
    ringP  :  0
    discrm :  [0.04316144]
-- Training of the discriminator, num_Updates[ 1 / 10]: Loss 0.07559
-- Training of the discriminator, num_Updates[ 2 / 10]: Loss 0.07470
-- Training of the discriminator, num_Updates[ 3 / 10]: Loss 0.07351
-- Training of the discriminator, num_Updates[ 4 / 10]: Loss 0.07280
-- Training of the discriminator, num_Updates[ 5 / 10]: Loss 0.07278
-- Training of the discriminator, num_Updates[ 6 / 10]: Loss 0.07287
-- Training of the discriminator, num_Updates[ 7 / 10]: Loss 0.07246
-- Training of the discriminator, num_Updates[ 8 / 10]: Loss 0.07162
-- Training of the discriminator, num_Updates[ 9 / 10]: Loss 0.07087
-- Training of the discriminator, num_Updates[ 10 / 10]: Loss 0.07053
Generation time:  40.41  seconds
###   On generation 58 of 1000
Best best molecule in generation  58
    smile  :  CCC=Cc1cscc1SC=CC=CC=CC=CSC=Cc1ccc(SC=C2C=CC=C2CCCCCC=CC=CC=CC=CC=Cc2ccccc2)cc1
    fitness:  8.750434977559975
    logP   :  17.16819999999997
    sas    :  4.541685280510357
    ringP  :  0
    discrm :  [0.04258852]
-- Training of the discriminator, num_Updates[ 1 / 10]: Loss 0.06875
-- Training of the discriminator, num_Updates[ 2 / 10]: Loss 0.06857
-- Training of the discriminator, num_Updates[ 3 / 10]: Loss 0.06803
-- Training of the discriminator, num_Updates[ 4 / 10]: Loss 0.06742
-- Training of the discriminator, num_Updates[ 5 / 10]: Loss 0.06706
-- Training of the discriminator, num_Updates[ 6 / 10]: Loss 0.06694
-- Training of the discriminator, num_Updates[ 7 / 10]: Loss 0.06683
-- Training of the discriminator, num_Updates[ 8 / 10]: Loss 0.06655
-- Training of the discriminator, num_Updates[ 9 / 10]: Loss 0.06611
-- Training of the discriminator, num_Updates[ 10 / 10]: Loss 0.06568
Generation time:  41.4  seconds
###   On generation 59 of 1000
Best best molecule in generation  59
    smile  :  CCC=Cc1cscc1SC=CC=CC=CC=CSC=Cc1ccc(SC=C2C=CC=C2CCCCCC=CC=CC=CC=CC=Cc2ccccc2)cc1
    fitness:  8.750434977559975
    logP   :  17.16819999999997
    sas    :  4.541685280510357
    ringP  :  0
    discrm :  [0.04146481]
-- Training of the discriminator, num_Updates[ 1 / 10]: Loss 0.06473
-- Training of the discriminator, num_Updates[ 2 / 10]: Loss 0.06464
-- Training of the discriminator, num_Updates[ 3 / 10]: Loss 0.06443
-- Training of the discriminator, num_Updates[ 4 / 10]: Loss 0.06410
-- Training of the discriminator, num_Updates[ 5 / 10]: Loss 0.06375
-- Training of the discriminator, num_Updates[ 6 / 10]: Loss 0.06347
-- Training of the discriminator, num_Updates[ 7 / 10]: Loss 0.06328
-- Training of the discriminator, num_Updates[ 8 / 10]: Loss 0.06312
-- Training of the discriminator, num_Updates[ 9 / 10]: Loss 0.06291
-- Training of the discriminator, num_Updates[ 10 / 10]: Loss 0.06264
Generation time:  38.64  seconds
###   On generation 60 of 1000
Best best molecule in generation  60
    smile  :  CCC=Cc1cscc1SC=CC=CC=CC=CCSC=Cc1ccc(SC=C2C=CC=C2CCCCCC=CC=CC=CC=CC=Cc2ccccc2)cc1
    fitness:  8.766566105636876
    logP   :  17.21069999999997
    sas    :  4.553220830024733
    ringP  :  0
    discrm :  [0.04025057]
-- Training of the discriminator, num_Updates[ 1 / 10]: Loss 0.06220
-- Training of the discriminator, num_Updates[ 2 / 10]: Loss 0.06200
-- Training of the discriminator, num_Updates[ 3 / 10]: Loss 0.06181
-- Training of the discriminator, num_Updates[ 4 / 10]: Loss 0.06162
-- Training of the discriminator, num_Updates[ 5 / 10]: Loss 0.06141
-- Training of the discriminator, num_Updates[ 6 / 10]: Loss 0.06118
-- Training of the discriminator, num_Updates[ 7 / 10]: Loss 0.06094
-- Training of the discriminator, num_Updates[ 8 / 10]: Loss 0.06073
-- Training of the discriminator, num_Updates[ 9 / 10]: Loss 0.06052
-- Training of the discriminator, num_Updates[ 10 / 10]: Loss 0.06032
Generation time:  42.14  seconds
###   On generation 61 of 1000
Best best molecule in generation  61
    smile  :  CCC=Cc1cscc1SC=CC=CC=CC=CSSC=Cc1ccc(SC=C2C=CC=C2CCCCCC=CC=CC=CC=CC=CCC=CC=CF)cc1
    fitness:  8.882830009584168
    logP   :  18.08869999999998
    sas    :  4.9717698374778525
    ringP  :  0
    discrm :  [0.03936913]
-- Training of the discriminator, num_Updates[ 1 / 10]: Loss 0.06413
-- Training of the discriminator, num_Updates[ 2 / 10]: Loss 0.06381
-- Training of the discriminator, num_Updates[ 3 / 10]: Loss 0.06354
-- Training of the discriminator, num_Updates[ 4 / 10]: Loss 0.06335
-- Training of the discriminator, num_Updates[ 5 / 10]: Loss 0.06317
-- Training of the discriminator, num_Updates[ 6 / 10]: Loss 0.06292
-- Training of the discriminator, num_Updates[ 7 / 10]: Loss 0.06262
-- Training of the discriminator, num_Updates[ 8 / 10]: Loss 0.06233
-- Training of the discriminator, num_Updates[ 9 / 10]: Loss 0.06209
-- Training of the discriminator, num_Updates[ 10 / 10]: Loss 0.06189
Generation time:  38.7  seconds
###   On generation 62 of 1000
Best best molecule in generation  62
    smile  :  CCC=Cc1cscc1SC=CC=CC=CC=CSC=Cc1ccc(SC=C2C=CC=C2CCCCCC=CC=CCC=CC=CC=Cc2ccccc2)cc1
    fitness:  8.975744245737943
    logP   :  17.558299999999974
    sas    :  4.5834054454093485
    ringP  :  0
    discrm :  [0.03847408]
-- Training of the discriminator, num_Updates[ 1 / 10]: Loss 0.06530
-- Training of the discriminator, num_Updates[ 2 / 10]: Loss 0.06509
-- Training of the discriminator, num_Updates[ 3 / 10]: Loss 0.06487
-- Training of the discriminator, num_Updates[ 4 / 10]: Loss 0.06468
-- Training of the discriminator, num_Updates[ 5 / 10]: Loss 0.06451
-- Training of the discriminator, num_Updates[ 6 / 10]: Loss 0.06435
-- Training of the discriminator, num_Updates[ 7 / 10]: Loss 0.06416
-- Training of the discriminator, num_Updates[ 8 / 10]: Loss 0.06395
-- Training of the discriminator, num_Updates[ 9 / 10]: Loss 0.06375
-- Training of the discriminator, num_Updates[ 10 / 10]: Loss 0.06357
Generation time:  38.85  seconds
###   On generation 63 of 1000
Best best molecule in generation  63
    smile  :  CCC=Cc1cscc1SC=CC=CC=CC=CSC=Cc1ccc(SC=C2C=CC=C2CCCCCC=CC=CCC=CCC=CC=Cc2ccccc2)cc1
    fitness:  9.225838689930619
    logP   :  17.948399999999978
    sas    :  4.604537973077109
    ringP  :  0
    discrm :  [0.03761178]
-- Training of the discriminator, num_Updates[ 1 / 10]: Loss 0.05871
-- Training of the discriminator, num_Updates[ 2 / 10]: Loss 0.05849
-- Training of the discriminator, num_Updates[ 3 / 10]: Loss 0.05829
-- Training of the discriminator, num_Updates[ 4 / 10]: Loss 0.05811
-- Training of the discriminator, num_Updates[ 5 / 10]: Loss 0.05789
-- Training of the discriminator, num_Updates[ 6 / 10]: Loss 0.05765
-- Training of the discriminator, num_Updates[ 7 / 10]: Loss 0.05742
-- Training of the discriminator, num_Updates[ 8 / 10]: Loss 0.05721
-- Training of the discriminator, num_Updates[ 9 / 10]: Loss 0.05700
-- Training of the discriminator, num_Updates[ 10 / 10]: Loss 0.05678
Generation time:  37.48  seconds
###   On generation 64 of 1000
Best best molecule in generation  64
    smile  :  CCC=Cc1cscc1SC=CC=CC=CC=CSC=Cc1ccc(SC=C2C=CC=C2CCCCCC=CC=CCC=CCC=CC=Cc2ccccc2)cc1
    fitness:  9.225838689930619
    logP   :  17.948399999999978
    sas    :  4.604537973077109
    ringP  :  0
    discrm :  [0.03679762]
-- Training of the discriminator, num_Updates[ 1 / 10]: Loss 0.06184
-- Training of the discriminator, num_Updates[ 2 / 10]: Loss 0.06113
-- Training of the discriminator, num_Updates[ 3 / 10]: Loss 0.06067
-- Training of the discriminator, num_Updates[ 4 / 10]: Loss 0.06062
-- Training of the discriminator, num_Updates[ 5 / 10]: Loss 0.06065
-- Training of the discriminator, num_Updates[ 6 / 10]: Loss 0.06044
-- Training of the discriminator, num_Updates[ 7 / 10]: Loss 0.05999
-- Training of the discriminator, num_Updates[ 8 / 10]: Loss 0.05954
-- Training of the discriminator, num_Updates[ 9 / 10]: Loss 0.05930
-- Training of the discriminator, num_Updates[ 10 / 10]: Loss 0.05922
Generation time:  37.15  seconds
###   On generation 65 of 1000
Best best molecule in generation  65
    smile  :  CCC=Cc1cscc1SC=CC=CC=CC=CSC=Cc1ccc(SC=C2C=CC=C2CCCCCC=CC=CCC=CCC=CC=Cc2ccccc2)cc1
    fitness:  9.225838689930619
    logP   :  17.948399999999978
    sas    :  4.604537973077109
    ringP  :  0
    discrm :  [0.03600696]
-- Training of the discriminator, num_Updates[ 1 / 10]: Loss 0.05093
-- Training of the discriminator, num_Updates[ 2 / 10]: Loss 0.05073
-- Training of the discriminator, num_Updates[ 3 / 10]: Loss 0.05049
-- Training of the discriminator, num_Updates[ 4 / 10]: Loss 0.05029
-- Training of the discriminator, num_Updates[ 5 / 10]: Loss 0.05015
-- Training of the discriminator, num_Updates[ 6 / 10]: Loss 0.05001
-- Training of the discriminator, num_Updates[ 7 / 10]: Loss 0.04983
-- Training of the discriminator, num_Updates[ 8 / 10]: Loss 0.04963
-- Training of the discriminator, num_Updates[ 9 / 10]: Loss 0.04944
-- Training of the discriminator, num_Updates[ 10 / 10]: Loss 0.04930
Generation time:  38.42  seconds
###   On generation 66 of 1000
Best best molecule in generation  66
    smile  :  CCC=Cc1cscc1SC=CC=CCC=CC=CSC=Cc1ccc(SC=C2C=CC=C2CCCCCCC=CC=CC=CC=CC=Cc2ccccc2)cc1
    fitness:  9.244333653164135
    logP   :  17.948399999999978
    sas    :  4.589175258144982
    ringP  :  0
    discrm :  [0.03526206]
-- Training of the discriminator, num_Updates[ 1 / 10]: Loss 0.06380
-- Training of the discriminator, num_Updates[ 2 / 10]: Loss 0.06351
-- Training of the discriminator, num_Updates[ 3 / 10]: Loss 0.06324
-- Training of the discriminator, num_Updates[ 4 / 10]: Loss 0.06306
-- Training of the discriminator, num_Updates[ 5 / 10]: Loss 0.06286
-- Training of the discriminator, num_Updates[ 6 / 10]: Loss 0.06257
-- Training of the discriminator, num_Updates[ 7 / 10]: Loss 0.06227
-- Training of the discriminator, num_Updates[ 8 / 10]: Loss 0.06203
-- Training of the discriminator, num_Updates[ 9 / 10]: Loss 0.06181
-- Training of the discriminator, num_Updates[ 10 / 10]: Loss 0.06153
Generation time:  38.57  seconds
###   On generation 67 of 1000
Best best molecule in generation  67
    smile  :  CCC=Cc1cscc1SC=CC=CC=CC=CSSC=Cc1ccc(SC=C2C=CC=C2CCCCCC=CC=CC=CSC=CC=Cc2ccccc2)cc1
    fitness:  9.316470321373115
    logP   :  18.464599999999987
    sas    :  4.83211009977394
    ringP  :  0
    discrm :  [0.03613981]
-- Training of the discriminator, num_Updates[ 1 / 10]: Loss 0.05660
-- Training of the discriminator, num_Updates[ 2 / 10]: Loss 0.05511
-- Training of the discriminator, num_Updates[ 3 / 10]: Loss 0.05410
-- Training of the discriminator, num_Updates[ 4 / 10]: Loss 0.05435
-- Training of the discriminator, num_Updates[ 5 / 10]: Loss 0.05494
-- Training of the discriminator, num_Updates[ 6 / 10]: Loss 0.05474
-- Training of the discriminator, num_Updates[ 7 / 10]: Loss 0.05381
-- Training of the discriminator, num_Updates[ 8 / 10]: Loss 0.05304
-- Training of the discriminator, num_Updates[ 9 / 10]: Loss 0.05297
-- Training of the discriminator, num_Updates[ 10 / 10]: Loss 0.05324
Generation time:  40.24  seconds
###   On generation 68 of 1000
Best best molecule in generation  68
    smile  :  CCC=CCC=CC=CCCCCCC(=CC=CC=CSc1ccc(C=CSC=CC=CC=CC=CSc2cscc2C=CCC)cc1)CC=Cc1ccccc1
    fitness:  9.524348009694096
    logP   :  18.418399999999984
    sas    :  4.632332365430317
    ringP  :  0
    discrm :  [0.03366632]
-- Training of the discriminator, num_Updates[ 1 / 10]: Loss 0.05062
-- Training of the discriminator, num_Updates[ 2 / 10]: Loss 0.05047
-- Training of the discriminator, num_Updates[ 3 / 10]: Loss 0.05027
-- Training of the discriminator, num_Updates[ 4 / 10]: Loss 0.05011
-- Training of the discriminator, num_Updates[ 5 / 10]: Loss 0.05001
-- Training of the discriminator, num_Updates[ 6 / 10]: Loss 0.04990
-- Training of the discriminator, num_Updates[ 7 / 10]: Loss 0.04976
-- Training of the discriminator, num_Updates[ 8 / 10]: Loss 0.04958
-- Training of the discriminator, num_Updates[ 9 / 10]: Loss 0.04941
-- Training of the discriminator, num_Updates[ 10 / 10]: Loss 0.04927
Generation time:  38.18  seconds
###   On generation 69 of 1000
Best best molecule in generation  69
    smile  :  CCCCCc1cscc1SC=CC=CC=CC=CSC=Cc1ccc(SC=C2C=CC=C2CCCCCC=CC=CCC=CCC=CC=Cc2ccccc2)cc1
    fitness:  9.544864265752013
    logP   :  18.25789999999998
    sas    :  4.52112528620103
    ringP  :  0
    discrm :  [0.03305598]
-- Training of the discriminator, num_Updates[ 1 / 10]: Loss 0.05637
-- Training of the discriminator, num_Updates[ 2 / 10]: Loss 0.05623
-- Training of the discriminator, num_Updates[ 3 / 10]: Loss 0.05607
-- Training of the discriminator, num_Updates[ 4 / 10]: Loss 0.05590
-- Training of the discriminator, num_Updates[ 5 / 10]: Loss 0.05572
-- Training of the discriminator, num_Updates[ 6 / 10]: Loss 0.05554
-- Training of the discriminator, num_Updates[ 7 / 10]: Loss 0.05537
-- Training of the discriminator, num_Updates[ 8 / 10]: Loss 0.05519
-- Training of the discriminator, num_Updates[ 9 / 10]: Loss 0.05501
-- Training of the discriminator, num_Updates[ 10 / 10]: Loss 0.05483
Generation time:  39.32  seconds
###   On generation 70 of 1000
Best best molecule in generation  70
    smile  :  CC=CCCCCCC(C=CSC=CSc1ccc(C=CSC=CCC=CC=CC=CSc2cscc2C=CCC)cc1)=CC=Cc1cscc1-c1ccccc1
    fitness:  9.736222500941192
    logP   :  18.902499999999993
    sas    :  4.740361860195907
    ringP  :  0
    discrm :  [0.03314076]
-- Training of the discriminator, num_Updates[ 1 / 10]: Loss 0.05241
-- Training of the discriminator, num_Updates[ 2 / 10]: Loss 0.05222
-- Training of the discriminator, num_Updates[ 3 / 10]: Loss 0.05198
-- Training of the discriminator, num_Updates[ 4 / 10]: Loss 0.05176
-- Training of the discriminator, num_Updates[ 5 / 10]: Loss 0.05161
-- Training of the discriminator, num_Updates[ 6 / 10]: Loss 0.05150
-- Training of the discriminator, num_Updates[ 7 / 10]: Loss 0.05140
-- Training of the discriminator, num_Updates[ 8 / 10]: Loss 0.05128
-- Training of the discriminator, num_Updates[ 9 / 10]: Loss 0.05111
-- Training of the discriminator, num_Updates[ 10 / 10]: Loss 0.05092
Generation time:  39.14  seconds
###   On generation 71 of 1000
Best best molecule in generation  71
    smile  :  CC=CCCCCCC(C=CSC=CSc1ccc(C=CSC=CCC=CC=CC=CSc2cscc2C=CCC)cc1)=CC=Cc1cscc1-c1ccccc1
    fitness:  9.736222500941192
    logP   :  18.902499999999993
    sas    :  4.740361860195907
    ringP  :  0
    discrm :  [0.03220331]
-- Training of the discriminator, num_Updates[ 1 / 10]: Loss 0.05036
-- Training of the discriminator, num_Updates[ 2 / 10]: Loss 0.04987
-- Training of the discriminator, num_Updates[ 3 / 10]: Loss 0.04965
-- Training of the discriminator, num_Updates[ 4 / 10]: Loss 0.04972
-- Training of the discriminator, num_Updates[ 5 / 10]: Loss 0.04968
-- Training of the discriminator, num_Updates[ 6 / 10]: Loss 0.04935
-- Training of the discriminator, num_Updates[ 7 / 10]: Loss 0.04899
-- Training of the discriminator, num_Updates[ 8 / 10]: Loss 0.04883
-- Training of the discriminator, num_Updates[ 9 / 10]: Loss 0.04880
-- Training of the discriminator, num_Updates[ 10 / 10]: Loss 0.04869
Generation time:  36.85  seconds
###   On generation 72 of 1000
Best best molecule in generation  72
    smile  :  CC=CCCCCCC(C=CSC=CSc1ccc(C=CSC=CCC=CC=CC=CSc2cscc2C=CCC)cc1)=CC=Cc1cscc1-c1ccccc1
    fitness:  9.736222500941192
    logP   :  18.902499999999993
    sas    :  4.740361860195907
    ringP  :  0
    discrm :  [0.03167865]
-- Training of the discriminator, num_Updates[ 1 / 10]: Loss 0.04920
-- Training of the discriminator, num_Updates[ 2 / 10]: Loss 0.04910
-- Training of the discriminator, num_Updates[ 3 / 10]: Loss 0.04902
-- Training of the discriminator, num_Updates[ 4 / 10]: Loss 0.04892
-- Training of the discriminator, num_Updates[ 5 / 10]: Loss 0.04879
-- Training of the discriminator, num_Updates[ 6 / 10]: Loss 0.04864
-- Training of the discriminator, num_Updates[ 7 / 10]: Loss 0.04849
-- Training of the discriminator, num_Updates[ 8 / 10]: Loss 0.04836
-- Training of the discriminator, num_Updates[ 9 / 10]: Loss 0.04822
-- Training of the discriminator, num_Updates[ 10 / 10]: Loss 0.04806
Generation time:  37.79  seconds
###   On generation 73 of 1000
Best best molecule in generation  73
    smile  :  CC=CCCCCCC(C=CSC=CSc1ccc(C=CSC=CCC=CC=CCCSc2cscc2C=CCC)cc1)=CC=Cc1cscc1-c1ccccc1
    fitness:  9.756429717152287
    logP   :  18.778899999999993
    sas    :  4.651060722280568
    ringP  :  0
    discrm :  [0.03105081]
-- Training of the discriminator, num_Updates[ 1 / 10]: Loss 0.05132
-- Training of the discriminator, num_Updates[ 2 / 10]: Loss 0.05122
-- Training of the discriminator, num_Updates[ 3 / 10]: Loss 0.05112
-- Training of the discriminator, num_Updates[ 4 / 10]: Loss 0.05101
-- Training of the discriminator, num_Updates[ 5 / 10]: Loss 0.05088
-- Training of the discriminator, num_Updates[ 6 / 10]: Loss 0.05076
-- Training of the discriminator, num_Updates[ 7 / 10]: Loss 0.05063
-- Training of the discriminator, num_Updates[ 8 / 10]: Loss 0.05050
-- Training of the discriminator, num_Updates[ 9 / 10]: Loss 0.05036
-- Training of the discriminator, num_Updates[ 10 / 10]: Loss 0.05023
Generation time:  38.41  seconds
###   On generation 74 of 1000
Best best molecule in generation  74
    smile  :  CCC=Cc1cscc1SSC=CC=CC=CC=CCSSC=Cc1ccc(SC=CC=CC=CCCCCC=CC=CC=CSC=CC=CSc2ccccc2)cc1
    fitness:  9.876026804784564
    logP   :  19.6038
    sas    :  5.035687259828619
    ringP  :  0
    discrm :  [0.03098565]
-- Training of the discriminator, num_Updates[ 1 / 10]: Loss 0.06113
-- Training of the discriminator, num_Updates[ 2 / 10]: Loss 0.06041
-- Training of the discriminator, num_Updates[ 3 / 10]: Loss 0.05958
-- Training of the discriminator, num_Updates[ 4 / 10]: Loss 0.05920
-- Training of the discriminator, num_Updates[ 5 / 10]: Loss 0.05945
-- Training of the discriminator, num_Updates[ 6 / 10]: Loss 0.05975
-- Training of the discriminator, num_Updates[ 7 / 10]: Loss 0.05940
-- Training of the discriminator, num_Updates[ 8 / 10]: Loss 0.05876
-- Training of the discriminator, num_Updates[ 9 / 10]: Loss 0.05844
-- Training of the discriminator, num_Updates[ 10 / 10]: Loss 0.05846
Generation time:  37.77  seconds
###   On generation 75 of 1000
Best best molecule in generation  75
    smile  :  CCC=Cc1cscc1SSC=CC=CC=CC=CCSSC=Cc1ccc(SC=CC=CC=CCCCCCSC=CC=CSC=CC=CSc2ccccc2)cc1
    fitness:  9.899812500561382
    logP   :  19.738300000000002
    sas    :  5.094841018569878
    ringP  :  0
    discrm :  [0.03263719]
-- Training of the discriminator, num_Updates[ 1 / 10]: Loss 0.04994
-- Training of the discriminator, num_Updates[ 2 / 10]: Loss 0.04945
-- Training of the discriminator, num_Updates[ 3 / 10]: Loss 0.04930
-- Training of the discriminator, num_Updates[ 4 / 10]: Loss 0.04938
-- Training of the discriminator, num_Updates[ 5 / 10]: Loss 0.04949
-- Training of the discriminator, num_Updates[ 6 / 10]: Loss 0.04945
-- Training of the discriminator, num_Updates[ 7 / 10]: Loss 0.04925
-- Training of the discriminator, num_Updates[ 8 / 10]: Loss 0.04896
-- Training of the discriminator, num_Updates[ 9 / 10]: Loss 0.04872
-- Training of the discriminator, num_Updates[ 10 / 10]: Loss 0.04861
Generation time:  37.74  seconds
###   On generation 76 of 1000
Best best molecule in generation  76
    smile  :  CCC=Cc1cscc1SC=CC=CC=CC=CSSCSc1ccc(SC=CC=CC=C(CC=CSc2ccccc2)CCCCCCC=CC=CC=CSC)cc1
    fitness:  10.03439755588054
    logP   :  19.648600000000002
    sas    :  4.930421848240208
    ringP  :  0
    discrm :  [0.02985281]
-- Training of the discriminator, num_Updates[ 1 / 10]: Loss 0.05292
-- Training of the discriminator, num_Updates[ 2 / 10]: Loss 0.05293
-- Training of the discriminator, num_Updates[ 3 / 10]: Loss 0.05290
-- Training of the discriminator, num_Updates[ 4 / 10]: Loss 0.05278
-- Training of the discriminator, num_Updates[ 5 / 10]: Loss 0.05261
-- Training of the discriminator, num_Updates[ 6 / 10]: Loss 0.05244
-- Training of the discriminator, num_Updates[ 7 / 10]: Loss 0.05233
-- Training of the discriminator, num_Updates[ 8 / 10]: Loss 0.05225
-- Training of the discriminator, num_Updates[ 9 / 10]: Loss 0.05217
-- Training of the discriminator, num_Updates[ 10 / 10]: Loss 0.05205
Generation time:  38.09  seconds
###   On generation 77 of 1000
Best best molecule in generation  77
    smile  :  CCC=Cc1cscc1SC=CC=CC=CC=CSSCSc1ccc(SC=CC=CC=C(CC=CSc2ccccc2)CCCCCCC=CC=CC=CSC)cc1
    fitness:  10.03439755588054
    logP   :  19.648600000000002
    sas    :  4.930421848240208
    ringP  :  0
    discrm :  [0.02908235]
-- Training of the discriminator, num_Updates[ 1 / 10]: Loss 0.05091
-- Training of the discriminator, num_Updates[ 2 / 10]: Loss 0.05076
-- Training of the discriminator, num_Updates[ 3 / 10]: Loss 0.05061
-- Training of the discriminator, num_Updates[ 4 / 10]: Loss 0.05044
-- Training of the discriminator, num_Updates[ 5 / 10]: Loss 0.05025
-- Training of the discriminator, num_Updates[ 6 / 10]: Loss 0.05005
-- Training of the discriminator, num_Updates[ 7 / 10]: Loss 0.04985
-- Training of the discriminator, num_Updates[ 8 / 10]: Loss 0.04965
-- Training of the discriminator, num_Updates[ 9 / 10]: Loss 0.04946
-- Training of the discriminator, num_Updates[ 10 / 10]: Loss 0.04926
Generation time:  37.52  seconds
###   On generation 78 of 1000
Best best molecule in generation  78
    smile  :  CCC=Cc1cscc1SSC=CC=CC=CC=CCSSC=Cc1ccc(SC=CC=CC=CCCCCCSC=CSC=CSC=CC=CSc2ccccc2)cc1
    fitness:  10.224047290826025
    logP   :  20.386500000000012
    sas    :  5.205816710255059
    ringP  :  0
    discrm :  [0.03065333]
-- Training of the discriminator, num_Updates[ 1 / 10]: Loss 0.05457
-- Training of the discriminator, num_Updates[ 2 / 10]: Loss 0.05420
-- Training of the discriminator, num_Updates[ 3 / 10]: Loss 0.05384
-- Training of the discriminator, num_Updates[ 4 / 10]: Loss 0.05361
-- Training of the discriminator, num_Updates[ 5 / 10]: Loss 0.05343
-- Training of the discriminator, num_Updates[ 6 / 10]: Loss 0.05316
-- Training of the discriminator, num_Updates[ 7 / 10]: Loss 0.05280
-- Training of the discriminator, num_Updates[ 8 / 10]: Loss 0.05244
-- Training of the discriminator, num_Updates[ 9 / 10]: Loss 0.05216
-- Training of the discriminator, num_Updates[ 10 / 10]: Loss 0.05193
Generation time:  37.54  seconds
###   On generation 79 of 1000
Best best molecule in generation  79
    smile  :  CCC=Cc1cscc1SSC=CC=CC=CC=CCSSC=Cc1ccc(SC=CC=CC=CCCCCCSC=CSC=CSC=CC=CSc2ccccc2)cc1
    fitness:  10.224047290826025
    logP   :  20.386500000000012
    sas    :  5.205816710255059
    ringP  :  0
    discrm :  [0.03007458]
-- Training of the discriminator, num_Updates[ 1 / 10]: Loss 0.04329
-- Training of the discriminator, num_Updates[ 2 / 10]: Loss 0.04309
-- Training of the discriminator, num_Updates[ 3 / 10]: Loss 0.04289
-- Training of the discriminator, num_Updates[ 4 / 10]: Loss 0.04274
-- Training of the discriminator, num_Updates[ 5 / 10]: Loss 0.04261
-- Training of the discriminator, num_Updates[ 6 / 10]: Loss 0.04246
-- Training of the discriminator, num_Updates[ 7 / 10]: Loss 0.04227
-- Training of the discriminator, num_Updates[ 8 / 10]: Loss 0.04208
-- Training of the discriminator, num_Updates[ 9 / 10]: Loss 0.04192
-- Training of the discriminator, num_Updates[ 10 / 10]: Loss 0.04179
Generation time:  38.36  seconds
###   On generation 80 of 1000
Best best molecule in generation  80
    smile  :  CCC=Cc1cscc1SSC=CC=CC=CCCCSSC=Cc1ccc(SC=CC=CC=CCCCCCCSCCC=CSC=CC=CSc2ccccc2)cc1
    fitness:  10.428796049069277
    logP   :  20.228800000000007
    sas    :  4.943220921686087
    ringP  :  0
    discrm :  [0.02788947]
-- Training of the discriminator, num_Updates[ 1 / 10]: Loss 0.03968
-- Training of the discriminator, num_Updates[ 2 / 10]: Loss 0.03942
-- Training of the discriminator, num_Updates[ 3 / 10]: Loss 0.03918
-- Training of the discriminator, num_Updates[ 4 / 10]: Loss 0.03907
-- Training of the discriminator, num_Updates[ 5 / 10]: Loss 0.03905
-- Training of the discriminator, num_Updates[ 6 / 10]: Loss 0.03897
-- Training of the discriminator, num_Updates[ 7 / 10]: Loss 0.03881
-- Training of the discriminator, num_Updates[ 8 / 10]: Loss 0.03861
-- Training of the discriminator, num_Updates[ 9 / 10]: Loss 0.03848
-- Training of the discriminator, num_Updates[ 10 / 10]: Loss 0.03841
Generation time:  37.72  seconds
###   On generation 81 of 1000
Best best molecule in generation  81
    smile  :  CCC=Cc1cscc1SSC=CC=CC=CCCCSSC=Cc1ccc(SC=CC=CC=CCCCCCCSCCC=CSC=CC=CSc2ccccc2)cc1
    fitness:  10.428796049069277
    logP   :  20.228800000000007
    sas    :  4.943220921686087
    ringP  :  0
    discrm :  [0.02716185]
-- Training of the discriminator, num_Updates[ 1 / 10]: Loss 0.04699
-- Training of the discriminator, num_Updates[ 2 / 10]: Loss 0.04681
-- Training of the discriminator, num_Updates[ 3 / 10]: Loss 0.04664
-- Training of the discriminator, num_Updates[ 4 / 10]: Loss 0.04649
-- Training of the discriminator, num_Updates[ 5 / 10]: Loss 0.04631
-- Training of the discriminator, num_Updates[ 6 / 10]: Loss 0.04608
-- Training of the discriminator, num_Updates[ 7 / 10]: Loss 0.04582
-- Training of the discriminator, num_Updates[ 8 / 10]: Loss 0.04559
-- Training of the discriminator, num_Updates[ 9 / 10]: Loss 0.04539
-- Training of the discriminator, num_Updates[ 10 / 10]: Loss 0.04519
Generation time:  37.82  seconds
###   On generation 82 of 1000
Best best molecule in generation  82
    smile  :  CCC=Cc1cscc1SSC=CC=CC=CCCCSSC=Cc1ccc(SSC=CC=CC=CCCCCCSCCC=CSC=CC=CSc2ccccc2)cc1
    fitness:  10.47658625711678
    logP   :  20.48690000000001
    sas    :  5.05495164794307
    ringP  :  0
    discrm :  [0.02743487]
-- Training of the discriminator, num_Updates[ 1 / 10]: Loss 0.04596
-- Training of the discriminator, num_Updates[ 2 / 10]: Loss 0.04571
-- Training of the discriminator, num_Updates[ 3 / 10]: Loss 0.04552
-- Training of the discriminator, num_Updates[ 4 / 10]: Loss 0.04546
-- Training of the discriminator, num_Updates[ 5 / 10]: Loss 0.04537
-- Training of the discriminator, num_Updates[ 6 / 10]: Loss 0.04514
-- Training of the discriminator, num_Updates[ 7 / 10]: Loss 0.04491
-- Training of the discriminator, num_Updates[ 8 / 10]: Loss 0.04477
-- Training of the discriminator, num_Updates[ 9 / 10]: Loss 0.04467
-- Training of the discriminator, num_Updates[ 10 / 10]: Loss 0.04451
Generation time:  39.41  seconds
###   On generation 83 of 1000
Best best molecule in generation  83
    smile  :  CCC=Cc1cscc1SSC=CC=CC=CC=CCSSSC=Cc1ccc(SC=CC=CCCCCCCSC=CSC=CSC=CC=CSc2ccccc2)cc1
    fitness:  10.546937867611934
    logP   :  20.868600000000015
    sas    :  5.220458051037182
    ringP  :  0
    discrm :  [0.02872004]
-- Training of the discriminator, num_Updates[ 1 / 10]: Loss 0.05154
-- Training of the discriminator, num_Updates[ 2 / 10]: Loss 0.05128
-- Training of the discriminator, num_Updates[ 3 / 10]: Loss 0.05111
-- Training of the discriminator, num_Updates[ 4 / 10]: Loss 0.05099
-- Training of the discriminator, num_Updates[ 5 / 10]: Loss 0.05079
-- Training of the discriminator, num_Updates[ 6 / 10]: Loss 0.05054
-- Training of the discriminator, num_Updates[ 7 / 10]: Loss 0.05033
-- Training of the discriminator, num_Updates[ 8 / 10]: Loss 0.05018
-- Training of the discriminator, num_Updates[ 9 / 10]: Loss 0.05001
-- Training of the discriminator, num_Updates[ 10 / 10]: Loss 0.04980
Generation time:  39.57  seconds
###   On generation 84 of 1000
Best best molecule in generation  84
    smile  :  CCC=Cc1cscc1SSC=CC=CC=CCCCSSC=Cc1ccc(SC=CC=CC=CCCCCCCCCCC=CSC=CC=CSc2ccccc2)cc1
    fitness:  10.86992310726789
    logP   :  20.66590000000001
    sas    :  4.8332484249091205
    ringP  :  0
    discrm :  [0.02545298]
-- Training of the discriminator, num_Updates[ 1 / 10]: Loss 0.04273
-- Training of the discriminator, num_Updates[ 2 / 10]: Loss 0.04240
-- Training of the discriminator, num_Updates[ 3 / 10]: Loss 0.04200
-- Training of the discriminator, num_Updates[ 4 / 10]: Loss 0.04179
-- Training of the discriminator, num_Updates[ 5 / 10]: Loss 0.04177
-- Training of the discriminator, num_Updates[ 6 / 10]: Loss 0.04178
-- Training of the discriminator, num_Updates[ 7 / 10]: Loss 0.04167
-- Training of the discriminator, num_Updates[ 8 / 10]: Loss 0.04144
-- Training of the discriminator, num_Updates[ 9 / 10]: Loss 0.04117
-- Training of the discriminator, num_Updates[ 10 / 10]: Loss 0.04099
Generation time:  38.38  seconds
###   On generation 85 of 1000
Best best molecule in generation  85
    smile  :  CCC=Cc1cscc1SSC=CC=CC=CCCCSSC=Cc1ccc(SC=CC=CC=CCCCCCCCCCC=CSC=CC=CSc2ccccc2)cc1
    fitness:  10.86992310726789
    logP   :  20.66590000000001
    sas    :  4.8332484249091205
    ringP  :  0
    discrm :  [0.02485556]
-- Training of the discriminator, num_Updates[ 1 / 10]: Loss 0.04083
-- Training of the discriminator, num_Updates[ 2 / 10]: Loss 0.04061
-- Training of the discriminator, num_Updates[ 3 / 10]: Loss 0.04055
-- Training of the discriminator, num_Updates[ 4 / 10]: Loss 0.04059
-- Training of the discriminator, num_Updates[ 5 / 10]: Loss 0.04056
-- Training of the discriminator, num_Updates[ 6 / 10]: Loss 0.04039
-- Training of the discriminator, num_Updates[ 7 / 10]: Loss 0.04019
-- Training of the discriminator, num_Updates[ 8 / 10]: Loss 0.04006
-- Training of the discriminator, num_Updates[ 9 / 10]: Loss 0.04002
-- Training of the discriminator, num_Updates[ 10 / 10]: Loss 0.03998
Generation time:  37.21  seconds
###   On generation 86 of 1000
Best best molecule in generation  86
    smile  :  CCC=Cc1cscc1SSC=CC=CC=CCCCSSC=Cc1ccccc1CSSC=CC=CC=CC=CCCCCSCCC=CSC=CC=CSSc1ccccc1
    fitness:  10.896346656456204
    logP   :  21.44230000000002
    sas    :  5.266813963552167
    ringP  :  0
    discrm :  [0.02484345]
-- Training of the discriminator, num_Updates[ 1 / 10]: Loss 0.03622
-- Training of the discriminator, num_Updates[ 2 / 10]: Loss 0.03610
-- Training of the discriminator, num_Updates[ 3 / 10]: Loss 0.03600
-- Training of the discriminator, num_Updates[ 4 / 10]: Loss 0.03592
-- Training of the discriminator, num_Updates[ 5 / 10]: Loss 0.03586
-- Training of the discriminator, num_Updates[ 6 / 10]: Loss 0.03580
-- Training of the discriminator, num_Updates[ 7 / 10]: Loss 0.03570
-- Training of the discriminator, num_Updates[ 8 / 10]: Loss 0.03559
-- Training of the discriminator, num_Updates[ 9 / 10]: Loss 0.03549
-- Training of the discriminator, num_Updates[ 10 / 10]: Loss 0.03541
Generation time:  38.76  seconds
###   On generation 87 of 1000
Best best molecule in generation  87
    smile  :  CCC=Cc1cscc1SSC=CC=CC=CCCCSSC=Cc1ccccc1CSSC=CC=CC=CC=CCCCCSCCC=CSC=CC=CSSc1ccccc1
    fitness:  10.896346656456204
    logP   :  21.44230000000002
    sas    :  5.266813963552167
    ringP  :  0
    discrm :  [0.02429791]
-- Training of the discriminator, num_Updates[ 1 / 10]: Loss 0.04365
-- Training of the discriminator, num_Updates[ 2 / 10]: Loss 0.04343
-- Training of the discriminator, num_Updates[ 3 / 10]: Loss 0.04318
-- Training of the discriminator, num_Updates[ 4 / 10]: Loss 0.04308
-- Training of the discriminator, num_Updates[ 5 / 10]: Loss 0.04310
-- Training of the discriminator, num_Updates[ 6 / 10]: Loss 0.04305
-- Training of the discriminator, num_Updates[ 7 / 10]: Loss 0.04288
-- Training of the discriminator, num_Updates[ 8 / 10]: Loss 0.04266
-- Training of the discriminator, num_Updates[ 9 / 10]: Loss 0.04252
-- Training of the discriminator, num_Updates[ 10 / 10]: Loss 0.04246
Generation time:  39.17  seconds
###   On generation 88 of 1000
Best best molecule in generation  88
    smile  :  CCC=Cc1cscc1SSC=CC=CC=CCCCSSC=Cc1ccccc1CSSC=CC=CC=CC=CCCCCSCCC=CSC=CC=CSSc1ccccc1
    fitness:  10.896346656456204
    logP   :  21.44230000000002
    sas    :  5.266813963552167
    ringP  :  0
    discrm :  [0.0237984]
-- Training of the discriminator, num_Updates[ 1 / 10]: Loss 0.04412
-- Training of the discriminator, num_Updates[ 2 / 10]: Loss 0.04362
-- Training of the discriminator, num_Updates[ 3 / 10]: Loss 0.04339
-- Training of the discriminator, num_Updates[ 4 / 10]: Loss 0.04356
-- Training of the discriminator, num_Updates[ 5 / 10]: Loss 0.04355
-- Training of the discriminator, num_Updates[ 6 / 10]: Loss 0.04316
-- Training of the discriminator, num_Updates[ 7 / 10]: Loss 0.04287
-- Training of the discriminator, num_Updates[ 8 / 10]: Loss 0.04286
-- Training of the discriminator, num_Updates[ 9 / 10]: Loss 0.04285
-- Training of the discriminator, num_Updates[ 10 / 10]: Loss 0.04266
Generation time:  39.09  seconds
###   On generation 89 of 1000
Best best molecule in generation  89
    smile  :  CCC=Cc1cscc1SSC=CC=CC=CCCCSSC=Cc1ccccc1CSSC=CC=CCCC=CCCCCSCCC=CSC=CC=CSSc1ccccc1
    fitness:  11.095029569858388
    logP   :  21.666300000000025
    sas    :  5.233200215597995
    ringP  :  0
    discrm :  [0.02352868]
-- Training of the discriminator, num_Updates[ 1 / 10]: Loss 0.04089
-- Training of the discriminator, num_Updates[ 2 / 10]: Loss 0.04070
-- Training of the discriminator, num_Updates[ 3 / 10]: Loss 0.04061
-- Training of the discriminator, num_Updates[ 4 / 10]: Loss 0.04057
-- Training of the discriminator, num_Updates[ 5 / 10]: Loss 0.04043
-- Training of the discriminator, num_Updates[ 6 / 10]: Loss 0.04018
-- Training of the discriminator, num_Updates[ 7 / 10]: Loss 0.03993
-- Training of the discriminator, num_Updates[ 8 / 10]: Loss 0.03976
-- Training of the discriminator, num_Updates[ 9 / 10]: Loss 0.03964
-- Training of the discriminator, num_Updates[ 10 / 10]: Loss 0.03949
Generation time:  39.97  seconds
###   On generation 90 of 1000
Best best molecule in generation  90
    smile  :  CCC=Cc1cscc1SSC=CCC=CC=CC=CSSSC=Cc1ccc(SC=CC=CC=CCCCCCCSC=CSSSC=CC=CSc2ccccc2)cc1
    fitness:  11.222715808977052
    logP   :  21.86440000000003
    sas    :  5.2433638337438415
    ringP  :  0
    discrm :  [0.02460656]
-- Training of the discriminator, num_Updates[ 1 / 10]: Loss 0.04430
-- Training of the discriminator, num_Updates[ 2 / 10]: Loss 0.04327
-- Training of the discriminator, num_Updates[ 3 / 10]: Loss 0.04214
-- Training of the discriminator, num_Updates[ 4 / 10]: Loss 0.04176
-- Training of the discriminator, num_Updates[ 5 / 10]: Loss 0.04216
-- Training of the discriminator, num_Updates[ 6 / 10]: Loss 0.04254
-- Training of the discriminator, num_Updates[ 7 / 10]: Loss 0.04226
-- Training of the discriminator, num_Updates[ 8 / 10]: Loss 0.04145
-- Training of the discriminator, num_Updates[ 9 / 10]: Loss 0.04073
-- Training of the discriminator, num_Updates[ 10 / 10]: Loss 0.04047
Generation time:  38.15  seconds
###   On generation 91 of 1000
Best best molecule in generation  91
    smile  :  CCC=Cc1cscc1SSC=CC=CC=CCCCCSSC=Cc1ccc(SC=CC=CC=CCCCCCCCCCC=CSC=CC=CSCc2ccccc2)cc1
    fitness:  11.235323431041312
    logP   :  21.197100000000017
    sas    :  4.841386317207193
    ringP  :  0
    discrm :  [0.02226391]
-- Training of the discriminator, num_Updates[ 1 / 10]: Loss 0.05239
-- Training of the discriminator, num_Updates[ 2 / 10]: Loss 0.05187
-- Training of the discriminator, num_Updates[ 3 / 10]: Loss 0.05185
-- Training of the discriminator, num_Updates[ 4 / 10]: Loss 0.05180
-- Training of the discriminator, num_Updates[ 5 / 10]: Loss 0.05129
-- Training of the discriminator, num_Updates[ 6 / 10]: Loss 0.05058
-- Training of the discriminator, num_Updates[ 7 / 10]: Loss 0.05013
-- Training of the discriminator, num_Updates[ 8 / 10]: Loss 0.04996
-- Training of the discriminator, num_Updates[ 9 / 10]: Loss 0.04974
-- Training of the discriminator, num_Updates[ 10 / 10]: Loss 0.04927
Generation time:  40.49  seconds
###   On generation 92 of 1000
Best best molecule in generation  92
    smile  :  CCC=Cc1cscc1SSC=CC=CCCCCCSSC=Cc1ccc(CCCCCCCCCC=CSC=CC=CSc2ccccc2)cc1CSSC=CC=CC=CS
    fitness:  11.316256392154747
    logP   :  21.718900000000023
    sas    :  5.080300099631357
    ringP  :  0
    discrm :  [0.02261396]
-- Training of the discriminator, num_Updates[ 1 / 10]: Loss 0.03487
-- Training of the discriminator, num_Updates[ 2 / 10]: Loss 0.03468
-- Training of the discriminator, num_Updates[ 3 / 10]: Loss 0.03461
-- Training of the discriminator, num_Updates[ 4 / 10]: Loss 0.03462
-- Training of the discriminator, num_Updates[ 5 / 10]: Loss 0.03458
-- Training of the discriminator, num_Updates[ 6 / 10]: Loss 0.03445
-- Training of the discriminator, num_Updates[ 7 / 10]: Loss 0.03426
-- Training of the discriminator, num_Updates[ 8 / 10]: Loss 0.03411
-- Training of the discriminator, num_Updates[ 9 / 10]: Loss 0.03402
-- Training of the discriminator, num_Updates[ 10 / 10]: Loss 0.03397
Generation time:  39.61  seconds
###   On generation 93 of 1000
Best best molecule in generation  93
    smile  :  CCC=Cc1cscc1SSSC=CC=CC=CCCCSSC=Cc1ccccc1CSSC=CC=CCCC=CCCCCSCCC=CSC=CC=CSSc1ccccc1
    fitness:  11.472082697569551
    logP   :  22.31450000000003
    sas    :  5.300302715910217
    ringP  :  0
    discrm :  [0.02203956]
-- Training of the discriminator, num_Updates[ 1 / 10]: Loss 0.03671
-- Training of the discriminator, num_Updates[ 2 / 10]: Loss 0.03644
-- Training of the discriminator, num_Updates[ 3 / 10]: Loss 0.03602
-- Training of the discriminator, num_Updates[ 4 / 10]: Loss 0.03573
-- Training of the discriminator, num_Updates[ 5 / 10]: Loss 0.03570
-- Training of the discriminator, num_Updates[ 6 / 10]: Loss 0.03577
-- Training of the discriminator, num_Updates[ 7 / 10]: Loss 0.03571
-- Training of the discriminator, num_Updates[ 8 / 10]: Loss 0.03545
-- Training of the discriminator, num_Updates[ 9 / 10]: Loss 0.03517
-- Training of the discriminator, num_Updates[ 10 / 10]: Loss 0.03502
Generation time:  40.44  seconds
###   On generation 94 of 1000
Best best molecule in generation  94
    smile  :  CCC=Cc1cscc1SSC=CC=CC=CCCCSSSC=Cc1ccc(SSC=CC=CCCCCCCCSCSC=CSC=CC=CSSc2ccccc2)cc1
    fitness:  11.486302846137828
    logP   :  22.26540000000003
    sas    :  5.2596838639847405
    ringP  :  0
    discrm :  [0.02260371]
-- Training of the discriminator, num_Updates[ 1 / 10]: Loss 0.03231
-- Training of the discriminator, num_Updates[ 2 / 10]: Loss 0.03196
-- Training of the discriminator, num_Updates[ 3 / 10]: Loss 0.03172
-- Training of the discriminator, num_Updates[ 4 / 10]: Loss 0.03165
-- Training of the discriminator, num_Updates[ 5 / 10]: Loss 0.03172
-- Training of the discriminator, num_Updates[ 6 / 10]: Loss 0.03181
-- Training of the discriminator, num_Updates[ 7 / 10]: Loss 0.03179
-- Training of the discriminator, num_Updates[ 8 / 10]: Loss 0.03164
-- Training of the discriminator, num_Updates[ 9 / 10]: Loss 0.03141
-- Training of the discriminator, num_Updates[ 10 / 10]: Loss 0.03118
Generation time:  39.36  seconds
###   On generation 95 of 1000
Best best molecule in generation  95
    smile  :  CCC=Cc1cscc1SSC=CSC=CC=CCCCSSSC=Cc1ccc(SC=CC=CC=CCCCCCCCCCC=CSC=CC=CSc2ccccc2)cc1
    fitness:  11.522728103412458
    logP   :  21.962300000000027
    sas    :  5.051598624899501
    ringP  :  0
    discrm :  [0.02111725]
-- Training of the discriminator, num_Updates[ 1 / 10]: Loss 0.03697
-- Training of the discriminator, num_Updates[ 2 / 10]: Loss 0.03636
-- Training of the discriminator, num_Updates[ 3 / 10]: Loss 0.03622
-- Training of the discriminator, num_Updates[ 4 / 10]: Loss 0.03654
-- Training of the discriminator, num_Updates[ 5 / 10]: Loss 0.03672
-- Training of the discriminator, num_Updates[ 6 / 10]: Loss 0.03637
-- Training of the discriminator, num_Updates[ 7 / 10]: Loss 0.03587
-- Training of the discriminator, num_Updates[ 8 / 10]: Loss 0.03567
-- Training of the discriminator, num_Updates[ 9 / 10]: Loss 0.03574
-- Training of the discriminator, num_Updates[ 10 / 10]: Loss 0.03579
Generation time:  39.92  seconds
###   On generation 96 of 1000
Best best molecule in generation  96
    smile  :  CC=Cc1cscc1SSC=CC=CC=CCCCSSC=Cc1ccccc1CSSC=CCCCCCC=CCCCCCSCCC=CSC=CC=CSSc1ccccc1
    fitness:  11.646896460661265
    logP   :  22.280400000000032
    sas    :  5.135088378415252
    ringP  :  0
    discrm :  [0.02074213]
-- Training of the discriminator, num_Updates[ 1 / 10]: Loss 0.04024
-- Training of the discriminator, num_Updates[ 2 / 10]: Loss 0.03953
-- Training of the discriminator, num_Updates[ 3 / 10]: Loss 0.03879
-- Training of the discriminator, num_Updates[ 4 / 10]: Loss 0.03860
-- Training of the discriminator, num_Updates[ 5 / 10]: Loss 0.03901
-- Training of the discriminator, num_Updates[ 6 / 10]: Loss 0.03920
-- Training of the discriminator, num_Updates[ 7 / 10]: Loss 0.03867
-- Training of the discriminator, num_Updates[ 8 / 10]: Loss 0.03815
-- Training of the discriminator, num_Updates[ 9 / 10]: Loss 0.03806
-- Training of the discriminator, num_Updates[ 10 / 10]: Loss 0.03819
Generation time:  40.11  seconds
###   On generation 97 of 1000
Best best molecule in generation  97
    smile  :  CC=Cc1cscc1SSC=CC=CC=CCCCSSC=Cc1ccccc1CSSC=CCCCCCC=CCCCCCSCCC=CSC=CC=CSSc1ccccc1
    fitness:  11.646896460661265
    logP   :  22.280400000000032
    sas    :  5.135088378415252
    ringP  :  0
    discrm :  [0.02053479]
-- Training of the discriminator, num_Updates[ 1 / 10]: Loss 0.03280
-- Training of the discriminator, num_Updates[ 2 / 10]: Loss 0.03257
-- Training of the discriminator, num_Updates[ 3 / 10]: Loss 0.03243
-- Training of the discriminator, num_Updates[ 4 / 10]: Loss 0.03241
-- Training of the discriminator, num_Updates[ 5 / 10]: Loss 0.03244
-- Training of the discriminator, num_Updates[ 6 / 10]: Loss 0.03245
-- Training of the discriminator, num_Updates[ 7 / 10]: Loss 0.03240
-- Training of the discriminator, num_Updates[ 8 / 10]: Loss 0.03228
-- Training of the discriminator, num_Updates[ 9 / 10]: Loss 0.03215
-- Training of the discriminator, num_Updates[ 10 / 10]: Loss 0.03205
Generation time:  41.88  seconds
###   On generation 98 of 1000
Best best molecule in generation  98
    smile  :  CCC=Cc1cscc1SSSC=CC=CCCCCCSSC=Cc1ccc(CCCCCCCCCC=CSC=CC=CSc2ccccc2)cc1CSSC=CC=CCSS
    fitness:  11.770572984762499
    logP   :  22.501600000000035
    sas    :  5.162135414894892
    ringP  :  0
    discrm :  [0.02047348]
-- Training of the discriminator, num_Updates[ 1 / 10]: Loss 0.02960
-- Training of the discriminator, num_Updates[ 2 / 10]: Loss 0.02948
-- Training of the discriminator, num_Updates[ 3 / 10]: Loss 0.02942
-- Training of the discriminator, num_Updates[ 4 / 10]: Loss 0.02942
-- Training of the discriminator, num_Updates[ 5 / 10]: Loss 0.02941
-- Training of the discriminator, num_Updates[ 6 / 10]: Loss 0.02936
-- Training of the discriminator, num_Updates[ 7 / 10]: Loss 0.02926
-- Training of the discriminator, num_Updates[ 8 / 10]: Loss 0.02914
-- Training of the discriminator, num_Updates[ 9 / 10]: Loss 0.02905
-- Training of the discriminator, num_Updates[ 10 / 10]: Loss 0.02900
Generation time:  40.94  seconds
###   On generation 99 of 1000
