nohup: ignoring input
wandb: Currently logged in as: kjappelbaum (use `wandb login --relogin` to force relogin)
wandb: wandb version 0.10.14 is available!  To upgrade, please run:
wandb:  $ pip install wandb --upgrade
wandb: Tracking run with wandb version 0.10.12
wandb: Syncing run classic-star-1876
wandb: ⭐️ View project at https://wandb.ai/kjappelbaum/ga_replication_study
wandb: 🚀 View run at https://wandb.ai/kjappelbaum/ga_replication_study/runs/1br67lnv
wandb: Run data is saved locally in /home/kevin/Documents/ga_replication/selfies_ga_nn_replication/wandb/run-20210123_165713-1br67lnv
wandb: Run `wandb offline` to turn off syncing.
###   On generation 1 of 500
Best best molecule in generation  1
    smile  :  C
    fitness:  -6.281431695634691
    logP   :  0.6361
    sas    :  7.3284153846153846
    ringP  :  0
    discrm :  [0.]
/home/kevin/anaconda3/envs/ga_replication/lib/python3.8/site-packages/torch/nn/functional.py:1351: UserWarning: nn.functional.sigmoid is deprecated. Use torch.sigmoid instead.
  warnings.warn("nn.functional.sigmoid is deprecated. Use torch.sigmoid instead.")
/home/kevin/anaconda3/envs/ga_replication/lib/python3.8/site-packages/torch/nn/modules/loss.py:498: UserWarning: Using a target size (torch.Size([1000])) that is different to the input size (torch.Size([1000, 1])) is deprecated. Please ensure they have the same size.
  return F.binary_cross_entropy(input, target, weight=self.weight, reduction=self.reduction)
-- Training of the discriminator, num_Updates[ 1 / 10]: Loss 0.70226
-- Training of the discriminator, num_Updates[ 2 / 10]: Loss 0.69826
-- Training of the discriminator, num_Updates[ 3 / 10]: Loss 0.69448
-- Training of the discriminator, num_Updates[ 4 / 10]: Loss 0.69069
-- Training of the discriminator, num_Updates[ 5 / 10]: Loss 0.68683
-- Training of the discriminator, num_Updates[ 6 / 10]: Loss 0.68305
-- Training of the discriminator, num_Updates[ 7 / 10]: Loss 0.67918
-- Training of the discriminator, num_Updates[ 8 / 10]: Loss 0.67550
-- Training of the discriminator, num_Updates[ 9 / 10]: Loss 0.67166
-- Training of the discriminator, num_Updates[ 10 / 10]: Loss 0.66787
Generation time:  7.81  seconds
###   On generation 2 of 500
Best best molecule in generation  2
    smile  :  CC
    fitness:  -5.857734913940518
    logP   :  1.0262
    sas    :  2.7475679189493913
    ringP  :  0
    discrm :  [0.53666586]
-- Training of the discriminator, num_Updates[ 1 / 10]: Loss 0.66744
-- Training of the discriminator, num_Updates[ 2 / 10]: Loss 0.66406
-- Training of the discriminator, num_Updates[ 3 / 10]: Loss 0.66068
-- Training of the discriminator, num_Updates[ 4 / 10]: Loss 0.65738
-- Training of the discriminator, num_Updates[ 5 / 10]: Loss 0.65398
-- Training of the discriminator, num_Updates[ 6 / 10]: Loss 0.65043
-- Training of the discriminator, num_Updates[ 7 / 10]: Loss 0.64701
-- Training of the discriminator, num_Updates[ 8 / 10]: Loss 0.64370
-- Training of the discriminator, num_Updates[ 9 / 10]: Loss 0.64021
-- Training of the discriminator, num_Updates[ 10 / 10]: Loss 0.63688
Generation time:  12.6  seconds
###   On generation 3 of 500
Best best molecule in generation  3
    smile  :  Cc1ccccc1
    fitness:  -3.123273356629488
    logP   :  1.99502
    sas    :  1.0
    ringP  :  0
    discrm :  [0.5420368]
-- Training of the discriminator, num_Updates[ 1 / 10]: Loss 0.64555
-- Training of the discriminator, num_Updates[ 2 / 10]: Loss 0.64267
-- Training of the discriminator, num_Updates[ 3 / 10]: Loss 0.63960
-- Training of the discriminator, num_Updates[ 4 / 10]: Loss 0.63665
-- Training of the discriminator, num_Updates[ 5 / 10]: Loss 0.63365
-- Training of the discriminator, num_Updates[ 6 / 10]: Loss 0.63058
-- Training of the discriminator, num_Updates[ 7 / 10]: Loss 0.62756
-- Training of the discriminator, num_Updates[ 8 / 10]: Loss 0.62454
-- Training of the discriminator, num_Updates[ 9 / 10]: Loss 0.62136
-- Training of the discriminator, num_Updates[ 10 / 10]: Loss 0.61820
Generation time:  15.94  seconds
###   On generation 4 of 500
Best best molecule in generation  4
    smile  :  Cc1ccccc1
    fitness:  -2.949356539918062
    logP   :  1.99502
    sas    :  1.0
    ringP  :  0
    discrm :  [0.5246451]
-- Training of the discriminator, num_Updates[ 1 / 10]: Loss 0.61923
-- Training of the discriminator, num_Updates[ 2 / 10]: Loss 0.61604
-- Training of the discriminator, num_Updates[ 3 / 10]: Loss 0.61280
-- Training of the discriminator, num_Updates[ 4 / 10]: Loss 0.60949
-- Training of the discriminator, num_Updates[ 5 / 10]: Loss 0.60610
-- Training of the discriminator, num_Updates[ 6 / 10]: Loss 0.60268
-- Training of the discriminator, num_Updates[ 7 / 10]: Loss 0.59920
-- Training of the discriminator, num_Updates[ 8 / 10]: Loss 0.59564
-- Training of the discriminator, num_Updates[ 9 / 10]: Loss 0.59204
-- Training of the discriminator, num_Updates[ 10 / 10]: Loss 0.58834
Generation time:  23.11  seconds
###   On generation 5 of 500
Best best molecule in generation  5
    smile  :  Cc1ccccc1
    fitness:  -2.7942800361644
    logP   :  1.99502
    sas    :  1.0
    ringP  :  0
    discrm :  [0.50913745]
-- Training of the discriminator, num_Updates[ 1 / 10]: Loss 0.58409
-- Training of the discriminator, num_Updates[ 2 / 10]: Loss 0.58020
-- Training of the discriminator, num_Updates[ 3 / 10]: Loss 0.57624
-- Training of the discriminator, num_Updates[ 4 / 10]: Loss 0.57218
-- Training of the discriminator, num_Updates[ 5 / 10]: Loss 0.56806
-- Training of the discriminator, num_Updates[ 6 / 10]: Loss 0.56386
-- Training of the discriminator, num_Updates[ 7 / 10]: Loss 0.55960
-- Training of the discriminator, num_Updates[ 8 / 10]: Loss 0.55530
-- Training of the discriminator, num_Updates[ 9 / 10]: Loss 0.55092
-- Training of the discriminator, num_Updates[ 10 / 10]: Loss 0.54648
Generation time:  21.74  seconds
###   On generation 6 of 500
Best best molecule in generation  6
    smile  :  Cc1ccccc1
    fitness:  -2.633628829194185
    logP   :  1.99502
    sas    :  1.0
    ringP  :  0
    discrm :  [0.49307233]
-- Training of the discriminator, num_Updates[ 1 / 10]: Loss 0.54492
-- Training of the discriminator, num_Updates[ 2 / 10]: Loss 0.54035
-- Training of the discriminator, num_Updates[ 3 / 10]: Loss 0.53572
-- Training of the discriminator, num_Updates[ 4 / 10]: Loss 0.53103
-- Training of the discriminator, num_Updates[ 5 / 10]: Loss 0.52629
-- Training of the discriminator, num_Updates[ 6 / 10]: Loss 0.52150
-- Training of the discriminator, num_Updates[ 7 / 10]: Loss 0.51667
-- Training of the discriminator, num_Updates[ 8 / 10]: Loss 0.51180
-- Training of the discriminator, num_Updates[ 9 / 10]: Loss 0.50689
-- Training of the discriminator, num_Updates[ 10 / 10]: Loss 0.50197
Generation time:  20.59  seconds
###   On generation 7 of 500
Best best molecule in generation  7
    smile  :  C1CC1
    fitness:  -2.2305921870407426
    logP   :  1.1703
    sas    :  1.0136537419316873
    ringP  :  0
    discrm :  [0.39287323]
-- Training of the discriminator, num_Updates[ 1 / 10]: Loss 0.50573
-- Training of the discriminator, num_Updates[ 2 / 10]: Loss 0.50088
-- Training of the discriminator, num_Updates[ 3 / 10]: Loss 0.49603
-- Training of the discriminator, num_Updates[ 4 / 10]: Loss 0.49118
-- Training of the discriminator, num_Updates[ 5 / 10]: Loss 0.48635
-- Training of the discriminator, num_Updates[ 6 / 10]: Loss 0.48155
-- Training of the discriminator, num_Updates[ 7 / 10]: Loss 0.47678
-- Training of the discriminator, num_Updates[ 8 / 10]: Loss 0.47205
-- Training of the discriminator, num_Updates[ 9 / 10]: Loss 0.46735
-- Training of the discriminator, num_Updates[ 10 / 10]: Loss 0.46269
Generation time:  20.8  seconds
###   On generation 8 of 500
Best best molecule in generation  8
    smile  :  C1CC1
    fitness:  -1.8798412638840045
    logP   :  1.1703
    sas    :  1.0136537419316873
    ringP  :  0
    discrm :  [0.35779816]
-- Training of the discriminator, num_Updates[ 1 / 10]: Loss 0.45943
-- Training of the discriminator, num_Updates[ 2 / 10]: Loss 0.45476
-- Training of the discriminator, num_Updates[ 3 / 10]: Loss 0.45010
-- Training of the discriminator, num_Updates[ 4 / 10]: Loss 0.44548
-- Training of the discriminator, num_Updates[ 5 / 10]: Loss 0.44093
-- Training of the discriminator, num_Updates[ 6 / 10]: Loss 0.43642
-- Training of the discriminator, num_Updates[ 7 / 10]: Loss 0.43192
-- Training of the discriminator, num_Updates[ 8 / 10]: Loss 0.42743
-- Training of the discriminator, num_Updates[ 9 / 10]: Loss 0.42296
-- Training of the discriminator, num_Updates[ 10 / 10]: Loss 0.41853
Generation time:  19.8  seconds
###   On generation 9 of 500
Best best molecule in generation  9
    smile  :  C1CC1
    fitness:  -1.5700065451797809
    logP   :  1.1703
    sas    :  1.0136537419316873
    ringP  :  0
    discrm :  [0.32681468]
-- Training of the discriminator, num_Updates[ 1 / 10]: Loss 0.42444
-- Training of the discriminator, num_Updates[ 2 / 10]: Loss 0.42012
-- Training of the discriminator, num_Updates[ 3 / 10]: Loss 0.41580
-- Training of the discriminator, num_Updates[ 4 / 10]: Loss 0.41152
-- Training of the discriminator, num_Updates[ 5 / 10]: Loss 0.40728
-- Training of the discriminator, num_Updates[ 6 / 10]: Loss 0.40309
-- Training of the discriminator, num_Updates[ 7 / 10]: Loss 0.39896
-- Training of the discriminator, num_Updates[ 8 / 10]: Loss 0.39486
-- Training of the discriminator, num_Updates[ 9 / 10]: Loss 0.39079
-- Training of the discriminator, num_Updates[ 10 / 10]: Loss 0.38675
Generation time:  19.19  seconds
###   On generation 10 of 500
Best best molecule in generation  10
    smile  :  C1CCC1
    fitness:  -1.1345793100206432
    logP   :  1.5604
    sas    :  1.0
    ringP  :  0
    discrm :  [0.31246927]
-- Training of the discriminator, num_Updates[ 1 / 10]: Loss 0.37919
-- Training of the discriminator, num_Updates[ 2 / 10]: Loss 0.37522
-- Training of the discriminator, num_Updates[ 3 / 10]: Loss 0.37127
-- Training of the discriminator, num_Updates[ 4 / 10]: Loss 0.36737
-- Training of the discriminator, num_Updates[ 5 / 10]: Loss 0.36351
-- Training of the discriminator, num_Updates[ 6 / 10]: Loss 0.35970
-- Training of the discriminator, num_Updates[ 7 / 10]: Loss 0.35596
-- Training of the discriminator, num_Updates[ 8 / 10]: Loss 0.35227
-- Training of the discriminator, num_Updates[ 9 / 10]: Loss 0.34863
-- Training of the discriminator, num_Updates[ 10 / 10]: Loss 0.34505
Generation time:  20.3  seconds
###   On generation 11 of 500
Best best molecule in generation  11
    smile  :  C1CCC1
    fitness:  -0.8822873922197398
    logP   :  1.5604
    sas    :  1.0
    ringP  :  0
    discrm :  [0.2872401]
-- Training of the discriminator, num_Updates[ 1 / 10]: Loss 0.34336
-- Training of the discriminator, num_Updates[ 2 / 10]: Loss 0.33982
-- Training of the discriminator, num_Updates[ 3 / 10]: Loss 0.33631
-- Training of the discriminator, num_Updates[ 4 / 10]: Loss 0.33286
-- Training of the discriminator, num_Updates[ 5 / 10]: Loss 0.32946
-- Training of the discriminator, num_Updates[ 6 / 10]: Loss 0.32611
-- Training of the discriminator, num_Updates[ 7 / 10]: Loss 0.32282
-- Training of the discriminator, num_Updates[ 8 / 10]: Loss 0.31957
-- Training of the discriminator, num_Updates[ 9 / 10]: Loss 0.31637
-- Training of the discriminator, num_Updates[ 10 / 10]: Loss 0.31323
Generation time:  21.39  seconds
###   On generation 12 of 500
Best best molecule in generation  12
    smile  :  C1CCC1
    fitness:  -0.6669517846910533
    logP   :  1.5604
    sas    :  1.0
    ringP  :  0
    discrm :  [0.2657065]
-- Training of the discriminator, num_Updates[ 1 / 10]: Loss 0.31054
-- Training of the discriminator, num_Updates[ 2 / 10]: Loss 0.30745
-- Training of the discriminator, num_Updates[ 3 / 10]: Loss 0.30443
-- Training of the discriminator, num_Updates[ 4 / 10]: Loss 0.30148
-- Training of the discriminator, num_Updates[ 5 / 10]: Loss 0.29859
-- Training of the discriminator, num_Updates[ 6 / 10]: Loss 0.29575
-- Training of the discriminator, num_Updates[ 7 / 10]: Loss 0.29296
-- Training of the discriminator, num_Updates[ 8 / 10]: Loss 0.29021
-- Training of the discriminator, num_Updates[ 9 / 10]: Loss 0.28752
-- Training of the discriminator, num_Updates[ 10 / 10]: Loss 0.28490
Generation time:  19.26  seconds
###   On generation 13 of 500
Best best molecule in generation  13
    smile  :  C1CCCC1
    fitness:  -0.30530701693276097
    logP   :  1.9505000000000001
    sas    :  1.0
    ringP  :  0
    discrm :  [0.2570956]
-- Training of the discriminator, num_Updates[ 1 / 10]: Loss 0.28071
-- Training of the discriminator, num_Updates[ 2 / 10]: Loss 0.27819
-- Training of the discriminator, num_Updates[ 3 / 10]: Loss 0.27574
-- Training of the discriminator, num_Updates[ 4 / 10]: Loss 0.27334
-- Training of the discriminator, num_Updates[ 5 / 10]: Loss 0.27098
-- Training of the discriminator, num_Updates[ 6 / 10]: Loss 0.26866
-- Training of the discriminator, num_Updates[ 7 / 10]: Loss 0.26637
-- Training of the discriminator, num_Updates[ 8 / 10]: Loss 0.26412
-- Training of the discriminator, num_Updates[ 9 / 10]: Loss 0.26192
-- Training of the discriminator, num_Updates[ 10 / 10]: Loss 0.25976
Generation time:  18.01  seconds
###   On generation 14 of 500
Best best molecule in generation  14
    smile  :  Cc1ccccc1
    fitness:  -0.23003242797958556
    logP   :  1.99502
    sas    :  1.0
    ringP  :  0
    discrm :  [0.25271267]
-- Training of the discriminator, num_Updates[ 1 / 10]: Loss 0.26177
-- Training of the discriminator, num_Updates[ 2 / 10]: Loss 0.25962
-- Training of the discriminator, num_Updates[ 3 / 10]: Loss 0.25750
-- Training of the discriminator, num_Updates[ 4 / 10]: Loss 0.25541
-- Training of the discriminator, num_Updates[ 5 / 10]: Loss 0.25337
-- Training of the discriminator, num_Updates[ 6 / 10]: Loss 0.25138
-- Training of the discriminator, num_Updates[ 7 / 10]: Loss 0.24943
-- Training of the discriminator, num_Updates[ 8 / 10]: Loss 0.24750
-- Training of the discriminator, num_Updates[ 9 / 10]: Loss 0.24559
-- Training of the discriminator, num_Updates[ 10 / 10]: Loss 0.24371
Generation time:  18.17  seconds
###   On generation 15 of 500
Best best molecule in generation  15
    smile  :  CCc1ccccc1
    fitness:  0.00393309032872402
    logP   :  2.2490000000000006
    sas    :  1.0
    ringP  :  0
    discrm :  [0.24725525]
-- Training of the discriminator, num_Updates[ 1 / 10]: Loss 0.24401
-- Training of the discriminator, num_Updates[ 2 / 10]: Loss 0.24206
-- Training of the discriminator, num_Updates[ 3 / 10]: Loss 0.24005
-- Training of the discriminator, num_Updates[ 4 / 10]: Loss 0.23811
-- Training of the discriminator, num_Updates[ 5 / 10]: Loss 0.23631
-- Training of the discriminator, num_Updates[ 6 / 10]: Loss 0.23464
-- Training of the discriminator, num_Updates[ 7 / 10]: Loss 0.23300
-- Training of the discriminator, num_Updates[ 8 / 10]: Loss 0.23132
-- Training of the discriminator, num_Updates[ 9 / 10]: Loss 0.22959
-- Training of the discriminator, num_Updates[ 10 / 10]: Loss 0.22787
Generation time:  19.54  seconds
###   On generation 16 of 500
Best best molecule in generation  16
    smile  :  CCCc1ccccc1
    fitness:  0.26973603947452274
    logP   :  2.639100000000001
    sas    :  1.0804143977581013
    ringP  :  0
    discrm :  [0.23854753]
-- Training of the discriminator, num_Updates[ 1 / 10]: Loss 0.23056
-- Training of the discriminator, num_Updates[ 2 / 10]: Loss 0.22892
-- Training of the discriminator, num_Updates[ 3 / 10]: Loss 0.22735
-- Training of the discriminator, num_Updates[ 4 / 10]: Loss 0.22578
-- Training of the discriminator, num_Updates[ 5 / 10]: Loss 0.22421
-- Training of the discriminator, num_Updates[ 6 / 10]: Loss 0.22263
-- Training of the discriminator, num_Updates[ 7 / 10]: Loss 0.22107
-- Training of the discriminator, num_Updates[ 8 / 10]: Loss 0.21955
-- Training of the discriminator, num_Updates[ 9 / 10]: Loss 0.21807
-- Training of the discriminator, num_Updates[ 10 / 10]: Loss 0.21663
Generation time:  18.36  seconds
###   On generation 17 of 500
Best best molecule in generation  17
    smile  :  CCCc1ccccc1
    fitness:  0.4579017041473743
    logP   :  2.639100000000001
    sas    :  1.0804143977581013
    ringP  :  0
    discrm :  [0.21973097]
-- Training of the discriminator, num_Updates[ 1 / 10]: Loss 0.21491
-- Training of the discriminator, num_Updates[ 2 / 10]: Loss 0.21342
-- Training of the discriminator, num_Updates[ 3 / 10]: Loss 0.21197
-- Training of the discriminator, num_Updates[ 4 / 10]: Loss 0.21056
-- Training of the discriminator, num_Updates[ 5 / 10]: Loss 0.20919
-- Training of the discriminator, num_Updates[ 6 / 10]: Loss 0.20784
-- Training of the discriminator, num_Updates[ 7 / 10]: Loss 0.20649
-- Training of the discriminator, num_Updates[ 8 / 10]: Loss 0.20514
-- Training of the discriminator, num_Updates[ 9 / 10]: Loss 0.20381
-- Training of the discriminator, num_Updates[ 10 / 10]: Loss 0.20250
Generation time:  19.59  seconds
###   On generation 18 of 500
Best best molecule in generation  18
    smile  :  CCCc1ccccc1
    fitness:  0.6207103608398792
    logP   :  2.639100000000001
    sas    :  1.0804143977581013
    ringP  :  0
    discrm :  [0.20345011]
-- Training of the discriminator, num_Updates[ 1 / 10]: Loss 0.20310
-- Training of the discriminator, num_Updates[ 2 / 10]: Loss 0.20187
-- Training of the discriminator, num_Updates[ 3 / 10]: Loss 0.20064
-- Training of the discriminator, num_Updates[ 4 / 10]: Loss 0.19942
-- Training of the discriminator, num_Updates[ 5 / 10]: Loss 0.19821
-- Training of the discriminator, num_Updates[ 6 / 10]: Loss 0.19703
-- Training of the discriminator, num_Updates[ 7 / 10]: Loss 0.19588
-- Training of the discriminator, num_Updates[ 8 / 10]: Loss 0.19474
-- Training of the discriminator, num_Updates[ 9 / 10]: Loss 0.19361
-- Training of the discriminator, num_Updates[ 10 / 10]: Loss 0.19250
Generation time:  18.67  seconds
###   On generation 19 of 500
Best best molecule in generation  19
    smile  :  CCCc1ccccc1
    fitness:  0.7609866736679431
    logP   :  2.639100000000001
    sas    :  1.0804143977581013
    ringP  :  0
    discrm :  [0.18942247]
-- Training of the discriminator, num_Updates[ 1 / 10]: Loss 0.19285
-- Training of the discriminator, num_Updates[ 2 / 10]: Loss 0.19173
-- Training of the discriminator, num_Updates[ 3 / 10]: Loss 0.19062
-- Training of the discriminator, num_Updates[ 4 / 10]: Loss 0.18952
-- Training of the discriminator, num_Updates[ 5 / 10]: Loss 0.18843
-- Training of the discriminator, num_Updates[ 6 / 10]: Loss 0.18735
-- Training of the discriminator, num_Updates[ 7 / 10]: Loss 0.18629
-- Training of the discriminator, num_Updates[ 8 / 10]: Loss 0.18524
-- Training of the discriminator, num_Updates[ 9 / 10]: Loss 0.18420
-- Training of the discriminator, num_Updates[ 10 / 10]: Loss 0.18317
Generation time:  21.03  seconds
###   On generation 20 of 500
Best best molecule in generation  20
    smile  :  CC(C)c1ccccc1
    fitness:  0.987290553946413
    logP   :  2.8100000000000014
    sas    :  1.1101080072255556
    ringP  :  0
    discrm :  [0.17528833]
-- Training of the discriminator, num_Updates[ 1 / 10]: Loss 0.18342
-- Training of the discriminator, num_Updates[ 2 / 10]: Loss 0.18237
-- Training of the discriminator, num_Updates[ 3 / 10]: Loss 0.18130
-- Training of the discriminator, num_Updates[ 4 / 10]: Loss 0.18027
-- Training of the discriminator, num_Updates[ 5 / 10]: Loss 0.17930
-- Training of the discriminator, num_Updates[ 6 / 10]: Loss 0.17837
-- Training of the discriminator, num_Updates[ 7 / 10]: Loss 0.17744
-- Training of the discriminator, num_Updates[ 8 / 10]: Loss 0.17648
-- Training of the discriminator, num_Updates[ 9 / 10]: Loss 0.17552
-- Training of the discriminator, num_Updates[ 10 / 10]: Loss 0.17456
Generation time:  20.44  seconds
###   On generation 21 of 500
Best best molecule in generation  21
    smile  :  CCCCc1ccccc1
    fitness:  1.1359530163641258
    logP   :  3.0292000000000012
    sas    :  1.1049531863041597
    ringP  :  0
    discrm :  [0.1765252]
-- Training of the discriminator, num_Updates[ 1 / 10]: Loss 0.17297
-- Training of the discriminator, num_Updates[ 2 / 10]: Loss 0.17210
-- Training of the discriminator, num_Updates[ 3 / 10]: Loss 0.17123
-- Training of the discriminator, num_Updates[ 4 / 10]: Loss 0.17035
-- Training of the discriminator, num_Updates[ 5 / 10]: Loss 0.16947
-- Training of the discriminator, num_Updates[ 6 / 10]: Loss 0.16860
-- Training of the discriminator, num_Updates[ 7 / 10]: Loss 0.16775
-- Training of the discriminator, num_Updates[ 8 / 10]: Loss 0.16693
-- Training of the discriminator, num_Updates[ 9 / 10]: Loss 0.16612
-- Training of the discriminator, num_Updates[ 10 / 10]: Loss 0.16531
Generation time:  22.52  seconds
###   On generation 22 of 500
Best best molecule in generation  22
    smile  :  CCCCc1ccccc1
    fitness:  1.2498906327123924
    logP   :  3.0292000000000012
    sas    :  1.1049531863041597
    ringP  :  0
    discrm :  [0.16513145]
-- Training of the discriminator, num_Updates[ 1 / 10]: Loss 0.16897
-- Training of the discriminator, num_Updates[ 2 / 10]: Loss 0.16803
-- Training of the discriminator, num_Updates[ 3 / 10]: Loss 0.16711
-- Training of the discriminator, num_Updates[ 4 / 10]: Loss 0.16628
-- Training of the discriminator, num_Updates[ 5 / 10]: Loss 0.16553
-- Training of the discriminator, num_Updates[ 6 / 10]: Loss 0.16479
-- Training of the discriminator, num_Updates[ 7 / 10]: Loss 0.16400
-- Training of the discriminator, num_Updates[ 8 / 10]: Loss 0.16316
-- Training of the discriminator, num_Updates[ 9 / 10]: Loss 0.16232
-- Training of the discriminator, num_Updates[ 10 / 10]: Loss 0.16152
Generation time:  19.17  seconds
###   On generation 23 of 500
Best best molecule in generation  23
    smile  :  CCCCc1ccccc1
    fitness:  1.310934133612661
    logP   :  3.0292000000000012
    sas    :  1.1049531863041597
    ringP  :  0
    discrm :  [0.1590271]
-- Training of the discriminator, num_Updates[ 1 / 10]: Loss 0.16219
-- Training of the discriminator, num_Updates[ 2 / 10]: Loss 0.16136
-- Training of the discriminator, num_Updates[ 3 / 10]: Loss 0.16062
-- Training of the discriminator, num_Updates[ 4 / 10]: Loss 0.15994
-- Training of the discriminator, num_Updates[ 5 / 10]: Loss 0.15924
-- Training of the discriminator, num_Updates[ 6 / 10]: Loss 0.15848
-- Training of the discriminator, num_Updates[ 7 / 10]: Loss 0.15770
-- Training of the discriminator, num_Updates[ 8 / 10]: Loss 0.15694
-- Training of the discriminator, num_Updates[ 9 / 10]: Loss 0.15624
-- Training of the discriminator, num_Updates[ 10 / 10]: Loss 0.15556
Generation time:  19.69  seconds
###   On generation 24 of 500
Best best molecule in generation  24
    smile  :  CCCCCc1ccccc1
    fitness:  1.4901514371794913
    logP   :  3.4193000000000024
    sas    :  1.154220528604922
    ringP  :  0
    discrm :  [0.1627277]
-- Training of the discriminator, num_Updates[ 1 / 10]: Loss 0.15610
-- Training of the discriminator, num_Updates[ 2 / 10]: Loss 0.15539
-- Training of the discriminator, num_Updates[ 3 / 10]: Loss 0.15468
-- Training of the discriminator, num_Updates[ 4 / 10]: Loss 0.15396
-- Training of the discriminator, num_Updates[ 5 / 10]: Loss 0.15327
-- Training of the discriminator, num_Updates[ 6 / 10]: Loss 0.15258
-- Training of the discriminator, num_Updates[ 7 / 10]: Loss 0.15190
-- Training of the discriminator, num_Updates[ 8 / 10]: Loss 0.15122
-- Training of the discriminator, num_Updates[ 9 / 10]: Loss 0.15053
-- Training of the discriminator, num_Updates[ 10 / 10]: Loss 0.14985
Generation time:  22.12  seconds
###   On generation 25 of 500
Best best molecule in generation  25
    smile  :  CCCCCc1ccccc1
    fitness:  1.5792900642317984
    logP   :  3.4193000000000024
    sas    :  1.154220528604922
    ringP  :  0
    discrm :  [0.15381384]
-- Training of the discriminator, num_Updates[ 1 / 10]: Loss 0.14714
-- Training of the discriminator, num_Updates[ 2 / 10]: Loss 0.14643
-- Training of the discriminator, num_Updates[ 3 / 10]: Loss 0.14568
-- Training of the discriminator, num_Updates[ 4 / 10]: Loss 0.14497
-- Training of the discriminator, num_Updates[ 5 / 10]: Loss 0.14435
-- Training of the discriminator, num_Updates[ 6 / 10]: Loss 0.14378
-- Training of the discriminator, num_Updates[ 7 / 10]: Loss 0.14321
-- Training of the discriminator, num_Updates[ 8 / 10]: Loss 0.14259
-- Training of the discriminator, num_Updates[ 9 / 10]: Loss 0.14193
-- Training of the discriminator, num_Updates[ 10 / 10]: Loss 0.14128
Generation time:  20.77  seconds
###   On generation 26 of 500
Best best molecule in generation  26
    smile  :  CCCCc1ccccc1
    fitness:  1.5423200798864647
    logP   :  3.0292000000000012
    sas    :  1.1049531863041597
    ringP  :  0
    discrm :  [0.1358885]
-- Training of the discriminator, num_Updates[ 1 / 10]: Loss 0.14046
-- Training of the discriminator, num_Updates[ 2 / 10]: Loss 0.13985
-- Training of the discriminator, num_Updates[ 3 / 10]: Loss 0.13911
-- Training of the discriminator, num_Updates[ 4 / 10]: Loss 0.13836
-- Training of the discriminator, num_Updates[ 5 / 10]: Loss 0.13773
-- Training of the discriminator, num_Updates[ 6 / 10]: Loss 0.13721
-- Training of the discriminator, num_Updates[ 7 / 10]: Loss 0.13672
-- Training of the discriminator, num_Updates[ 8 / 10]: Loss 0.13614
-- Training of the discriminator, num_Updates[ 9 / 10]: Loss 0.13549
-- Training of the discriminator, num_Updates[ 10 / 10]: Loss 0.13483
Generation time:  20.76  seconds
###   On generation 27 of 500
Best best molecule in generation  27
    smile  :  c1ccc(Cc2ccccc2)cc1
    fitness:  1.8674367605055848
    logP   :  3.277400000000002
    sas    :  1.0284255677733025
    ringP  :  0
    discrm :  [0.13012077]
-- Training of the discriminator, num_Updates[ 1 / 10]: Loss 0.13747
-- Training of the discriminator, num_Updates[ 2 / 10]: Loss 0.13667
-- Training of the discriminator, num_Updates[ 3 / 10]: Loss 0.13605
-- Training of the discriminator, num_Updates[ 4 / 10]: Loss 0.13559
-- Training of the discriminator, num_Updates[ 5 / 10]: Loss 0.13515
-- Training of the discriminator, num_Updates[ 6 / 10]: Loss 0.13460
-- Training of the discriminator, num_Updates[ 7 / 10]: Loss 0.13395
-- Training of the discriminator, num_Updates[ 8 / 10]: Loss 0.13325
-- Training of the discriminator, num_Updates[ 9 / 10]: Loss 0.13262
-- Training of the discriminator, num_Updates[ 10 / 10]: Loss 0.13208
Generation time:  20.14  seconds
###   On generation 28 of 500
Best best molecule in generation  28
    smile  :  CCCCCc1ccccc1
    fitness:  1.8270056566161368
    logP   :  3.4193000000000024
    sas    :  1.154220528604922
    ringP  :  0
    discrm :  [0.12904228]
-- Training of the discriminator, num_Updates[ 1 / 10]: Loss 0.13398
-- Training of the discriminator, num_Updates[ 2 / 10]: Loss 0.13343
-- Training of the discriminator, num_Updates[ 3 / 10]: Loss 0.13295
-- Training of the discriminator, num_Updates[ 4 / 10]: Loss 0.13247
-- Training of the discriminator, num_Updates[ 5 / 10]: Loss 0.13197
-- Training of the discriminator, num_Updates[ 6 / 10]: Loss 0.13143
-- Training of the discriminator, num_Updates[ 7 / 10]: Loss 0.13088
-- Training of the discriminator, num_Updates[ 8 / 10]: Loss 0.13036
-- Training of the discriminator, num_Updates[ 9 / 10]: Loss 0.12988
-- Training of the discriminator, num_Updates[ 10 / 10]: Loss 0.12941
Generation time:  20.73  seconds
###   On generation 29 of 500
Best best molecule in generation  29
    smile  :  CCCCCCc1ccccc1
    fitness:  2.0118850220965627
    logP   :  3.809400000000003
    sas    :  1.2094738691001456
    ringP  :  0
    discrm :  [0.13145603]
-- Training of the discriminator, num_Updates[ 1 / 10]: Loss 0.12910
-- Training of the discriminator, num_Updates[ 2 / 10]: Loss 0.12855
-- Training of the discriminator, num_Updates[ 3 / 10]: Loss 0.12799
-- Training of the discriminator, num_Updates[ 4 / 10]: Loss 0.12746
-- Training of the discriminator, num_Updates[ 5 / 10]: Loss 0.12696
-- Training of the discriminator, num_Updates[ 6 / 10]: Loss 0.12647
-- Training of the discriminator, num_Updates[ 7 / 10]: Loss 0.12595
-- Training of the discriminator, num_Updates[ 8 / 10]: Loss 0.12542
-- Training of the discriminator, num_Updates[ 9 / 10]: Loss 0.12487
-- Training of the discriminator, num_Updates[ 10 / 10]: Loss 0.12435
Generation time:  20.77  seconds
###   On generation 30 of 500
Best best molecule in generation  30
    smile  :  CCCCCc1ccccc1
    fitness:  1.9365318139952872
    logP   :  3.4193000000000024
    sas    :  1.154220528604922
    ringP  :  0
    discrm :  [0.11808967]
-- Training of the discriminator, num_Updates[ 1 / 10]: Loss 0.12455
-- Training of the discriminator, num_Updates[ 2 / 10]: Loss 0.12410
-- Training of the discriminator, num_Updates[ 3 / 10]: Loss 0.12363
-- Training of the discriminator, num_Updates[ 4 / 10]: Loss 0.12315
-- Training of the discriminator, num_Updates[ 5 / 10]: Loss 0.12268
-- Training of the discriminator, num_Updates[ 6 / 10]: Loss 0.12222
-- Training of the discriminator, num_Updates[ 7 / 10]: Loss 0.12177
-- Training of the discriminator, num_Updates[ 8 / 10]: Loss 0.12133
-- Training of the discriminator, num_Updates[ 9 / 10]: Loss 0.12088
-- Training of the discriminator, num_Updates[ 10 / 10]: Loss 0.12043
Generation time:  21.4  seconds
###   On generation 31 of 500
Best best molecule in generation  31
    smile  :  CCCCCc1ccccc1
    fitness:  1.9881180843276236
    logP   :  3.4193000000000024
    sas    :  1.154220528604922
    ringP  :  0
    discrm :  [0.11293104]
-- Training of the discriminator, num_Updates[ 1 / 10]: Loss 0.12327
-- Training of the discriminator, num_Updates[ 2 / 10]: Loss 0.12281
-- Training of the discriminator, num_Updates[ 3 / 10]: Loss 0.12234
-- Training of the discriminator, num_Updates[ 4 / 10]: Loss 0.12187
-- Training of the discriminator, num_Updates[ 5 / 10]: Loss 0.12139
-- Training of the discriminator, num_Updates[ 6 / 10]: Loss 0.12092
-- Training of the discriminator, num_Updates[ 7 / 10]: Loss 0.12045
-- Training of the discriminator, num_Updates[ 8 / 10]: Loss 0.11997
-- Training of the discriminator, num_Updates[ 9 / 10]: Loss 0.11949
-- Training of the discriminator, num_Updates[ 10 / 10]: Loss 0.11901
Generation time:  19.75  seconds
###   On generation 32 of 500
Best best molecule in generation  32
    smile  :  CCCCCc1ccccc1
    fitness:  2.0320536216658804
    logP   :  3.4193000000000024
    sas    :  1.154220528604922
    ringP  :  0
    discrm :  [0.10853749]
-- Training of the discriminator, num_Updates[ 1 / 10]: Loss 0.11751
-- Training of the discriminator, num_Updates[ 2 / 10]: Loss 0.11702
-- Training of the discriminator, num_Updates[ 3 / 10]: Loss 0.11652
-- Training of the discriminator, num_Updates[ 4 / 10]: Loss 0.11607
-- Training of the discriminator, num_Updates[ 5 / 10]: Loss 0.11569
-- Training of the discriminator, num_Updates[ 6 / 10]: Loss 0.11531
-- Training of the discriminator, num_Updates[ 7 / 10]: Loss 0.11488
-- Training of the discriminator, num_Updates[ 8 / 10]: Loss 0.11442
-- Training of the discriminator, num_Updates[ 9 / 10]: Loss 0.11398
-- Training of the discriminator, num_Updates[ 10 / 10]: Loss 0.11357
Generation time:  22.02  seconds
###   On generation 33 of 500
Best best molecule in generation  33
    smile  :  CCCCCCc1ccccc1
    fitness:  2.2514050950335744
    logP   :  3.809400000000003
    sas    :  1.2094738691001456
    ringP  :  0
    discrm :  [0.10750403]
-- Training of the discriminator, num_Updates[ 1 / 10]: Loss 0.11398
-- Training of the discriminator, num_Updates[ 2 / 10]: Loss 0.11356
-- Training of the discriminator, num_Updates[ 3 / 10]: Loss 0.11317
-- Training of the discriminator, num_Updates[ 4 / 10]: Loss 0.11276
-- Training of the discriminator, num_Updates[ 5 / 10]: Loss 0.11233
-- Training of the discriminator, num_Updates[ 6 / 10]: Loss 0.11189
-- Training of the discriminator, num_Updates[ 7 / 10]: Loss 0.11145
-- Training of the discriminator, num_Updates[ 8 / 10]: Loss 0.11102
-- Training of the discriminator, num_Updates[ 9 / 10]: Loss 0.11061
-- Training of the discriminator, num_Updates[ 10 / 10]: Loss 0.11018
Generation time:  20.75  seconds
###   On generation 34 of 500
Best best molecule in generation  34
    smile  :  CCCCCCc1ccccc1
    fitness:  2.29304287331574
    logP   :  3.809400000000003
    sas    :  1.2094738691001456
    ringP  :  0
    discrm :  [0.10334025]
-- Training of the discriminator, num_Updates[ 1 / 10]: Loss 0.11648
-- Training of the discriminator, num_Updates[ 2 / 10]: Loss 0.11603
-- Training of the discriminator, num_Updates[ 3 / 10]: Loss 0.11556
-- Training of the discriminator, num_Updates[ 4 / 10]: Loss 0.11515
-- Training of the discriminator, num_Updates[ 5 / 10]: Loss 0.11483
-- Training of the discriminator, num_Updates[ 6 / 10]: Loss 0.11452
-- Training of the discriminator, num_Updates[ 7 / 10]: Loss 0.11416
-- Training of the discriminator, num_Updates[ 8 / 10]: Loss 0.11375
-- Training of the discriminator, num_Updates[ 9 / 10]: Loss 0.11334
-- Training of the discriminator, num_Updates[ 10 / 10]: Loss 0.11297
Generation time:  22.33  seconds
###   On generation 35 of 500
Best best molecule in generation  35
    smile  :  CCCCCCc1ccccc1
    fitness:  2.3385343899058584
    logP   :  3.809400000000003
    sas    :  1.2094738691001456
    ringP  :  0
    discrm :  [0.09879109]
-- Training of the discriminator, num_Updates[ 1 / 10]: Loss 0.10523
-- Training of the discriminator, num_Updates[ 2 / 10]: Loss 0.10491
-- Training of the discriminator, num_Updates[ 3 / 10]: Loss 0.10450
-- Training of the discriminator, num_Updates[ 4 / 10]: Loss 0.10409
-- Training of the discriminator, num_Updates[ 5 / 10]: Loss 0.10374
-- Training of the discriminator, num_Updates[ 6 / 10]: Loss 0.10345
-- Training of the discriminator, num_Updates[ 7 / 10]: Loss 0.10317
-- Training of the discriminator, num_Updates[ 8 / 10]: Loss 0.10285
-- Training of the discriminator, num_Updates[ 9 / 10]: Loss 0.10248
-- Training of the discriminator, num_Updates[ 10 / 10]: Loss 0.10212
Generation time:  20.8  seconds
###   On generation 36 of 500
Best best molecule in generation  36
    smile  :  CCCCCCCc1ccccc1
    fitness:  2.5672180036168792
    logP   :  4.199500000000003
    sas    :  1.260383069846883
    ringP  :  0
    discrm :  [0.0973474]
-- Training of the discriminator, num_Updates[ 1 / 10]: Loss 0.10210
-- Training of the discriminator, num_Updates[ 2 / 10]: Loss 0.10182
-- Training of the discriminator, num_Updates[ 3 / 10]: Loss 0.10147
-- Training of the discriminator, num_Updates[ 4 / 10]: Loss 0.10110
-- Training of the discriminator, num_Updates[ 5 / 10]: Loss 0.10075
-- Training of the discriminator, num_Updates[ 6 / 10]: Loss 0.10046
-- Training of the discriminator, num_Updates[ 7 / 10]: Loss 0.10018
-- Training of the discriminator, num_Updates[ 8 / 10]: Loss 0.09989
-- Training of the discriminator, num_Updates[ 9 / 10]: Loss 0.09956
-- Training of the discriminator, num_Updates[ 10 / 10]: Loss 0.09922
Generation time:  23.47  seconds
###   On generation 37 of 500
Best best molecule in generation  37
    smile  :  CCCCCCCc1ccccc1
    fitness:  2.6092230657201507
    logP   :  4.199500000000003
    sas    :  1.260383069846883
    ringP  :  0
    discrm :  [0.0931469]
-- Training of the discriminator, num_Updates[ 1 / 10]: Loss 0.10368
-- Training of the discriminator, num_Updates[ 2 / 10]: Loss 0.10315
-- Training of the discriminator, num_Updates[ 3 / 10]: Loss 0.10276
-- Training of the discriminator, num_Updates[ 4 / 10]: Loss 0.10255
-- Training of the discriminator, num_Updates[ 5 / 10]: Loss 0.10238
-- Training of the discriminator, num_Updates[ 6 / 10]: Loss 0.10208
-- Training of the discriminator, num_Updates[ 7 / 10]: Loss 0.10165
-- Training of the discriminator, num_Updates[ 8 / 10]: Loss 0.10122
-- Training of the discriminator, num_Updates[ 9 / 10]: Loss 0.10090
-- Training of the discriminator, num_Updates[ 10 / 10]: Loss 0.10065
Generation time:  20.17  seconds
###   On generation 38 of 500
Best best molecule in generation  38
    smile  :  CCCCCCCc1ccccc1
    fitness:  2.634216366158078
    logP   :  4.199500000000003
    sas    :  1.260383069846883
    ringP  :  0
    discrm :  [0.09064756]
-- Training of the discriminator, num_Updates[ 1 / 10]: Loss 0.09792
-- Training of the discriminator, num_Updates[ 2 / 10]: Loss 0.09764
-- Training of the discriminator, num_Updates[ 3 / 10]: Loss 0.09734
-- Training of the discriminator, num_Updates[ 4 / 10]: Loss 0.09702
-- Training of the discriminator, num_Updates[ 5 / 10]: Loss 0.09671
-- Training of the discriminator, num_Updates[ 6 / 10]: Loss 0.09642
-- Training of the discriminator, num_Updates[ 7 / 10]: Loss 0.09613
-- Training of the discriminator, num_Updates[ 8 / 10]: Loss 0.09584
-- Training of the discriminator, num_Updates[ 9 / 10]: Loss 0.09553
-- Training of the discriminator, num_Updates[ 10 / 10]: Loss 0.09523
Generation time:  23.98  seconds
###   On generation 39 of 500
Best best molecule in generation  39
    smile  :  CCCCCCCc1ccccc1
    fitness:  2.6580138782125213
    logP   :  4.199500000000003
    sas    :  1.260383069846883
    ringP  :  0
    discrm :  [0.08826782]
