nohup: ignoring input
wandb: Currently logged in as: kjappelbaum (use `wandb login --relogin` to force relogin)
wandb: wandb version 0.10.14 is available!  To upgrade, please run:
wandb:  $ pip install wandb --upgrade
wandb: Tracking run with wandb version 0.10.12
wandb: Syncing run glorious-star-1819
wandb: ⭐️ View project at https://wandb.ai/kjappelbaum/ga_replication_study
wandb: 🚀 View run at https://wandb.ai/kjappelbaum/ga_replication_study/runs/1jen1c7t
wandb: Run data is saved locally in /home/kjablonk/documents/replication_study/selfies_ga_nn_replication/wandb/run-20210123_095634-1jen1c7t
wandb: Run `wandb offline` to turn off syncing.
###   On generation 1 of 1000
Best best molecule in generation  1
    smile  :  C
    fitness:  -6.281431695634691
    logP   :  0.6361
    sas    :  7.3284153846153846
    ringP  :  0
    discrm :  [0.]
/home/kjablonk/anaconda3/envs/replication_study/lib/python3.8/site-packages/torch/nn/functional.py:1351: UserWarning: nn.functional.sigmoid is deprecated. Use torch.sigmoid instead.
  warnings.warn("nn.functional.sigmoid is deprecated. Use torch.sigmoid instead.")
/home/kjablonk/anaconda3/envs/replication_study/lib/python3.8/site-packages/torch/nn/modules/loss.py:498: UserWarning: Using a target size (torch.Size([1000])) that is different to the input size (torch.Size([1000, 1])) is deprecated. Please ensure they have the same size.
  return F.binary_cross_entropy(input, target, weight=self.weight, reduction=self.reduction)
-- Training of the discriminator, num_Updates[ 1 / 10]: Loss 0.69499
-- Training of the discriminator, num_Updates[ 2 / 10]: Loss 0.69271
-- Training of the discriminator, num_Updates[ 3 / 10]: Loss 0.69049
-- Training of the discriminator, num_Updates[ 4 / 10]: Loss 0.68827
-- Training of the discriminator, num_Updates[ 5 / 10]: Loss 0.68615
-- Training of the discriminator, num_Updates[ 6 / 10]: Loss 0.68403
-- Training of the discriminator, num_Updates[ 7 / 10]: Loss 0.68193
-- Training of the discriminator, num_Updates[ 8 / 10]: Loss 0.67984
-- Training of the discriminator, num_Updates[ 9 / 10]: Loss 0.67761
-- Training of the discriminator, num_Updates[ 10 / 10]: Loss 0.67559
Generation time:  19.89  seconds
###   On generation 2 of 1000
Best best molecule in generation  2
    smile  :  CC
    fitness:  -0.491076226348965
    logP   :  1.0262
    sas    :  2.7475679189493913
    ringP  :  0
    discrm :  [0.492264]
-- Training of the discriminator, num_Updates[ 1 / 10]: Loss 0.67653
-- Training of the discriminator, num_Updates[ 2 / 10]: Loss 0.67492
-- Training of the discriminator, num_Updates[ 3 / 10]: Loss 0.67323
-- Training of the discriminator, num_Updates[ 4 / 10]: Loss 0.67157
-- Training of the discriminator, num_Updates[ 5 / 10]: Loss 0.66979
-- Training of the discriminator, num_Updates[ 6 / 10]: Loss 0.66807
-- Training of the discriminator, num_Updates[ 7 / 10]: Loss 0.66626
-- Training of the discriminator, num_Updates[ 8 / 10]: Loss 0.66444
-- Training of the discriminator, num_Updates[ 9 / 10]: Loss 0.66264
-- Training of the discriminator, num_Updates[ 10 / 10]: Loss 0.66084
Generation time:  21.37  seconds
###   On generation 3 of 1000
Best best molecule in generation  3
    smile  :  Cc1ccccc1
    fitness:  2.297094361113432
    logP   :  1.99502
    sas    :  1.0
    ringP  :  0
    discrm :  [0.50613856]
-- Training of the discriminator, num_Updates[ 1 / 10]: Loss 0.66470
-- Training of the discriminator, num_Updates[ 2 / 10]: Loss 0.66309
-- Training of the discriminator, num_Updates[ 3 / 10]: Loss 0.66145
-- Training of the discriminator, num_Updates[ 4 / 10]: Loss 0.65978
-- Training of the discriminator, num_Updates[ 5 / 10]: Loss 0.65807
-- Training of the discriminator, num_Updates[ 6 / 10]: Loss 0.65629
-- Training of the discriminator, num_Updates[ 7 / 10]: Loss 0.65448
-- Training of the discriminator, num_Updates[ 8 / 10]: Loss 0.65259
-- Training of the discriminator, num_Updates[ 9 / 10]: Loss 0.65066
-- Training of the discriminator, num_Updates[ 10 / 10]: Loss 0.64866
Generation time:  76.07  seconds
###   On generation 4 of 1000
Best best molecule in generation  4
    smile  :  Cc1ccccc1
    fitness:  2.297094361113432
    logP   :  1.99502
    sas    :  1.0
    ringP  :  0
    discrm :  [0.5018683]
-- Training of the discriminator, num_Updates[ 1 / 10]: Loss 0.65164
-- Training of the discriminator, num_Updates[ 2 / 10]: Loss 0.64970
-- Training of the discriminator, num_Updates[ 3 / 10]: Loss 0.64769
-- Training of the discriminator, num_Updates[ 4 / 10]: Loss 0.64560
-- Training of the discriminator, num_Updates[ 5 / 10]: Loss 0.64346
-- Training of the discriminator, num_Updates[ 6 / 10]: Loss 0.64124
-- Training of the discriminator, num_Updates[ 7 / 10]: Loss 0.63894
-- Training of the discriminator, num_Updates[ 8 / 10]: Loss 0.63656
-- Training of the discriminator, num_Updates[ 9 / 10]: Loss 0.63411
-- Training of the discriminator, num_Updates[ 10 / 10]: Loss 0.63158
Generation time:  79.16  seconds
###   On generation 5 of 1000
Best best molecule in generation  5
    smile  :  Cc1ccccc1
    fitness:  2.297094361113432
    logP   :  1.99502
    sas    :  1.0
    ringP  :  0
    discrm :  [0.48787308]
-- Training of the discriminator, num_Updates[ 1 / 10]: Loss 0.63781
-- Training of the discriminator, num_Updates[ 2 / 10]: Loss 0.63534
-- Training of the discriminator, num_Updates[ 3 / 10]: Loss 0.63279
-- Training of the discriminator, num_Updates[ 4 / 10]: Loss 0.63016
-- Training of the discriminator, num_Updates[ 5 / 10]: Loss 0.62746
-- Training of the discriminator, num_Updates[ 6 / 10]: Loss 0.62470
-- Training of the discriminator, num_Updates[ 7 / 10]: Loss 0.62185
-- Training of the discriminator, num_Updates[ 8 / 10]: Loss 0.61893
-- Training of the discriminator, num_Updates[ 9 / 10]: Loss 0.61592
-- Training of the discriminator, num_Updates[ 10 / 10]: Loss 0.61283
Generation time:  77.29  seconds
###   On generation 6 of 1000
Best best molecule in generation  6
    smile  :  Cc1ccccc1
    fitness:  2.297094361113432
    logP   :  1.99502
    sas    :  1.0
    ringP  :  0
    discrm :  [0.46326306]
-- Training of the discriminator, num_Updates[ 1 / 10]: Loss 0.61840
-- Training of the discriminator, num_Updates[ 2 / 10]: Loss 0.61539
-- Training of the discriminator, num_Updates[ 3 / 10]: Loss 0.61229
-- Training of the discriminator, num_Updates[ 4 / 10]: Loss 0.60913
-- Training of the discriminator, num_Updates[ 5 / 10]: Loss 0.60591
-- Training of the discriminator, num_Updates[ 6 / 10]: Loss 0.60263
-- Training of the discriminator, num_Updates[ 7 / 10]: Loss 0.59929
-- Training of the discriminator, num_Updates[ 8 / 10]: Loss 0.59588
-- Training of the discriminator, num_Updates[ 9 / 10]: Loss 0.59238
-- Training of the discriminator, num_Updates[ 10 / 10]: Loss 0.58880
Generation time:  78.53  seconds
###   On generation 7 of 1000
Best best molecule in generation  7
    smile  :  Cc1ccccc1
    fitness:  2.297094361113432
    logP   :  1.99502
    sas    :  1.0
    ringP  :  0
    discrm :  [0.43495467]
-- Training of the discriminator, num_Updates[ 1 / 10]: Loss 0.59281
-- Training of the discriminator, num_Updates[ 2 / 10]: Loss 0.58919
-- Training of the discriminator, num_Updates[ 3 / 10]: Loss 0.58543
-- Training of the discriminator, num_Updates[ 4 / 10]: Loss 0.58157
-- Training of the discriminator, num_Updates[ 5 / 10]: Loss 0.57768
-- Training of the discriminator, num_Updates[ 6 / 10]: Loss 0.57378
-- Training of the discriminator, num_Updates[ 7 / 10]: Loss 0.56986
-- Training of the discriminator, num_Updates[ 8 / 10]: Loss 0.56585
-- Training of the discriminator, num_Updates[ 9 / 10]: Loss 0.56172
-- Training of the discriminator, num_Updates[ 10 / 10]: Loss 0.55746
Generation time:  78.28  seconds
###   On generation 8 of 1000
Best best molecule in generation  8
    smile  :  CCCc1ccccc1
    fitness:  2.655211436584508
    logP   :  2.639100000000001
    sas    :  1.0804143977581013
    ringP  :  0
    discrm :  [0.42821681]
-- Training of the discriminator, num_Updates[ 1 / 10]: Loss 0.56949
-- Training of the discriminator, num_Updates[ 2 / 10]: Loss 0.56516
-- Training of the discriminator, num_Updates[ 3 / 10]: Loss 0.56060
-- Training of the discriminator, num_Updates[ 4 / 10]: Loss 0.55597
-- Training of the discriminator, num_Updates[ 5 / 10]: Loss 0.55145
-- Training of the discriminator, num_Updates[ 6 / 10]: Loss 0.54706
-- Training of the discriminator, num_Updates[ 7 / 10]: Loss 0.54266
-- Training of the discriminator, num_Updates[ 8 / 10]: Loss 0.53805
-- Training of the discriminator, num_Updates[ 9 / 10]: Loss 0.53325
-- Training of the discriminator, num_Updates[ 10 / 10]: Loss 0.52843
Generation time:  76.08  seconds
###   On generation 9 of 1000
Best best molecule in generation  9
    smile  :  c1ccc(Cc2ccccc2)cc1
    fitness:  3.168644422134308
    logP   :  3.277400000000002
    sas    :  1.0284255677733025
    ringP  :  0
    discrm :  [0.4666181]
-- Training of the discriminator, num_Updates[ 1 / 10]: Loss 0.52962
-- Training of the discriminator, num_Updates[ 2 / 10]: Loss 0.52493
-- Training of the discriminator, num_Updates[ 3 / 10]: Loss 0.51996
-- Training of the discriminator, num_Updates[ 4 / 10]: Loss 0.51490
-- Training of the discriminator, num_Updates[ 5 / 10]: Loss 0.50996
-- Training of the discriminator, num_Updates[ 6 / 10]: Loss 0.50521
-- Training of the discriminator, num_Updates[ 7 / 10]: Loss 0.50049
-- Training of the discriminator, num_Updates[ 8 / 10]: Loss 0.49562
-- Training of the discriminator, num_Updates[ 9 / 10]: Loss 0.49063
-- Training of the discriminator, num_Updates[ 10 / 10]: Loss 0.48568
Generation time:  79.66  seconds
###   On generation 10 of 1000
Best best molecule in generation  10
    smile  :  c1ccc(Cc2ccccc2)cc1
    fitness:  3.168644422134308
    logP   :  3.277400000000002
    sas    :  1.0284255677733025
    ringP  :  0
    discrm :  [0.45636484]
-- Training of the discriminator, num_Updates[ 1 / 10]: Loss 0.48447
-- Training of the discriminator, num_Updates[ 2 / 10]: Loss 0.47975
-- Training of the discriminator, num_Updates[ 3 / 10]: Loss 0.47488
-- Training of the discriminator, num_Updates[ 4 / 10]: Loss 0.46998
-- Training of the discriminator, num_Updates[ 5 / 10]: Loss 0.46521
-- Training of the discriminator, num_Updates[ 6 / 10]: Loss 0.46060
-- Training of the discriminator, num_Updates[ 7 / 10]: Loss 0.45602
-- Training of the discriminator, num_Updates[ 8 / 10]: Loss 0.45137
-- Training of the discriminator, num_Updates[ 9 / 10]: Loss 0.44670
-- Training of the discriminator, num_Updates[ 10 / 10]: Loss 0.44215
Generation time:  78.36  seconds
###   On generation 11 of 1000
Best best molecule in generation  11
    smile  :  C(=Cc1ccccc1)c1ccccc1
    fitness:  3.2895406748006333
    logP   :  3.857000000000003
    sas    :  1.268055389767774
    ringP  :  0
    discrm :  [0.44154778]
-- Training of the discriminator, num_Updates[ 1 / 10]: Loss 0.43697
-- Training of the discriminator, num_Updates[ 2 / 10]: Loss 0.43244
-- Training of the discriminator, num_Updates[ 3 / 10]: Loss 0.42782
-- Training of the discriminator, num_Updates[ 4 / 10]: Loss 0.42335
-- Training of the discriminator, num_Updates[ 5 / 10]: Loss 0.41911
-- Training of the discriminator, num_Updates[ 6 / 10]: Loss 0.41492
-- Training of the discriminator, num_Updates[ 7 / 10]: Loss 0.41066
-- Training of the discriminator, num_Updates[ 8 / 10]: Loss 0.40641
-- Training of the discriminator, num_Updates[ 9 / 10]: Loss 0.40232
-- Training of the discriminator, num_Updates[ 10 / 10]: Loss 0.39837
Generation time:  80.66  seconds
###   On generation 12 of 1000
wandb: ERROR Error while calling W&B API: Error 1062: Duplicate entry '58985-176' for key 'unique_artifact_collection_membership_version' (<Response [409]>)
Best best molecule in generation  12
    smile  :  C(=Cc1ccccc1)CCc1ccccc1
    fitness:  3.24889008392272
    logP   :  4.332600000000004
    sas    :  1.580856167656023
    ringP  :  0
    discrm :  [0.4457873]
-- Training of the discriminator, num_Updates[ 1 / 10]: Loss 0.39772
-- Training of the discriminator, num_Updates[ 2 / 10]: Loss 0.39354
-- Training of the discriminator, num_Updates[ 3 / 10]: Loss 0.38949
-- Training of the discriminator, num_Updates[ 4 / 10]: Loss 0.38575
-- Training of the discriminator, num_Updates[ 5 / 10]: Loss 0.38216
-- Training of the discriminator, num_Updates[ 6 / 10]: Loss 0.37846
-- Training of the discriminator, num_Updates[ 7 / 10]: Loss 0.37472
-- Training of the discriminator, num_Updates[ 8 / 10]: Loss 0.37113
-- Training of the discriminator, num_Updates[ 9 / 10]: Loss 0.36776
-- Training of the discriminator, num_Updates[ 10 / 10]: Loss 0.36445
Generation time:  84.69  seconds
###   On generation 13 of 1000
Best best molecule in generation  13
    smile  :  CCCC=CCC=C1C=CC=C1C=CC=CC=CC=C(C)CC=CC=C=CC=CC=CC=CF
    fitness:  3.6270673497087973
    logP   :  10.023499999999993
    sas    :  4.60557829522022
    ringP  :  0
    discrm :  [0.26991573]
-- Training of the discriminator, num_Updates[ 1 / 10]: Loss 0.36703
-- Training of the discriminator, num_Updates[ 2 / 10]: Loss 0.36253
-- Training of the discriminator, num_Updates[ 3 / 10]: Loss 0.35875
-- Training of the discriminator, num_Updates[ 4 / 10]: Loss 0.35609
-- Training of the discriminator, num_Updates[ 5 / 10]: Loss 0.35353
-- Training of the discriminator, num_Updates[ 6 / 10]: Loss 0.35024
-- Training of the discriminator, num_Updates[ 7 / 10]: Loss 0.34664
-- Training of the discriminator, num_Updates[ 8 / 10]: Loss 0.34346
-- Training of the discriminator, num_Updates[ 9 / 10]: Loss 0.34086
-- Training of the discriminator, num_Updates[ 10 / 10]: Loss 0.33838
Generation time:  80.89  seconds
###   On generation 14 of 1000
Best best molecule in generation  14
    smile  :  C=CC=CCCC=C1C=CC=C1CCC=CCC=CC=C=CC=CC=C(C)C=C1C=CC=C1C
    fitness:  3.685103052070983
    logP   :  9.870399999999995
    sas    :  4.467547525989451
    ringP  :  0
    discrm :  [0.23940785]
-- Training of the discriminator, num_Updates[ 1 / 10]: Loss 0.34207
-- Training of the discriminator, num_Updates[ 2 / 10]: Loss 0.33836
-- Training of the discriminator, num_Updates[ 3 / 10]: Loss 0.33507
-- Training of the discriminator, num_Updates[ 4 / 10]: Loss 0.33262
-- Training of the discriminator, num_Updates[ 5 / 10]: Loss 0.33043
-- Training of the discriminator, num_Updates[ 6 / 10]: Loss 0.32781
-- Training of the discriminator, num_Updates[ 7 / 10]: Loss 0.32479
-- Training of the discriminator, num_Updates[ 8 / 10]: Loss 0.32188
-- Training of the discriminator, num_Updates[ 9 / 10]: Loss 0.31943
-- Training of the discriminator, num_Updates[ 10 / 10]: Loss 0.31727
Generation time:  81.32  seconds
###   On generation 15 of 1000
Best best molecule in generation  15
    smile  :  C=CCOCC=C1C=CC=C1CC=CC=CCCCCC=CC=C1C=CC=C1C=Cc1ccccc1C
    fitness:  4.251121755901774
    logP   :  9.675119999999998
    sas    :  3.882817128105935
    ringP  :  0
    discrm :  [0.27586535]
-- Training of the discriminator, num_Updates[ 1 / 10]: Loss 0.32289
-- Training of the discriminator, num_Updates[ 2 / 10]: Loss 0.31912
-- Training of the discriminator, num_Updates[ 3 / 10]: Loss 0.31540
-- Training of the discriminator, num_Updates[ 4 / 10]: Loss 0.31294
-- Training of the discriminator, num_Updates[ 5 / 10]: Loss 0.31146
-- Training of the discriminator, num_Updates[ 6 / 10]: Loss 0.30970
-- Training of the discriminator, num_Updates[ 7 / 10]: Loss 0.30706
-- Training of the discriminator, num_Updates[ 8 / 10]: Loss 0.30404
-- Training of the discriminator, num_Updates[ 9 / 10]: Loss 0.30146
-- Training of the discriminator, num_Updates[ 10 / 10]: Loss 0.29955
Generation time:  81.7  seconds
###   On generation 16 of 1000
Best best molecule in generation  16
    smile  :  CCCC=CCC=CC=CC=CC=CC=CC=C(C)C=CC=CC=C(C)CC=CC=C=CC=CC=CC=CF
    fitness:  4.946386114955854
    logP   :  11.771999999999984
    sas    :  4.535540569742599
    ringP  :  0
    discrm :  [0.20364413]
-- Training of the discriminator, num_Updates[ 1 / 10]: Loss 0.29431
-- Training of the discriminator, num_Updates[ 2 / 10]: Loss 0.29214
-- Training of the discriminator, num_Updates[ 3 / 10]: Loss 0.28949
-- Training of the discriminator, num_Updates[ 4 / 10]: Loss 0.28692
-- Training of the discriminator, num_Updates[ 5 / 10]: Loss 0.28481
-- Training of the discriminator, num_Updates[ 6 / 10]: Loss 0.28306
-- Training of the discriminator, num_Updates[ 7 / 10]: Loss 0.28129
-- Training of the discriminator, num_Updates[ 8 / 10]: Loss 0.27925
-- Training of the discriminator, num_Updates[ 9 / 10]: Loss 0.27703
-- Training of the discriminator, num_Updates[ 10 / 10]: Loss 0.27491
Generation time:  81.8  seconds
###   On generation 17 of 1000
Best best molecule in generation  17
    smile  :  CCCC=CCC=CC=CC=CC=CC=CC=C(C)C=CC=CC=C(C)CC=CC=C=CC=CC=CC=CF
    fitness:  4.946386114955854
    logP   :  11.771999999999984
    sas    :  4.535540569742599
    ringP  :  0
    discrm :  [0.19255444]
-- Training of the discriminator, num_Updates[ 1 / 10]: Loss 0.26835
-- Training of the discriminator, num_Updates[ 2 / 10]: Loss 0.26530
-- Training of the discriminator, num_Updates[ 3 / 10]: Loss 0.26296
-- Training of the discriminator, num_Updates[ 4 / 10]: Loss 0.26149
-- Training of the discriminator, num_Updates[ 5 / 10]: Loss 0.26018
-- Training of the discriminator, num_Updates[ 6 / 10]: Loss 0.25835
-- Training of the discriminator, num_Updates[ 7 / 10]: Loss 0.25601
-- Training of the discriminator, num_Updates[ 8 / 10]: Loss 0.25365
-- Training of the discriminator, num_Updates[ 9 / 10]: Loss 0.25171
-- Training of the discriminator, num_Updates[ 10 / 10]: Loss 0.25017
Generation time:  81.64  seconds
###   On generation 18 of 1000
Best best molecule in generation  18
    smile  :  CCCCC=CC=CC=C=CC=CCC=CC=CCC=CC=CC=C=C=CC=CC=C(CC)CCC=CC=CC=C=CC=CF
    fitness:  5.346436759386844
    logP   :  13.407599999999972
    sas    :  5.162848173356681
    ringP  :  0
    discrm :  [0.18257594]
-- Training of the discriminator, num_Updates[ 1 / 10]: Loss 0.24311
-- Training of the discriminator, num_Updates[ 2 / 10]: Loss 0.24160
-- Training of the discriminator, num_Updates[ 3 / 10]: Loss 0.23982
-- Training of the discriminator, num_Updates[ 4 / 10]: Loss 0.23795
-- Training of the discriminator, num_Updates[ 5 / 10]: Loss 0.23620
-- Training of the discriminator, num_Updates[ 6 / 10]: Loss 0.23468
-- Training of the discriminator, num_Updates[ 7 / 10]: Loss 0.23337
-- Training of the discriminator, num_Updates[ 8 / 10]: Loss 0.23210
-- Training of the discriminator, num_Updates[ 9 / 10]: Loss 0.23074
-- Training of the discriminator, num_Updates[ 10 / 10]: Loss 0.22925
Generation time:  84.77  seconds
###   On generation 19 of 1000
Best best molecule in generation  19
    smile  :  C=CC=CCC=CC=COCCC=CC=CC=C(C)C=CC=CC=CC=CC=CC=C(C)CC=Cc1cccc(C=CC=CC)c1
    fitness:  6.117676076025589
    logP   :  13.074099999999975
    sas    :  4.326558965133794
    ringP  :  0
    discrm :  [0.18003233]
-- Training of the discriminator, num_Updates[ 1 / 10]: Loss 0.22705
-- Training of the discriminator, num_Updates[ 2 / 10]: Loss 0.22571
-- Training of the discriminator, num_Updates[ 3 / 10]: Loss 0.22419
-- Training of the discriminator, num_Updates[ 4 / 10]: Loss 0.22260
-- Training of the discriminator, num_Updates[ 5 / 10]: Loss 0.22108
-- Training of the discriminator, num_Updates[ 6 / 10]: Loss 0.21972
-- Training of the discriminator, num_Updates[ 7 / 10]: Loss 0.21852
-- Training of the discriminator, num_Updates[ 8 / 10]: Loss 0.21739
-- Training of the discriminator, num_Updates[ 9 / 10]: Loss 0.21623
-- Training of the discriminator, num_Updates[ 10 / 10]: Loss 0.21498
Generation time:  77.24  seconds
###   On generation 20 of 1000
Best best molecule in generation  20
    smile  :  C=CC=CCC=CC=C(CC=CC=CC=CC=CC=CC=C(C)CC=Cc1cccc(C=CC=CC)c1)CCC=C1C=CC=C1
    fitness:  6.1393575118375505
    logP   :  13.244099999999975
    sas    :  4.408288472163353
    ringP  :  0
    discrm :  [0.17177616]
-- Training of the discriminator, num_Updates[ 1 / 10]: Loss 0.21126
-- Training of the discriminator, num_Updates[ 2 / 10]: Loss 0.21003
-- Training of the discriminator, num_Updates[ 3 / 10]: Loss 0.20884
-- Training of the discriminator, num_Updates[ 4 / 10]: Loss 0.20771
-- Training of the discriminator, num_Updates[ 5 / 10]: Loss 0.20664
-- Training of the discriminator, num_Updates[ 6 / 10]: Loss 0.20561
-- Training of the discriminator, num_Updates[ 7 / 10]: Loss 0.20459
-- Training of the discriminator, num_Updates[ 8 / 10]: Loss 0.20356
-- Training of the discriminator, num_Updates[ 9 / 10]: Loss 0.20252
-- Training of the discriminator, num_Updates[ 10 / 10]: Loss 0.20148
Generation time:  83.93  seconds
###   On generation 21 of 1000
Best best molecule in generation  21
    smile  :  C=CC=CC=CCCC(=CC=CCC=CC=C)CC=CC=CC=CC=CC=CC=C(C)CC=Cc1cccc(C=CC=CC)c1
    fitness:  6.3596751650694845
    logP   :  13.490099999999973
    sas    :  4.3696113809339705
    ringP  :  0
    discrm :  [0.16212766]
-- Training of the discriminator, num_Updates[ 1 / 10]: Loss 0.19990
-- Training of the discriminator, num_Updates[ 2 / 10]: Loss 0.19881
-- Training of the discriminator, num_Updates[ 3 / 10]: Loss 0.19774
-- Training of the discriminator, num_Updates[ 4 / 10]: Loss 0.19672
-- Training of the discriminator, num_Updates[ 5 / 10]: Loss 0.19573
-- Training of the discriminator, num_Updates[ 6 / 10]: Loss 0.19479
-- Training of the discriminator, num_Updates[ 7 / 10]: Loss 0.19387
-- Training of the discriminator, num_Updates[ 8 / 10]: Loss 0.19295
-- Training of the discriminator, num_Updates[ 9 / 10]: Loss 0.19203
-- Training of the discriminator, num_Updates[ 10 / 10]: Loss 0.19109
Generation time:  76.43  seconds
###   On generation 22 of 1000
Best best molecule in generation  22
    smile  :  C=CC=CC=CCCC(=CC=CCC=CC=C)CC=CC=CC=CC=CC=CC=C(C)CC=Cc1cccc(C=CC=CC)c1
    fitness:  6.3596751650694845
    logP   :  13.490099999999973
    sas    :  4.3696113809339705
    ringP  :  0
    discrm :  [0.15627836]
-- Training of the discriminator, num_Updates[ 1 / 10]: Loss 0.19040
-- Training of the discriminator, num_Updates[ 2 / 10]: Loss 0.18950
-- Training of the discriminator, num_Updates[ 3 / 10]: Loss 0.18859
-- Training of the discriminator, num_Updates[ 4 / 10]: Loss 0.18769
-- Training of the discriminator, num_Updates[ 5 / 10]: Loss 0.18678
-- Training of the discriminator, num_Updates[ 6 / 10]: Loss 0.18589
-- Training of the discriminator, num_Updates[ 7 / 10]: Loss 0.18501
-- Training of the discriminator, num_Updates[ 8 / 10]: Loss 0.18414
-- Training of the discriminator, num_Updates[ 9 / 10]: Loss 0.18329
-- Training of the discriminator, num_Updates[ 10 / 10]: Loss 0.18245
Generation time:  77.1  seconds
###   On generation 23 of 1000
Best best molecule in generation  23
    smile  :  CCCC=CC=CC=C=CC=CC=C=CCC=CC=CC=C(C)CC=C1C=CC=C1C=CC=CC=CC=C(C)CCC=CC=Cc1cccc(F)c1
    fitness:  6.830433394493488
    logP   :  14.942999999999962
    sas    :  4.830996074928903
    ringP  :  0
    discrm :  [0.14852728]
-- Training of the discriminator, num_Updates[ 1 / 10]: Loss 0.18067
-- Training of the discriminator, num_Updates[ 2 / 10]: Loss 0.17981
-- Training of the discriminator, num_Updates[ 3 / 10]: Loss 0.17892
-- Training of the discriminator, num_Updates[ 4 / 10]: Loss 0.17802
-- Training of the discriminator, num_Updates[ 5 / 10]: Loss 0.17715
-- Training of the discriminator, num_Updates[ 6 / 10]: Loss 0.17631
-- Training of the discriminator, num_Updates[ 7 / 10]: Loss 0.17551
-- Training of the discriminator, num_Updates[ 8 / 10]: Loss 0.17473
-- Training of the discriminator, num_Updates[ 9 / 10]: Loss 0.17396
-- Training of the discriminator, num_Updates[ 10 / 10]: Loss 0.17319
Generation time:  76.64  seconds
###   On generation 24 of 1000
