nohup: ignoring input
wandb: Currently logged in as: kjappelbaum (use `wandb login --relogin` to force relogin)
wandb: wandb version 0.10.14 is available!  To upgrade, please run:
wandb:  $ pip install wandb --upgrade
wandb: Tracking run with wandb version 0.10.12
wandb: Syncing run sleek-yogurt-1817
wandb: ⭐️ View project at https://wandb.ai/kjappelbaum/ga_replication_study
wandb: 🚀 View run at https://wandb.ai/kjappelbaum/ga_replication_study/runs/dv9z32fy
wandb: Run data is saved locally in /home/kjablonk/documents/replication_study/selfies_ga_nn_replication/wandb/run-20210123_095353-dv9z32fy
wandb: Run `wandb offline` to turn off syncing.
###   On generation 1 of 1000
Best best molecule in generation  1
    smile  :  C
    fitness:  -6.281431695634691
    logP   :  0.6361
    sas    :  7.3284153846153846
    ringP  :  0
    discrm :  [0.]
/home/kjablonk/anaconda3/envs/replication_study/lib/python3.8/site-packages/torch/nn/functional.py:1351: UserWarning: nn.functional.sigmoid is deprecated. Use torch.sigmoid instead.
  warnings.warn("nn.functional.sigmoid is deprecated. Use torch.sigmoid instead.")
/home/kjablonk/anaconda3/envs/replication_study/lib/python3.8/site-packages/torch/nn/modules/loss.py:498: UserWarning: Using a target size (torch.Size([1000])) that is different to the input size (torch.Size([1000, 1])) is deprecated. Please ensure they have the same size.
  return F.binary_cross_entropy(input, target, weight=self.weight, reduction=self.reduction)
-- Training of the discriminator, num_Updates[ 1 / 10]: Loss 0.69393
-- Training of the discriminator, num_Updates[ 2 / 10]: Loss 0.69023
-- Training of the discriminator, num_Updates[ 3 / 10]: Loss 0.68656
-- Training of the discriminator, num_Updates[ 4 / 10]: Loss 0.68301
-- Training of the discriminator, num_Updates[ 5 / 10]: Loss 0.67926
-- Training of the discriminator, num_Updates[ 6 / 10]: Loss 0.67587
-- Training of the discriminator, num_Updates[ 7 / 10]: Loss 0.67250
-- Training of the discriminator, num_Updates[ 8 / 10]: Loss 0.66890
-- Training of the discriminator, num_Updates[ 9 / 10]: Loss 0.66550
-- Training of the discriminator, num_Updates[ 10 / 10]: Loss 0.66222
Generation time:  13.45  seconds
###   On generation 2 of 1000
Best best molecule in generation  2
    smile  :  CC
    fitness:  -0.491076226348965
    logP   :  1.0262
    sas    :  2.7475679189493913
    ringP  :  0
    discrm :  [0.5292084]
-- Training of the discriminator, num_Updates[ 1 / 10]: Loss 0.66541
-- Training of the discriminator, num_Updates[ 2 / 10]: Loss 0.66277
-- Training of the discriminator, num_Updates[ 3 / 10]: Loss 0.65996
-- Training of the discriminator, num_Updates[ 4 / 10]: Loss 0.65730
-- Training of the discriminator, num_Updates[ 5 / 10]: Loss 0.65464
-- Training of the discriminator, num_Updates[ 6 / 10]: Loss 0.65188
-- Training of the discriminator, num_Updates[ 7 / 10]: Loss 0.64913
-- Training of the discriminator, num_Updates[ 8 / 10]: Loss 0.64643
-- Training of the discriminator, num_Updates[ 9 / 10]: Loss 0.64363
-- Training of the discriminator, num_Updates[ 10 / 10]: Loss 0.64077
Generation time:  15.84  seconds
###   On generation 3 of 1000
Best best molecule in generation  3
    smile  :  Cc1ccccc1
    fitness:  2.297094361113432
    logP   :  1.99502
    sas    :  1.0
    ringP  :  0
    discrm :  [0.54261065]
-- Training of the discriminator, num_Updates[ 1 / 10]: Loss 0.65096
-- Training of the discriminator, num_Updates[ 2 / 10]: Loss 0.64857
-- Training of the discriminator, num_Updates[ 3 / 10]: Loss 0.64609
-- Training of the discriminator, num_Updates[ 4 / 10]: Loss 0.64357
-- Training of the discriminator, num_Updates[ 5 / 10]: Loss 0.64101
-- Training of the discriminator, num_Updates[ 6 / 10]: Loss 0.63841
-- Training of the discriminator, num_Updates[ 7 / 10]: Loss 0.63577
-- Training of the discriminator, num_Updates[ 8 / 10]: Loss 0.63309
-- Training of the discriminator, num_Updates[ 9 / 10]: Loss 0.63042
-- Training of the discriminator, num_Updates[ 10 / 10]: Loss 0.62766
Generation time:  52.98  seconds
###   On generation 4 of 1000
Best best molecule in generation  4
    smile  :  Cc1ccccc1
    fitness:  2.297094361113432
    logP   :  1.99502
    sas    :  1.0
    ringP  :  0
    discrm :  [0.52348936]
-- Training of the discriminator, num_Updates[ 1 / 10]: Loss 0.63053
-- Training of the discriminator, num_Updates[ 2 / 10]: Loss 0.62778
-- Training of the discriminator, num_Updates[ 3 / 10]: Loss 0.62497
-- Training of the discriminator, num_Updates[ 4 / 10]: Loss 0.62210
-- Training of the discriminator, num_Updates[ 5 / 10]: Loss 0.61918
-- Training of the discriminator, num_Updates[ 6 / 10]: Loss 0.61620
-- Training of the discriminator, num_Updates[ 7 / 10]: Loss 0.61316
-- Training of the discriminator, num_Updates[ 8 / 10]: Loss 0.61005
-- Training of the discriminator, num_Updates[ 9 / 10]: Loss 0.60688
-- Training of the discriminator, num_Updates[ 10 / 10]: Loss 0.60363
Generation time:  51.17  seconds
###   On generation 5 of 1000
Best best molecule in generation  5
    smile  :  Cc1ccccc1
    fitness:  2.297094361113432
    logP   :  1.99502
    sas    :  1.0
    ringP  :  0
    discrm :  [0.50206095]
-- Training of the discriminator, num_Updates[ 1 / 10]: Loss 0.60881
-- Training of the discriminator, num_Updates[ 2 / 10]: Loss 0.60550
-- Training of the discriminator, num_Updates[ 3 / 10]: Loss 0.60212
-- Training of the discriminator, num_Updates[ 4 / 10]: Loss 0.59866
-- Training of the discriminator, num_Updates[ 5 / 10]: Loss 0.59513
-- Training of the discriminator, num_Updates[ 6 / 10]: Loss 0.59153
-- Training of the discriminator, num_Updates[ 7 / 10]: Loss 0.58785
-- Training of the discriminator, num_Updates[ 8 / 10]: Loss 0.58409
-- Training of the discriminator, num_Updates[ 9 / 10]: Loss 0.58024
-- Training of the discriminator, num_Updates[ 10 / 10]: Loss 0.57633
Generation time:  58.03  seconds
###   On generation 6 of 1000
Best best molecule in generation  6
    smile  :  Cc1ccccc1
    fitness:  2.297094361113432
    logP   :  1.99502
    sas    :  1.0
    ringP  :  0
    discrm :  [0.47930095]
-- Training of the discriminator, num_Updates[ 1 / 10]: Loss 0.57990
-- Training of the discriminator, num_Updates[ 2 / 10]: Loss 0.57602
-- Training of the discriminator, num_Updates[ 3 / 10]: Loss 0.57207
-- Training of the discriminator, num_Updates[ 4 / 10]: Loss 0.56807
-- Training of the discriminator, num_Updates[ 5 / 10]: Loss 0.56404
-- Training of the discriminator, num_Updates[ 6 / 10]: Loss 0.55999
-- Training of the discriminator, num_Updates[ 7 / 10]: Loss 0.55592
-- Training of the discriminator, num_Updates[ 8 / 10]: Loss 0.55182
-- Training of the discriminator, num_Updates[ 9 / 10]: Loss 0.54768
-- Training of the discriminator, num_Updates[ 10 / 10]: Loss 0.54347
Generation time:  72.98  seconds
###   On generation 7 of 1000
Best best molecule in generation  7
    smile  :  CCc1ccccc1
    fitness:  2.476485628246815
    logP   :  2.2490000000000006
    sas    :  1.0
    ringP  :  0
    discrm :  [0.4668807]
-- Training of the discriminator, num_Updates[ 1 / 10]: Loss 0.55021
-- Training of the discriminator, num_Updates[ 2 / 10]: Loss 0.54619
-- Training of the discriminator, num_Updates[ 3 / 10]: Loss 0.54211
-- Training of the discriminator, num_Updates[ 4 / 10]: Loss 0.53800
-- Training of the discriminator, num_Updates[ 5 / 10]: Loss 0.53389
-- Training of the discriminator, num_Updates[ 6 / 10]: Loss 0.52978
-- Training of the discriminator, num_Updates[ 7 / 10]: Loss 0.52567
-- Training of the discriminator, num_Updates[ 8 / 10]: Loss 0.52154
-- Training of the discriminator, num_Updates[ 9 / 10]: Loss 0.51738
-- Training of the discriminator, num_Updates[ 10 / 10]: Loss 0.51318
Generation time:  80.69  seconds
###   On generation 8 of 1000
Best best molecule in generation  8
    smile  :  CC=CCC=CC=CC=CC=CC=CC=C(C)CC=Cc1ccsc1
    fitness:  3.2103405498008124
    logP   :  7.844900000000007
    sas    :  3.6735443868615736
    ringP  :  0
    discrm :  [0.5800509]
-- Training of the discriminator, num_Updates[ 1 / 10]: Loss 0.51802
-- Training of the discriminator, num_Updates[ 2 / 10]: Loss 0.51373
-- Training of the discriminator, num_Updates[ 3 / 10]: Loss 0.50929
-- Training of the discriminator, num_Updates[ 4 / 10]: Loss 0.50482
-- Training of the discriminator, num_Updates[ 5 / 10]: Loss 0.50043
-- Training of the discriminator, num_Updates[ 6 / 10]: Loss 0.49618
-- Training of the discriminator, num_Updates[ 7 / 10]: Loss 0.49197
-- Training of the discriminator, num_Updates[ 8 / 10]: Loss 0.48766
-- Training of the discriminator, num_Updates[ 9 / 10]: Loss 0.48319
-- Training of the discriminator, num_Updates[ 10 / 10]: Loss 0.47865
Generation time:  75.4  seconds
###   On generation 9 of 1000
Best best molecule in generation  9
    smile  :  CCC=CCC=CC=CC=CC=CC=CC=C(C)CC=Cc1ccsc1
    fitness:  3.553214734840948
    logP   :  8.235000000000007
    sas    :  3.6176100562652804
    ringP  :  0
    discrm :  [0.54819125]
-- Training of the discriminator, num_Updates[ 1 / 10]: Loss 0.48551
-- Training of the discriminator, num_Updates[ 2 / 10]: Loss 0.48119
-- Training of the discriminator, num_Updates[ 3 / 10]: Loss 0.47689
-- Training of the discriminator, num_Updates[ 4 / 10]: Loss 0.47255
-- Training of the discriminator, num_Updates[ 5 / 10]: Loss 0.46813
-- Training of the discriminator, num_Updates[ 6 / 10]: Loss 0.46368
-- Training of the discriminator, num_Updates[ 7 / 10]: Loss 0.45925
-- Training of the discriminator, num_Updates[ 8 / 10]: Loss 0.45488
-- Training of the discriminator, num_Updates[ 9 / 10]: Loss 0.45054
-- Training of the discriminator, num_Updates[ 10 / 10]: Loss 0.44618
Generation time:  77.09  seconds
###   On generation 10 of 1000
Best best molecule in generation  10
    smile  :  CC=CCC=CC=CC=CC=CC=CC=C(C)C=CC=Cc1ccsc1
    fitness:  3.362222051414655
    logP   :  8.011000000000006
    sas    :  3.644835967196454
    ringP  :  0
    discrm :  [0.50547886]
-- Training of the discriminator, num_Updates[ 1 / 10]: Loss 0.45999
-- Training of the discriminator, num_Updates[ 2 / 10]: Loss 0.45463
-- Training of the discriminator, num_Updates[ 3 / 10]: Loss 0.44921
-- Training of the discriminator, num_Updates[ 4 / 10]: Loss 0.44445
-- Training of the discriminator, num_Updates[ 5 / 10]: Loss 0.44030
-- Training of the discriminator, num_Updates[ 6 / 10]: Loss 0.43594
-- Training of the discriminator, num_Updates[ 7 / 10]: Loss 0.43098
-- Training of the discriminator, num_Updates[ 8 / 10]: Loss 0.42590
-- Training of the discriminator, num_Updates[ 9 / 10]: Loss 0.42123
-- Training of the discriminator, num_Updates[ 10 / 10]: Loss 0.41699
Generation time:  80.6  seconds
###   On generation 11 of 1000
Best best molecule in generation  11
    smile  :  CC=CCC=CC=CC=CC=CCC=C1C=CC=C1C=Cc1cscc1C=C1C=CC=C1
    fitness:  3.5054044905368875
    logP   :  9.274399999999998
    sas    :  4.267139556161119
    ringP  :  0
    discrm :  [0.4764987]
-- Training of the discriminator, num_Updates[ 1 / 10]: Loss 0.41877
-- Training of the discriminator, num_Updates[ 2 / 10]: Loss 0.41256
-- Training of the discriminator, num_Updates[ 3 / 10]: Loss 0.40619
-- Training of the discriminator, num_Updates[ 4 / 10]: Loss 0.40122
-- Training of the discriminator, num_Updates[ 5 / 10]: Loss 0.39761
-- Training of the discriminator, num_Updates[ 6 / 10]: Loss 0.39382
-- Training of the discriminator, num_Updates[ 7 / 10]: Loss 0.38892
-- Training of the discriminator, num_Updates[ 8 / 10]: Loss 0.38354
-- Training of the discriminator, num_Updates[ 9 / 10]: Loss 0.37873
-- Training of the discriminator, num_Updates[ 10 / 10]: Loss 0.37480
Generation time:  77.72  seconds
###   On generation 12 of 1000
Best best molecule in generation  12
    smile  :  CC=CCC=CC=CC=C1C=CC=C1C=Cc1cscc1C=CCC=CC=CCC=C=C1C=CC=C1
    fitness:  3.8934112595577024
    logP   :  10.375799999999991
    sas    :  4.591036045480557
    ringP  :  0
    discrm :  [0.34508222]
-- Training of the discriminator, num_Updates[ 1 / 10]: Loss 0.39741
-- Training of the discriminator, num_Updates[ 2 / 10]: Loss 0.38888
-- Training of the discriminator, num_Updates[ 3 / 10]: Loss 0.37966
-- Training of the discriminator, num_Updates[ 4 / 10]: Loss 0.37349
-- Training of the discriminator, num_Updates[ 5 / 10]: Loss 0.37058
-- Training of the discriminator, num_Updates[ 6 / 10]: Loss 0.36816
-- Training of the discriminator, num_Updates[ 7 / 10]: Loss 0.36385
-- Training of the discriminator, num_Updates[ 8 / 10]: Loss 0.35775
-- Training of the discriminator, num_Updates[ 9 / 10]: Loss 0.35152
-- Training of the discriminator, num_Updates[ 10 / 10]: Loss 0.34661
Generation time:  78.33  seconds
###   On generation 13 of 1000
Best best molecule in generation  13
    smile  :  CC=CCC=CC=CC=CCC=CC=CC=C=CCC=C1C=CC=C=C1C=Cc1cscc1C=C1C=CC=C1
    fitness:  4.0146776330832195
    logP   :  11.087099999999987
    sas    :  4.907626852928441
    ringP  :  0
    discrm :  [0.2610932]
-- Training of the discriminator, num_Updates[ 1 / 10]: Loss 0.33746
-- Training of the discriminator, num_Updates[ 2 / 10]: Loss 0.33412
-- Training of the discriminator, num_Updates[ 3 / 10]: Loss 0.32959
-- Training of the discriminator, num_Updates[ 4 / 10]: Loss 0.32424
-- Training of the discriminator, num_Updates[ 5 / 10]: Loss 0.31914
-- Training of the discriminator, num_Updates[ 6 / 10]: Loss 0.31497
-- Training of the discriminator, num_Updates[ 7 / 10]: Loss 0.31161
-- Training of the discriminator, num_Updates[ 8 / 10]: Loss 0.30844
-- Training of the discriminator, num_Updates[ 9 / 10]: Loss 0.30495
-- Training of the discriminator, num_Updates[ 10 / 10]: Loss 0.30109
Generation time:  79.18  seconds
###   On generation 14 of 1000
Best best molecule in generation  14
    smile  :  CC=CCC=CC=CC=CCC=CC=CC=C=CCC=CC=CCC=CC1=CC=C=C=C1C=Cc1cscc1C=C1C=CC=C1
    fitness:  4.886834485579177
    logP   :  12.744699999999977
    sas    :  5.155690063855241
    ringP  :  0
    discrm :  [0.22798768]
-- Training of the discriminator, num_Updates[ 1 / 10]: Loss 0.28893
-- Training of the discriminator, num_Updates[ 2 / 10]: Loss 0.28493
-- Training of the discriminator, num_Updates[ 3 / 10]: Loss 0.28142
-- Training of the discriminator, num_Updates[ 4 / 10]: Loss 0.27844
-- Training of the discriminator, num_Updates[ 5 / 10]: Loss 0.27574
-- Training of the discriminator, num_Updates[ 6 / 10]: Loss 0.27299
-- Training of the discriminator, num_Updates[ 7 / 10]: Loss 0.27004
-- Training of the discriminator, num_Updates[ 8 / 10]: Loss 0.26698
-- Training of the discriminator, num_Updates[ 9 / 10]: Loss 0.26401
-- Training of the discriminator, num_Updates[ 10 / 10]: Loss 0.26127
Generation time:  79.65  seconds
###   On generation 15 of 1000
Best best molecule in generation  15
    smile  :  CC=CCC=CC=CC=CCC=CC=CC=C=CCC=CC=C1C=CC=C1C=CCC=CC1=CC=C=C=C1C=Cc1cscc1C=C1C=CC=C1
    fitness:  5.628906684250935
    logP   :  14.167299999999967
    sas    :  5.373932643960519
    ringP  :  0
    discrm :  [0.21523964]
-- Training of the discriminator, num_Updates[ 1 / 10]: Loss 0.25803
-- Training of the discriminator, num_Updates[ 2 / 10]: Loss 0.25567
-- Training of the discriminator, num_Updates[ 3 / 10]: Loss 0.25283
-- Training of the discriminator, num_Updates[ 4 / 10]: Loss 0.24979
-- Training of the discriminator, num_Updates[ 5 / 10]: Loss 0.24687
-- Training of the discriminator, num_Updates[ 6 / 10]: Loss 0.24431
-- Training of the discriminator, num_Updates[ 7 / 10]: Loss 0.24213
-- Training of the discriminator, num_Updates[ 8 / 10]: Loss 0.24020
-- Training of the discriminator, num_Updates[ 9 / 10]: Loss 0.23830
-- Training of the discriminator, num_Updates[ 10 / 10]: Loss 0.23631
Generation time:  80.19  seconds
###   On generation 16 of 1000
Best best molecule in generation  16
    smile  :  CC=CCC=CC=CC=CCC=CC=CC=C=CCC=CC=C1C=CC=C1C=CCC=CC1=CC=C=C=C1C=Cc1cscc1C=C1C=CC=C1
    fitness:  5.628906684250935
    logP   :  14.167299999999967
    sas    :  5.373932643960519
    ringP  :  0
    discrm :  [0.2068251]
-- Training of the discriminator, num_Updates[ 1 / 10]: Loss 0.23376
-- Training of the discriminator, num_Updates[ 2 / 10]: Loss 0.23149
-- Training of the discriminator, num_Updates[ 3 / 10]: Loss 0.22933
-- Training of the discriminator, num_Updates[ 4 / 10]: Loss 0.22738
-- Training of the discriminator, num_Updates[ 5 / 10]: Loss 0.22562
-- Training of the discriminator, num_Updates[ 6 / 10]: Loss 0.22399
-- Training of the discriminator, num_Updates[ 7 / 10]: Loss 0.22236
-- Training of the discriminator, num_Updates[ 8 / 10]: Loss 0.22069
-- Training of the discriminator, num_Updates[ 9 / 10]: Loss 0.21895
-- Training of the discriminator, num_Updates[ 10 / 10]: Loss 0.21719
Generation time:  80.55  seconds
###   On generation 17 of 1000
Best best molecule in generation  17
    smile  :  CC=CCC=CC=CC=CCCCC=CC=C=CCC=CC=C1C=CC=C1C=CCC=CC1=CC=C=C=C1C=Cc1cscc1C=C1C=CC=C1
    fitness:  5.879956726216404
    logP   :  14.391299999999966
    sas    :  5.296820498211531
    ringP  :  0
    discrm :  [0.19500633]
-- Training of the discriminator, num_Updates[ 1 / 10]: Loss 0.21183
-- Training of the discriminator, num_Updates[ 2 / 10]: Loss 0.21009
-- Training of the discriminator, num_Updates[ 3 / 10]: Loss 0.20842
-- Training of the discriminator, num_Updates[ 4 / 10]: Loss 0.20688
-- Training of the discriminator, num_Updates[ 5 / 10]: Loss 0.20549
-- Training of the discriminator, num_Updates[ 6 / 10]: Loss 0.20421
-- Training of the discriminator, num_Updates[ 7 / 10]: Loss 0.20300
-- Training of the discriminator, num_Updates[ 8 / 10]: Loss 0.20178
-- Training of the discriminator, num_Updates[ 9 / 10]: Loss 0.20053
-- Training of the discriminator, num_Updates[ 10 / 10]: Loss 0.19924
Generation time:  84.5  seconds
###   On generation 18 of 1000
Best best molecule in generation  18
    smile  :  CC=CCC=CC=CC=CCCCC=CC=C=CCC=CC=C1C=CC=C1C=CCC=CC1=CC=C=C=C1C=Cc1cscc1C=CC=C1C=C1
    fitness:  5.888728462116536
    logP   :  14.391299999999966
    sas    :  5.289534315676741
    ringP  :  0
    discrm :  [0.18673363]
-- Training of the discriminator, num_Updates[ 1 / 10]: Loss 0.19409
-- Training of the discriminator, num_Updates[ 2 / 10]: Loss 0.19286
-- Training of the discriminator, num_Updates[ 3 / 10]: Loss 0.19166
-- Training of the discriminator, num_Updates[ 4 / 10]: Loss 0.19050
-- Training of the discriminator, num_Updates[ 5 / 10]: Loss 0.18938
-- Training of the discriminator, num_Updates[ 6 / 10]: Loss 0.18830
-- Training of the discriminator, num_Updates[ 7 / 10]: Loss 0.18724
-- Training of the discriminator, num_Updates[ 8 / 10]: Loss 0.18620
-- Training of the discriminator, num_Updates[ 9 / 10]: Loss 0.18517
-- Training of the discriminator, num_Updates[ 10 / 10]: Loss 0.18414
Generation time:  82.33  seconds
###   On generation 19 of 1000
Best best molecule in generation  19
    smile  :  CC=CCCC=Cc1cscc1C=CC=CCC=CC=CC=C=CCCCC=CC=C(C)C=Cc1cscc1C=C1C=CC=C1
    fitness:  6.361322510364437
    logP   :  13.857899999999969
    sas    :  4.584031379256258
    ringP  :  0
    discrm :  [0.19504054]
-- Training of the discriminator, num_Updates[ 1 / 10]: Loss 0.18368
-- Training of the discriminator, num_Updates[ 2 / 10]: Loss 0.18265
-- Training of the discriminator, num_Updates[ 3 / 10]: Loss 0.18160
-- Training of the discriminator, num_Updates[ 4 / 10]: Loss 0.18057
-- Training of the discriminator, num_Updates[ 5 / 10]: Loss 0.17955
-- Training of the discriminator, num_Updates[ 6 / 10]: Loss 0.17855
-- Training of the discriminator, num_Updates[ 7 / 10]: Loss 0.17759
-- Training of the discriminator, num_Updates[ 8 / 10]: Loss 0.17665
-- Training of the discriminator, num_Updates[ 9 / 10]: Loss 0.17574
-- Training of the discriminator, num_Updates[ 10 / 10]: Loss 0.17485
Generation time:  82.28  seconds
###   On generation 20 of 1000
Best best molecule in generation  20
    smile  :  CC=CCCCC=Cc1cscc1C=CC=CCC=CC=CC=C=CCCCC=CC=C(C)C=Cc1cscc1C=C1C=CC=C1
    fitness:  6.653510857457536
    logP   :  14.247999999999967
    sas    :  4.57019889388371
    ringP  :  0
    discrm :  [0.19361168]
-- Training of the discriminator, num_Updates[ 1 / 10]: Loss 0.17686
-- Training of the discriminator, num_Updates[ 2 / 10]: Loss 0.17596
-- Training of the discriminator, num_Updates[ 3 / 10]: Loss 0.17508
-- Training of the discriminator, num_Updates[ 4 / 10]: Loss 0.17420
-- Training of the discriminator, num_Updates[ 5 / 10]: Loss 0.17332
-- Training of the discriminator, num_Updates[ 6 / 10]: Loss 0.17245
-- Training of the discriminator, num_Updates[ 7 / 10]: Loss 0.17159
-- Training of the discriminator, num_Updates[ 8 / 10]: Loss 0.17073
-- Training of the discriminator, num_Updates[ 9 / 10]: Loss 0.16987
-- Training of the discriminator, num_Updates[ 10 / 10]: Loss 0.16903
Generation time:  82.07  seconds
###   On generation 21 of 1000
Best best molecule in generation  21
    smile  :  CC=CCCCC=Cc1cscc1C=CC=CCC=CC=CC=C=CCCCC=CC=C(C)C=Cc1cscc1C=C1C=CC=C1
    fitness:  6.653510857457536
    logP   :  14.247999999999967
    sas    :  4.57019889388371
    ringP  :  0
    discrm :  [0.18399656]
-- Training of the discriminator, num_Updates[ 1 / 10]: Loss 0.16905
-- Training of the discriminator, num_Updates[ 2 / 10]: Loss 0.16821
-- Training of the discriminator, num_Updates[ 3 / 10]: Loss 0.16738
-- Training of the discriminator, num_Updates[ 4 / 10]: Loss 0.16656
-- Training of the discriminator, num_Updates[ 5 / 10]: Loss 0.16575
-- Training of the discriminator, num_Updates[ 6 / 10]: Loss 0.16495
-- Training of the discriminator, num_Updates[ 7 / 10]: Loss 0.16416
-- Training of the discriminator, num_Updates[ 8 / 10]: Loss 0.16337
-- Training of the discriminator, num_Updates[ 9 / 10]: Loss 0.16259
-- Training of the discriminator, num_Updates[ 10 / 10]: Loss 0.16181
Generation time:  76.7  seconds
###   On generation 22 of 1000
Best best molecule in generation  22
    smile  :  CC=C=CCCC=Cc1cscc1C=CC=CCC=CC=CC=C=CCCCC=CC=C(C)C=C1C=CC=C1C=Cc1cscc1C=C1C=CC=C1
    fitness:  6.940267292565682
    logP   :  15.435599999999962
    sas    :  5.028771843896778
    ringP  :  0
    discrm :  [0.16287565]
-- Training of the discriminator, num_Updates[ 1 / 10]: Loss 0.16051
-- Training of the discriminator, num_Updates[ 2 / 10]: Loss 0.15968
-- Training of the discriminator, num_Updates[ 3 / 10]: Loss 0.15880
-- Training of the discriminator, num_Updates[ 4 / 10]: Loss 0.15792
-- Training of the discriminator, num_Updates[ 5 / 10]: Loss 0.15707
-- Training of the discriminator, num_Updates[ 6 / 10]: Loss 0.15628
-- Training of the discriminator, num_Updates[ 7 / 10]: Loss 0.15554
-- Training of the discriminator, num_Updates[ 8 / 10]: Loss 0.15485
-- Training of the discriminator, num_Updates[ 9 / 10]: Loss 0.15418
-- Training of the discriminator, num_Updates[ 10 / 10]: Loss 0.15351
Generation time:  81.81  seconds
###   On generation 23 of 1000
Best best molecule in generation  23
    smile  :  CC=C=CCCC=Cc1cscc1C=CC=CCC=CC=CC=C=CCCCC=CC=C(C)C=Cc1cscc1C=CC=CCC=C1C=CC=C1
    fitness:  7.075157951153088
    logP   :  15.51549999999996
    sas    :  4.963603189848929
    ringP  :  0
    discrm :  [0.15184909]
-- Training of the discriminator, num_Updates[ 1 / 10]: Loss 0.15322
-- Training of the discriminator, num_Updates[ 2 / 10]: Loss 0.15254
-- Training of the discriminator, num_Updates[ 3 / 10]: Loss 0.15184
-- Training of the discriminator, num_Updates[ 4 / 10]: Loss 0.15113
-- Training of the discriminator, num_Updates[ 5 / 10]: Loss 0.15041
-- Training of the discriminator, num_Updates[ 6 / 10]: Loss 0.14971
-- Training of the discriminator, num_Updates[ 7 / 10]: Loss 0.14901
-- Training of the discriminator, num_Updates[ 8 / 10]: Loss 0.14832
-- Training of the discriminator, num_Updates[ 9 / 10]: Loss 0.14766
-- Training of the discriminator, num_Updates[ 10 / 10]: Loss 0.14700
Generation time:  84.15  seconds
###   On generation 24 of 1000
Best best molecule in generation  24
    smile  :  C=CSC=CC=CCC(C=CC=CCF)=CC=CC(=CC=CC=CCC=CC=CC=CCC=CC)CCC=CCCCC=CC=CC=C(C)C
    fitness:  7.12210723967751
    logP   :  15.536599999999959
    sas    :  4.936984459309168
    ringP  :  0
    discrm :  [0.14384833]
-- Training of the discriminator, num_Updates[ 1 / 10]: Loss 0.14757
-- Training of the discriminator, num_Updates[ 2 / 10]: Loss 0.14693
-- Training of the discriminator, num_Updates[ 3 / 10]: Loss 0.14628
-- Training of the discriminator, num_Updates[ 4 / 10]: Loss 0.14562
-- Training of the discriminator, num_Updates[ 5 / 10]: Loss 0.14496
-- Training of the discriminator, num_Updates[ 6 / 10]: Loss 0.14430
-- Training of the discriminator, num_Updates[ 7 / 10]: Loss 0.14365
-- Training of the discriminator, num_Updates[ 8 / 10]: Loss 0.14302
-- Training of the discriminator, num_Updates[ 9 / 10]: Loss 0.14239
-- Training of the discriminator, num_Updates[ 10 / 10]: Loss 0.14178
Generation time:  79.62  seconds
###   On generation 25 of 1000
Best best molecule in generation  25
    smile  :  CC=CCC=CC=CC=CCC=CC=CC(C=CC=C(C)C=CC=CSC=C(CC=CC)CCF)=CCC=CCCCC=CC=CC=C(C)C
    fitness:  7.2924148769417325
    logP   :  15.760599999999958
    sas    :  4.926940440741528
    ringP  :  0
    discrm :  [0.13824965]
-- Training of the discriminator, num_Updates[ 1 / 10]: Loss 0.14309
-- Training of the discriminator, num_Updates[ 2 / 10]: Loss 0.14243
-- Training of the discriminator, num_Updates[ 3 / 10]: Loss 0.14178
-- Training of the discriminator, num_Updates[ 4 / 10]: Loss 0.14115
-- Training of the discriminator, num_Updates[ 5 / 10]: Loss 0.14055
-- Training of the discriminator, num_Updates[ 6 / 10]: Loss 0.13997
-- Training of the discriminator, num_Updates[ 7 / 10]: Loss 0.13940
-- Training of the discriminator, num_Updates[ 8 / 10]: Loss 0.13883
-- Training of the discriminator, num_Updates[ 9 / 10]: Loss 0.13825
-- Training of the discriminator, num_Updates[ 10 / 10]: Loss 0.13767
Generation time:  77.87  seconds
###   On generation 26 of 1000
Best best molecule in generation  26
    smile  :  CC=CCCCCC=C1C=CC=C1c1cscc1C=CC=CCC=CCCC=C=CCCCC=CC=C(C)C(C)=CC=CSC=C1C=CC=CC1
    fitness:  7.527696609476154
    logP   :  16.03739999999996
    sas    :  4.893903907118414
    ringP  :  0
    discrm :  [0.13428116]
-- Training of the discriminator, num_Updates[ 1 / 10]: Loss 0.13702
-- Training of the discriminator, num_Updates[ 2 / 10]: Loss 0.13645
-- Training of the discriminator, num_Updates[ 3 / 10]: Loss 0.13588
-- Training of the discriminator, num_Updates[ 4 / 10]: Loss 0.13532
-- Training of the discriminator, num_Updates[ 5 / 10]: Loss 0.13477
-- Training of the discriminator, num_Updates[ 6 / 10]: Loss 0.13423
-- Training of the discriminator, num_Updates[ 7 / 10]: Loss 0.13369
-- Training of the discriminator, num_Updates[ 8 / 10]: Loss 0.13316
-- Training of the discriminator, num_Updates[ 9 / 10]: Loss 0.13263
-- Training of the discriminator, num_Updates[ 10 / 10]: Loss 0.13210
Generation time:  76.62  seconds
###   On generation 27 of 1000
