nohup: ignoring input
wandb: Currently logged in as: kjappelbaum (use `wandb login --relogin` to force relogin)
wandb: wandb version 0.10.14 is available!  To upgrade, please run:
wandb:  $ pip install wandb --upgrade
wandb: Tracking run with wandb version 0.10.12
wandb: Syncing run wise-butterfly-1814
wandb: ⭐️ View project at https://wandb.ai/kjappelbaum/ga_replication_study
wandb: 🚀 View run at https://wandb.ai/kjappelbaum/ga_replication_study/runs/1elf1v0w
wandb: Run data is saved locally in /home/kjablonk/documents/replication_study/selfies_ga_nn_replication/wandb/run-20210123_095303-1elf1v0w
wandb: Run `wandb offline` to turn off syncing.
###   On generation 1 of 1000
Best best molecule in generation  1
    smile  :  C
    fitness:  -6.281431695634691
    logP   :  0.6361
    sas    :  7.3284153846153846
    ringP  :  0
    discrm :  [0.]
/home/kjablonk/anaconda3/envs/replication_study/lib/python3.8/site-packages/torch/nn/functional.py:1351: UserWarning: nn.functional.sigmoid is deprecated. Use torch.sigmoid instead.
  warnings.warn("nn.functional.sigmoid is deprecated. Use torch.sigmoid instead.")
/home/kjablonk/anaconda3/envs/replication_study/lib/python3.8/site-packages/torch/nn/modules/loss.py:498: UserWarning: Using a target size (torch.Size([1000])) that is different to the input size (torch.Size([1000, 1])) is deprecated. Please ensure they have the same size.
  return F.binary_cross_entropy(input, target, weight=self.weight, reduction=self.reduction)
-- Training of the discriminator, num_Updates[ 1 / 10]: Loss 0.69367
-- Training of the discriminator, num_Updates[ 2 / 10]: Loss 0.68824
-- Training of the discriminator, num_Updates[ 3 / 10]: Loss 0.68294
-- Training of the discriminator, num_Updates[ 4 / 10]: Loss 0.67779
-- Training of the discriminator, num_Updates[ 5 / 10]: Loss 0.67273
-- Training of the discriminator, num_Updates[ 6 / 10]: Loss 0.66796
-- Training of the discriminator, num_Updates[ 7 / 10]: Loss 0.66337
-- Training of the discriminator, num_Updates[ 8 / 10]: Loss 0.65881
-- Training of the discriminator, num_Updates[ 9 / 10]: Loss 0.65437
-- Training of the discriminator, num_Updates[ 10 / 10]: Loss 0.65011
Generation time:  14.1  seconds
###   On generation 2 of 1000
Best best molecule in generation  2
    smile  :  CC
    fitness:  -0.491076226348965
    logP   :  1.0262
    sas    :  2.7475679189493913
    ringP  :  0
    discrm :  [0.48959127]
-- Training of the discriminator, num_Updates[ 1 / 10]: Loss 0.65414
-- Training of the discriminator, num_Updates[ 2 / 10]: Loss 0.65054
-- Training of the discriminator, num_Updates[ 3 / 10]: Loss 0.64718
-- Training of the discriminator, num_Updates[ 4 / 10]: Loss 0.64382
-- Training of the discriminator, num_Updates[ 5 / 10]: Loss 0.64041
-- Training of the discriminator, num_Updates[ 6 / 10]: Loss 0.63673
-- Training of the discriminator, num_Updates[ 7 / 10]: Loss 0.63346
-- Training of the discriminator, num_Updates[ 8 / 10]: Loss 0.62999
-- Training of the discriminator, num_Updates[ 9 / 10]: Loss 0.62659
-- Training of the discriminator, num_Updates[ 10 / 10]: Loss 0.62330
Generation time:  18.93  seconds
###   On generation 3 of 1000
Best best molecule in generation  3
    smile  :  c1ccccc1
    fitness:  2.079251008844443
    logP   :  1.6866
    sas    :  1.0
    ringP  :  0
    discrm :  [0.52829415]
-- Training of the discriminator, num_Updates[ 1 / 10]: Loss 0.63887
-- Training of the discriminator, num_Updates[ 2 / 10]: Loss 0.63619
-- Training of the discriminator, num_Updates[ 3 / 10]: Loss 0.63341
-- Training of the discriminator, num_Updates[ 4 / 10]: Loss 0.63059
-- Training of the discriminator, num_Updates[ 5 / 10]: Loss 0.62770
-- Training of the discriminator, num_Updates[ 6 / 10]: Loss 0.62470
-- Training of the discriminator, num_Updates[ 7 / 10]: Loss 0.62161
-- Training of the discriminator, num_Updates[ 8 / 10]: Loss 0.61850
-- Training of the discriminator, num_Updates[ 9 / 10]: Loss 0.61534
-- Training of the discriminator, num_Updates[ 10 / 10]: Loss 0.61210
Generation time:  85.47  seconds
###   On generation 4 of 1000
Best best molecule in generation  4
    smile  :  c1ccccc1
    fitness:  2.079251008844443
    logP   :  1.6866
    sas    :  1.0
    ringP  :  0
    discrm :  [0.51225257]
-- Training of the discriminator, num_Updates[ 1 / 10]: Loss 0.61452
-- Training of the discriminator, num_Updates[ 2 / 10]: Loss 0.61117
-- Training of the discriminator, num_Updates[ 3 / 10]: Loss 0.60774
-- Training of the discriminator, num_Updates[ 4 / 10]: Loss 0.60423
-- Training of the discriminator, num_Updates[ 5 / 10]: Loss 0.60065
-- Training of the discriminator, num_Updates[ 6 / 10]: Loss 0.59700
-- Training of the discriminator, num_Updates[ 7 / 10]: Loss 0.59327
-- Training of the discriminator, num_Updates[ 8 / 10]: Loss 0.58948
-- Training of the discriminator, num_Updates[ 9 / 10]: Loss 0.58561
-- Training of the discriminator, num_Updates[ 10 / 10]: Loss 0.58168
Generation time:  94.91  seconds
###   On generation 5 of 1000
Best best molecule in generation  5
    smile  :  CCc1ccccc1
    fitness:  2.476485628246815
    logP   :  2.2490000000000006
    sas    :  1.0
    ringP  :  0
    discrm :  [0.50279003]
-- Training of the discriminator, num_Updates[ 1 / 10]: Loss 0.59173
-- Training of the discriminator, num_Updates[ 2 / 10]: Loss 0.58768
-- Training of the discriminator, num_Updates[ 3 / 10]: Loss 0.58351
-- Training of the discriminator, num_Updates[ 4 / 10]: Loss 0.57927
-- Training of the discriminator, num_Updates[ 5 / 10]: Loss 0.57497
-- Training of the discriminator, num_Updates[ 6 / 10]: Loss 0.57062
-- Training of the discriminator, num_Updates[ 7 / 10]: Loss 0.56621
-- Training of the discriminator, num_Updates[ 8 / 10]: Loss 0.56174
-- Training of the discriminator, num_Updates[ 9 / 10]: Loss 0.55721
-- Training of the discriminator, num_Updates[ 10 / 10]: Loss 0.55261
Generation time:  103.43  seconds
###   On generation 6 of 1000
Best best molecule in generation  6
    smile  :  CCc1ccccc1
    fitness:  2.476485628246815
    logP   :  2.2490000000000006
    sas    :  1.0
    ringP  :  0
    discrm :  [0.46534082]
-- Training of the discriminator, num_Updates[ 1 / 10]: Loss 0.55125
-- Training of the discriminator, num_Updates[ 2 / 10]: Loss 0.54661
-- Training of the discriminator, num_Updates[ 3 / 10]: Loss 0.54192
-- Training of the discriminator, num_Updates[ 4 / 10]: Loss 0.53717
-- Training of the discriminator, num_Updates[ 5 / 10]: Loss 0.53237
-- Training of the discriminator, num_Updates[ 6 / 10]: Loss 0.52751
-- Training of the discriminator, num_Updates[ 7 / 10]: Loss 0.52259
-- Training of the discriminator, num_Updates[ 8 / 10]: Loss 0.51761
-- Training of the discriminator, num_Updates[ 9 / 10]: Loss 0.51256
-- Training of the discriminator, num_Updates[ 10 / 10]: Loss 0.50745
Generation time:  99.37  seconds
###   On generation 7 of 1000
Best best molecule in generation  7
    smile  :  CCc1ccccc1
    fitness:  2.476485628246815
    logP   :  2.2490000000000006
    sas    :  1.0
    ringP  :  0
    discrm :  [0.44017687]
-- Training of the discriminator, num_Updates[ 1 / 10]: Loss 0.51038
-- Training of the discriminator, num_Updates[ 2 / 10]: Loss 0.50530
-- Training of the discriminator, num_Updates[ 3 / 10]: Loss 0.50018
-- Training of the discriminator, num_Updates[ 4 / 10]: Loss 0.49503
-- Training of the discriminator, num_Updates[ 5 / 10]: Loss 0.48987
-- Training of the discriminator, num_Updates[ 6 / 10]: Loss 0.48471
-- Training of the discriminator, num_Updates[ 7 / 10]: Loss 0.47955
-- Training of the discriminator, num_Updates[ 8 / 10]: Loss 0.47439
-- Training of the discriminator, num_Updates[ 9 / 10]: Loss 0.46922
-- Training of the discriminator, num_Updates[ 10 / 10]: Loss 0.46406
Generation time:  94.92  seconds
###   On generation 8 of 1000
Best best molecule in generation  8
    smile  :  CC=CC=CC=C=CCC=CC=CC=CC=CC=CC=C=CC=C=CC=CC=C=CCC=C1C=CC=C1
    fitness:  3.0181000568102396
    logP   :  10.133699999999992
    sas    :  5.176067187526506
    ringP  :  0
    discrm :  [0.57560587]
-- Training of the discriminator, num_Updates[ 1 / 10]: Loss 0.46238
-- Training of the discriminator, num_Updates[ 2 / 10]: Loss 0.45715
-- Training of the discriminator, num_Updates[ 3 / 10]: Loss 0.45189
-- Training of the discriminator, num_Updates[ 4 / 10]: Loss 0.44662
-- Training of the discriminator, num_Updates[ 5 / 10]: Loss 0.44139
-- Training of the discriminator, num_Updates[ 6 / 10]: Loss 0.43619
-- Training of the discriminator, num_Updates[ 7 / 10]: Loss 0.43101
-- Training of the discriminator, num_Updates[ 8 / 10]: Loss 0.42583
-- Training of the discriminator, num_Updates[ 9 / 10]: Loss 0.42063
-- Training of the discriminator, num_Updates[ 10 / 10]: Loss 0.41543
Generation time:  95.68  seconds
###   On generation 9 of 1000
Best best molecule in generation  9
    smile  :  c1ccc(-c2ccccc2)cc1
    fitness:  3.2566871940218136
    logP   :  3.353600000000001
    sas    :  1.0
    ringP  :  0
    discrm :  [0.46448493]
-- Training of the discriminator, num_Updates[ 1 / 10]: Loss 0.41807
-- Training of the discriminator, num_Updates[ 2 / 10]: Loss 0.41295
-- Training of the discriminator, num_Updates[ 3 / 10]: Loss 0.40782
-- Training of the discriminator, num_Updates[ 4 / 10]: Loss 0.40269
-- Training of the discriminator, num_Updates[ 5 / 10]: Loss 0.39761
-- Training of the discriminator, num_Updates[ 6 / 10]: Loss 0.39259
-- Training of the discriminator, num_Updates[ 7 / 10]: Loss 0.38763
-- Training of the discriminator, num_Updates[ 8 / 10]: Loss 0.38269
-- Training of the discriminator, num_Updates[ 9 / 10]: Loss 0.37775
-- Training of the discriminator, num_Updates[ 10 / 10]: Loss 0.37283
Generation time:  101.75  seconds
###   On generation 10 of 1000
Best best molecule in generation  10
    smile  :  CC(=CC=Cc1ccccc1)CCCCC1=CCC=C1
    fitness:  3.0724218068052416
    logP   :  6.092800000000004
    sas    :  2.760148129159365
    ringP  :  0
    discrm :  [0.5154327]
-- Training of the discriminator, num_Updates[ 1 / 10]: Loss 0.38184
-- Training of the discriminator, num_Updates[ 2 / 10]: Loss 0.37664
-- Training of the discriminator, num_Updates[ 3 / 10]: Loss 0.37130
-- Training of the discriminator, num_Updates[ 4 / 10]: Loss 0.36618
-- Training of the discriminator, num_Updates[ 5 / 10]: Loss 0.36147
-- Training of the discriminator, num_Updates[ 6 / 10]: Loss 0.35700
-- Training of the discriminator, num_Updates[ 7 / 10]: Loss 0.35242
-- Training of the discriminator, num_Updates[ 8 / 10]: Loss 0.34765
-- Training of the discriminator, num_Updates[ 9 / 10]: Loss 0.34287
-- Training of the discriminator, num_Updates[ 10 / 10]: Loss 0.33828
Generation time:  86.08  seconds
###   On generation 11 of 1000
Best best molecule in generation  11
    smile  :  CC=CC=CC=C=CCC=CC=CC=CC=C1C=CC=C1C=CC=CC=C=CC=C=CC=CC=C=CCC=C1C=CC=C1
    fitness:  3.7939656078775004
    logP   :  11.556299999999984
    sas    :  5.366239550194841
    ringP  :  0
    discrm :  [0.39500597]
-- Training of the discriminator, num_Updates[ 1 / 10]: Loss 0.34391
-- Training of the discriminator, num_Updates[ 2 / 10]: Loss 0.33937
-- Training of the discriminator, num_Updates[ 3 / 10]: Loss 0.33453
-- Training of the discriminator, num_Updates[ 4 / 10]: Loss 0.32978
-- Training of the discriminator, num_Updates[ 5 / 10]: Loss 0.32540
-- Training of the discriminator, num_Updates[ 6 / 10]: Loss 0.32137
-- Training of the discriminator, num_Updates[ 7 / 10]: Loss 0.31740
-- Training of the discriminator, num_Updates[ 8 / 10]: Loss 0.31326
-- Training of the discriminator, num_Updates[ 9 / 10]: Loss 0.30902
-- Training of the discriminator, num_Updates[ 10 / 10]: Loss 0.30493
Generation time:  102.31  seconds
###   On generation 12 of 1000
Best best molecule in generation  12
    smile  :  CC=CC=CC=C=CCC=CC=CC=CC=CC=CC=C=CC=C=CC=CC=C=CCC=CC=CC=CC
    fitness:  3.879525818091527
    logP   :  10.76979999999999
    sas    :  4.833729793800652
    ringP  :  0
    discrm :  [0.25241852]
-- Training of the discriminator, num_Updates[ 1 / 10]: Loss 0.31979
-- Training of the discriminator, num_Updates[ 2 / 10]: Loss 0.31528
-- Training of the discriminator, num_Updates[ 3 / 10]: Loss 0.31027
-- Training of the discriminator, num_Updates[ 4 / 10]: Loss 0.30572
-- Training of the discriminator, num_Updates[ 5 / 10]: Loss 0.30204
-- Training of the discriminator, num_Updates[ 6 / 10]: Loss 0.29876
-- Training of the discriminator, num_Updates[ 7 / 10]: Loss 0.29519
-- Training of the discriminator, num_Updates[ 8 / 10]: Loss 0.29118
-- Training of the discriminator, num_Updates[ 9 / 10]: Loss 0.28712
-- Training of the discriminator, num_Updates[ 10 / 10]: Loss 0.28345
Generation time:  93.05  seconds
###   On generation 13 of 1000
Best best molecule in generation  13
    smile  :  CC=CC=CC=C=CCC=CC=CC=CC=CC=CC=C=CC=C=CC=CC=C=CCC=CC=CC=CC
    fitness:  3.879525818091527
    logP   :  10.76979999999999
    sas    :  4.833729793800652
    ringP  :  0
    discrm :  [0.19391711]
-- Training of the discriminator, num_Updates[ 1 / 10]: Loss 0.28622
-- Training of the discriminator, num_Updates[ 2 / 10]: Loss 0.28191
-- Training of the discriminator, num_Updates[ 3 / 10]: Loss 0.27666
-- Training of the discriminator, num_Updates[ 4 / 10]: Loss 0.27205
-- Training of the discriminator, num_Updates[ 5 / 10]: Loss 0.26879
-- Training of the discriminator, num_Updates[ 6 / 10]: Loss 0.26637
-- Training of the discriminator, num_Updates[ 7 / 10]: Loss 0.26371
-- Training of the discriminator, num_Updates[ 8 / 10]: Loss 0.26030
-- Training of the discriminator, num_Updates[ 9 / 10]: Loss 0.25646
-- Training of the discriminator, num_Updates[ 10 / 10]: Loss 0.25286
Generation time:  99.9  seconds
###   On generation 14 of 1000
Best best molecule in generation  14
    smile  :  CC=CC=CC=C=CCC=CC=CC=CC=CC=CC=C=CC=C=CC=CC=CC=C=CC=C=CCC=CC=CC
    fitness:  4.179287689528428
    logP   :  11.481099999999984
    sas    :  5.002054534619564
    ringP  :  0
    discrm :  [0.1590059]
-- Training of the discriminator, num_Updates[ 1 / 10]: Loss 0.26045
-- Training of the discriminator, num_Updates[ 2 / 10]: Loss 0.25776
-- Training of the discriminator, num_Updates[ 3 / 10]: Loss 0.25408
-- Training of the discriminator, num_Updates[ 4 / 10]: Loss 0.25010
-- Training of the discriminator, num_Updates[ 5 / 10]: Loss 0.24665
-- Training of the discriminator, num_Updates[ 6 / 10]: Loss 0.24397
-- Training of the discriminator, num_Updates[ 7 / 10]: Loss 0.24168
-- Training of the discriminator, num_Updates[ 8 / 10]: Loss 0.23924
-- Training of the discriminator, num_Updates[ 9 / 10]: Loss 0.23638
-- Training of the discriminator, num_Updates[ 10 / 10]: Loss 0.23332
Generation time:  101.01  seconds
###   On generation 15 of 1000
Best best molecule in generation  15
    smile  :  C=CCCC(C=CC=CC)=CC=CC=COCC1=CC=CC1=CC1=CC=CC1=CC=CC=CC=CCC=C=CC=CC=CC
    fitness:  4.600501033396975
    logP   :  11.845299999999982
    sas    :  4.865852779966963
    ringP  :  0
    discrm :  [0.16292723]
-- Training of the discriminator, num_Updates[ 1 / 10]: Loss 0.23116
-- Training of the discriminator, num_Updates[ 2 / 10]: Loss 0.22805
-- Training of the discriminator, num_Updates[ 3 / 10]: Loss 0.22555
-- Training of the discriminator, num_Updates[ 4 / 10]: Loss 0.22358
-- Training of the discriminator, num_Updates[ 5 / 10]: Loss 0.22172
-- Training of the discriminator, num_Updates[ 6 / 10]: Loss 0.21964
-- Training of the discriminator, num_Updates[ 7 / 10]: Loss 0.21728
-- Training of the discriminator, num_Updates[ 8 / 10]: Loss 0.21486
-- Training of the discriminator, num_Updates[ 9 / 10]: Loss 0.21263
-- Training of the discriminator, num_Updates[ 10 / 10]: Loss 0.21068
Generation time:  102.18  seconds
###   On generation 16 of 1000
Best best molecule in generation  16
    smile  :  C=CCCC(C=CC=CC)=CC=CC=COCC1=CC=CC1=CC1=CC=CC1=CC=CC=CC=CCCC(C)=CC=CC
    fitness:  4.968491025691727
    logP   :  11.914199999999983
    sas    :  4.600608053079457
    ringP  :  0
    discrm :  [0.15556611]
-- Training of the discriminator, num_Updates[ 1 / 10]: Loss 0.19687
-- Training of the discriminator, num_Updates[ 2 / 10]: Loss 0.19517
-- Training of the discriminator, num_Updates[ 3 / 10]: Loss 0.19353
-- Training of the discriminator, num_Updates[ 4 / 10]: Loss 0.19189
-- Training of the discriminator, num_Updates[ 5 / 10]: Loss 0.19022
-- Training of the discriminator, num_Updates[ 6 / 10]: Loss 0.18854
-- Training of the discriminator, num_Updates[ 7 / 10]: Loss 0.18691
-- Training of the discriminator, num_Updates[ 8 / 10]: Loss 0.18536
-- Training of the discriminator, num_Updates[ 9 / 10]: Loss 0.18389
-- Training of the discriminator, num_Updates[ 10 / 10]: Loss 0.18249
Generation time:  101.3  seconds
###   On generation 17 of 1000
Best best molecule in generation  17
    smile  :  C=C(C=CC=CC=CC=CCC=C=CC=CC=CC)CCC=CC=CC=C=CC=CC=C=CCC=CCC=CC=CC=C=CC=CC
    fitness:  5.4559958582645365
    logP   :  13.60869999999997
    sas    :  5.189829077547618
    ringP  :  0
    discrm :  [0.12802552]
-- Training of the discriminator, num_Updates[ 1 / 10]: Loss 0.17621
-- Training of the discriminator, num_Updates[ 2 / 10]: Loss 0.17397
-- Training of the discriminator, num_Updates[ 3 / 10]: Loss 0.17152
-- Training of the discriminator, num_Updates[ 4 / 10]: Loss 0.16928
-- Training of the discriminator, num_Updates[ 5 / 10]: Loss 0.16749
-- Training of the discriminator, num_Updates[ 6 / 10]: Loss 0.16619
-- Training of the discriminator, num_Updates[ 7 / 10]: Loss 0.16521
-- Training of the discriminator, num_Updates[ 8 / 10]: Loss 0.16423
-- Training of the discriminator, num_Updates[ 9 / 10]: Loss 0.16301
-- Training of the discriminator, num_Updates[ 10 / 10]: Loss 0.16153
Generation time:  100.83  seconds
###   On generation 18 of 1000
Best best molecule in generation  18
    smile  :  C=C(C=CC=CC=CC=CCC=C=CC=CC=CC)CCC=CC=CSC=C=CC=CC=CC=CC=CC=C=CCC=CC=CC=CC
    fitness:  5.852385358196769
    logP   :  14.267899999999967
    sas    :  5.24732365512166
    ringP  :  0
    discrm :  [0.12789035]
-- Training of the discriminator, num_Updates[ 1 / 10]: Loss 0.15796
-- Training of the discriminator, num_Updates[ 2 / 10]: Loss 0.15658
-- Training of the discriminator, num_Updates[ 3 / 10]: Loss 0.15536
-- Training of the discriminator, num_Updates[ 4 / 10]: Loss 0.15430
-- Training of the discriminator, num_Updates[ 5 / 10]: Loss 0.15333
-- Training of the discriminator, num_Updates[ 6 / 10]: Loss 0.15240
-- Training of the discriminator, num_Updates[ 7 / 10]: Loss 0.15145
-- Training of the discriminator, num_Updates[ 8 / 10]: Loss 0.15047
-- Training of the discriminator, num_Updates[ 9 / 10]: Loss 0.14946
-- Training of the discriminator, num_Updates[ 10 / 10]: Loss 0.14844
Generation time:  110.4  seconds
###   On generation 19 of 1000
Best best molecule in generation  19
    smile  :  C=C(C=CC=CC=CC=CCC=C=CC=CC=CC)CCC=CC=CC=C=CCC=C1C=CC=C1C=C=CCC=CCC=CC=CC=C=CC=CC
    fitness:  6.017510112550098
    logP   :  14.865199999999962
    sas    :  5.460599968713138
    ringP  :  0
    discrm :  [0.11752824]
-- Training of the discriminator, num_Updates[ 1 / 10]: Loss 0.14660
-- Training of the discriminator, num_Updates[ 2 / 10]: Loss 0.14570
-- Training of the discriminator, num_Updates[ 3 / 10]: Loss 0.14483
-- Training of the discriminator, num_Updates[ 4 / 10]: Loss 0.14395
-- Training of the discriminator, num_Updates[ 5 / 10]: Loss 0.14308
-- Training of the discriminator, num_Updates[ 6 / 10]: Loss 0.14220
-- Training of the discriminator, num_Updates[ 7 / 10]: Loss 0.14133
-- Training of the discriminator, num_Updates[ 8 / 10]: Loss 0.14047
-- Training of the discriminator, num_Updates[ 9 / 10]: Loss 0.13964
-- Training of the discriminator, num_Updates[ 10 / 10]: Loss 0.13882
wandb: Waiting for W&B process to finish, PID 50789
wandb: Program failed with code 1.  Press ctrl-c to abort syncing.
wandb: - 0.58MB of 0.58MB uploaded (0.00MB deduped)wandb: \ 0.61MB of 0.61MB uploaded (0.00MB deduped)wandb: | 0.61MB of 0.61MB uploaded (0.00MB deduped)wandb:                                                                                
wandb: Find user logs for this run at: /home/kjablonk/documents/replication_study/selfies_ga_nn_replication/wandb/run-20210123_095303-1elf1v0w/logs/debug.log
wandb: Find internal logs for this run at: /home/kjablonk/documents/replication_study/selfies_ga_nn_replication/wandb/run-20210123_095303-1elf1v0w/logs/debug-internal.log
wandb: Run summary:
wandb:            fitness 6.01751
wandb:   fitness_no_discr 9.4046
wandb:      discriminator 0.11753
wandb:              _step 18
wandb:           _runtime 1694
wandb:         _timestamp 1611393677
wandb: Run history:
wandb:            fitness ▁▄▆▆▆▆▆▆▆▆▇▇▇▇▇▇███
wandb:   fitness_no_discr ▁▃▄▄▄▄▄▆▅▅▇▆▆▇▇▇███
wandb:      discriminator ▁▇▇▇▇▇▆█▇▇▆▄▃▃▃▃▃▃▂
wandb:              _step ▁▁▂▂▃▃▃▄▄▅▅▅▆▆▆▇▇██
wandb:           _runtime ▁▁▁▂▂▃▃▃▄▄▅▅▅▆▆▇▇██
wandb:         _timestamp ▁▁▁▂▂▃▃▃▄▄▅▅▅▆▆▇▇██
wandb: 
wandb: Synced 5 W&B file(s), 1 media file(s), 18 artifact file(s) and 0 other file(s)
wandb: 
wandb: Synced wise-butterfly-1814: https://wandb.ai/kjappelbaum/ga_replication_study/runs/1elf1v0w
Traceback (most recent call last):
  File "/home/kjablonk/anaconda3/envs/replication_study/lib/python3.8/site-packages/urllib3/connection.py", line 169, in _new_conn
    conn = connection.create_connection(
  File "/home/kjablonk/anaconda3/envs/replication_study/lib/python3.8/site-packages/urllib3/util/connection.py", line 73, in create_connection
    for res in socket.getaddrinfo(host, port, family, socket.SOCK_STREAM):
  File "/home/kjablonk/anaconda3/envs/replication_study/lib/python3.8/socket.py", line 918, in getaddrinfo
    for res in _socket.getaddrinfo(host, port, family, type, proto, flags):
socket.gaierror: [Errno -2] Name or service not known

During handling of the above exception, another exception occurred:

Traceback (most recent call last):
  File "/home/kjablonk/anaconda3/envs/replication_study/lib/python3.8/site-packages/urllib3/connectionpool.py", line 699, in urlopen
    httplib_response = self._make_request(
  File "/home/kjablonk/anaconda3/envs/replication_study/lib/python3.8/site-packages/urllib3/connectionpool.py", line 382, in _make_request
    self._validate_conn(conn)
  File "/home/kjablonk/anaconda3/envs/replication_study/lib/python3.8/site-packages/urllib3/connectionpool.py", line 1010, in _validate_conn
    conn.connect()
  File "/home/kjablonk/anaconda3/envs/replication_study/lib/python3.8/site-packages/urllib3/connection.py", line 353, in connect
    conn = self._new_conn()
  File "/home/kjablonk/anaconda3/envs/replication_study/lib/python3.8/site-packages/urllib3/connection.py", line 181, in _new_conn
    raise NewConnectionError(
urllib3.exceptions.NewConnectionError: <urllib3.connection.HTTPSConnection object at 0x7f6751dc9730>: Failed to establish a new connection: [Errno -2] Name or service not known

During handling of the above exception, another exception occurred:

Traceback (most recent call last):
  File "/home/kjablonk/anaconda3/envs/replication_study/lib/python3.8/site-packages/requests/adapters.py", line 439, in send
    resp = conn.urlopen(
  File "/home/kjablonk/anaconda3/envs/replication_study/lib/python3.8/site-packages/urllib3/connectionpool.py", line 755, in urlopen
    retries = retries.increment(
  File "/home/kjablonk/anaconda3/envs/replication_study/lib/python3.8/site-packages/urllib3/util/retry.py", line 573, in increment
    raise MaxRetryError(_pool, url, error or ResponseError(cause))
urllib3.exceptions.MaxRetryError: HTTPSConnectionPool(host='api.wandb.ai', port=443): Max retries exceeded with url: /graphql (Caused by NewConnectionError('<urllib3.connection.HTTPSConnection object at 0x7f6751dc9730>: Failed to establish a new connection: [Errno -2] Name or service not known'))

During handling of the above exception, another exception occurred:

Traceback (most recent call last):
  File "/home/kjablonk/anaconda3/envs/replication_study/lib/python3.8/runpy.py", line 194, in _run_module_as_main
    return _run_code(code, main_globals, None,
  File "/home/kjablonk/anaconda3/envs/replication_study/lib/python3.8/runpy.py", line 87, in _run_code
    exec(code, run_globals)
  File "/home/kjablonk/documents/replication_study/selfies_ga_nn_replication/experiments/experiment_6/ga/core_ga.py", line 268, in <module>
    main()
  File "/home/kjablonk/anaconda3/envs/replication_study/lib/python3.8/site-packages/click/core.py", line 829, in __call__
    return self.main(*args, **kwargs)
  File "/home/kjablonk/anaconda3/envs/replication_study/lib/python3.8/site-packages/click/core.py", line 782, in main
    rv = self.invoke(ctx)
  File "/home/kjablonk/anaconda3/envs/replication_study/lib/python3.8/site-packages/click/core.py", line 1066, in invoke
    return ctx.invoke(self.callback, **ctx.params)
  File "/home/kjablonk/anaconda3/envs/replication_study/lib/python3.8/site-packages/click/core.py", line 610, in invoke
    return callback(*args, **kwargs)
  File "/home/kjablonk/documents/replication_study/selfies_ga_nn_replication/experiments/experiment_6/ga/core_ga.py", line 246, in main
    smiles_all_counter = initiate_ga(
  File "/home/kjablonk/documents/replication_study/selfies_ga_nn_replication/experiments/experiment_6/ga/core_ga.py", line 164, in initiate_ga
    run.log_artifact(artifact)
  File "/home/kjablonk/anaconda3/envs/replication_study/lib/python3.8/site-packages/wandb/sdk/wandb_run.py", line 1689, in log_artifact
    self._assert_can_log_artifact(artifact)
  File "/home/kjablonk/anaconda3/envs/replication_study/lib/python3.8/site-packages/wandb/sdk/wandb_run.py", line 1696, in _assert_can_log_artifact
    expected_type = public.Artifact.expected_type(
  File "/home/kjablonk/anaconda3/envs/replication_study/lib/python3.8/site-packages/wandb/apis/public.py", line 2558, in expected_type
    response = client.execute(
  File "/home/kjablonk/anaconda3/envs/replication_study/lib/python3.8/site-packages/wandb/old/retry.py", line 132, in wrapped_fn
    return retrier(*args, **kargs)
  File "/home/kjablonk/anaconda3/envs/replication_study/lib/python3.8/site-packages/wandb/old/retry.py", line 96, in __call__
    result = self._call_fn(*args, **kwargs)
  File "/home/kjablonk/anaconda3/envs/replication_study/lib/python3.8/site-packages/wandb/apis/public.py", line 178, in execute
    return self._client.execute(*args, **kwargs)
  File "/home/kjablonk/anaconda3/envs/replication_study/lib/python3.8/site-packages/wandb/vendor/gql-0.2.0/gql/client.py", line 52, in execute
    result = self._get_result(document, *args, **kwargs)
  File "/home/kjablonk/anaconda3/envs/replication_study/lib/python3.8/site-packages/wandb/vendor/gql-0.2.0/gql/client.py", line 60, in _get_result
    return self.transport.execute(document, *args, **kwargs)
  File "/home/kjablonk/anaconda3/envs/replication_study/lib/python3.8/site-packages/wandb/vendor/gql-0.2.0/gql/transport/requests.py", line 38, in execute
    request = requests.post(self.url, **post_args)
  File "/home/kjablonk/anaconda3/envs/replication_study/lib/python3.8/site-packages/requests/api.py", line 119, in post
    return request('post', url, data=data, json=json, **kwargs)
  File "/home/kjablonk/anaconda3/envs/replication_study/lib/python3.8/site-packages/requests/api.py", line 61, in request
    return session.request(method=method, url=url, **kwargs)
  File "/home/kjablonk/anaconda3/envs/replication_study/lib/python3.8/site-packages/requests/sessions.py", line 542, in request
    resp = self.send(prep, **send_kwargs)
  File "/home/kjablonk/anaconda3/envs/replication_study/lib/python3.8/site-packages/requests/sessions.py", line 655, in send
    r = adapter.send(request, **kwargs)
  File "/home/kjablonk/anaconda3/envs/replication_study/lib/python3.8/site-packages/requests/adapters.py", line 516, in send
    raise ConnectionError(e, request=request)
requests.exceptions.ConnectionError: HTTPSConnectionPool(host='api.wandb.ai', port=443): Max retries exceeded with url: /graphql (Caused by NewConnectionError('<urllib3.connection.HTTPSConnection object at 0x7f6751dc9730>: Failed to establish a new connection: [Errno -2] Name or service not known'))

