nohup: ignoring input
wandb: Currently logged in as: kjappelbaum (use `wandb login --relogin` to force relogin)
wandb: wandb version 0.10.14 is available!  To upgrade, please run:
wandb:  $ pip install wandb --upgrade
wandb: Tracking run with wandb version 0.10.12
wandb: Syncing run comfy-wave-1836
wandb: ⭐️ View project at https://wandb.ai/kjappelbaum/ga_replication_study
wandb: 🚀 View run at https://wandb.ai/kjappelbaum/ga_replication_study/runs/g3l8szjo
wandb: Run data is saved locally in /home/kevin/Documents/replication_study/selfies_ga_nn_replication/wandb/run-20210123_105222-g3l8szjo
wandb: Run `wandb offline` to turn off syncing.
###   On generation 1 of 1000
Best best molecule in generation  1
    smile  :  C
    fitness:  -6.281431695634691
    logP   :  0.6361
    sas    :  7.3284153846153846
    ringP  :  0
    discrm :  [0.]
/home/kevin/anaconda3/envs/ga_replication/lib/python3.8/site-packages/torch/nn/functional.py:1351: UserWarning: nn.functional.sigmoid is deprecated. Use torch.sigmoid instead.
  warnings.warn("nn.functional.sigmoid is deprecated. Use torch.sigmoid instead.")
/home/kevin/anaconda3/envs/ga_replication/lib/python3.8/site-packages/torch/nn/modules/loss.py:498: UserWarning: Using a target size (torch.Size([1000])) that is different to the input size (torch.Size([1000, 1])) is deprecated. Please ensure they have the same size.
  return F.binary_cross_entropy(input, target, weight=self.weight, reduction=self.reduction)
-- Training of the discriminator, num_Updates[ 1 / 10]: Loss 0.70441
-- Training of the discriminator, num_Updates[ 2 / 10]: Loss 0.69969
-- Training of the discriminator, num_Updates[ 3 / 10]: Loss 0.69502
-- Training of the discriminator, num_Updates[ 4 / 10]: Loss 0.69061
-- Training of the discriminator, num_Updates[ 5 / 10]: Loss 0.68635
-- Training of the discriminator, num_Updates[ 6 / 10]: Loss 0.68208
-- Training of the discriminator, num_Updates[ 7 / 10]: Loss 0.67789
-- Training of the discriminator, num_Updates[ 8 / 10]: Loss 0.67375
-- Training of the discriminator, num_Updates[ 9 / 10]: Loss 0.66965
-- Training of the discriminator, num_Updates[ 10 / 10]: Loss 0.66609
Generation time:  7.61  seconds
###   On generation 2 of 1000
Best best molecule in generation  2
    smile  :  CC
    fitness:  -0.491076226348965
    logP   :  1.0262
    sas    :  2.7475679189493913
    ringP  :  0
    discrm :  [0.449993]
-- Training of the discriminator, num_Updates[ 1 / 10]: Loss 0.66670
-- Training of the discriminator, num_Updates[ 2 / 10]: Loss 0.66373
-- Training of the discriminator, num_Updates[ 3 / 10]: Loss 0.66091
-- Training of the discriminator, num_Updates[ 4 / 10]: Loss 0.65800
-- Training of the discriminator, num_Updates[ 5 / 10]: Loss 0.65512
-- Training of the discriminator, num_Updates[ 6 / 10]: Loss 0.65254
-- Training of the discriminator, num_Updates[ 7 / 10]: Loss 0.65005
-- Training of the discriminator, num_Updates[ 8 / 10]: Loss 0.64752
-- Training of the discriminator, num_Updates[ 9 / 10]: Loss 0.64508
-- Training of the discriminator, num_Updates[ 10 / 10]: Loss 0.64246
Generation time:  16.54  seconds
###   On generation 3 of 1000
Best best molecule in generation  3
    smile  :  Cc1ccccc1
    fitness:  2.297094361113432
    logP   :  1.99502
    sas    :  1.0
    ringP  :  0
    discrm :  [0.5001428]
-- Training of the discriminator, num_Updates[ 1 / 10]: Loss 0.65163
-- Training of the discriminator, num_Updates[ 2 / 10]: Loss 0.64965
-- Training of the discriminator, num_Updates[ 3 / 10]: Loss 0.64762
-- Training of the discriminator, num_Updates[ 4 / 10]: Loss 0.64557
-- Training of the discriminator, num_Updates[ 5 / 10]: Loss 0.64349
-- Training of the discriminator, num_Updates[ 6 / 10]: Loss 0.64121
-- Training of the discriminator, num_Updates[ 7 / 10]: Loss 0.63900
-- Training of the discriminator, num_Updates[ 8 / 10]: Loss 0.63675
-- Training of the discriminator, num_Updates[ 9 / 10]: Loss 0.63432
-- Training of the discriminator, num_Updates[ 10 / 10]: Loss 0.63180
Generation time:  24.82  seconds
###   On generation 4 of 1000
Best best molecule in generation  4
    smile  :  Cc1ccccc1
    fitness:  2.297094361113432
    logP   :  1.99502
    sas    :  1.0
    ringP  :  0
    discrm :  [0.50562567]
-- Training of the discriminator, num_Updates[ 1 / 10]: Loss 0.63925
-- Training of the discriminator, num_Updates[ 2 / 10]: Loss 0.63686
-- Training of the discriminator, num_Updates[ 3 / 10]: Loss 0.63439
-- Training of the discriminator, num_Updates[ 4 / 10]: Loss 0.63184
-- Training of the discriminator, num_Updates[ 5 / 10]: Loss 0.62919
-- Training of the discriminator, num_Updates[ 6 / 10]: Loss 0.62647
-- Training of the discriminator, num_Updates[ 7 / 10]: Loss 0.62368
-- Training of the discriminator, num_Updates[ 8 / 10]: Loss 0.62081
-- Training of the discriminator, num_Updates[ 9 / 10]: Loss 0.61787
-- Training of the discriminator, num_Updates[ 10 / 10]: Loss 0.61486
Generation time:  24.21  seconds
###   On generation 5 of 1000
Best best molecule in generation  5
    smile  :  Cc1ccccc1
    fitness:  2.297094361113432
    logP   :  1.99502
    sas    :  1.0
    ringP  :  0
    discrm :  [0.48509085]
-- Training of the discriminator, num_Updates[ 1 / 10]: Loss 0.61547
-- Training of the discriminator, num_Updates[ 2 / 10]: Loss 0.61228
-- Training of the discriminator, num_Updates[ 3 / 10]: Loss 0.60901
-- Training of the discriminator, num_Updates[ 4 / 10]: Loss 0.60565
-- Training of the discriminator, num_Updates[ 5 / 10]: Loss 0.60223
-- Training of the discriminator, num_Updates[ 6 / 10]: Loss 0.59873
-- Training of the discriminator, num_Updates[ 7 / 10]: Loss 0.59517
-- Training of the discriminator, num_Updates[ 8 / 10]: Loss 0.59155
-- Training of the discriminator, num_Updates[ 9 / 10]: Loss 0.58787
-- Training of the discriminator, num_Updates[ 10 / 10]: Loss 0.58413
Generation time:  25.49  seconds
###   On generation 6 of 1000
Best best molecule in generation  6
    smile  :  Cc1ccccc1
    fitness:  2.297094361113432
    logP   :  1.99502
    sas    :  1.0
    ringP  :  0
    discrm :  [0.4544073]
-- Training of the discriminator, num_Updates[ 1 / 10]: Loss 0.58317
-- Training of the discriminator, num_Updates[ 2 / 10]: Loss 0.57932
-- Training of the discriminator, num_Updates[ 3 / 10]: Loss 0.57540
-- Training of the discriminator, num_Updates[ 4 / 10]: Loss 0.57141
-- Training of the discriminator, num_Updates[ 5 / 10]: Loss 0.56736
-- Training of the discriminator, num_Updates[ 6 / 10]: Loss 0.56324
-- Training of the discriminator, num_Updates[ 7 / 10]: Loss 0.55902
-- Training of the discriminator, num_Updates[ 8 / 10]: Loss 0.55471
-- Training of the discriminator, num_Updates[ 9 / 10]: Loss 0.55031
-- Training of the discriminator, num_Updates[ 10 / 10]: Loss 0.54583
Generation time:  25.01  seconds
###   On generation 7 of 1000
Best best molecule in generation  7
    smile  :  Cc1ccccc1
    fitness:  2.297094361113432
    logP   :  1.99502
    sas    :  1.0
    ringP  :  0
    discrm :  [0.42440537]
-- Training of the discriminator, num_Updates[ 1 / 10]: Loss 0.54539
-- Training of the discriminator, num_Updates[ 2 / 10]: Loss 0.54083
-- Training of the discriminator, num_Updates[ 3 / 10]: Loss 0.53620
-- Training of the discriminator, num_Updates[ 4 / 10]: Loss 0.53153
-- Training of the discriminator, num_Updates[ 5 / 10]: Loss 0.52681
-- Training of the discriminator, num_Updates[ 6 / 10]: Loss 0.52205
-- Training of the discriminator, num_Updates[ 7 / 10]: Loss 0.51725
-- Training of the discriminator, num_Updates[ 8 / 10]: Loss 0.51242
-- Training of the discriminator, num_Updates[ 9 / 10]: Loss 0.50755
-- Training of the discriminator, num_Updates[ 10 / 10]: Loss 0.50265
Generation time:  25.19  seconds
###   On generation 8 of 1000
Best best molecule in generation  8
    smile  :  Cc1ccccc1
    fitness:  2.297094361113432
    logP   :  1.99502
    sas    :  1.0
    ringP  :  0
    discrm :  [0.3953057]
-- Training of the discriminator, num_Updates[ 1 / 10]: Loss 0.50135
-- Training of the discriminator, num_Updates[ 2 / 10]: Loss 0.49638
-- Training of the discriminator, num_Updates[ 3 / 10]: Loss 0.49137
-- Training of the discriminator, num_Updates[ 4 / 10]: Loss 0.48635
-- Training of the discriminator, num_Updates[ 5 / 10]: Loss 0.48131
-- Training of the discriminator, num_Updates[ 6 / 10]: Loss 0.47626
-- Training of the discriminator, num_Updates[ 7 / 10]: Loss 0.47120
-- Training of the discriminator, num_Updates[ 8 / 10]: Loss 0.46613
-- Training of the discriminator, num_Updates[ 9 / 10]: Loss 0.46105
-- Training of the discriminator, num_Updates[ 10 / 10]: Loss 0.45598
Generation time:  26.58  seconds
###   On generation 9 of 1000
Best best molecule in generation  9
    smile  :  c1ccc2ccccc2c1
    fitness:  2.89377974834447
    logP   :  2.839800000000001
    sas    :  1.0
    ringP  :  0
    discrm :  [0.40165412]
-- Training of the discriminator, num_Updates[ 1 / 10]: Loss 0.45404
-- Training of the discriminator, num_Updates[ 2 / 10]: Loss 0.44888
-- Training of the discriminator, num_Updates[ 3 / 10]: Loss 0.44372
-- Training of the discriminator, num_Updates[ 4 / 10]: Loss 0.43858
-- Training of the discriminator, num_Updates[ 5 / 10]: Loss 0.43347
-- Training of the discriminator, num_Updates[ 6 / 10]: Loss 0.42841
-- Training of the discriminator, num_Updates[ 7 / 10]: Loss 0.42340
-- Training of the discriminator, num_Updates[ 8 / 10]: Loss 0.41844
-- Training of the discriminator, num_Updates[ 9 / 10]: Loss 0.41353
-- Training of the discriminator, num_Updates[ 10 / 10]: Loss 0.40867
Generation time:  25.3  seconds
###   On generation 10 of 1000
Best best molecule in generation  10
    smile  :  c1ccc2ccccc2c1
    fitness:  2.89377974834447
    logP   :  2.839800000000001
    sas    :  1.0
    ringP  :  0
    discrm :  [0.3568451]
-- Training of the discriminator, num_Updates[ 1 / 10]: Loss 0.40665
-- Training of the discriminator, num_Updates[ 2 / 10]: Loss 0.40182
-- Training of the discriminator, num_Updates[ 3 / 10]: Loss 0.39703
-- Training of the discriminator, num_Updates[ 4 / 10]: Loss 0.39229
-- Training of the discriminator, num_Updates[ 5 / 10]: Loss 0.38761
-- Training of the discriminator, num_Updates[ 6 / 10]: Loss 0.38297
-- Training of the discriminator, num_Updates[ 7 / 10]: Loss 0.37838
-- Training of the discriminator, num_Updates[ 8 / 10]: Loss 0.37385
-- Training of the discriminator, num_Updates[ 9 / 10]: Loss 0.36939
-- Training of the discriminator, num_Updates[ 10 / 10]: Loss 0.36500
Generation time:  23.97  seconds
###   On generation 11 of 1000
Best best molecule in generation  11
    smile  :  c1ccc2ccccc2c1
    fitness:  2.89377974834447
    logP   :  2.839800000000001
    sas    :  1.0
    ringP  :  0
    discrm :  [0.31285748]
-- Training of the discriminator, num_Updates[ 1 / 10]: Loss 0.36012
-- Training of the discriminator, num_Updates[ 2 / 10]: Loss 0.35585
-- Training of the discriminator, num_Updates[ 3 / 10]: Loss 0.35166
-- Training of the discriminator, num_Updates[ 4 / 10]: Loss 0.34757
-- Training of the discriminator, num_Updates[ 5 / 10]: Loss 0.34355
-- Training of the discriminator, num_Updates[ 6 / 10]: Loss 0.33961
-- Training of the discriminator, num_Updates[ 7 / 10]: Loss 0.33573
-- Training of the discriminator, num_Updates[ 8 / 10]: Loss 0.33192
-- Training of the discriminator, num_Updates[ 9 / 10]: Loss 0.32819
-- Training of the discriminator, num_Updates[ 10 / 10]: Loss 0.32453
Generation time:  23.71  seconds
###   On generation 12 of 1000
Best best molecule in generation  12
    smile  :  c1ccc2ccccc2c1
    fitness:  2.89377974834447
    logP   :  2.839800000000001
    sas    :  1.0
    ringP  :  0
    discrm :  [0.2656806]
-- Training of the discriminator, num_Updates[ 1 / 10]: Loss 0.32974
-- Training of the discriminator, num_Updates[ 2 / 10]: Loss 0.32613
-- Training of the discriminator, num_Updates[ 3 / 10]: Loss 0.32256
-- Training of the discriminator, num_Updates[ 4 / 10]: Loss 0.31908
-- Training of the discriminator, num_Updates[ 5 / 10]: Loss 0.31570
-- Training of the discriminator, num_Updates[ 6 / 10]: Loss 0.31240
-- Training of the discriminator, num_Updates[ 7 / 10]: Loss 0.30916
-- Training of the discriminator, num_Updates[ 8 / 10]: Loss 0.30595
-- Training of the discriminator, num_Updates[ 9 / 10]: Loss 0.30279
-- Training of the discriminator, num_Updates[ 10 / 10]: Loss 0.29971
Generation time:  24.64  seconds
###   On generation 13 of 1000
Best best molecule in generation  13
    smile  :  c1ccc2ccccc2c1
    fitness:  2.89377974834447
    logP   :  2.839800000000001
    sas    :  1.0
    ringP  :  0
    discrm :  [0.22784613]
-- Training of the discriminator, num_Updates[ 1 / 10]: Loss 0.30089
-- Training of the discriminator, num_Updates[ 2 / 10]: Loss 0.29785
-- Training of the discriminator, num_Updates[ 3 / 10]: Loss 0.29480
-- Training of the discriminator, num_Updates[ 4 / 10]: Loss 0.29181
-- Training of the discriminator, num_Updates[ 5 / 10]: Loss 0.28892
-- Training of the discriminator, num_Updates[ 6 / 10]: Loss 0.28613
-- Training of the discriminator, num_Updates[ 7 / 10]: Loss 0.28340
-- Training of the discriminator, num_Updates[ 8 / 10]: Loss 0.28069
-- Training of the discriminator, num_Updates[ 9 / 10]: Loss 0.27801
-- Training of the discriminator, num_Updates[ 10 / 10]: Loss 0.27538
Generation time:  25.65  seconds
###   On generation 14 of 1000
Best best molecule in generation  14
    smile  :  c1ccc2ccccc2c1
    fitness:  2.89377974834447
    logP   :  2.839800000000001
    sas    :  1.0
    ringP  :  0
    discrm :  [0.19967745]
-- Training of the discriminator, num_Updates[ 1 / 10]: Loss 0.27181
-- Training of the discriminator, num_Updates[ 2 / 10]: Loss 0.26934
-- Training of the discriminator, num_Updates[ 3 / 10]: Loss 0.26686
-- Training of the discriminator, num_Updates[ 4 / 10]: Loss 0.26441
-- Training of the discriminator, num_Updates[ 5 / 10]: Loss 0.26205
-- Training of the discriminator, num_Updates[ 6 / 10]: Loss 0.25977
-- Training of the discriminator, num_Updates[ 7 / 10]: Loss 0.25756
-- Training of the discriminator, num_Updates[ 8 / 10]: Loss 0.25538
-- Training of the discriminator, num_Updates[ 9 / 10]: Loss 0.25321
-- Training of the discriminator, num_Updates[ 10 / 10]: Loss 0.25106
Generation time:  24.19  seconds
###   On generation 15 of 1000
Best best molecule in generation  15
    smile  :  c1ccc2ccccc2c1
    fitness:  2.89377974834447
    logP   :  2.839800000000001
    sas    :  1.0
    ringP  :  0
    discrm :  [0.17934789]
-- Training of the discriminator, num_Updates[ 1 / 10]: Loss 0.24805
-- Training of the discriminator, num_Updates[ 2 / 10]: Loss 0.24601
-- Training of the discriminator, num_Updates[ 3 / 10]: Loss 0.24398
-- Training of the discriminator, num_Updates[ 4 / 10]: Loss 0.24197
-- Training of the discriminator, num_Updates[ 5 / 10]: Loss 0.24000
-- Training of the discriminator, num_Updates[ 6 / 10]: Loss 0.23807
-- Training of the discriminator, num_Updates[ 7 / 10]: Loss 0.23620
-- Training of the discriminator, num_Updates[ 8 / 10]: Loss 0.23437
-- Training of the discriminator, num_Updates[ 9 / 10]: Loss 0.23256
-- Training of the discriminator, num_Updates[ 10 / 10]: Loss 0.23078
Generation time:  24.81  seconds
###   On generation 16 of 1000
Best best molecule in generation  16
    smile  :  c1ccc2ccccc2c1
    fitness:  2.89377974834447
    logP   :  2.839800000000001
    sas    :  1.0
    ringP  :  0
    discrm :  [0.16487694]
-- Training of the discriminator, num_Updates[ 1 / 10]: Loss 0.23477
-- Training of the discriminator, num_Updates[ 2 / 10]: Loss 0.23304
-- Training of the discriminator, num_Updates[ 3 / 10]: Loss 0.23132
-- Training of the discriminator, num_Updates[ 4 / 10]: Loss 0.22963
-- Training of the discriminator, num_Updates[ 5 / 10]: Loss 0.22796
-- Training of the discriminator, num_Updates[ 6 / 10]: Loss 0.22632
-- Training of the discriminator, num_Updates[ 7 / 10]: Loss 0.22472
-- Training of the discriminator, num_Updates[ 8 / 10]: Loss 0.22313
-- Training of the discriminator, num_Updates[ 9 / 10]: Loss 0.22157
-- Training of the discriminator, num_Updates[ 10 / 10]: Loss 0.22003
Generation time:  26.55  seconds
###   On generation 17 of 1000
Best best molecule in generation  17
    smile  :  c1ccc2ccccc2c1
    fitness:  2.89377974834447
    logP   :  2.839800000000001
    sas    :  1.0
    ringP  :  0
    discrm :  [0.15436241]
-- Training of the discriminator, num_Updates[ 1 / 10]: Loss 0.21902
-- Training of the discriminator, num_Updates[ 2 / 10]: Loss 0.21718
-- Training of the discriminator, num_Updates[ 3 / 10]: Loss 0.21530
-- Training of the discriminator, num_Updates[ 4 / 10]: Loss 0.21364
-- Training of the discriminator, num_Updates[ 5 / 10]: Loss 0.21228
-- Training of the discriminator, num_Updates[ 6 / 10]: Loss 0.21106
-- Training of the discriminator, num_Updates[ 7 / 10]: Loss 0.20971
-- Training of the discriminator, num_Updates[ 8 / 10]: Loss 0.20818
-- Training of the discriminator, num_Updates[ 9 / 10]: Loss 0.20660
-- Training of the discriminator, num_Updates[ 10 / 10]: Loss 0.20511
Generation time:  26.58  seconds
###   On generation 18 of 1000
Best best molecule in generation  18
    smile  :  c1ccc2ccccc2c1
    fitness:  2.89377974834447
    logP   :  2.839800000000001
    sas    :  1.0
    ringP  :  0
    discrm :  [0.14393887]
-- Training of the discriminator, num_Updates[ 1 / 10]: Loss 0.21047
-- Training of the discriminator, num_Updates[ 2 / 10]: Loss 0.20921
-- Training of the discriminator, num_Updates[ 3 / 10]: Loss 0.20794
-- Training of the discriminator, num_Updates[ 4 / 10]: Loss 0.20659
-- Training of the discriminator, num_Updates[ 5 / 10]: Loss 0.20519
-- Training of the discriminator, num_Updates[ 6 / 10]: Loss 0.20382
-- Training of the discriminator, num_Updates[ 7 / 10]: Loss 0.20253
-- Training of the discriminator, num_Updates[ 8 / 10]: Loss 0.20131
-- Training of the discriminator, num_Updates[ 9 / 10]: Loss 0.20011
-- Training of the discriminator, num_Updates[ 10 / 10]: Loss 0.19887
Generation time:  26.11  seconds
###   On generation 19 of 1000
Best best molecule in generation  19
    smile  :  c1ccc2ccccc2c1
    fitness:  2.89377974834447
    logP   :  2.839800000000001
    sas    :  1.0
    ringP  :  0
    discrm :  [0.13597326]
-- Training of the discriminator, num_Updates[ 1 / 10]: Loss 0.19866
-- Training of the discriminator, num_Updates[ 2 / 10]: Loss 0.19725
-- Training of the discriminator, num_Updates[ 3 / 10]: Loss 0.19595
-- Training of the discriminator, num_Updates[ 4 / 10]: Loss 0.19480
-- Training of the discriminator, num_Updates[ 5 / 10]: Loss 0.19371
-- Training of the discriminator, num_Updates[ 6 / 10]: Loss 0.19257
-- Training of the discriminator, num_Updates[ 7 / 10]: Loss 0.19136
-- Training of the discriminator, num_Updates[ 8 / 10]: Loss 0.19012
-- Training of the discriminator, num_Updates[ 9 / 10]: Loss 0.18894
-- Training of the discriminator, num_Updates[ 10 / 10]: Loss 0.18785
Generation time:  27.98  seconds
###   On generation 20 of 1000
Best best molecule in generation  20
    smile  :  c1ccc2ccccc2c1
    fitness:  2.89377974834447
    logP   :  2.839800000000001
    sas    :  1.0
    ringP  :  0
    discrm :  [0.12977591]
-- Training of the discriminator, num_Updates[ 1 / 10]: Loss 0.18708
-- Training of the discriminator, num_Updates[ 2 / 10]: Loss 0.18602
-- Training of the discriminator, num_Updates[ 3 / 10]: Loss 0.18495
-- Training of the discriminator, num_Updates[ 4 / 10]: Loss 0.18386
-- Training of the discriminator, num_Updates[ 5 / 10]: Loss 0.18279
-- Training of the discriminator, num_Updates[ 6 / 10]: Loss 0.18176
-- Training of the discriminator, num_Updates[ 7 / 10]: Loss 0.18076
-- Training of the discriminator, num_Updates[ 8 / 10]: Loss 0.17977
-- Training of the discriminator, num_Updates[ 9 / 10]: Loss 0.17876
-- Training of the discriminator, num_Updates[ 10 / 10]: Loss 0.17776
Generation time:  28.57  seconds
###   On generation 21 of 1000
Best best molecule in generation  21
    smile  :  CCCc1cccc(-c2c3cccc2-3)c1
    fitness:  2.98344106711965
    logP   :  4.286500000000003
    sas    :  1.7743026992234974
    ringP  :  0
    discrm :  [0.1363861]
-- Training of the discriminator, num_Updates[ 1 / 10]: Loss 0.17959
-- Training of the discriminator, num_Updates[ 2 / 10]: Loss 0.17860
-- Training of the discriminator, num_Updates[ 3 / 10]: Loss 0.17767
-- Training of the discriminator, num_Updates[ 4 / 10]: Loss 0.17680
-- Training of the discriminator, num_Updates[ 5 / 10]: Loss 0.17596
-- Training of the discriminator, num_Updates[ 6 / 10]: Loss 0.17513
-- Training of the discriminator, num_Updates[ 7 / 10]: Loss 0.17426
-- Training of the discriminator, num_Updates[ 8 / 10]: Loss 0.17337
-- Training of the discriminator, num_Updates[ 9 / 10]: Loss 0.17251
-- Training of the discriminator, num_Updates[ 10 / 10]: Loss 0.17168
Generation time:  28.81  seconds
###   On generation 22 of 1000
Best best molecule in generation  22
    smile  :  CCCc1cccc(-c2c3cccc2-3)c1
    fitness:  2.98344106711965
    logP   :  4.286500000000003
    sas    :  1.7743026992234974
    ringP  :  0
    discrm :  [0.12907174]
-- Training of the discriminator, num_Updates[ 1 / 10]: Loss 0.17141
-- Training of the discriminator, num_Updates[ 2 / 10]: Loss 0.17055
-- Training of the discriminator, num_Updates[ 3 / 10]: Loss 0.16973
-- Training of the discriminator, num_Updates[ 4 / 10]: Loss 0.16895
-- Training of the discriminator, num_Updates[ 5 / 10]: Loss 0.16818
-- Training of the discriminator, num_Updates[ 6 / 10]: Loss 0.16738
-- Training of the discriminator, num_Updates[ 7 / 10]: Loss 0.16655
-- Training of the discriminator, num_Updates[ 8 / 10]: Loss 0.16573
-- Training of the discriminator, num_Updates[ 9 / 10]: Loss 0.16494
-- Training of the discriminator, num_Updates[ 10 / 10]: Loss 0.16417
Generation time:  27.01  seconds
###   On generation 23 of 1000
Best best molecule in generation  23
    smile  :  CCCCc1ccccc1
    fitness:  2.901205129706411
    logP   :  3.0292000000000012
    sas    :  1.1049531863041597
    ringP  :  0
    discrm :  [0.131749]
-- Training of the discriminator, num_Updates[ 1 / 10]: Loss 0.15950
-- Training of the discriminator, num_Updates[ 2 / 10]: Loss 0.15877
-- Training of the discriminator, num_Updates[ 3 / 10]: Loss 0.15804
-- Training of the discriminator, num_Updates[ 4 / 10]: Loss 0.15733
-- Training of the discriminator, num_Updates[ 5 / 10]: Loss 0.15661
-- Training of the discriminator, num_Updates[ 6 / 10]: Loss 0.15590
-- Training of the discriminator, num_Updates[ 7 / 10]: Loss 0.15519
-- Training of the discriminator, num_Updates[ 8 / 10]: Loss 0.15449
-- Training of the discriminator, num_Updates[ 9 / 10]: Loss 0.15379
-- Training of the discriminator, num_Updates[ 10 / 10]: Loss 0.15310
Generation time:  28.45  seconds
###   On generation 24 of 1000
Best best molecule in generation  24
    smile  :  CCCCc1ccccc1
    fitness:  2.901205129706411
    logP   :  3.0292000000000012
    sas    :  1.1049531863041597
    ringP  :  0
    discrm :  [0.12614536]
-- Training of the discriminator, num_Updates[ 1 / 10]: Loss 0.15079
-- Training of the discriminator, num_Updates[ 2 / 10]: Loss 0.15004
-- Training of the discriminator, num_Updates[ 3 / 10]: Loss 0.14926
-- Training of the discriminator, num_Updates[ 4 / 10]: Loss 0.14853
-- Training of the discriminator, num_Updates[ 5 / 10]: Loss 0.14788
-- Training of the discriminator, num_Updates[ 6 / 10]: Loss 0.14728
-- Training of the discriminator, num_Updates[ 7 / 10]: Loss 0.14666
-- Training of the discriminator, num_Updates[ 8 / 10]: Loss 0.14600
-- Training of the discriminator, num_Updates[ 9 / 10]: Loss 0.14530
-- Training of the discriminator, num_Updates[ 10 / 10]: Loss 0.14461
Generation time:  26.65  seconds
###   On generation 25 of 1000
Best best molecule in generation  25
    smile  :  CCCCc1ccccc1
    fitness:  2.901205129706411
    logP   :  3.0292000000000012
    sas    :  1.1049531863041597
    ringP  :  0
    discrm :  [0.11872616]
-- Training of the discriminator, num_Updates[ 1 / 10]: Loss 0.14545
-- Training of the discriminator, num_Updates[ 2 / 10]: Loss 0.14472
-- Training of the discriminator, num_Updates[ 3 / 10]: Loss 0.14409
-- Training of the discriminator, num_Updates[ 4 / 10]: Loss 0.14353
-- Training of the discriminator, num_Updates[ 5 / 10]: Loss 0.14299
-- Training of the discriminator, num_Updates[ 6 / 10]: Loss 0.14240
-- Training of the discriminator, num_Updates[ 7 / 10]: Loss 0.14176
-- Training of the discriminator, num_Updates[ 8 / 10]: Loss 0.14109
-- Training of the discriminator, num_Updates[ 9 / 10]: Loss 0.14045
-- Training of the discriminator, num_Updates[ 10 / 10]: Loss 0.13986
Generation time:  25.66  seconds
###   On generation 26 of 1000
Best best molecule in generation  26
    smile  :  CCCCc1ccccc1
    fitness:  2.901205129706411
    logP   :  3.0292000000000012
    sas    :  1.1049531863041597
    ringP  :  0
    discrm :  [0.11488427]
-- Training of the discriminator, num_Updates[ 1 / 10]: Loss 0.14985
-- Training of the discriminator, num_Updates[ 2 / 10]: Loss 0.14928
-- Training of the discriminator, num_Updates[ 3 / 10]: Loss 0.14870
-- Training of the discriminator, num_Updates[ 4 / 10]: Loss 0.14809
-- Training of the discriminator, num_Updates[ 5 / 10]: Loss 0.14746
-- Training of the discriminator, num_Updates[ 6 / 10]: Loss 0.14682
-- Training of the discriminator, num_Updates[ 7 / 10]: Loss 0.14620
-- Training of the discriminator, num_Updates[ 8 / 10]: Loss 0.14560
-- Training of the discriminator, num_Updates[ 9 / 10]: Loss 0.14499
-- Training of the discriminator, num_Updates[ 10 / 10]: Loss 0.14437
Generation time:  27.11  seconds
###   On generation 27 of 1000
Best best molecule in generation  27
    smile  :  CCCCc1ccccc1
    fitness:  2.901205129706411
    logP   :  3.0292000000000012
    sas    :  1.1049531863041597
    ringP  :  0
    discrm :  [0.11176156]
-- Training of the discriminator, num_Updates[ 1 / 10]: Loss 0.13587
-- Training of the discriminator, num_Updates[ 2 / 10]: Loss 0.13528
-- Training of the discriminator, num_Updates[ 3 / 10]: Loss 0.13464
-- Training of the discriminator, num_Updates[ 4 / 10]: Loss 0.13405
-- Training of the discriminator, num_Updates[ 5 / 10]: Loss 0.13354
-- Training of the discriminator, num_Updates[ 6 / 10]: Loss 0.13308
-- Training of the discriminator, num_Updates[ 7 / 10]: Loss 0.13264
-- Training of the discriminator, num_Updates[ 8 / 10]: Loss 0.13214
-- Training of the discriminator, num_Updates[ 9 / 10]: Loss 0.13160
-- Training of the discriminator, num_Updates[ 10 / 10]: Loss 0.13103
Generation time:  24.2  seconds
###   On generation 28 of 1000
Best best molecule in generation  28
    smile  :  CCCCc1ccccc1
    fitness:  2.901205129706411
    logP   :  3.0292000000000012
    sas    :  1.1049531863041597
    ringP  :  0
    discrm :  [0.11116026]
-- Training of the discriminator, num_Updates[ 1 / 10]: Loss 0.14057
-- Training of the discriminator, num_Updates[ 2 / 10]: Loss 0.13979
-- Training of the discriminator, num_Updates[ 3 / 10]: Loss 0.13915
-- Training of the discriminator, num_Updates[ 4 / 10]: Loss 0.13873
-- Training of the discriminator, num_Updates[ 5 / 10]: Loss 0.13843
-- Training of the discriminator, num_Updates[ 6 / 10]: Loss 0.13807
-- Training of the discriminator, num_Updates[ 7 / 10]: Loss 0.13754
-- Training of the discriminator, num_Updates[ 8 / 10]: Loss 0.13692
-- Training of the discriminator, num_Updates[ 9 / 10]: Loss 0.13631
-- Training of the discriminator, num_Updates[ 10 / 10]: Loss 0.13581
Generation time:  24.78  seconds
###   On generation 29 of 1000
Best best molecule in generation  29
    smile  :  CCCCCc1ccccc1
    fitness:  3.1174284538192008
    logP   :  3.4193000000000024
    sas    :  1.154220528604922
    ringP  :  0
    discrm :  [0.11605066]
-- Training of the discriminator, num_Updates[ 1 / 10]: Loss 0.13890
-- Training of the discriminator, num_Updates[ 2 / 10]: Loss 0.13846
-- Training of the discriminator, num_Updates[ 3 / 10]: Loss 0.13779
-- Training of the discriminator, num_Updates[ 4 / 10]: Loss 0.13706
-- Training of the discriminator, num_Updates[ 5 / 10]: Loss 0.13648
-- Training of the discriminator, num_Updates[ 6 / 10]: Loss 0.13608
-- Training of the discriminator, num_Updates[ 7 / 10]: Loss 0.13576
-- Training of the discriminator, num_Updates[ 8 / 10]: Loss 0.13536
-- Training of the discriminator, num_Updates[ 9 / 10]: Loss 0.13482
-- Training of the discriminator, num_Updates[ 10 / 10]: Loss 0.13421
Generation time:  26.49  seconds
###   On generation 30 of 1000
Best best molecule in generation  30
    smile  :  CCCCCc1ccccc1
    fitness:  3.1174284538192008
    logP   :  3.4193000000000024
    sas    :  1.154220528604922
    ringP  :  0
    discrm :  [0.10728519]
-- Training of the discriminator, num_Updates[ 1 / 10]: Loss 0.12503
-- Training of the discriminator, num_Updates[ 2 / 10]: Loss 0.12471
-- Training of the discriminator, num_Updates[ 3 / 10]: Loss 0.12432
-- Training of the discriminator, num_Updates[ 4 / 10]: Loss 0.12385
-- Training of the discriminator, num_Updates[ 5 / 10]: Loss 0.12334
-- Training of the discriminator, num_Updates[ 6 / 10]: Loss 0.12286
-- Training of the discriminator, num_Updates[ 7 / 10]: Loss 0.12245
-- Training of the discriminator, num_Updates[ 8 / 10]: Loss 0.12208
-- Training of the discriminator, num_Updates[ 9 / 10]: Loss 0.12170
-- Training of the discriminator, num_Updates[ 10 / 10]: Loss 0.12129
Generation time:  25.53  seconds
###   On generation 31 of 1000
Best best molecule in generation  31
    smile  :  CCCCCc1ccccc1
    fitness:  3.1174284538192008
    logP   :  3.4193000000000024
    sas    :  1.154220528604922
    ringP  :  0
    discrm :  [0.10117956]
-- Training of the discriminator, num_Updates[ 1 / 10]: Loss 0.11840
-- Training of the discriminator, num_Updates[ 2 / 10]: Loss 0.11789
-- Training of the discriminator, num_Updates[ 3 / 10]: Loss 0.11743
-- Training of the discriminator, num_Updates[ 4 / 10]: Loss 0.11701
-- Training of the discriminator, num_Updates[ 5 / 10]: Loss 0.11662
-- Training of the discriminator, num_Updates[ 6 / 10]: Loss 0.11621
-- Training of the discriminator, num_Updates[ 7 / 10]: Loss 0.11575
-- Training of the discriminator, num_Updates[ 8 / 10]: Loss 0.11528
-- Training of the discriminator, num_Updates[ 9 / 10]: Loss 0.11481
-- Training of the discriminator, num_Updates[ 10 / 10]: Loss 0.11438
Generation time:  25.69  seconds
###   On generation 32 of 1000
Best best molecule in generation  32
    smile  :  CCCCCc1ccccc1
    fitness:  3.1174284538192008
    logP   :  3.4193000000000024
    sas    :  1.154220528604922
    ringP  :  0
    discrm :  [0.0987068]
-- Training of the discriminator, num_Updates[ 1 / 10]: Loss 0.11965
-- Training of the discriminator, num_Updates[ 2 / 10]: Loss 0.11912
-- Training of the discriminator, num_Updates[ 3 / 10]: Loss 0.11865
-- Training of the discriminator, num_Updates[ 4 / 10]: Loss 0.11824
-- Training of the discriminator, num_Updates[ 5 / 10]: Loss 0.11782
-- Training of the discriminator, num_Updates[ 6 / 10]: Loss 0.11733
-- Training of the discriminator, num_Updates[ 7 / 10]: Loss 0.11682
-- Training of the discriminator, num_Updates[ 8 / 10]: Loss 0.11633
-- Training of the discriminator, num_Updates[ 9 / 10]: Loss 0.11588
-- Training of the discriminator, num_Updates[ 10 / 10]: Loss 0.11545
Generation time:  26.61  seconds
###   On generation 33 of 1000
Best best molecule in generation  33
    smile  :  CCCCCc1ccccc1
    fitness:  3.1174284538192008
    logP   :  3.4193000000000024
    sas    :  1.154220528604922
    ringP  :  0
    discrm :  [0.09511013]
-- Training of the discriminator, num_Updates[ 1 / 10]: Loss 0.11658
-- Training of the discriminator, num_Updates[ 2 / 10]: Loss 0.11565
-- Training of the discriminator, num_Updates[ 3 / 10]: Loss 0.11469
-- Training of the discriminator, num_Updates[ 4 / 10]: Loss 0.11407
-- Training of the discriminator, num_Updates[ 5 / 10]: Loss 0.11384
-- Training of the discriminator, num_Updates[ 6 / 10]: Loss 0.11366
-- Training of the discriminator, num_Updates[ 7 / 10]: Loss 0.11320
-- Training of the discriminator, num_Updates[ 8 / 10]: Loss 0.11248
-- Training of the discriminator, num_Updates[ 9 / 10]: Loss 0.11177
-- Training of the discriminator, num_Updates[ 10 / 10]: Loss 0.11125
Generation time:  26.15  seconds
###   On generation 34 of 1000
Best best molecule in generation  34
    smile  :  CCCCCc1ccccc1
    fitness:  3.1174284538192008
    logP   :  3.4193000000000024
    sas    :  1.154220528604922
    ringP  :  0
    discrm :  [0.08923332]
-- Training of the discriminator, num_Updates[ 1 / 10]: Loss 0.11878
-- Training of the discriminator, num_Updates[ 2 / 10]: Loss 0.11845
-- Training of the discriminator, num_Updates[ 3 / 10]: Loss 0.11795
-- Training of the discriminator, num_Updates[ 4 / 10]: Loss 0.11732
-- Training of the discriminator, num_Updates[ 5 / 10]: Loss 0.11672
-- Training of the discriminator, num_Updates[ 6 / 10]: Loss 0.11626
-- Training of the discriminator, num_Updates[ 7 / 10]: Loss 0.11588
-- Training of the discriminator, num_Updates[ 8 / 10]: Loss 0.11545
-- Training of the discriminator, num_Updates[ 9 / 10]: Loss 0.11493
-- Training of the discriminator, num_Updates[ 10 / 10]: Loss 0.11437
Generation time:  28.56  seconds
###   On generation 35 of 1000
Best best molecule in generation  35
    smile  :  CCCCCc1ccccc1
    fitness:  3.1174284538192008
    logP   :  3.4193000000000024
    sas    :  1.154220528604922
    ringP  :  0
    discrm :  [0.08538488]
-- Training of the discriminator, num_Updates[ 1 / 10]: Loss 0.11097
-- Training of the discriminator, num_Updates[ 2 / 10]: Loss 0.11061
-- Training of the discriminator, num_Updates[ 3 / 10]: Loss 0.11025
-- Training of the discriminator, num_Updates[ 4 / 10]: Loss 0.10986
-- Training of the discriminator, num_Updates[ 5 / 10]: Loss 0.10942
-- Training of the discriminator, num_Updates[ 6 / 10]: Loss 0.10898
-- Training of the discriminator, num_Updates[ 7 / 10]: Loss 0.10857
-- Training of the discriminator, num_Updates[ 8 / 10]: Loss 0.10820
-- Training of the discriminator, num_Updates[ 9 / 10]: Loss 0.10783
-- Training of the discriminator, num_Updates[ 10 / 10]: Loss 0.10744
Generation time:  27.7  seconds
###   On generation 36 of 1000
Best best molecule in generation  36
    smile  :  CCCCCCc1ccccc1
    fitness:  3.326445316247869
    logP   :  3.809400000000003
    sas    :  1.2094738691001456
    ringP  :  0
    discrm :  [0.08714476]
-- Training of the discriminator, num_Updates[ 1 / 10]: Loss 0.11025
-- Training of the discriminator, num_Updates[ 2 / 10]: Loss 0.10986
-- Training of the discriminator, num_Updates[ 3 / 10]: Loss 0.10946
-- Training of the discriminator, num_Updates[ 4 / 10]: Loss 0.10905
-- Training of the discriminator, num_Updates[ 5 / 10]: Loss 0.10862
-- Training of the discriminator, num_Updates[ 6 / 10]: Loss 0.10821
-- Training of the discriminator, num_Updates[ 7 / 10]: Loss 0.10779
-- Training of the discriminator, num_Updates[ 8 / 10]: Loss 0.10738
-- Training of the discriminator, num_Updates[ 9 / 10]: Loss 0.10695
-- Training of the discriminator, num_Updates[ 10 / 10]: Loss 0.10653
Generation time:  26.9  seconds
###   On generation 37 of 1000
Best best molecule in generation  37
    smile  :  CCCCCCc1ccccc1
    fitness:  3.326445316247869
    logP   :  3.809400000000003
    sas    :  1.2094738691001456
    ringP  :  0
    discrm :  [0.0838564]
-- Training of the discriminator, num_Updates[ 1 / 10]: Loss 0.10278
-- Training of the discriminator, num_Updates[ 2 / 10]: Loss 0.10239
-- Training of the discriminator, num_Updates[ 3 / 10]: Loss 0.10201
-- Training of the discriminator, num_Updates[ 4 / 10]: Loss 0.10163
-- Training of the discriminator, num_Updates[ 5 / 10]: Loss 0.10125
-- Training of the discriminator, num_Updates[ 6 / 10]: Loss 0.10086
-- Training of the discriminator, num_Updates[ 7 / 10]: Loss 0.10047
-- Training of the discriminator, num_Updates[ 8 / 10]: Loss 0.10008
-- Training of the discriminator, num_Updates[ 9 / 10]: Loss 0.09971
-- Training of the discriminator, num_Updates[ 10 / 10]: Loss 0.09933
Generation time:  26.47  seconds
###   On generation 38 of 1000
Best best molecule in generation  38
    smile  :  CCCCCCc1ccccc1
    fitness:  3.326445316247869
    logP   :  3.809400000000003
    sas    :  1.2094738691001456
    ringP  :  0
    discrm :  [0.08086324]
-- Training of the discriminator, num_Updates[ 1 / 10]: Loss 0.10545
-- Training of the discriminator, num_Updates[ 2 / 10]: Loss 0.10505
-- Training of the discriminator, num_Updates[ 3 / 10]: Loss 0.10465
-- Training of the discriminator, num_Updates[ 4 / 10]: Loss 0.10429
-- Training of the discriminator, num_Updates[ 5 / 10]: Loss 0.10397
-- Training of the discriminator, num_Updates[ 6 / 10]: Loss 0.10364
-- Training of the discriminator, num_Updates[ 7 / 10]: Loss 0.10329
-- Training of the discriminator, num_Updates[ 8 / 10]: Loss 0.10291
-- Training of the discriminator, num_Updates[ 9 / 10]: Loss 0.10255
-- Training of the discriminator, num_Updates[ 10 / 10]: Loss 0.10220
Generation time:  25.33  seconds
###   On generation 39 of 1000
Best best molecule in generation  39
    smile  :  CCCCCCc1ccccc1
    fitness:  3.326445316247869
    logP   :  3.809400000000003
    sas    :  1.2094738691001456
    ringP  :  0
    discrm :  [0.07859613]
-- Training of the discriminator, num_Updates[ 1 / 10]: Loss 0.10559
-- Training of the discriminator, num_Updates[ 2 / 10]: Loss 0.10526
-- Training of the discriminator, num_Updates[ 3 / 10]: Loss 0.10492
-- Training of the discriminator, num_Updates[ 4 / 10]: Loss 0.10456
-- Training of the discriminator, num_Updates[ 5 / 10]: Loss 0.10421
-- Training of the discriminator, num_Updates[ 6 / 10]: Loss 0.10386
-- Training of the discriminator, num_Updates[ 7 / 10]: Loss 0.10353
-- Training of the discriminator, num_Updates[ 8 / 10]: Loss 0.10319
-- Training of the discriminator, num_Updates[ 9 / 10]: Loss 0.10284
-- Training of the discriminator, num_Updates[ 10 / 10]: Loss 0.10249
Generation time:  28.22  seconds
###   On generation 40 of 1000
Best best molecule in generation  40
    smile  :  CCCCCCc1ccccc1
    fitness:  3.326445316247869
    logP   :  3.809400000000003
    sas    :  1.2094738691001456
    ringP  :  0
    discrm :  [0.07593187]
-- Training of the discriminator, num_Updates[ 1 / 10]: Loss 0.10378
-- Training of the discriminator, num_Updates[ 2 / 10]: Loss 0.10343
-- Training of the discriminator, num_Updates[ 3 / 10]: Loss 0.10306
-- Training of the discriminator, num_Updates[ 4 / 10]: Loss 0.10272
-- Training of the discriminator, num_Updates[ 5 / 10]: Loss 0.10239
-- Training of the discriminator, num_Updates[ 6 / 10]: Loss 0.10205
-- Training of the discriminator, num_Updates[ 7 / 10]: Loss 0.10170
-- Training of the discriminator, num_Updates[ 8 / 10]: Loss 0.10135
-- Training of the discriminator, num_Updates[ 9 / 10]: Loss 0.10100
-- Training of the discriminator, num_Updates[ 10 / 10]: Loss 0.10067
Generation time:  28.25  seconds
###   On generation 41 of 1000
Best best molecule in generation  41
    smile  :  CCCCCCCc1ccccc1
    fitness:  3.5406920293431976
    logP   :  4.199500000000003
    sas    :  1.260383069846883
    ringP  :  0
    discrm :  [0.07815318]
-- Training of the discriminator, num_Updates[ 1 / 10]: Loss 0.09052
-- Training of the discriminator, num_Updates[ 2 / 10]: Loss 0.09001
-- Training of the discriminator, num_Updates[ 3 / 10]: Loss 0.08955
-- Training of the discriminator, num_Updates[ 4 / 10]: Loss 0.08924
-- Training of the discriminator, num_Updates[ 5 / 10]: Loss 0.08902
-- Training of the discriminator, num_Updates[ 6 / 10]: Loss 0.08873
-- Training of the discriminator, num_Updates[ 7 / 10]: Loss 0.08832
-- Training of the discriminator, num_Updates[ 8 / 10]: Loss 0.08788
-- Training of the discriminator, num_Updates[ 9 / 10]: Loss 0.08750
-- Training of the discriminator, num_Updates[ 10 / 10]: Loss 0.08720
Generation time:  27.45  seconds
###   On generation 42 of 1000
Best best molecule in generation  42
    smile  :  CCCCCCCCc1ccccc1
    fitness:  3.758919536292796
    logP   :  4.589600000000004
    sas    :  1.3079856513581802
    ringP  :  0
    discrm :  [0.07919583]
-- Training of the discriminator, num_Updates[ 1 / 10]: Loss 0.09611
-- Training of the discriminator, num_Updates[ 2 / 10]: Loss 0.09376
-- Training of the discriminator, num_Updates[ 3 / 10]: Loss 0.09155
-- Training of the discriminator, num_Updates[ 4 / 10]: Loss 0.09118
-- Training of the discriminator, num_Updates[ 5 / 10]: Loss 0.09218
-- Training of the discriminator, num_Updates[ 6 / 10]: Loss 0.09274
-- Training of the discriminator, num_Updates[ 7 / 10]: Loss 0.09192
-- Training of the discriminator, num_Updates[ 8 / 10]: Loss 0.09046
-- Training of the discriminator, num_Updates[ 9 / 10]: Loss 0.08949
-- Training of the discriminator, num_Updates[ 10 / 10]: Loss 0.08945
Generation time:  27.49  seconds
###   On generation 43 of 1000
Best best molecule in generation  43
    smile  :  CCCCCCCCc1ccccc1
    fitness:  3.758919536292796
    logP   :  4.589600000000004
    sas    :  1.3079856513581802
    ringP  :  0
    discrm :  [0.07138339]
-- Training of the discriminator, num_Updates[ 1 / 10]: Loss 0.10673
-- Training of the discriminator, num_Updates[ 2 / 10]: Loss 0.10677
-- Training of the discriminator, num_Updates[ 3 / 10]: Loss 0.10648
-- Training of the discriminator, num_Updates[ 4 / 10]: Loss 0.10585
-- Training of the discriminator, num_Updates[ 5 / 10]: Loss 0.10522
-- Training of the discriminator, num_Updates[ 6 / 10]: Loss 0.10484
-- Training of the discriminator, num_Updates[ 7 / 10]: Loss 0.10465
-- Training of the discriminator, num_Updates[ 8 / 10]: Loss 0.10443
-- Training of the discriminator, num_Updates[ 9 / 10]: Loss 0.10401
-- Training of the discriminator, num_Updates[ 10 / 10]: Loss 0.10347
Generation time:  27.69  seconds
###   On generation 44 of 1000
Best best molecule in generation  44
    smile  :  CCCCCCCCc1ccccc1
    fitness:  3.758919536292796
    logP   :  4.589600000000004
    sas    :  1.3079856513581802
    ringP  :  0
    discrm :  [0.06731073]
-- Training of the discriminator, num_Updates[ 1 / 10]: Loss 0.09139
-- Training of the discriminator, num_Updates[ 2 / 10]: Loss 0.09124
-- Training of the discriminator, num_Updates[ 3 / 10]: Loss 0.09099
-- Training of the discriminator, num_Updates[ 4 / 10]: Loss 0.09061
-- Training of the discriminator, num_Updates[ 5 / 10]: Loss 0.09023
-- Training of the discriminator, num_Updates[ 6 / 10]: Loss 0.08996
-- Training of the discriminator, num_Updates[ 7 / 10]: Loss 0.08975
-- Training of the discriminator, num_Updates[ 8 / 10]: Loss 0.08952
-- Training of the discriminator, num_Updates[ 9 / 10]: Loss 0.08921
-- Training of the discriminator, num_Updates[ 10 / 10]: Loss 0.08887
Generation time:  26.65  seconds
###   On generation 45 of 1000
Best best molecule in generation  45
    smile  :  CCCCCCCCc1ccccc1
    fitness:  3.758919536292796
    logP   :  4.589600000000004
    sas    :  1.3079856513581802
    ringP  :  0
    discrm :  [0.06440564]
-- Training of the discriminator, num_Updates[ 1 / 10]: Loss 0.08900
-- Training of the discriminator, num_Updates[ 2 / 10]: Loss 0.08874
-- Training of the discriminator, num_Updates[ 3 / 10]: Loss 0.08837
-- Training of the discriminator, num_Updates[ 4 / 10]: Loss 0.08804
-- Training of the discriminator, num_Updates[ 5 / 10]: Loss 0.08784
-- Training of the discriminator, num_Updates[ 6 / 10]: Loss 0.08765
-- Training of the discriminator, num_Updates[ 7 / 10]: Loss 0.08736
-- Training of the discriminator, num_Updates[ 8 / 10]: Loss 0.08702
-- Training of the discriminator, num_Updates[ 9 / 10]: Loss 0.08673
-- Training of the discriminator, num_Updates[ 10 / 10]: Loss 0.08651
Generation time:  25.58  seconds
###   On generation 46 of 1000
Best best molecule in generation  46
    smile  :  CCCCCCCCc1ccccc1
    fitness:  3.758919536292796
    logP   :  4.589600000000004
    sas    :  1.3079856513581802
    ringP  :  0
    discrm :  [0.06217461]
-- Training of the discriminator, num_Updates[ 1 / 10]: Loss 0.09454
-- Training of the discriminator, num_Updates[ 2 / 10]: Loss 0.09428
-- Training of the discriminator, num_Updates[ 3 / 10]: Loss 0.09398
-- Training of the discriminator, num_Updates[ 4 / 10]: Loss 0.09368
-- Training of the discriminator, num_Updates[ 5 / 10]: Loss 0.09339
-- Training of the discriminator, num_Updates[ 6 / 10]: Loss 0.09309
-- Training of the discriminator, num_Updates[ 7 / 10]: Loss 0.09277
-- Training of the discriminator, num_Updates[ 8 / 10]: Loss 0.09244
-- Training of the discriminator, num_Updates[ 9 / 10]: Loss 0.09211
-- Training of the discriminator, num_Updates[ 10 / 10]: Loss 0.09179
Generation time:  29.07  seconds
###   On generation 47 of 1000
Best best molecule in generation  47
    smile  :  CCCCCCCCc1ccccc1
    fitness:  3.758919536292796
    logP   :  4.589600000000004
    sas    :  1.3079856513581802
    ringP  :  0
    discrm :  [0.06055822]
-- Training of the discriminator, num_Updates[ 1 / 10]: Loss 0.08652
-- Training of the discriminator, num_Updates[ 2 / 10]: Loss 0.08616
-- Training of the discriminator, num_Updates[ 3 / 10]: Loss 0.08577
-- Training of the discriminator, num_Updates[ 4 / 10]: Loss 0.08540
-- Training of the discriminator, num_Updates[ 5 / 10]: Loss 0.08504
-- Training of the discriminator, num_Updates[ 6 / 10]: Loss 0.08469
-- Training of the discriminator, num_Updates[ 7 / 10]: Loss 0.08432
-- Training of the discriminator, num_Updates[ 8 / 10]: Loss 0.08393
-- Training of the discriminator, num_Updates[ 9 / 10]: Loss 0.08354
-- Training of the discriminator, num_Updates[ 10 / 10]: Loss 0.08316
Generation time:  26.97  seconds
###   On generation 48 of 1000
Best best molecule in generation  48
    smile  :  CCCCCCCCc1cccc(C)c1
    fitness:  3.759840579999677
    logP   :  4.898020000000004
    sas    :  1.4881706858879973
    ringP  :  0
    discrm :  [0.05946776]
-- Training of the discriminator, num_Updates[ 1 / 10]: Loss 0.09173
-- Training of the discriminator, num_Updates[ 2 / 10]: Loss 0.09145
-- Training of the discriminator, num_Updates[ 3 / 10]: Loss 0.09116
-- Training of the discriminator, num_Updates[ 4 / 10]: Loss 0.09086
-- Training of the discriminator, num_Updates[ 5 / 10]: Loss 0.09054
-- Training of the discriminator, num_Updates[ 6 / 10]: Loss 0.09022
-- Training of the discriminator, num_Updates[ 7 / 10]: Loss 0.08991
-- Training of the discriminator, num_Updates[ 8 / 10]: Loss 0.08960
-- Training of the discriminator, num_Updates[ 9 / 10]: Loss 0.08928
-- Training of the discriminator, num_Updates[ 10 / 10]: Loss 0.08896
Generation time:  27.44  seconds
###   On generation 49 of 1000
Best best molecule in generation  49
    smile  :  CCCCCCCCc1cccc(C)c1
    fitness:  3.759840579999677
    logP   :  4.898020000000004
    sas    :  1.4881706858879973
    ringP  :  0
    discrm :  [0.05821713]
-- Training of the discriminator, num_Updates[ 1 / 10]: Loss 0.08411
-- Training of the discriminator, num_Updates[ 2 / 10]: Loss 0.08386
-- Training of the discriminator, num_Updates[ 3 / 10]: Loss 0.08363
-- Training of the discriminator, num_Updates[ 4 / 10]: Loss 0.08340
-- Training of the discriminator, num_Updates[ 5 / 10]: Loss 0.08317
-- Training of the discriminator, num_Updates[ 6 / 10]: Loss 0.08292
-- Training of the discriminator, num_Updates[ 7 / 10]: Loss 0.08266
-- Training of the discriminator, num_Updates[ 8 / 10]: Loss 0.08240
-- Training of the discriminator, num_Updates[ 9 / 10]: Loss 0.08214
-- Training of the discriminator, num_Updates[ 10 / 10]: Loss 0.08189
Generation time:  28.63  seconds
###   On generation 50 of 1000
Best best molecule in generation  50
    smile  :  CCCCCCCCCc1cccc(C)c1
    fitness:  3.9937291300696445
    logP   :  5.2881200000000055
    sas    :  1.522764528860037
    ringP  :  0
    discrm :  [0.05832255]
-- Training of the discriminator, num_Updates[ 1 / 10]: Loss 0.08686
-- Training of the discriminator, num_Updates[ 2 / 10]: Loss 0.08665
-- Training of the discriminator, num_Updates[ 3 / 10]: Loss 0.08643
-- Training of the discriminator, num_Updates[ 4 / 10]: Loss 0.08622
-- Training of the discriminator, num_Updates[ 5 / 10]: Loss 0.08601
-- Training of the discriminator, num_Updates[ 6 / 10]: Loss 0.08580
-- Training of the discriminator, num_Updates[ 7 / 10]: Loss 0.08558
-- Training of the discriminator, num_Updates[ 8 / 10]: Loss 0.08536
-- Training of the discriminator, num_Updates[ 9 / 10]: Loss 0.08514
-- Training of the discriminator, num_Updates[ 10 / 10]: Loss 0.08492
Generation time:  28.33  seconds
###   On generation 51 of 1000
Best best molecule in generation  51
    smile  :  CCCCCCCCCc1cccc(C)c1
    fitness:  3.9937291300696445
    logP   :  5.2881200000000055
    sas    :  1.522764528860037
    ringP  :  0
    discrm :  [0.05690338]
-- Training of the discriminator, num_Updates[ 1 / 10]: Loss 0.08014
-- Training of the discriminator, num_Updates[ 2 / 10]: Loss 0.07907
-- Training of the discriminator, num_Updates[ 3 / 10]: Loss 0.07806
-- Training of the discriminator, num_Updates[ 4 / 10]: Loss 0.07766
-- Training of the discriminator, num_Updates[ 5 / 10]: Loss 0.07782
-- Training of the discriminator, num_Updates[ 6 / 10]: Loss 0.07816
-- Training of the discriminator, num_Updates[ 7 / 10]: Loss 0.07820
-- Training of the discriminator, num_Updates[ 8 / 10]: Loss 0.07778
-- Training of the discriminator, num_Updates[ 9 / 10]: Loss 0.07715
-- Training of the discriminator, num_Updates[ 10 / 10]: Loss 0.07667
Generation time:  28.28  seconds
###   On generation 52 of 1000
Best best molecule in generation  52
    smile  :  CCCCCCCCCc1cccc(C)c1
    fitness:  3.9937291300696445
    logP   :  5.2881200000000055
    sas    :  1.522764528860037
    ringP  :  0
    discrm :  [0.05314361]
-- Training of the discriminator, num_Updates[ 1 / 10]: Loss 0.08086
-- Training of the discriminator, num_Updates[ 2 / 10]: Loss 0.07932
-- Training of the discriminator, num_Updates[ 3 / 10]: Loss 0.07897
-- Training of the discriminator, num_Updates[ 4 / 10]: Loss 0.07975
-- Training of the discriminator, num_Updates[ 5 / 10]: Loss 0.08024
-- Training of the discriminator, num_Updates[ 6 / 10]: Loss 0.07953
-- Training of the discriminator, num_Updates[ 7 / 10]: Loss 0.07841
-- Training of the discriminator, num_Updates[ 8 / 10]: Loss 0.07789
-- Training of the discriminator, num_Updates[ 9 / 10]: Loss 0.07804
-- Training of the discriminator, num_Updates[ 10 / 10]: Loss 0.07831
Generation time:  28.0  seconds
###   On generation 53 of 1000
Best best molecule in generation  53
    smile  :  CCCCCCCCCc1cccc(C)c1
    fitness:  3.9937291300696445
    logP   :  5.2881200000000055
    sas    :  1.522764528860037
    ringP  :  0
    discrm :  [0.05214858]
-- Training of the discriminator, num_Updates[ 1 / 10]: Loss 0.09212
-- Training of the discriminator, num_Updates[ 2 / 10]: Loss 0.09188
-- Training of the discriminator, num_Updates[ 3 / 10]: Loss 0.09160
-- Training of the discriminator, num_Updates[ 4 / 10]: Loss 0.09133
-- Training of the discriminator, num_Updates[ 5 / 10]: Loss 0.09111
-- Training of the discriminator, num_Updates[ 6 / 10]: Loss 0.09091
-- Training of the discriminator, num_Updates[ 7 / 10]: Loss 0.09070
-- Training of the discriminator, num_Updates[ 8 / 10]: Loss 0.09045
-- Training of the discriminator, num_Updates[ 9 / 10]: Loss 0.09018
-- Training of the discriminator, num_Updates[ 10 / 10]: Loss 0.08991
Generation time:  28.47  seconds
###   On generation 54 of 1000
Best best molecule in generation  54
    smile  :  CCCCCCCCCCc1cccc(C)c1
    fitness:  4.228335230864048
    logP   :  5.678220000000006
    sas    :  1.556762343222033
    ringP  :  0
    discrm :  [0.05183524]
-- Training of the discriminator, num_Updates[ 1 / 10]: Loss 0.08079
-- Training of the discriminator, num_Updates[ 2 / 10]: Loss 0.08048
-- Training of the discriminator, num_Updates[ 3 / 10]: Loss 0.08030
-- Training of the discriminator, num_Updates[ 4 / 10]: Loss 0.08016
-- Training of the discriminator, num_Updates[ 5 / 10]: Loss 0.07994
-- Training of the discriminator, num_Updates[ 6 / 10]: Loss 0.07962
-- Training of the discriminator, num_Updates[ 7 / 10]: Loss 0.07933
-- Training of the discriminator, num_Updates[ 8 / 10]: Loss 0.07913
-- Training of the discriminator, num_Updates[ 9 / 10]: Loss 0.07893
-- Training of the discriminator, num_Updates[ 10 / 10]: Loss 0.07868
Generation time:  30.3  seconds
###   On generation 55 of 1000
Best best molecule in generation  55
    smile  :  CCCCCCCCCCc1ccccc1
    fitness:  4.203947303219907
    logP   :  5.369800000000005
    sas    :  1.396069915610198
    ringP  :  0
    discrm :  [0.050287]
-- Training of the discriminator, num_Updates[ 1 / 10]: Loss 0.07800
-- Training of the discriminator, num_Updates[ 2 / 10]: Loss 0.07767
-- Training of the discriminator, num_Updates[ 3 / 10]: Loss 0.07725
-- Training of the discriminator, num_Updates[ 4 / 10]: Loss 0.07693
-- Training of the discriminator, num_Updates[ 5 / 10]: Loss 0.07671
-- Training of the discriminator, num_Updates[ 6 / 10]: Loss 0.07649
-- Training of the discriminator, num_Updates[ 7 / 10]: Loss 0.07617
-- Training of the discriminator, num_Updates[ 8 / 10]: Loss 0.07579
-- Training of the discriminator, num_Updates[ 9 / 10]: Loss 0.07544
-- Training of the discriminator, num_Updates[ 10 / 10]: Loss 0.07518
Generation time:  28.57  seconds
###   On generation 56 of 1000
Best best molecule in generation  56
    smile  :  CCCCCCCCCCc1ccccc1
    fitness:  4.203947303219907
    logP   :  5.369800000000005
    sas    :  1.396069915610198
    ringP  :  0
    discrm :  [0.04918978]
-- Training of the discriminator, num_Updates[ 1 / 10]: Loss 0.07309
-- Training of the discriminator, num_Updates[ 2 / 10]: Loss 0.07268
-- Training of the discriminator, num_Updates[ 3 / 10]: Loss 0.07240
-- Training of the discriminator, num_Updates[ 4 / 10]: Loss 0.07228
-- Training of the discriminator, num_Updates[ 5 / 10]: Loss 0.07218
-- Training of the discriminator, num_Updates[ 6 / 10]: Loss 0.07195
-- Training of the discriminator, num_Updates[ 7 / 10]: Loss 0.07161
-- Training of the discriminator, num_Updates[ 8 / 10]: Loss 0.07129
-- Training of the discriminator, num_Updates[ 9 / 10]: Loss 0.07107
-- Training of the discriminator, num_Updates[ 10 / 10]: Loss 0.07091
Generation time:  29.49  seconds
###   On generation 57 of 1000
Best best molecule in generation  57
    smile  :  CCCCCCCCCCc1cccc(C)c1
    fitness:  4.228335230864048
    logP   :  5.678220000000006
    sas    :  1.556762343222033
    ringP  :  0
    discrm :  [0.04797671]
-- Training of the discriminator, num_Updates[ 1 / 10]: Loss 0.06757
-- Training of the discriminator, num_Updates[ 2 / 10]: Loss 0.06716
-- Training of the discriminator, num_Updates[ 3 / 10]: Loss 0.06675
-- Training of the discriminator, num_Updates[ 4 / 10]: Loss 0.06654
-- Training of the discriminator, num_Updates[ 5 / 10]: Loss 0.06646
-- Training of the discriminator, num_Updates[ 6 / 10]: Loss 0.06634
-- Training of the discriminator, num_Updates[ 7 / 10]: Loss 0.06609
-- Training of the discriminator, num_Updates[ 8 / 10]: Loss 0.06575
-- Training of the discriminator, num_Updates[ 9 / 10]: Loss 0.06546
-- Training of the discriminator, num_Updates[ 10 / 10]: Loss 0.06529
Generation time:  29.76  seconds
###   On generation 58 of 1000
Best best molecule in generation  58
    smile  :  CCCCCCCCCc1cccc(-c2ccccc2)c1
    fitness:  4.918663257423117
    logP   :  6.646700000000006
    sas    :  1.5515535459904815
    ringP  :  0
    discrm :  [0.05291688]
-- Training of the discriminator, num_Updates[ 1 / 10]: Loss 0.06333
-- Training of the discriminator, num_Updates[ 2 / 10]: Loss 0.06316
-- Training of the discriminator, num_Updates[ 3 / 10]: Loss 0.06290
-- Training of the discriminator, num_Updates[ 4 / 10]: Loss 0.06264
-- Training of the discriminator, num_Updates[ 5 / 10]: Loss 0.06246
-- Training of the discriminator, num_Updates[ 6 / 10]: Loss 0.06233
-- Training of the discriminator, num_Updates[ 7 / 10]: Loss 0.06219
-- Training of the discriminator, num_Updates[ 8 / 10]: Loss 0.06200
-- Training of the discriminator, num_Updates[ 9 / 10]: Loss 0.06178
-- Training of the discriminator, num_Updates[ 10 / 10]: Loss 0.06157
Generation time:  32.26  seconds
###   On generation 59 of 1000
Best best molecule in generation  59
    smile  :  CC=CC=CC1=CC=CC1=CCCc1cccc(CCCCCCCCC)c1
    fitness:  4.513871766502125
    logP   :  8.467200000000005
    sas    :  2.955878651604502
    ringP  :  0
    discrm :  [0.04588705]
-- Training of the discriminator, num_Updates[ 1 / 10]: Loss 0.06558
-- Training of the discriminator, num_Updates[ 2 / 10]: Loss 0.06524
-- Training of the discriminator, num_Updates[ 3 / 10]: Loss 0.06500
-- Training of the discriminator, num_Updates[ 4 / 10]: Loss 0.06488
-- Training of the discriminator, num_Updates[ 5 / 10]: Loss 0.06477
-- Training of the discriminator, num_Updates[ 6 / 10]: Loss 0.06456
-- Training of the discriminator, num_Updates[ 7 / 10]: Loss 0.06427
-- Training of the discriminator, num_Updates[ 8 / 10]: Loss 0.06399
-- Training of the discriminator, num_Updates[ 9 / 10]: Loss 0.06377
-- Training of the discriminator, num_Updates[ 10 / 10]: Loss 0.06361
Generation time:  31.4  seconds
###   On generation 60 of 1000
Best best molecule in generation  60
    smile  :  CC=CC=CC1=CC=CC1=CCCc1cccc(C=CCCCCCCCC)c1
    fitness:  4.6415677905929655
    logP   :  8.9379
    sas    :  3.1259686319284654
    ringP  :  0
    discrm :  [0.04462276]
-- Training of the discriminator, num_Updates[ 1 / 10]: Loss 0.07027
-- Training of the discriminator, num_Updates[ 2 / 10]: Loss 0.06975
-- Training of the discriminator, num_Updates[ 3 / 10]: Loss 0.06941
-- Training of the discriminator, num_Updates[ 4 / 10]: Loss 0.06929
-- Training of the discriminator, num_Updates[ 5 / 10]: Loss 0.06917
-- Training of the discriminator, num_Updates[ 6 / 10]: Loss 0.06886
-- Training of the discriminator, num_Updates[ 7 / 10]: Loss 0.06843
-- Training of the discriminator, num_Updates[ 8 / 10]: Loss 0.06807
-- Training of the discriminator, num_Updates[ 9 / 10]: Loss 0.06784
-- Training of the discriminator, num_Updates[ 10 / 10]: Loss 0.06765
Generation time:  33.04  seconds
###   On generation 61 of 1000
Best best molecule in generation  61
    smile  :  CC=CC=CC1=CC=CC1=CCCc1cccc(C=CCCCCCCCC)c1
    fitness:  4.6415677905929655
    logP   :  8.9379
    sas    :  3.1259686319284654
    ringP  :  0
    discrm :  [0.04335269]
-- Training of the discriminator, num_Updates[ 1 / 10]: Loss 0.07019
-- Training of the discriminator, num_Updates[ 2 / 10]: Loss 0.06948
-- Training of the discriminator, num_Updates[ 3 / 10]: Loss 0.06897
-- Training of the discriminator, num_Updates[ 4 / 10]: Loss 0.06889
-- Training of the discriminator, num_Updates[ 5 / 10]: Loss 0.06891
-- Training of the discriminator, num_Updates[ 6 / 10]: Loss 0.06871
-- Training of the discriminator, num_Updates[ 7 / 10]: Loss 0.06827
-- Training of the discriminator, num_Updates[ 8 / 10]: Loss 0.06784
-- Training of the discriminator, num_Updates[ 9 / 10]: Loss 0.06763
-- Training of the discriminator, num_Updates[ 10 / 10]: Loss 0.06756
Generation time:  33.81  seconds
###   On generation 62 of 1000
Best best molecule in generation  62
    smile  :  CC=CC=Cc1cccc(C2=CC=CC2=CCC2=CC=CC2=CCCCCCCC2=CC=CC2=CC)c1
    fitness:  4.981330781676908
    logP   :  10.751299999999988
    sas    :  3.9076690688257667
    ringP  :  0
    discrm :  [0.04269014]
-- Training of the discriminator, num_Updates[ 1 / 10]: Loss 0.06534
-- Training of the discriminator, num_Updates[ 2 / 10]: Loss 0.06166
-- Training of the discriminator, num_Updates[ 3 / 10]: Loss 0.05935
-- Training of the discriminator, num_Updates[ 4 / 10]: Loss 0.05955
-- Training of the discriminator, num_Updates[ 5 / 10]: Loss 0.06091
-- Training of the discriminator, num_Updates[ 6 / 10]: Loss 0.06178
-- Training of the discriminator, num_Updates[ 7 / 10]: Loss 0.06126
-- Training of the discriminator, num_Updates[ 8 / 10]: Loss 0.05981
-- Training of the discriminator, num_Updates[ 9 / 10]: Loss 0.05843
-- Training of the discriminator, num_Updates[ 10 / 10]: Loss 0.05787
Generation time:  35.33  seconds
###   On generation 63 of 1000
Best best molecule in generation  63
    smile  :  CC=CC=Cc1cccc(C2=CC=CC2=CCC2=CC=CC2=CCCCCCCC2=CC=CC2=CC)c1
    fitness:  4.981330781676908
    logP   :  10.751299999999988
    sas    :  3.9076690688257667
    ringP  :  0
    discrm :  [0.04120771]
-- Training of the discriminator, num_Updates[ 1 / 10]: Loss 0.06930
-- Training of the discriminator, num_Updates[ 2 / 10]: Loss 0.06997
-- Training of the discriminator, num_Updates[ 3 / 10]: Loss 0.06982
-- Training of the discriminator, num_Updates[ 4 / 10]: Loss 0.06864
-- Training of the discriminator, num_Updates[ 5 / 10]: Loss 0.06792
-- Training of the discriminator, num_Updates[ 6 / 10]: Loss 0.06798
-- Training of the discriminator, num_Updates[ 7 / 10]: Loss 0.06798
-- Training of the discriminator, num_Updates[ 8 / 10]: Loss 0.06735
-- Training of the discriminator, num_Updates[ 9 / 10]: Loss 0.06652
-- Training of the discriminator, num_Updates[ 10 / 10]: Loss 0.06606
Generation time:  36.2  seconds
###   On generation 64 of 1000
Best best molecule in generation  64
    smile  :  CC=CC=CC=C(CCCC)CCCC=CC=CC=CC=C(C)C=CC=C(C)CC=C1C=CC=C1C=CC=CC
    fitness:  5.723282349534113
    logP   :  12.467999999999979
    sas    :  4.298560395612762
    ringP  :  0
    discrm :  [0.04005557]
-- Training of the discriminator, num_Updates[ 1 / 10]: Loss 0.06287
-- Training of the discriminator, num_Updates[ 2 / 10]: Loss 0.06282
-- Training of the discriminator, num_Updates[ 3 / 10]: Loss 0.06258
-- Training of the discriminator, num_Updates[ 4 / 10]: Loss 0.06223
-- Training of the discriminator, num_Updates[ 5 / 10]: Loss 0.06196
-- Training of the discriminator, num_Updates[ 6 / 10]: Loss 0.06180
-- Training of the discriminator, num_Updates[ 7 / 10]: Loss 0.06169
-- Training of the discriminator, num_Updates[ 8 / 10]: Loss 0.06156
-- Training of the discriminator, num_Updates[ 9 / 10]: Loss 0.06135
-- Training of the discriminator, num_Updates[ 10 / 10]: Loss 0.06111
Generation time:  36.76  seconds
###   On generation 65 of 1000
