nohup: ignoring input
wandb: Currently logged in as: kjappelbaum (use `wandb login --relogin` to force relogin)
wandb: wandb version 0.10.14 is available!  To upgrade, please run:
wandb:  $ pip install wandb --upgrade
wandb: Tracking run with wandb version 0.10.12
wandb: Syncing run mild-bush-1878
wandb: ⭐️ View project at https://wandb.ai/kjappelbaum/ga_replication_study
wandb: 🚀 View run at https://wandb.ai/kjappelbaum/ga_replication_study/runs/1bydcvws
wandb: Run data is saved locally in /home/kevin/Documents/ga_replication/selfies_ga_nn_replication/wandb/run-20210123_165753-1bydcvws
wandb: Run `wandb offline` to turn off syncing.
###   On generation 1 of 500
Best best molecule in generation  1
    smile  :  C
    fitness:  -6.281431695634691
    logP   :  0.6361
    sas    :  7.3284153846153846
    ringP  :  0
    discrm :  [0.]
/home/kevin/anaconda3/envs/ga_replication/lib/python3.8/site-packages/torch/nn/functional.py:1351: UserWarning: nn.functional.sigmoid is deprecated. Use torch.sigmoid instead.
  warnings.warn("nn.functional.sigmoid is deprecated. Use torch.sigmoid instead.")
/home/kevin/anaconda3/envs/ga_replication/lib/python3.8/site-packages/torch/nn/modules/loss.py:498: UserWarning: Using a target size (torch.Size([1000])) that is different to the input size (torch.Size([1000, 1])) is deprecated. Please ensure they have the same size.
  return F.binary_cross_entropy(input, target, weight=self.weight, reduction=self.reduction)
-- Training of the discriminator, num_Updates[ 1 / 10]: Loss 0.69849
-- Training of the discriminator, num_Updates[ 2 / 10]: Loss 0.69460
-- Training of the discriminator, num_Updates[ 3 / 10]: Loss 0.69111
-- Training of the discriminator, num_Updates[ 4 / 10]: Loss 0.68774
-- Training of the discriminator, num_Updates[ 5 / 10]: Loss 0.68436
-- Training of the discriminator, num_Updates[ 6 / 10]: Loss 0.68058
-- Training of the discriminator, num_Updates[ 7 / 10]: Loss 0.67741
-- Training of the discriminator, num_Updates[ 8 / 10]: Loss 0.67435
-- Training of the discriminator, num_Updates[ 9 / 10]: Loss 0.67084
-- Training of the discriminator, num_Updates[ 10 / 10]: Loss 0.66782
Generation time:  9.72  seconds
###   On generation 2 of 500
Best best molecule in generation  2
    smile  :  CC=C1C=CC=C1
    fitness:  26.762253211586806
    logP   :  2.0587
    sas    :  3.4990597403702326
    ringP  :  0
    discrm :  [0.5485753]
-- Training of the discriminator, num_Updates[ 1 / 10]: Loss 0.67240
-- Training of the discriminator, num_Updates[ 2 / 10]: Loss 0.66973
-- Training of the discriminator, num_Updates[ 3 / 10]: Loss 0.66726
-- Training of the discriminator, num_Updates[ 4 / 10]: Loss 0.66482
-- Training of the discriminator, num_Updates[ 5 / 10]: Loss 0.66243
-- Training of the discriminator, num_Updates[ 6 / 10]: Loss 0.65994
-- Training of the discriminator, num_Updates[ 7 / 10]: Loss 0.65753
-- Training of the discriminator, num_Updates[ 8 / 10]: Loss 0.65498
-- Training of the discriminator, num_Updates[ 9 / 10]: Loss 0.65251
-- Training of the discriminator, num_Updates[ 10 / 10]: Loss 0.65007
Generation time:  14.49  seconds
###   On generation 3 of 500
Best best molecule in generation  3
    smile  :  c1ccccc1
    fitness:  28.811945634698937
    logP   :  1.6866
    sas    :  1.0
    ringP  :  0
    discrm :  [0.5346539]
-- Training of the discriminator, num_Updates[ 1 / 10]: Loss 0.66367
-- Training of the discriminator, num_Updates[ 2 / 10]: Loss 0.66174
-- Training of the discriminator, num_Updates[ 3 / 10]: Loss 0.65977
-- Training of the discriminator, num_Updates[ 4 / 10]: Loss 0.65771
-- Training of the discriminator, num_Updates[ 5 / 10]: Loss 0.65565
-- Training of the discriminator, num_Updates[ 6 / 10]: Loss 0.65356
-- Training of the discriminator, num_Updates[ 7 / 10]: Loss 0.65143
-- Training of the discriminator, num_Updates[ 8 / 10]: Loss 0.64932
-- Training of the discriminator, num_Updates[ 9 / 10]: Loss 0.64716
-- Training of the discriminator, num_Updates[ 10 / 10]: Loss 0.64497
Generation time:  19.3  seconds
###   On generation 4 of 500
Best best molecule in generation  4
    smile  :  Cc1ccccc1
    fitness:  28.253805176543118
    logP   :  1.99502
    sas    :  1.0
    ringP  :  0
    discrm :  [0.5191342]
-- Training of the discriminator, num_Updates[ 1 / 10]: Loss 0.65570
-- Training of the discriminator, num_Updates[ 2 / 10]: Loss 0.65367
-- Training of the discriminator, num_Updates[ 3 / 10]: Loss 0.65159
-- Training of the discriminator, num_Updates[ 4 / 10]: Loss 0.64949
-- Training of the discriminator, num_Updates[ 5 / 10]: Loss 0.64735
-- Training of the discriminator, num_Updates[ 6 / 10]: Loss 0.64517
-- Training of the discriminator, num_Updates[ 7 / 10]: Loss 0.64294
-- Training of the discriminator, num_Updates[ 8 / 10]: Loss 0.64067
-- Training of the discriminator, num_Updates[ 9 / 10]: Loss 0.63833
-- Training of the discriminator, num_Updates[ 10 / 10]: Loss 0.63591
Generation time:  25.72  seconds
###   On generation 5 of 500
Best best molecule in generation  5
    smile  :  C1=CC(=Cc2ccccc2)C=C1
    fitness:  27.35144493662394
    logP   :  3.1960000000000015
    sas    :  2.285422330638607
    ringP  :  0
    discrm :  [0.5150715]
-- Training of the discriminator, num_Updates[ 1 / 10]: Loss 0.64611
-- Training of the discriminator, num_Updates[ 2 / 10]: Loss 0.64379
-- Training of the discriminator, num_Updates[ 3 / 10]: Loss 0.64137
-- Training of the discriminator, num_Updates[ 4 / 10]: Loss 0.63886
-- Training of the discriminator, num_Updates[ 5 / 10]: Loss 0.63629
-- Training of the discriminator, num_Updates[ 6 / 10]: Loss 0.63369
-- Training of the discriminator, num_Updates[ 7 / 10]: Loss 0.63104
-- Training of the discriminator, num_Updates[ 8 / 10]: Loss 0.62835
-- Training of the discriminator, num_Updates[ 9 / 10]: Loss 0.62559
-- Training of the discriminator, num_Updates[ 10 / 10]: Loss 0.62272
Generation time:  27.96  seconds
###   On generation 6 of 500
Best best molecule in generation  6
    smile  :  CC=Cc1cscc1C=C1C=CC=C1C=C1C=CC=C1
    fitness:  27.505542893101094
    logP   :  5.713200000000004
    sas    :  3.8739961082988685
    ringP  :  0
    discrm :  [0.52084374]
-- Training of the discriminator, num_Updates[ 1 / 10]: Loss 0.62712
-- Training of the discriminator, num_Updates[ 2 / 10]: Loss 0.62430
-- Training of the discriminator, num_Updates[ 3 / 10]: Loss 0.62140
-- Training of the discriminator, num_Updates[ 4 / 10]: Loss 0.61844
-- Training of the discriminator, num_Updates[ 5 / 10]: Loss 0.61541
-- Training of the discriminator, num_Updates[ 6 / 10]: Loss 0.61230
-- Training of the discriminator, num_Updates[ 7 / 10]: Loss 0.60911
-- Training of the discriminator, num_Updates[ 8 / 10]: Loss 0.60583
-- Training of the discriminator, num_Updates[ 9 / 10]: Loss 0.60246
-- Training of the discriminator, num_Updates[ 10 / 10]: Loss 0.59898
Generation time:  27.08  seconds
###   On generation 7 of 500
Best best molecule in generation  7
    smile  :  CC=Cc1cscc1CC=C1C=CC=C1C=C1C=CC=C1
    fitness:  27.128282935727864
    logP   :  5.798700000000004
    sas    :  3.9899796005810533
    ringP  :  0
    discrm :  [0.51488334]
-- Training of the discriminator, num_Updates[ 1 / 10]: Loss 0.60356
-- Training of the discriminator, num_Updates[ 2 / 10]: Loss 0.60001
-- Training of the discriminator, num_Updates[ 3 / 10]: Loss 0.59630
-- Training of the discriminator, num_Updates[ 4 / 10]: Loss 0.59253
-- Training of the discriminator, num_Updates[ 5 / 10]: Loss 0.58875
-- Training of the discriminator, num_Updates[ 6 / 10]: Loss 0.58497
-- Training of the discriminator, num_Updates[ 7 / 10]: Loss 0.58111
-- Training of the discriminator, num_Updates[ 8 / 10]: Loss 0.57711
-- Training of the discriminator, num_Updates[ 9 / 10]: Loss 0.57297
-- Training of the discriminator, num_Updates[ 10 / 10]: Loss 0.56873
Generation time:  30.0  seconds
###   On generation 8 of 500
Best best molecule in generation  8
    smile  :  CC=Cc1cscc1CC=CC=CC=COC=C1C=CC=C1
    fitness:  27.309695967953893
    logP   :  5.976300000000005
    sas    :  4.117833653044746
    ringP  :  0
    discrm :  [0.5190812]
-- Training of the discriminator, num_Updates[ 1 / 10]: Loss 0.58305
-- Training of the discriminator, num_Updates[ 2 / 10]: Loss 0.57885
-- Training of the discriminator, num_Updates[ 3 / 10]: Loss 0.57433
-- Training of the discriminator, num_Updates[ 4 / 10]: Loss 0.56977
-- Training of the discriminator, num_Updates[ 5 / 10]: Loss 0.56541
-- Training of the discriminator, num_Updates[ 6 / 10]: Loss 0.56124
-- Training of the discriminator, num_Updates[ 7 / 10]: Loss 0.55702
-- Training of the discriminator, num_Updates[ 8 / 10]: Loss 0.55250
-- Training of the discriminator, num_Updates[ 9 / 10]: Loss 0.54774
-- Training of the discriminator, num_Updates[ 10 / 10]: Loss 0.54298
Generation time:  29.7  seconds
###   On generation 9 of 500
Best best molecule in generation  9
    smile  :  COC=CC=CC=CSC1=CC=CC1=CCc1ccccc1
    fitness:  26.627937550950598
    logP   :  5.5724000000000045
    sas    :  3.568128564287349
    ringP  :  0
    discrm :  [0.497916]
-- Training of the discriminator, num_Updates[ 1 / 10]: Loss 0.55258
-- Training of the discriminator, num_Updates[ 2 / 10]: Loss 0.54840
-- Training of the discriminator, num_Updates[ 3 / 10]: Loss 0.54373
-- Training of the discriminator, num_Updates[ 4 / 10]: Loss 0.53896
-- Training of the discriminator, num_Updates[ 5 / 10]: Loss 0.53449
-- Training of the discriminator, num_Updates[ 6 / 10]: Loss 0.53039
-- Training of the discriminator, num_Updates[ 7 / 10]: Loss 0.52628
-- Training of the discriminator, num_Updates[ 8 / 10]: Loss 0.52181
-- Training of the discriminator, num_Updates[ 9 / 10]: Loss 0.51709
-- Training of the discriminator, num_Updates[ 10 / 10]: Loss 0.51245
Generation time:  31.51  seconds
###   On generation 10 of 500
Best best molecule in generation  10
    smile  :  C=Cc1cocc1C=CN=CC=CC=Cc1ccoc1
    fitness:  27.892692263727874
    logP   :  4.826700000000004
    sas    :  4.089104322118947
    ringP  :  0
    discrm :  [0.5462891]
-- Training of the discriminator, num_Updates[ 1 / 10]: Loss 0.52919
-- Training of the discriminator, num_Updates[ 2 / 10]: Loss 0.52476
-- Training of the discriminator, num_Updates[ 3 / 10]: Loss 0.51955
-- Training of the discriminator, num_Updates[ 4 / 10]: Loss 0.51469
-- Training of the discriminator, num_Updates[ 5 / 10]: Loss 0.51083
-- Training of the discriminator, num_Updates[ 6 / 10]: Loss 0.50741
-- Training of the discriminator, num_Updates[ 7 / 10]: Loss 0.50340
-- Training of the discriminator, num_Updates[ 8 / 10]: Loss 0.49870
-- Training of the discriminator, num_Updates[ 9 / 10]: Loss 0.49406
-- Training of the discriminator, num_Updates[ 10 / 10]: Loss 0.49002
Generation time:  30.86  seconds
###   On generation 11 of 500
Best best molecule in generation  11
    smile  :  C=Cc1cocc1C=CN=CC=CC=Cc1ccoc1
    fitness:  27.18932121575424
    logP   :  4.826700000000004
    sas    :  4.089104322118947
    ringP  :  0
    discrm :  [0.5322217]
-- Training of the discriminator, num_Updates[ 1 / 10]: Loss 0.52421
-- Training of the discriminator, num_Updates[ 2 / 10]: Loss 0.52017
-- Training of the discriminator, num_Updates[ 3 / 10]: Loss 0.51517
-- Training of the discriminator, num_Updates[ 4 / 10]: Loss 0.51078
-- Training of the discriminator, num_Updates[ 5 / 10]: Loss 0.50775
-- Training of the discriminator, num_Updates[ 6 / 10]: Loss 0.50513
-- Training of the discriminator, num_Updates[ 7 / 10]: Loss 0.50159
-- Training of the discriminator, num_Updates[ 8 / 10]: Loss 0.49721
-- Training of the discriminator, num_Updates[ 9 / 10]: Loss 0.49305
-- Training of the discriminator, num_Updates[ 10 / 10]: Loss 0.48973
Generation time:  30.92  seconds
###   On generation 12 of 500
Best best molecule in generation  12
    smile  :  C(=NCc1ccco1)SCc1ccccc1
    fitness:  28.670490373893184
    logP   :  3.7413000000000025
    sas    :  2.732235975348331
    ringP  :  0
    discrm :  [0.54450756]
-- Training of the discriminator, num_Updates[ 1 / 10]: Loss 0.51666
-- Training of the discriminator, num_Updates[ 2 / 10]: Loss 0.51216
-- Training of the discriminator, num_Updates[ 3 / 10]: Loss 0.50649
-- Training of the discriminator, num_Updates[ 4 / 10]: Loss 0.50215
-- Training of the discriminator, num_Updates[ 5 / 10]: Loss 0.49986
-- Training of the discriminator, num_Updates[ 6 / 10]: Loss 0.49770
-- Training of the discriminator, num_Updates[ 7 / 10]: Loss 0.49389
-- Training of the discriminator, num_Updates[ 8 / 10]: Loss 0.48909
-- Training of the discriminator, num_Updates[ 9 / 10]: Loss 0.48498
-- Training of the discriminator, num_Updates[ 10 / 10]: Loss 0.48212
Generation time:  31.3  seconds
###   On generation 13 of 500
wandb: ERROR Error while calling W&B API: Error 1213: Deadlock found when trying to get lock; try restarting transaction (<Response [500]>)
Best best molecule in generation  13
    smile  :  c1ccc(CSCOCOc2ccco2)cc1
    fitness:  30.613731829450973
    logP   :  3.5234000000000023
    sas    :  2.720298256048702
    ringP  :  0
    discrm :  [0.5861631]
-- Training of the discriminator, num_Updates[ 1 / 10]: Loss 0.50788
-- Training of the discriminator, num_Updates[ 2 / 10]: Loss 0.50282
-- Training of the discriminator, num_Updates[ 3 / 10]: Loss 0.49647
-- Training of the discriminator, num_Updates[ 4 / 10]: Loss 0.49209
-- Training of the discriminator, num_Updates[ 5 / 10]: Loss 0.49044
-- Training of the discriminator, num_Updates[ 6 / 10]: Loss 0.48895
-- Training of the discriminator, num_Updates[ 7 / 10]: Loss 0.48533
-- Training of the discriminator, num_Updates[ 8 / 10]: Loss 0.48033
-- Training of the discriminator, num_Updates[ 9 / 10]: Loss 0.47610
-- Training of the discriminator, num_Updates[ 10 / 10]: Loss 0.47355
Generation time:  30.26  seconds
###   On generation 14 of 500
Best best molecule in generation  14
    smile  :  C(=CSCc1ccccc1)ONc1ccco1
    fitness:  29.84213417708225
    logP   :  4.027700000000002
    sas    :  3.150579704012502
    ringP  :  0
    discrm :  [0.5739674]
-- Training of the discriminator, num_Updates[ 1 / 10]: Loss 0.50262
-- Training of the discriminator, num_Updates[ 2 / 10]: Loss 0.49866
-- Training of the discriminator, num_Updates[ 3 / 10]: Loss 0.49285
-- Training of the discriminator, num_Updates[ 4 / 10]: Loss 0.48823
-- Training of the discriminator, num_Updates[ 5 / 10]: Loss 0.48624
-- Training of the discriminator, num_Updates[ 6 / 10]: Loss 0.48522
-- Training of the discriminator, num_Updates[ 7 / 10]: Loss 0.48269
-- Training of the discriminator, num_Updates[ 8 / 10]: Loss 0.47840
-- Training of the discriminator, num_Updates[ 9 / 10]: Loss 0.47411
-- Training of the discriminator, num_Updates[ 10 / 10]: Loss 0.47125
Generation time:  32.5  seconds
###   On generation 15 of 500
Best best molecule in generation  15
    smile  :  NOC1=CSCC1=CCOc1ccc2cocc2c1
    fitness:  34.02556564998261
    logP   :  3.2165000000000017
    sas    :  3.7458019655025385
    ringP  :  0
    discrm :  [0.683427]
-- Training of the discriminator, num_Updates[ 1 / 10]: Loss 0.49915
-- Training of the discriminator, num_Updates[ 2 / 10]: Loss 0.49653
-- Training of the discriminator, num_Updates[ 3 / 10]: Loss 0.49170
-- Training of the discriminator, num_Updates[ 4 / 10]: Loss 0.48745
-- Training of the discriminator, num_Updates[ 5 / 10]: Loss 0.48555
-- Training of the discriminator, num_Updates[ 6 / 10]: Loss 0.48481
-- Training of the discriminator, num_Updates[ 7 / 10]: Loss 0.48281
-- Training of the discriminator, num_Updates[ 8 / 10]: Loss 0.47913
-- Training of the discriminator, num_Updates[ 9 / 10]: Loss 0.47540
-- Training of the discriminator, num_Updates[ 10 / 10]: Loss 0.47300
Generation time:  27.82  seconds
###   On generation 16 of 500
Best best molecule in generation  16
    smile  :  NOC1=CSCC1=CCOc1ccc2cocc2c1
    fitness:  33.70569946956269
    logP   :  3.2165000000000017
    sas    :  3.7458019655025385
    ringP  :  0
    discrm :  [0.67702967]
-- Training of the discriminator, num_Updates[ 1 / 10]: Loss 0.51253
-- Training of the discriminator, num_Updates[ 2 / 10]: Loss 0.50995
-- Training of the discriminator, num_Updates[ 3 / 10]: Loss 0.50556
-- Training of the discriminator, num_Updates[ 4 / 10]: Loss 0.50168
-- Training of the discriminator, num_Updates[ 5 / 10]: Loss 0.49976
-- Training of the discriminator, num_Updates[ 6 / 10]: Loss 0.49884
-- Training of the discriminator, num_Updates[ 7 / 10]: Loss 0.49697
-- Training of the discriminator, num_Updates[ 8 / 10]: Loss 0.49364
-- Training of the discriminator, num_Updates[ 9 / 10]: Loss 0.49011
-- Training of the discriminator, num_Updates[ 10 / 10]: Loss 0.48761
Generation time:  31.89  seconds
###   On generation 17 of 500
Best best molecule in generation  17
    smile  :  C(=NCc1ccc2occc2c1)SCc1ccccc1
    fitness:  35.22025458366591
    logP   :  4.894500000000003
    sas    :  2.728011949237592
    ringP  :  0
    discrm :  [0.65911055]
-- Training of the discriminator, num_Updates[ 1 / 10]: Loss 0.51487
-- Training of the discriminator, num_Updates[ 2 / 10]: Loss 0.51152
-- Training of the discriminator, num_Updates[ 3 / 10]: Loss 0.50597
-- Training of the discriminator, num_Updates[ 4 / 10]: Loss 0.50177
-- Training of the discriminator, num_Updates[ 5 / 10]: Loss 0.50055
-- Training of the discriminator, num_Updates[ 6 / 10]: Loss 0.50019
-- Training of the discriminator, num_Updates[ 7 / 10]: Loss 0.49789
-- Training of the discriminator, num_Updates[ 8 / 10]: Loss 0.49373
-- Training of the discriminator, num_Updates[ 9 / 10]: Loss 0.48992
-- Training of the discriminator, num_Updates[ 10 / 10]: Loss 0.48786
Generation time:  30.68  seconds
###   On generation 18 of 500
Best best molecule in generation  18
    smile  :  C(=NCc1ccc2occc2c1)SCc1ccccc1
    fitness:  34.960103674242085
    logP   :  4.894500000000003
    sas    :  2.728011949237592
    ringP  :  0
    discrm :  [0.65390754]
-- Training of the discriminator, num_Updates[ 1 / 10]: Loss 0.54216
-- Training of the discriminator, num_Updates[ 2 / 10]: Loss 0.53948
-- Training of the discriminator, num_Updates[ 3 / 10]: Loss 0.53479
-- Training of the discriminator, num_Updates[ 4 / 10]: Loss 0.53082
-- Training of the discriminator, num_Updates[ 5 / 10]: Loss 0.52918
-- Training of the discriminator, num_Updates[ 6 / 10]: Loss 0.52859
-- Training of the discriminator, num_Updates[ 7 / 10]: Loss 0.52678
-- Training of the discriminator, num_Updates[ 8 / 10]: Loss 0.52334
-- Training of the discriminator, num_Updates[ 9 / 10]: Loss 0.51982
-- Training of the discriminator, num_Updates[ 10 / 10]: Loss 0.51761
Generation time:  32.73  seconds
###   On generation 19 of 500
Best best molecule in generation  19
    smile  :  C(=CSCc1ccccc1)O[SH]=NNC=S1COCO1
    fitness:  34.537670816542
    logP   :  2.7310999999999996
    sas    :  5.191138866310796
    ringP  :  0
    discrm :  [0.73532647]
-- Training of the discriminator, num_Updates[ 1 / 10]: Loss 0.55319
-- Training of the discriminator, num_Updates[ 2 / 10]: Loss 0.54883
-- Training of the discriminator, num_Updates[ 3 / 10]: Loss 0.54183
-- Training of the discriminator, num_Updates[ 4 / 10]: Loss 0.53777
-- Training of the discriminator, num_Updates[ 5 / 10]: Loss 0.53825
-- Training of the discriminator, num_Updates[ 6 / 10]: Loss 0.53925
-- Training of the discriminator, num_Updates[ 7 / 10]: Loss 0.53692
-- Training of the discriminator, num_Updates[ 8 / 10]: Loss 0.53210
-- Training of the discriminator, num_Updates[ 9 / 10]: Loss 0.52830
-- Training of the discriminator, num_Updates[ 10 / 10]: Loss 0.52725
Generation time:  30.89  seconds
###   On generation 20 of 500
Best best molecule in generation  20
    smile  :  C(=NCc1ccc2occc2c1)SCc1ccccc1
    fitness:  33.4605461791249
    logP   :  4.894500000000003
    sas    :  2.728011949237592
    ringP  :  0
    discrm :  [0.6239164]
-- Training of the discriminator, num_Updates[ 1 / 10]: Loss 0.55953
-- Training of the discriminator, num_Updates[ 2 / 10]: Loss 0.55697
-- Training of the discriminator, num_Updates[ 3 / 10]: Loss 0.55174
-- Training of the discriminator, num_Updates[ 4 / 10]: Loss 0.54729
-- Training of the discriminator, num_Updates[ 5 / 10]: Loss 0.54584
-- Training of the discriminator, num_Updates[ 6 / 10]: Loss 0.54600
-- Training of the discriminator, num_Updates[ 7 / 10]: Loss 0.54476
-- Training of the discriminator, num_Updates[ 8 / 10]: Loss 0.54124
-- Training of the discriminator, num_Updates[ 9 / 10]: Loss 0.53729
-- Training of the discriminator, num_Updates[ 10 / 10]: Loss 0.53488
Generation time:  32.9  seconds
###   On generation 21 of 500
Best best molecule in generation  21
    smile  :  CN(OCC=CC=Cc1ccccc1N=[SH]Cc1ccccc1)n1cccc1F
    fitness:  38.61440336421149
    logP   :  5.2264000000000035
    sas    :  3.8946973197112715
    ringP  :  0
    discrm :  [0.75039613]
-- Training of the discriminator, num_Updates[ 1 / 10]: Loss 0.57014
-- Training of the discriminator, num_Updates[ 2 / 10]: Loss 0.56870
-- Training of the discriminator, num_Updates[ 3 / 10]: Loss 0.56475
-- Training of the discriminator, num_Updates[ 4 / 10]: Loss 0.56067
-- Training of the discriminator, num_Updates[ 5 / 10]: Loss 0.55869
-- Training of the discriminator, num_Updates[ 6 / 10]: Loss 0.55854
-- Training of the discriminator, num_Updates[ 7 / 10]: Loss 0.55793
-- Training of the discriminator, num_Updates[ 8 / 10]: Loss 0.55549
-- Training of the discriminator, num_Updates[ 9 / 10]: Loss 0.55218
-- Training of the discriminator, num_Updates[ 10 / 10]: Loss 0.54974
Generation time:  32.27  seconds
###   On generation 22 of 500
Best best molecule in generation  22
    smile  :  CN(OCC=CC=Cc1ccccc1N=[SH]Cc1ccccc1)n1cccc1F
    fitness:  38.65897810176032
    logP   :  5.2264000000000035
    sas    :  3.8946973197112715
    ringP  :  0
    discrm :  [0.7512876]
-- Training of the discriminator, num_Updates[ 1 / 10]: Loss 0.59173
-- Training of the discriminator, num_Updates[ 2 / 10]: Loss 0.58965
-- Training of the discriminator, num_Updates[ 3 / 10]: Loss 0.58443
-- Training of the discriminator, num_Updates[ 4 / 10]: Loss 0.58042
-- Training of the discriminator, num_Updates[ 5 / 10]: Loss 0.58010
-- Training of the discriminator, num_Updates[ 6 / 10]: Loss 0.58124
-- Training of the discriminator, num_Updates[ 7 / 10]: Loss 0.58021
-- Training of the discriminator, num_Updates[ 8 / 10]: Loss 0.57666
-- Training of the discriminator, num_Updates[ 9 / 10]: Loss 0.57323
-- Training of the discriminator, num_Updates[ 10 / 10]: Loss 0.57193
Generation time:  31.89  seconds
###   On generation 23 of 500
Best best molecule in generation  23
    smile  :  CN(OCC=CC=Cc1ccccc1N=[SH]Cc1ccccc1)n1cccc1F
    fitness:  38.26361143305915
    logP   :  5.2264000000000035
    sas    :  3.8946973197112715
    ringP  :  0
    discrm :  [0.7433803]
-- Training of the discriminator, num_Updates[ 1 / 10]: Loss 0.60866
-- Training of the discriminator, num_Updates[ 2 / 10]: Loss 0.60629
-- Training of the discriminator, num_Updates[ 3 / 10]: Loss 0.60108
-- Training of the discriminator, num_Updates[ 4 / 10]: Loss 0.59728
-- Training of the discriminator, num_Updates[ 5 / 10]: Loss 0.59682
-- Training of the discriminator, num_Updates[ 6 / 10]: Loss 0.59716
-- Training of the discriminator, num_Updates[ 7 / 10]: Loss 0.59516
-- Training of the discriminator, num_Updates[ 8 / 10]: Loss 0.59104
-- Training of the discriminator, num_Updates[ 9 / 10]: Loss 0.58747
-- Training of the discriminator, num_Updates[ 10 / 10]: Loss 0.58594
Generation time:  30.0  seconds
###   On generation 24 of 500
Best best molecule in generation  24
    smile  :  CC=CN1C(=CC=Cc2ccccc2N=[SH]Cc2ccccc2)CON1C
    fitness:  37.573116449061594
    logP   :  5.041500000000005
    sas    :  4.133941541195372
    ringP  :  0
    discrm :  [0.7379428]
-- Training of the discriminator, num_Updates[ 1 / 10]: Loss 0.61729
-- Training of the discriminator, num_Updates[ 2 / 10]: Loss 0.61498
-- Training of the discriminator, num_Updates[ 3 / 10]: Loss 0.61100
-- Training of the discriminator, num_Updates[ 4 / 10]: Loss 0.60770
-- Training of the discriminator, num_Updates[ 5 / 10]: Loss 0.60635
-- Training of the discriminator, num_Updates[ 6 / 10]: Loss 0.60580
-- Training of the discriminator, num_Updates[ 7 / 10]: Loss 0.60416
-- Training of the discriminator, num_Updates[ 8 / 10]: Loss 0.60116
-- Training of the discriminator, num_Updates[ 9 / 10]: Loss 0.59816
-- Training of the discriminator, num_Updates[ 10 / 10]: Loss 0.59632
Generation time:  33.56  seconds
###   On generation 25 of 500
Best best molecule in generation  25
    smile  :  F[SH]1COSC1=CC=CCOCCc1ccccc1N=CS[SH]=Cc1ccccc1
    fitness:  40.36736047188931
    logP   :  6.788900000000007
    sas    :  4.969398538402579
    ringP  :  0
    discrm :  [0.7892591]
-- Training of the discriminator, num_Updates[ 1 / 10]: Loss 0.63075
-- Training of the discriminator, num_Updates[ 2 / 10]: Loss 0.62766
-- Training of the discriminator, num_Updates[ 3 / 10]: Loss 0.62256
-- Training of the discriminator, num_Updates[ 4 / 10]: Loss 0.61929
-- Training of the discriminator, num_Updates[ 5 / 10]: Loss 0.61901
-- Training of the discriminator, num_Updates[ 6 / 10]: Loss 0.61915
-- Training of the discriminator, num_Updates[ 7 / 10]: Loss 0.61711
-- Training of the discriminator, num_Updates[ 8 / 10]: Loss 0.61333
-- Training of the discriminator, num_Updates[ 9 / 10]: Loss 0.61016
-- Training of the discriminator, num_Updates[ 10 / 10]: Loss 0.60888
Generation time:  31.0  seconds
###   On generation 26 of 500
Best best molecule in generation  26
    smile  :  C(=CC=Cc1cccc(CC=NCc2ccccc2)c1)=[SH]c1c2ccn1o2
    fitness:  38.854585376297365
    logP   :  5.278700000000004
    sas    :  4.532136588031058
    ringP  :  0
    discrm :  [0.769809]
-- Training of the discriminator, num_Updates[ 1 / 10]: Loss 0.64896
-- Training of the discriminator, num_Updates[ 2 / 10]: Loss 0.64478
-- Training of the discriminator, num_Updates[ 3 / 10]: Loss 0.63864
-- Training of the discriminator, num_Updates[ 4 / 10]: Loss 0.63485
-- Training of the discriminator, num_Updates[ 5 / 10]: Loss 0.63405
-- Training of the discriminator, num_Updates[ 6 / 10]: Loss 0.63303
-- Training of the discriminator, num_Updates[ 7 / 10]: Loss 0.62947
-- Training of the discriminator, num_Updates[ 8 / 10]: Loss 0.62445
-- Training of the discriminator, num_Updates[ 9 / 10]: Loss 0.62060
-- Training of the discriminator, num_Updates[ 10 / 10]: Loss 0.61877
Generation time:  32.61  seconds
###   On generation 27 of 500
Best best molecule in generation  27
    smile  :  C(C=Cc1c2ccn1o2)=Cc1cccc(CCC=NCc2ccccc2)c1
    fitness:  39.1232816606011
    logP   :  5.900300000000005
    sas    :  3.9075536820481522
    ringP  :  0
    discrm :  [0.75136346]
-- Training of the discriminator, num_Updates[ 1 / 10]: Loss 0.61173
-- Training of the discriminator, num_Updates[ 2 / 10]: Loss 0.60798
-- Training of the discriminator, num_Updates[ 3 / 10]: Loss 0.60313
-- Training of the discriminator, num_Updates[ 4 / 10]: Loss 0.60085
-- Training of the discriminator, num_Updates[ 5 / 10]: Loss 0.60079
-- Training of the discriminator, num_Updates[ 6 / 10]: Loss 0.59989
-- Training of the discriminator, num_Updates[ 7 / 10]: Loss 0.59678
-- Training of the discriminator, num_Updates[ 8 / 10]: Loss 0.59304
-- Training of the discriminator, num_Updates[ 9 / 10]: Loss 0.59082
-- Training of the discriminator, num_Updates[ 10 / 10]: Loss 0.59001
Generation time:  34.1  seconds
###   On generation 28 of 500
Best best molecule in generation  28
    smile  :  C(Cc1cccc(Cc2c3ccn2o3)c1)=NCc1ccccc1
    fitness:  39.42749473756273
    logP   :  4.374400000000003
    sas    :  3.678403985194369
    ringP  :  0
    discrm :  [0.7734858]
-- Training of the discriminator, num_Updates[ 1 / 10]: Loss 0.63539
-- Training of the discriminator, num_Updates[ 2 / 10]: Loss 0.63072
-- Training of the discriminator, num_Updates[ 3 / 10]: Loss 0.62561
-- Training of the discriminator, num_Updates[ 4 / 10]: Loss 0.62281
-- Training of the discriminator, num_Updates[ 5 / 10]: Loss 0.62162
-- Training of the discriminator, num_Updates[ 6 / 10]: Loss 0.61955
-- Training of the discriminator, num_Updates[ 7 / 10]: Loss 0.61554
-- Training of the discriminator, num_Updates[ 8 / 10]: Loss 0.61075
-- Training of the discriminator, num_Updates[ 9 / 10]: Loss 0.60705
-- Training of the discriminator, num_Updates[ 10 / 10]: Loss 0.60477
Generation time:  32.71  seconds
###   On generation 29 of 500
Best best molecule in generation  29
    smile  :  C1=CC2C(=C1)CCNC2=CCCn1cccc1[SH]1CSOS1
    fitness:  37.71807478952696
    logP   :  4.427000000000004
    sas    :  5.6971031364489475
    ringP  :  0
    discrm :  [0.78716004]
-- Training of the discriminator, num_Updates[ 1 / 10]: Loss 0.64185
-- Training of the discriminator, num_Updates[ 2 / 10]: Loss 0.63538
-- Training of the discriminator, num_Updates[ 3 / 10]: Loss 0.62802
-- Training of the discriminator, num_Updates[ 4 / 10]: Loss 0.62408
-- Training of the discriminator, num_Updates[ 5 / 10]: Loss 0.62337
-- Training of the discriminator, num_Updates[ 6 / 10]: Loss 0.62250
-- Training of the discriminator, num_Updates[ 7 / 10]: Loss 0.61911
-- Training of the discriminator, num_Updates[ 8 / 10]: Loss 0.61372
-- Training of the discriminator, num_Updates[ 9 / 10]: Loss 0.60871
-- Training of the discriminator, num_Updates[ 10 / 10]: Loss 0.60587
Generation time:  32.01  seconds
###   On generation 30 of 500
Best best molecule in generation  30
    smile  :  C[SH]1O[SH]1CSc1cccn1CCC=C1NCCC2=CC=CC21
    fitness:  39.40818427950595
    logP   :  4.324800000000003
    sas    :  5.748795972217832
    ringP  :  0
    discrm :  [0.8236506]
-- Training of the discriminator, num_Updates[ 1 / 10]: Loss 0.67711
-- Training of the discriminator, num_Updates[ 2 / 10]: Loss 0.67211
-- Training of the discriminator, num_Updates[ 3 / 10]: Loss 0.66281
-- Training of the discriminator, num_Updates[ 4 / 10]: Loss 0.65390
-- Training of the discriminator, num_Updates[ 5 / 10]: Loss 0.64836
-- Training of the discriminator, num_Updates[ 6 / 10]: Loss 0.64520
-- Training of the discriminator, num_Updates[ 7 / 10]: Loss 0.64149
-- Training of the discriminator, num_Updates[ 8 / 10]: Loss 0.63543
-- Training of the discriminator, num_Updates[ 9 / 10]: Loss 0.62746
-- Training of the discriminator, num_Updates[ 10 / 10]: Loss 0.61966
Generation time:  33.09  seconds
###   On generation 31 of 500
Best best molecule in generation  31
    smile  :  C1=CC23C(=C1)C2C3=CCCn1cccc1[SH]1CSOS1
    fitness:  38.270834746379265
    logP   :  4.489800000000003
    sas    :  6.452481931226436
    ringP  :  0
    discrm :  [0.81551594]
-- Training of the discriminator, num_Updates[ 1 / 10]: Loss 0.62767
-- Training of the discriminator, num_Updates[ 2 / 10]: Loss 0.62544
-- Training of the discriminator, num_Updates[ 3 / 10]: Loss 0.62179
-- Training of the discriminator, num_Updates[ 4 / 10]: Loss 0.61634
-- Training of the discriminator, num_Updates[ 5 / 10]: Loss 0.61088
-- Training of the discriminator, num_Updates[ 6 / 10]: Loss 0.60702
-- Training of the discriminator, num_Updates[ 7 / 10]: Loss 0.60455
-- Training of the discriminator, num_Updates[ 8 / 10]: Loss 0.60201
-- Training of the discriminator, num_Updates[ 9 / 10]: Loss 0.59842
-- Training of the discriminator, num_Updates[ 10 / 10]: Loss 0.59409
Generation time:  33.87  seconds
###   On generation 32 of 500
Best best molecule in generation  32
    smile  :  CC(C)=C1C(=CC=CC=CCCc2ccccc2)C1CC=NSc1c2ccn1o2
    fitness:  33.909204422967136
    logP   :  7.075900000000006
    sas    :  5.144704571373691
    ringP  :  0
    discrm :  [0.66026264]
-- Training of the discriminator, num_Updates[ 1 / 10]: Loss 0.62098
-- Training of the discriminator, num_Updates[ 2 / 10]: Loss 0.61963
-- Training of the discriminator, num_Updates[ 3 / 10]: Loss 0.61657
-- Training of the discriminator, num_Updates[ 4 / 10]: Loss 0.61250
-- Training of the discriminator, num_Updates[ 5 / 10]: Loss 0.60881
-- Training of the discriminator, num_Updates[ 6 / 10]: Loss 0.60601
-- Training of the discriminator, num_Updates[ 7 / 10]: Loss 0.60343
-- Training of the discriminator, num_Updates[ 8 / 10]: Loss 0.60023
-- Training of the discriminator, num_Updates[ 9 / 10]: Loss 0.59633
-- Training of the discriminator, num_Updates[ 10 / 10]: Loss 0.59241
Generation time:  31.69  seconds
###   On generation 33 of 500
Best best molecule in generation  33
    smile  :  C(CCn1cccc1SC[SH]1OS1)=C1NCCC2CC12
    fitness:  33.91560601710813
    logP   :  3.950700000000003
    sas    :  5.471925327060663
    ringP  :  0
    discrm :  [0.7124173]
-- Training of the discriminator, num_Updates[ 1 / 10]: Loss 0.62073
-- Training of the discriminator, num_Updates[ 2 / 10]: Loss 0.61918
-- Training of the discriminator, num_Updates[ 3 / 10]: Loss 0.61542
-- Training of the discriminator, num_Updates[ 4 / 10]: Loss 0.61152
-- Training of the discriminator, num_Updates[ 5 / 10]: Loss 0.60886
-- Training of the discriminator, num_Updates[ 6 / 10]: Loss 0.60672
-- Training of the discriminator, num_Updates[ 7 / 10]: Loss 0.60369
-- Training of the discriminator, num_Updates[ 8 / 10]: Loss 0.59940
-- Training of the discriminator, num_Updates[ 9 / 10]: Loss 0.59488
-- Training of the discriminator, num_Updates[ 10 / 10]: Loss 0.59128
Generation time:  35.1  seconds
###   On generation 34 of 500
Best best molecule in generation  34
    smile  :  C(CCn1cccc1SC[SH]1OS1)=C1C2CC3CC132
    fitness:  41.53539027472479
    logP   :  4.403600000000003
    sas    :  6.172080811656385
    ringP  :  0
    discrm :  [0.8752733]
-- Training of the discriminator, num_Updates[ 1 / 10]: Loss 0.61417
-- Training of the discriminator, num_Updates[ 2 / 10]: Loss 0.61199
-- Training of the discriminator, num_Updates[ 3 / 10]: Loss 0.60865
-- Training of the discriminator, num_Updates[ 4 / 10]: Loss 0.60556
-- Training of the discriminator, num_Updates[ 5 / 10]: Loss 0.60358
-- Training of the discriminator, num_Updates[ 6 / 10]: Loss 0.60208
-- Training of the discriminator, num_Updates[ 7 / 10]: Loss 0.60004
-- Training of the discriminator, num_Updates[ 8 / 10]: Loss 0.59728
-- Training of the discriminator, num_Updates[ 9 / 10]: Loss 0.59453
-- Training of the discriminator, num_Updates[ 10 / 10]: Loss 0.59243
Generation time:  32.94  seconds
###   On generation 35 of 500
Best best molecule in generation  35
    smile  :  C(CCn1cccc1SC[SH]1OS1)=C1C2CC3CC132
    fitness:  41.35775126715643
    logP   :  4.403600000000003
    sas    :  6.172080811656385
    ringP  :  0
    discrm :  [0.8717205]
-- Training of the discriminator, num_Updates[ 1 / 10]: Loss 0.65446
-- Training of the discriminator, num_Updates[ 2 / 10]: Loss 0.65221
-- Training of the discriminator, num_Updates[ 3 / 10]: Loss 0.64881
-- Training of the discriminator, num_Updates[ 4 / 10]: Loss 0.64515
-- Training of the discriminator, num_Updates[ 5 / 10]: Loss 0.64191
-- Training of the discriminator, num_Updates[ 6 / 10]: Loss 0.63894
-- Training of the discriminator, num_Updates[ 7 / 10]: Loss 0.63574
-- Training of the discriminator, num_Updates[ 8 / 10]: Loss 0.63210
-- Training of the discriminator, num_Updates[ 9 / 10]: Loss 0.62836
-- Training of the discriminator, num_Updates[ 10 / 10]: Loss 0.62506
Generation time:  29.59  seconds
###   On generation 36 of 500
Best best molecule in generation  36
    smile  :  C(CCn1cccc1SC[SH]1OS1)=C1C2CC3CC132
    fitness:  40.81876506110174
    logP   :  4.403600000000003
    sas    :  6.172080811656385
    ringP  :  0
    discrm :  [0.8609408]
-- Training of the discriminator, num_Updates[ 1 / 10]: Loss 0.67768
-- Training of the discriminator, num_Updates[ 2 / 10]: Loss 0.67400
-- Training of the discriminator, num_Updates[ 3 / 10]: Loss 0.66914
-- Training of the discriminator, num_Updates[ 4 / 10]: Loss 0.66370
-- Training of the discriminator, num_Updates[ 5 / 10]: Loss 0.65828
-- Training of the discriminator, num_Updates[ 6 / 10]: Loss 0.65293
-- Training of the discriminator, num_Updates[ 7 / 10]: Loss 0.64727
-- Training of the discriminator, num_Updates[ 8 / 10]: Loss 0.64108
-- Training of the discriminator, num_Updates[ 9 / 10]: Loss 0.63456
-- Training of the discriminator, num_Updates[ 10 / 10]: Loss 0.62818
Generation time:  31.55  seconds
###   On generation 37 of 500
Best best molecule in generation  37
    smile  :  FC#SCSc1cccn1CCC=C1C2CC3CC132
    fitness:  39.33517618361535
    logP   :  4.513400000000003
    sas    :  5.830979310128747
    ringP  :  0
    discrm :  [0.821505]
-- Training of the discriminator, num_Updates[ 1 / 10]: Loss 0.71757
-- Training of the discriminator, num_Updates[ 2 / 10]: Loss 0.70547
-- Training of the discriminator, num_Updates[ 3 / 10]: Loss 0.69191
-- Training of the discriminator, num_Updates[ 4 / 10]: Loss 0.67868
-- Training of the discriminator, num_Updates[ 5 / 10]: Loss 0.66708
-- Training of the discriminator, num_Updates[ 6 / 10]: Loss 0.65695
-- Training of the discriminator, num_Updates[ 7 / 10]: Loss 0.64717
-- Training of the discriminator, num_Updates[ 8 / 10]: Loss 0.63700
-- Training of the discriminator, num_Updates[ 9 / 10]: Loss 0.62678
-- Training of the discriminator, num_Updates[ 10 / 10]: Loss 0.61744
Generation time:  30.94  seconds
###   On generation 38 of 500
Best best molecule in generation  38
    smile  :  FC(C=Cc1ccco1)N=NN=NN=Cc1ccccc1
    fitness:  34.282533465046356
    logP   :  4.441900000000004
    sas    :  3.899398056115796
    ringP  :  0
    discrm :  [0.67495406]
-- Training of the discriminator, num_Updates[ 1 / 10]: Loss 0.67513
-- Training of the discriminator, num_Updates[ 2 / 10]: Loss 0.67302
-- Training of the discriminator, num_Updates[ 3 / 10]: Loss 0.66863
-- Training of the discriminator, num_Updates[ 4 / 10]: Loss 0.66337
-- Training of the discriminator, num_Updates[ 5 / 10]: Loss 0.65883
-- Training of the discriminator, num_Updates[ 6 / 10]: Loss 0.65557
-- Training of the discriminator, num_Updates[ 7 / 10]: Loss 0.65289
-- Training of the discriminator, num_Updates[ 8 / 10]: Loss 0.64971
-- Training of the discriminator, num_Updates[ 9 / 10]: Loss 0.64554
-- Training of the discriminator, num_Updates[ 10 / 10]: Loss 0.64076
Generation time:  29.34  seconds
###   On generation 39 of 500
Best best molecule in generation  39
    smile  :  C(=NN=NC=N[SH]=c1ccc2occc2[nH]1)c1ccccc1
    fitness:  34.06187994769191
    logP   :  4.187990000000002
    sas    :  4.033921958585358
    ringP  :  0
    discrm :  [0.67736685]
-- Training of the discriminator, num_Updates[ 1 / 10]: Loss 0.64724
-- Training of the discriminator, num_Updates[ 2 / 10]: Loss 0.64442
-- Training of the discriminator, num_Updates[ 3 / 10]: Loss 0.64089
-- Training of the discriminator, num_Updates[ 4 / 10]: Loss 0.63676
-- Training of the discriminator, num_Updates[ 5 / 10]: Loss 0.63258
-- Training of the discriminator, num_Updates[ 6 / 10]: Loss 0.62882
-- Training of the discriminator, num_Updates[ 7 / 10]: Loss 0.62554
-- Training of the discriminator, num_Updates[ 8 / 10]: Loss 0.62236
-- Training of the discriminator, num_Updates[ 9 / 10]: Loss 0.61885
-- Training of the discriminator, num_Updates[ 10 / 10]: Loss 0.61492
Generation time:  30.85  seconds
###   On generation 40 of 500
Best best molecule in generation  40
    smile  :  CC(=COC=CC=Cc1ccccc1)SSC=NC=[SH]COCC=CC=C1SC2OS12F
    fitness:  31.160833189769612
    logP   :  7.762700000000007
    sas    :  5.86022685122218
    ringP  :  0
    discrm :  [0.6128214]
-- Training of the discriminator, num_Updates[ 1 / 10]: Loss 0.64126
-- Training of the discriminator, num_Updates[ 2 / 10]: Loss 0.63819
-- Training of the discriminator, num_Updates[ 3 / 10]: Loss 0.63476
-- Training of the discriminator, num_Updates[ 4 / 10]: Loss 0.63102
-- Training of the discriminator, num_Updates[ 5 / 10]: Loss 0.62721
-- Training of the discriminator, num_Updates[ 6 / 10]: Loss 0.62352
-- Training of the discriminator, num_Updates[ 7 / 10]: Loss 0.61998
-- Training of the discriminator, num_Updates[ 8 / 10]: Loss 0.61643
-- Training of the discriminator, num_Updates[ 9 / 10]: Loss 0.61274
-- Training of the discriminator, num_Updates[ 10 / 10]: Loss 0.60896
Generation time:  31.68  seconds
###   On generation 41 of 500
Best best molecule in generation  41
    smile  :  CC(COC=CC=Cc1ccccc1)=[SH]SC=NC=[SH]COCC=C1CC2OS12F
    fitness:  30.090164344980483
    logP   :  6.0117000000000065
    sas    :  5.944547343468912
    ringP  :  0
    discrm :  [0.6181736]
-- Training of the discriminator, num_Updates[ 1 / 10]: Loss 0.63685
-- Training of the discriminator, num_Updates[ 2 / 10]: Loss 0.63201
-- Training of the discriminator, num_Updates[ 3 / 10]: Loss 0.62638
-- Training of the discriminator, num_Updates[ 4 / 10]: Loss 0.62074
-- Training of the discriminator, num_Updates[ 5 / 10]: Loss 0.61562
-- Training of the discriminator, num_Updates[ 6 / 10]: Loss 0.61092
-- Training of the discriminator, num_Updates[ 7 / 10]: Loss 0.60628
-- Training of the discriminator, num_Updates[ 8 / 10]: Loss 0.60160
-- Training of the discriminator, num_Updates[ 9 / 10]: Loss 0.59724
-- Training of the discriminator, num_Updates[ 10 / 10]: Loss 0.59358
Generation time:  31.01  seconds
###   On generation 42 of 500
Best best molecule in generation  42
    smile  :  C(=NN=NN=NSc1ccc2occc2c1)c1ccccc1
    fitness:  31.09980899975314
    logP   :  5.293400000000003
    sas    :  3.359110769774169
    ringP  :  0
    discrm :  [0.58626205]
-- Training of the discriminator, num_Updates[ 1 / 10]: Loss 0.61047
-- Training of the discriminator, num_Updates[ 2 / 10]: Loss 0.60987
-- Training of the discriminator, num_Updates[ 3 / 10]: Loss 0.60869
-- Training of the discriminator, num_Updates[ 4 / 10]: Loss 0.60708
-- Training of the discriminator, num_Updates[ 5 / 10]: Loss 0.60543
-- Training of the discriminator, num_Updates[ 6 / 10]: Loss 0.60385
-- Training of the discriminator, num_Updates[ 7 / 10]: Loss 0.60216
-- Training of the discriminator, num_Updates[ 8 / 10]: Loss 0.60011
-- Training of the discriminator, num_Updates[ 9 / 10]: Loss 0.59766
-- Training of the discriminator, num_Updates[ 10 / 10]: Loss 0.59498
Generation time:  30.0  seconds
###   On generation 43 of 500
Best best molecule in generation  43
    smile  :  CC(C)=C1C(=CC=CC=CCCc2ccccc2)C1C(N)=NSc1c2ccn1o2
    fitness:  33.34160779199358
    logP   :  5.972200000000005
    sas    :  5.050267751722753
    ringP  :  0
    discrm :  [0.6622282]
-- Training of the discriminator, num_Updates[ 1 / 10]: Loss 0.60763
-- Training of the discriminator, num_Updates[ 2 / 10]: Loss 0.60442
-- Training of the discriminator, num_Updates[ 3 / 10]: Loss 0.60058
-- Training of the discriminator, num_Updates[ 4 / 10]: Loss 0.59634
-- Training of the discriminator, num_Updates[ 5 / 10]: Loss 0.59207
-- Training of the discriminator, num_Updates[ 6 / 10]: Loss 0.58796
-- Training of the discriminator, num_Updates[ 7 / 10]: Loss 0.58397
-- Training of the discriminator, num_Updates[ 8 / 10]: Loss 0.57999
-- Training of the discriminator, num_Updates[ 9 / 10]: Loss 0.57609
-- Training of the discriminator, num_Updates[ 10 / 10]: Loss 0.57250
Generation time:  30.62  seconds
###   On generation 44 of 500
Best best molecule in generation  44
    smile  :  N
    fitness:  38.75371141167849
    logP   :  0.16199999999999998
    sas    :  6.667815384615385
    ringP  :  0
    discrm :  [0.89149445]
-- Training of the discriminator, num_Updates[ 1 / 10]: Loss 0.58607
-- Training of the discriminator, num_Updates[ 2 / 10]: Loss 0.58364
-- Training of the discriminator, num_Updates[ 3 / 10]: Loss 0.58065
-- Training of the discriminator, num_Updates[ 4 / 10]: Loss 0.57806
-- Training of the discriminator, num_Updates[ 5 / 10]: Loss 0.57595
-- Training of the discriminator, num_Updates[ 6 / 10]: Loss 0.57350
-- Training of the discriminator, num_Updates[ 7 / 10]: Loss 0.57020
-- Training of the discriminator, num_Updates[ 8 / 10]: Loss 0.56651
-- Training of the discriminator, num_Updates[ 9 / 10]: Loss 0.56314
-- Training of the discriminator, num_Updates[ 10 / 10]: Loss 0.56020
Generation time:  30.03  seconds
###   On generation 45 of 500
Best best molecule in generation  45
    smile  :  FS12OC1CC2=CC[SH]=CN=CS[SH]=CC1CCOC1=CC=Cc1ccccc1
    fitness:  38.894776607787584
    logP   :  6.037600000000006
    sas    :  6.214368558887671
    ringP  :  0
    discrm :  [0.8003967]
-- Training of the discriminator, num_Updates[ 1 / 10]: Loss 0.60480
-- Training of the discriminator, num_Updates[ 2 / 10]: Loss 0.59911
-- Training of the discriminator, num_Updates[ 3 / 10]: Loss 0.59387
-- Training of the discriminator, num_Updates[ 4 / 10]: Loss 0.59200
-- Training of the discriminator, num_Updates[ 5 / 10]: Loss 0.59136
-- Training of the discriminator, num_Updates[ 6 / 10]: Loss 0.58871
-- Training of the discriminator, num_Updates[ 7 / 10]: Loss 0.58410
-- Training of the discriminator, num_Updates[ 8 / 10]: Loss 0.58018
-- Training of the discriminator, num_Updates[ 9 / 10]: Loss 0.57849
-- Training of the discriminator, num_Updates[ 10 / 10]: Loss 0.57749
Generation time:  29.49  seconds
###   On generation 46 of 500
Best best molecule in generation  46
    smile  :  FS12OC1CC2=CC[SH]=CN=CS[SH]=CC1CCOC1=CC=Cc1ccccc1
    fitness:  37.12084701184032
    logP   :  6.037600000000006
    sas    :  6.214368558887671
    ringP  :  0
    discrm :  [0.7649181]
-- Training of the discriminator, num_Updates[ 1 / 10]: Loss 0.60758
-- Training of the discriminator, num_Updates[ 2 / 10]: Loss 0.60355
-- Training of the discriminator, num_Updates[ 3 / 10]: Loss 0.60060
-- Training of the discriminator, num_Updates[ 4 / 10]: Loss 0.59992
-- Training of the discriminator, num_Updates[ 5 / 10]: Loss 0.59976
-- Training of the discriminator, num_Updates[ 6 / 10]: Loss 0.59822
-- Training of the discriminator, num_Updates[ 7 / 10]: Loss 0.59558
-- Training of the discriminator, num_Updates[ 8 / 10]: Loss 0.59347
-- Training of the discriminator, num_Updates[ 9 / 10]: Loss 0.59272
-- Training of the discriminator, num_Updates[ 10 / 10]: Loss 0.59239
Generation time:  30.58  seconds
###   On generation 47 of 500
Best best molecule in generation  47
    smile  :  FS12OC1CC2=CC[SH]=CN=CS[SH]=CC1CCOC1=CC=Cc1ccccc1
    fitness:  34.891209865844225
    logP   :  6.037600000000006
    sas    :  6.214368558887671
    ringP  :  0
    discrm :  [0.72032535]
-- Training of the discriminator, num_Updates[ 1 / 10]: Loss 0.61494
-- Training of the discriminator, num_Updates[ 2 / 10]: Loss 0.61251
-- Training of the discriminator, num_Updates[ 3 / 10]: Loss 0.61014
-- Training of the discriminator, num_Updates[ 4 / 10]: Loss 0.60881
-- Training of the discriminator, num_Updates[ 5 / 10]: Loss 0.60781
-- Training of the discriminator, num_Updates[ 6 / 10]: Loss 0.60594
-- Training of the discriminator, num_Updates[ 7 / 10]: Loss 0.60301
-- Training of the discriminator, num_Updates[ 8 / 10]: Loss 0.59992
-- Training of the discriminator, num_Updates[ 9 / 10]: Loss 0.59748
-- Training of the discriminator, num_Updates[ 10 / 10]: Loss 0.59553
Generation time:  30.17  seconds
###   On generation 48 of 500
Best best molecule in generation  48
    smile  :  CC(C)=C1C(=COCC=CCc2ccccc2)C1C(N)(F)SC=C1C2OCN1O2
    fitness:  37.46245476163924
    logP   :  4.369600000000003
    sas    :  5.838479547652042
    ringP  :  0
    discrm :  [0.7862625]
-- Training of the discriminator, num_Updates[ 1 / 10]: Loss 0.61690
-- Training of the discriminator, num_Updates[ 2 / 10]: Loss 0.61368
-- Training of the discriminator, num_Updates[ 3 / 10]: Loss 0.61032
-- Training of the discriminator, num_Updates[ 4 / 10]: Loss 0.60808
-- Training of the discriminator, num_Updates[ 5 / 10]: Loss 0.60655
-- Training of the discriminator, num_Updates[ 6 / 10]: Loss 0.60444
-- Training of the discriminator, num_Updates[ 7 / 10]: Loss 0.60131
-- Training of the discriminator, num_Updates[ 8 / 10]: Loss 0.59801
-- Training of the discriminator, num_Updates[ 9 / 10]: Loss 0.59550
-- Training of the discriminator, num_Updates[ 10 / 10]: Loss 0.59359
Generation time:  31.65  seconds
###   On generation 49 of 500
Best best molecule in generation  49
    smile  :  CC(C)=C1C(=COCCCCc2ccccc2)C1C(N)(F)SC=C1C2OCN1O2
    fitness:  38.540804027236405
    logP   :  4.593600000000003
    sas    :  5.5606189359745635
    ringP  :  0
    discrm :  [0.79797494]
-- Training of the discriminator, num_Updates[ 1 / 10]: Loss 0.64323
-- Training of the discriminator, num_Updates[ 2 / 10]: Loss 0.63731
-- Training of the discriminator, num_Updates[ 3 / 10]: Loss 0.63123
-- Training of the discriminator, num_Updates[ 4 / 10]: Loss 0.62831
-- Training of the discriminator, num_Updates[ 5 / 10]: Loss 0.62643
-- Training of the discriminator, num_Updates[ 6 / 10]: Loss 0.62195
-- Training of the discriminator, num_Updates[ 7 / 10]: Loss 0.61489
-- Training of the discriminator, num_Updates[ 8 / 10]: Loss 0.60843
-- Training of the discriminator, num_Updates[ 9 / 10]: Loss 0.60447
-- Training of the discriminator, num_Updates[ 10 / 10]: Loss 0.60128
Generation time:  28.44  seconds
###   On generation 50 of 500
Best best molecule in generation  50
    smile  :  CC(C)=C1C(=COCCCCc2ccccc2)C1C(N)(F)SC=C1C2OCN1O2
    fitness:  33.69734394422859
    logP   :  4.593600000000003
    sas    :  5.5606189359745635
    ringP  :  0
    discrm :  [0.7011057]
-- Training of the discriminator, num_Updates[ 1 / 10]: Loss 0.61273
-- Training of the discriminator, num_Updates[ 2 / 10]: Loss 0.60639
-- Training of the discriminator, num_Updates[ 3 / 10]: Loss 0.60159
-- Training of the discriminator, num_Updates[ 4 / 10]: Loss 0.59938
-- Training of the discriminator, num_Updates[ 5 / 10]: Loss 0.59696
-- Training of the discriminator, num_Updates[ 6 / 10]: Loss 0.59231
-- Training of the discriminator, num_Updates[ 7 / 10]: Loss 0.58696
-- Training of the discriminator, num_Updates[ 8 / 10]: Loss 0.58330
-- Training of the discriminator, num_Updates[ 9 / 10]: Loss 0.58101
-- Training of the discriminator, num_Updates[ 10 / 10]: Loss 0.57791
Generation time:  31.12  seconds
###   On generation 51 of 500
Best best molecule in generation  51
    smile  :  FNOc1cccc(CNc2ccccc2)c1
    fitness:  32.139591375518094
    logP   :  3.066600000000001
    sas    :  2.207029043379018
    ringP  :  0
    discrm :  [0.6107749]
-- Training of the discriminator, num_Updates[ 1 / 10]: Loss 0.59249
-- Training of the discriminator, num_Updates[ 2 / 10]: Loss 0.59022
-- Training of the discriminator, num_Updates[ 3 / 10]: Loss 0.58788
-- Training of the discriminator, num_Updates[ 4 / 10]: Loss 0.58490
-- Training of the discriminator, num_Updates[ 5 / 10]: Loss 0.58088
-- Training of the discriminator, num_Updates[ 6 / 10]: Loss 0.57617
-- Training of the discriminator, num_Updates[ 7 / 10]: Loss 0.57131
-- Training of the discriminator, num_Updates[ 8 / 10]: Loss 0.56627
-- Training of the discriminator, num_Updates[ 9 / 10]: Loss 0.56073
-- Training of the discriminator, num_Updates[ 10 / 10]: Loss 0.55478
Generation time:  31.05  seconds
###   On generation 52 of 500
Best best molecule in generation  52
    smile  :  c1ccc(CONN=Nc2ccc3occc3n2)cc1
    fitness:  30.948727305234883
    logP   :  3.547900000000001
    sas    :  3.032454256929899
    ringP  :  0
    discrm :  [0.6000329]
-- Training of the discriminator, num_Updates[ 1 / 10]: Loss 0.56241
-- Training of the discriminator, num_Updates[ 2 / 10]: Loss 0.55849
-- Training of the discriminator, num_Updates[ 3 / 10]: Loss 0.55570
-- Training of the discriminator, num_Updates[ 4 / 10]: Loss 0.55322
-- Training of the discriminator, num_Updates[ 5 / 10]: Loss 0.55017
-- Training of the discriminator, num_Updates[ 6 / 10]: Loss 0.54700
-- Training of the discriminator, num_Updates[ 7 / 10]: Loss 0.54458
-- Training of the discriminator, num_Updates[ 8 / 10]: Loss 0.54266
-- Training of the discriminator, num_Updates[ 9 / 10]: Loss 0.54047
-- Training of the discriminator, num_Updates[ 10 / 10]: Loss 0.53809
Generation time:  29.95  seconds
###   On generation 53 of 500
Best best molecule in generation  53
    smile  :  CC(C)=C1C(=COCCCCc2ccccc2)C1C(N)SC=C1COCN1OF
    fitness:  32.34772840428546
    logP   :  4.841200000000003
    sas    :  4.736109179678015
    ringP  :  0
    discrm :  [0.6507634]
-- Training of the discriminator, num_Updates[ 1 / 10]: Loss 0.59360
-- Training of the discriminator, num_Updates[ 2 / 10]: Loss 0.58850
-- Training of the discriminator, num_Updates[ 3 / 10]: Loss 0.58768
-- Training of the discriminator, num_Updates[ 4 / 10]: Loss 0.58725
-- Training of the discriminator, num_Updates[ 5 / 10]: Loss 0.58192
-- Training of the discriminator, num_Updates[ 6 / 10]: Loss 0.57553
-- Training of the discriminator, num_Updates[ 7 / 10]: Loss 0.57251
-- Training of the discriminator, num_Updates[ 8 / 10]: Loss 0.56969
-- Training of the discriminator, num_Updates[ 9 / 10]: Loss 0.56418
-- Training of the discriminator, num_Updates[ 10 / 10]: Loss 0.55931
Generation time:  29.4  seconds
###   On generation 54 of 500
Best best molecule in generation  54
    smile  :  NNOc1ccnc(NOCNc2ccccc2)c1
    fitness:  31.513596689318526
    logP   :  1.2517999999999987
    sas    :  2.981996196271771
    ringP  :  0
    discrm :  [0.642551]
-- Training of the discriminator, num_Updates[ 1 / 10]: Loss 0.58843
-- Training of the discriminator, num_Updates[ 2 / 10]: Loss 0.58684
-- Training of the discriminator, num_Updates[ 3 / 10]: Loss 0.58366
-- Training of the discriminator, num_Updates[ 4 / 10]: Loss 0.57933
-- Training of the discriminator, num_Updates[ 5 / 10]: Loss 0.57537
-- Training of the discriminator, num_Updates[ 6 / 10]: Loss 0.57156
-- Training of the discriminator, num_Updates[ 7 / 10]: Loss 0.56683
-- Training of the discriminator, num_Updates[ 8 / 10]: Loss 0.56177
-- Training of the discriminator, num_Updates[ 9 / 10]: Loss 0.55741
-- Training of the discriminator, num_Updates[ 10 / 10]: Loss 0.55322
Generation time:  29.03  seconds
###   On generation 55 of 500
Best best molecule in generation  55
    smile  :  C(=NN=NN=NN=[SH]c1ccc2occc2c1)c1ccccc1
    fitness:  31.32820237213282
    logP   :  4.558700000000003
    sas    :  3.940817364947078
    ringP  :  0
    discrm :  [0.61521477]
-- Training of the discriminator, num_Updates[ 1 / 10]: Loss 0.56431
-- Training of the discriminator, num_Updates[ 2 / 10]: Loss 0.55736
-- Training of the discriminator, num_Updates[ 3 / 10]: Loss 0.55001
-- Training of the discriminator, num_Updates[ 4 / 10]: Loss 0.54225
-- Training of the discriminator, num_Updates[ 5 / 10]: Loss 0.53416
-- Training of the discriminator, num_Updates[ 6 / 10]: Loss 0.52676
-- Training of the discriminator, num_Updates[ 7 / 10]: Loss 0.52042
-- Training of the discriminator, num_Updates[ 8 / 10]: Loss 0.51429
-- Training of the discriminator, num_Updates[ 9 / 10]: Loss 0.50825
-- Training of the discriminator, num_Updates[ 10 / 10]: Loss 0.50295
Generation time:  31.96  seconds
###   On generation 56 of 500
Best best molecule in generation  56
    smile  :  CC(C)=C1C(=COCC(C)c2ccccc2)C1OOC(N)(F)c1ccco1
    fitness:  35.55244915394291
    logP   :  4.689100000000003
    sas    :  4.52617076764435
    ringP  :  0
    discrm :  [0.7119516]
-- Training of the discriminator, num_Updates[ 1 / 10]: Loss 0.58047
-- Training of the discriminator, num_Updates[ 2 / 10]: Loss 0.57175
-- Training of the discriminator, num_Updates[ 3 / 10]: Loss 0.56951
-- Training of the discriminator, num_Updates[ 4 / 10]: Loss 0.57406
-- Training of the discriminator, num_Updates[ 5 / 10]: Loss 0.57018
-- Training of the discriminator, num_Updates[ 6 / 10]: Loss 0.56176
-- Training of the discriminator, num_Updates[ 7 / 10]: Loss 0.55989
-- Training of the discriminator, num_Updates[ 8 / 10]: Loss 0.55950
-- Training of the discriminator, num_Updates[ 9 / 10]: Loss 0.55305
-- Training of the discriminator, num_Updates[ 10 / 10]: Loss 0.54656
Generation time:  27.88  seconds
###   On generation 57 of 500
Best best molecule in generation  57
    smile  :  CC(C)=C1C(OOC(N)(F)c2ccco2)C12CC(c1ccccc1)COO2
    fitness:  36.020245768170824
    logP   :  3.8594000000000026
    sas    :  5.28509659120865
    ringP  :  0
    discrm :  [0.7513014]
-- Training of the discriminator, num_Updates[ 1 / 10]: Loss 0.58884
-- Training of the discriminator, num_Updates[ 2 / 10]: Loss 0.58576
-- Training of the discriminator, num_Updates[ 3 / 10]: Loss 0.58311
-- Training of the discriminator, num_Updates[ 4 / 10]: Loss 0.57535
-- Training of the discriminator, num_Updates[ 5 / 10]: Loss 0.56812
-- Training of the discriminator, num_Updates[ 6 / 10]: Loss 0.56479
-- Training of the discriminator, num_Updates[ 7 / 10]: Loss 0.56021
-- Training of the discriminator, num_Updates[ 8 / 10]: Loss 0.55392
-- Training of the discriminator, num_Updates[ 9 / 10]: Loss 0.55038
-- Training of the discriminator, num_Updates[ 10 / 10]: Loss 0.54831
Generation time:  31.71  seconds
###   On generation 58 of 500
Best best molecule in generation  58
    smile  :  CC=CC1C(CCCc2ccccc2)[SH]1F
    fitness:  34.7803094312884
    logP   :  4.221900000000004
    sas    :  4.259925185748921
    ringP  :  0
    discrm :  [0.69669807]
-- Training of the discriminator, num_Updates[ 1 / 10]: Loss 0.56127
-- Training of the discriminator, num_Updates[ 2 / 10]: Loss 0.55981
-- Training of the discriminator, num_Updates[ 3 / 10]: Loss 0.56031
-- Training of the discriminator, num_Updates[ 4 / 10]: Loss 0.56050
-- Training of the discriminator, num_Updates[ 5 / 10]: Loss 0.55878
-- Training of the discriminator, num_Updates[ 6 / 10]: Loss 0.55710
-- Training of the discriminator, num_Updates[ 7 / 10]: Loss 0.55645
-- Training of the discriminator, num_Updates[ 8 / 10]: Loss 0.55510
-- Training of the discriminator, num_Updates[ 9 / 10]: Loss 0.55254
-- Training of the discriminator, num_Updates[ 10 / 10]: Loss 0.55032
Generation time:  30.68  seconds
###   On generation 59 of 500
Best best molecule in generation  59
    smile  :  CC(c1cccnc1)C1OC(=O)C1C(F)Sc1c2ccn1o2
    fitness:  37.18009819680982
    logP   :  3.0981000000000014
    sas    :  5.540135430164952
    ringP  :  0
    discrm :  [0.79139364]
-- Training of the discriminator, num_Updates[ 1 / 10]: Loss 0.59615
-- Training of the discriminator, num_Updates[ 2 / 10]: Loss 0.59133
-- Training of the discriminator, num_Updates[ 3 / 10]: Loss 0.58586
-- Training of the discriminator, num_Updates[ 4 / 10]: Loss 0.58242
-- Training of the discriminator, num_Updates[ 5 / 10]: Loss 0.57887
-- Training of the discriminator, num_Updates[ 6 / 10]: Loss 0.57308
-- Training of the discriminator, num_Updates[ 7 / 10]: Loss 0.56691
-- Training of the discriminator, num_Updates[ 8 / 10]: Loss 0.56240
-- Training of the discriminator, num_Updates[ 9 / 10]: Loss 0.55836
-- Training of the discriminator, num_Updates[ 10 / 10]: Loss 0.55345
Generation time:  29.56  seconds
###   On generation 60 of 500
Best best molecule in generation  60
    smile  :  CC(C)=CC1(OOF)CC(C)(c2ccccc2)COO1
    fitness:  35.883468477801685
    logP   :  3.791400000000002
    sas    :  4.496848796431848
    ringP  :  0
    discrm :  [0.73054725]
-- Training of the discriminator, num_Updates[ 1 / 10]: Loss 0.62308
-- Training of the discriminator, num_Updates[ 2 / 10]: Loss 0.61995
-- Training of the discriminator, num_Updates[ 3 / 10]: Loss 0.62004
-- Training of the discriminator, num_Updates[ 4 / 10]: Loss 0.61911
-- Training of the discriminator, num_Updates[ 5 / 10]: Loss 0.61463
-- Training of the discriminator, num_Updates[ 6 / 10]: Loss 0.61008
-- Training of the discriminator, num_Updates[ 7 / 10]: Loss 0.60759
-- Training of the discriminator, num_Updates[ 8 / 10]: Loss 0.60451
-- Training of the discriminator, num_Updates[ 9 / 10]: Loss 0.59928
-- Training of the discriminator, num_Updates[ 10 / 10]: Loss 0.59421
Generation time:  28.47  seconds
###   On generation 61 of 500
Best best molecule in generation  61
    smile  :  CC(C)=C1C2(CC(c3ccccc3)COO2)C12OOC2F
    fitness:  36.001387712923744
    logP   :  3.2071000000000014
    sas    :  5.5664322868169585
    ringP  :  0
    discrm :  [0.7669129]
-- Training of the discriminator, num_Updates[ 1 / 10]: Loss 0.66490
-- Training of the discriminator, num_Updates[ 2 / 10]: Loss 0.65554
-- Training of the discriminator, num_Updates[ 3 / 10]: Loss 0.65009
-- Training of the discriminator, num_Updates[ 4 / 10]: Loss 0.64232
-- Training of the discriminator, num_Updates[ 5 / 10]: Loss 0.63052
-- Training of the discriminator, num_Updates[ 6 / 10]: Loss 0.62074
-- Training of the discriminator, num_Updates[ 7 / 10]: Loss 0.61428
-- Training of the discriminator, num_Updates[ 8 / 10]: Loss 0.60660
-- Training of the discriminator, num_Updates[ 9 / 10]: Loss 0.59807
-- Training of the discriminator, num_Updates[ 10 / 10]: Loss 0.59238
Generation time:  29.62  seconds
###   On generation 62 of 500
Best best molecule in generation  62
    smile  :  N
    fitness:  40.35263795586794
    logP   :  0.16199999999999998
    sas    :  6.667815384615385
    ringP  :  0
    discrm :  [0.923473]
-- Training of the discriminator, num_Updates[ 1 / 10]: Loss 0.61863
-- Training of the discriminator, num_Updates[ 2 / 10]: Loss 0.61562
-- Training of the discriminator, num_Updates[ 3 / 10]: Loss 0.61245
-- Training of the discriminator, num_Updates[ 4 / 10]: Loss 0.60941
-- Training of the discriminator, num_Updates[ 5 / 10]: Loss 0.60689
-- Training of the discriminator, num_Updates[ 6 / 10]: Loss 0.60452
-- Training of the discriminator, num_Updates[ 7 / 10]: Loss 0.60197
-- Training of the discriminator, num_Updates[ 8 / 10]: Loss 0.59952
-- Training of the discriminator, num_Updates[ 9 / 10]: Loss 0.59735
-- Training of the discriminator, num_Updates[ 10 / 10]: Loss 0.59515
Generation time:  28.78  seconds
###   On generation 63 of 500
Best best molecule in generation  63
    smile  :  N
    fitness:  40.41340608330935
    logP   :  0.16199999999999998
    sas    :  6.667815384615385
    ringP  :  0
    discrm :  [0.92468834]
-- Training of the discriminator, num_Updates[ 1 / 10]: Loss 0.64980
-- Training of the discriminator, num_Updates[ 2 / 10]: Loss 0.64880
-- Training of the discriminator, num_Updates[ 3 / 10]: Loss 0.64725
-- Training of the discriminator, num_Updates[ 4 / 10]: Loss 0.64514
-- Training of the discriminator, num_Updates[ 5 / 10]: Loss 0.64262
-- Training of the discriminator, num_Updates[ 6 / 10]: Loss 0.63980
-- Training of the discriminator, num_Updates[ 7 / 10]: Loss 0.63666
-- Training of the discriminator, num_Updates[ 8 / 10]: Loss 0.63321
-- Training of the discriminator, num_Updates[ 9 / 10]: Loss 0.62957
-- Training of the discriminator, num_Updates[ 10 / 10]: Loss 0.62581
Generation time:  27.73  seconds
###   On generation 64 of 500
Best best molecule in generation  64
    smile  :  N
    fitness:  40.38244218560427
    logP   :  0.16199999999999998
    sas    :  6.667815384615385
    ringP  :  0
    discrm :  [0.92406905]
-- Training of the discriminator, num_Updates[ 1 / 10]: Loss 0.74661
-- Training of the discriminator, num_Updates[ 2 / 10]: Loss 0.74221
-- Training of the discriminator, num_Updates[ 3 / 10]: Loss 0.73748
-- Training of the discriminator, num_Updates[ 4 / 10]: Loss 0.73246
-- Training of the discriminator, num_Updates[ 5 / 10]: Loss 0.72702
-- Training of the discriminator, num_Updates[ 6 / 10]: Loss 0.72133
-- Training of the discriminator, num_Updates[ 7 / 10]: Loss 0.71562
-- Training of the discriminator, num_Updates[ 8 / 10]: Loss 0.70991
-- Training of the discriminator, num_Updates[ 9 / 10]: Loss 0.70406
-- Training of the discriminator, num_Updates[ 10 / 10]: Loss 0.69700
Generation time:  29.51  seconds
###   On generation 65 of 500
Best best molecule in generation  65
    smile  :  NO
    fitness:  43.26059352964242
    logP   :  -0.6657000000000002
    sas    :  3.565875611257084
    ringP  :  0
    discrm :  [0.91863686]
-- Training of the discriminator, num_Updates[ 1 / 10]: Loss 1.02048
-- Training of the discriminator, num_Updates[ 2 / 10]: Loss 1.00829
-- Training of the discriminator, num_Updates[ 3 / 10]: Loss 0.99948
-- Training of the discriminator, num_Updates[ 4 / 10]: Loss 0.99513
-- Training of the discriminator, num_Updates[ 5 / 10]: Loss 0.99006
-- Training of the discriminator, num_Updates[ 6 / 10]: Loss 0.98191
-- Training of the discriminator, num_Updates[ 7 / 10]: Loss 0.97133
-- Training of the discriminator, num_Updates[ 8 / 10]: Loss 0.96148
-- Training of the discriminator, num_Updates[ 9 / 10]: Loss 0.95412
-- Training of the discriminator, num_Updates[ 10 / 10]: Loss 0.94750
Generation time:  26.12  seconds
###   On generation 66 of 500
Best best molecule in generation  66
    smile  :  NO
    fitness:  41.76683437436898
    logP   :  -0.6657000000000002
    sas    :  3.565875611257084
    ringP  :  0
    discrm :  [0.88876164]
-- Training of the discriminator, num_Updates[ 1 / 10]: Loss 1.29352
-- Training of the discriminator, num_Updates[ 2 / 10]: Loss 1.23650
-- Training of the discriminator, num_Updates[ 3 / 10]: Loss 1.17424
-- Training of the discriminator, num_Updates[ 4 / 10]: Loss 1.12421
-- Training of the discriminator, num_Updates[ 5 / 10]: Loss 1.08573
-- Training of the discriminator, num_Updates[ 6 / 10]: Loss 1.05297
-- Training of the discriminator, num_Updates[ 7 / 10]: Loss 1.02234
-- Training of the discriminator, num_Updates[ 8 / 10]: Loss 0.98973
-- Training of the discriminator, num_Updates[ 9 / 10]: Loss 0.95676
-- Training of the discriminator, num_Updates[ 10 / 10]: Loss 0.92139
Generation time:  21.82  seconds
###   On generation 67 of 500
Best best molecule in generation  67
    smile  :  C(=S=NN=N[SH]=NN=NSc1ccc2occc2c1)c1ccccc1
    fitness:  43.26135993007014
    logP   :  5.204500000000002
    sas    :  4.432126928484335
    ringP  :  0
    discrm :  [0.8565847]
-- Training of the discriminator, num_Updates[ 1 / 10]: Loss 0.90295
-- Training of the discriminator, num_Updates[ 2 / 10]: Loss 0.86619
-- Training of the discriminator, num_Updates[ 3 / 10]: Loss 0.82722
-- Training of the discriminator, num_Updates[ 4 / 10]: Loss 0.78605
-- Training of the discriminator, num_Updates[ 5 / 10]: Loss 0.74335
-- Training of the discriminator, num_Updates[ 6 / 10]: Loss 0.69995
-- Training of the discriminator, num_Updates[ 7 / 10]: Loss 0.64795
-- Training of the discriminator, num_Updates[ 8 / 10]: Loss 0.60099
-- Training of the discriminator, num_Updates[ 9 / 10]: Loss 0.56096
-- Training of the discriminator, num_Updates[ 10 / 10]: Loss 0.52411
Generation time:  14.26  seconds
###   On generation 68 of 500
Best best molecule in generation  68
    smile  :  C(=S=NN=N[SH]=NN=NSc1ccc2occc2c1)c1ccccc1
    fitness:  39.76404547694514
    logP   :  5.204500000000002
    sas    :  4.432126928484335
    ringP  :  0
    discrm :  [0.7866384]
-- Training of the discriminator, num_Updates[ 1 / 10]: Loss 0.60317
-- Training of the discriminator, num_Updates[ 2 / 10]: Loss 0.57570
-- Training of the discriminator, num_Updates[ 3 / 10]: Loss 0.55116
-- Training of the discriminator, num_Updates[ 4 / 10]: Loss 0.52962
-- Training of the discriminator, num_Updates[ 5 / 10]: Loss 0.51114
-- Training of the discriminator, num_Updates[ 6 / 10]: Loss 0.49567
-- Training of the discriminator, num_Updates[ 7 / 10]: Loss 0.48303
-- Training of the discriminator, num_Updates[ 8 / 10]: Loss 0.46674
-- Training of the discriminator, num_Updates[ 9 / 10]: Loss 0.45962
-- Training of the discriminator, num_Updates[ 10 / 10]: Loss 0.45416
Generation time:  17.03  seconds
###   On generation 69 of 500
Best best molecule in generation  69
    smile  :  C(=CC=CC=CNN=S=Cc1ccccc1)=N[SH]=NN=S=Nc1ccc2occc2c1
    fitness:  33.18057545580892
    logP   :  5.259700000000004
    sas    :  4.829177649011827
    ringP  :  0
    discrm :  [0.66374934]
-- Training of the discriminator, num_Updates[ 1 / 10]: Loss 0.58723
-- Training of the discriminator, num_Updates[ 2 / 10]: Loss 0.57809
-- Training of the discriminator, num_Updates[ 3 / 10]: Loss 0.56874
-- Training of the discriminator, num_Updates[ 4 / 10]: Loss 0.55946
-- Training of the discriminator, num_Updates[ 5 / 10]: Loss 0.55051
-- Training of the discriminator, num_Updates[ 6 / 10]: Loss 0.54214
-- Training of the discriminator, num_Updates[ 7 / 10]: Loss 0.53242
-- Training of the discriminator, num_Updates[ 8 / 10]: Loss 0.52634
-- Training of the discriminator, num_Updates[ 9 / 10]: Loss 0.52168
-- Training of the discriminator, num_Updates[ 10 / 10]: Loss 0.51786
Generation time:  20.87  seconds
###   On generation 70 of 500
Best best molecule in generation  70
    smile  :  C(=CC=CC=C[SH]=Cc1ccccc1)=NN[SH]=NN=NSc1ccc2occc2c1
    fitness:  24.969330850094273
    logP   :  5.837000000000004
    sas    :  4.86226480196896
    ringP  :  0
    discrm :  [0.49216592]
-- Training of the discriminator, num_Updates[ 1 / 10]: Loss 0.56837
-- Training of the discriminator, num_Updates[ 2 / 10]: Loss 0.55873
-- Training of the discriminator, num_Updates[ 3 / 10]: Loss 0.54880
-- Training of the discriminator, num_Updates[ 4 / 10]: Loss 0.53831
-- Training of the discriminator, num_Updates[ 5 / 10]: Loss 0.52764
-- Training of the discriminator, num_Updates[ 6 / 10]: Loss 0.51773
-- Training of the discriminator, num_Updates[ 7 / 10]: Loss 0.50912
-- Training of the discriminator, num_Updates[ 8 / 10]: Loss 0.50140
-- Training of the discriminator, num_Updates[ 9 / 10]: Loss 0.49405
-- Training of the discriminator, num_Updates[ 10 / 10]: Loss 0.48659
Generation time:  28.08  seconds
###   On generation 71 of 500
Best best molecule in generation  71
    smile  :  C(=[SH]SN=NN=[SH]Nc1ccc2occc2c1)c1ccccc1
    fitness:  26.020963246605735
    logP   :  5.004600000000003
    sas    :  4.212472883341727
    ringP  :  0
    discrm :  [0.50931185]
-- Training of the discriminator, num_Updates[ 1 / 10]: Loss 0.50831
-- Training of the discriminator, num_Updates[ 2 / 10]: Loss 0.49947
-- Training of the discriminator, num_Updates[ 3 / 10]: Loss 0.49161
-- Training of the discriminator, num_Updates[ 4 / 10]: Loss 0.48562
-- Training of the discriminator, num_Updates[ 5 / 10]: Loss 0.48006
-- Training of the discriminator, num_Updates[ 6 / 10]: Loss 0.47329
-- Training of the discriminator, num_Updates[ 7 / 10]: Loss 0.46552
-- Training of the discriminator, num_Updates[ 8 / 10]: Loss 0.45816
-- Training of the discriminator, num_Updates[ 9 / 10]: Loss 0.45203
-- Training of the discriminator, num_Updates[ 10 / 10]: Loss 0.44645
Generation time:  32.83  seconds
###   On generation 72 of 500
Best best molecule in generation  72
    smile  :  C(=[SH]SN=NN=[SH]Nc1ccc2occc2c1)c1ccccc1
    fitness:  24.66541057326589
    logP   :  5.004600000000003
    sas    :  4.212472883341727
    ringP  :  0
    discrm :  [0.4822008]
-- Training of the discriminator, num_Updates[ 1 / 10]: Loss 0.48266
-- Training of the discriminator, num_Updates[ 2 / 10]: Loss 0.47460
-- Training of the discriminator, num_Updates[ 3 / 10]: Loss 0.46707
-- Training of the discriminator, num_Updates[ 4 / 10]: Loss 0.46227
-- Training of the discriminator, num_Updates[ 5 / 10]: Loss 0.45872
-- Training of the discriminator, num_Updates[ 6 / 10]: Loss 0.45340
-- Training of the discriminator, num_Updates[ 7 / 10]: Loss 0.44624
-- Training of the discriminator, num_Updates[ 8 / 10]: Loss 0.43983
-- Training of the discriminator, num_Updates[ 9 / 10]: Loss 0.43549
-- Training of the discriminator, num_Updates[ 10 / 10]: Loss 0.43179
Generation time:  29.03  seconds
###   On generation 73 of 500
Best best molecule in generation  73
    smile  :  CC(C=[SH]N=NSc1ccc2occc2c1)c1ccco1
    fitness:  28.678860891303245
    logP   :  5.471500000000004
    sas    :  4.390364805495449
    ringP  :  0
    discrm :  [0.5601574]
-- Training of the discriminator, num_Updates[ 1 / 10]: Loss 0.44072
-- Training of the discriminator, num_Updates[ 2 / 10]: Loss 0.43528
-- Training of the discriminator, num_Updates[ 3 / 10]: Loss 0.43075
-- Training of the discriminator, num_Updates[ 4 / 10]: Loss 0.42795
-- Training of the discriminator, num_Updates[ 5 / 10]: Loss 0.42523
-- Training of the discriminator, num_Updates[ 6 / 10]: Loss 0.42123
-- Training of the discriminator, num_Updates[ 7 / 10]: Loss 0.41670
-- Training of the discriminator, num_Updates[ 8 / 10]: Loss 0.41304
-- Training of the discriminator, num_Updates[ 9 / 10]: Loss 0.41023
-- Training of the discriminator, num_Updates[ 10 / 10]: Loss 0.40714
Generation time:  32.84  seconds
###   On generation 74 of 500
Best best molecule in generation  74
    smile  :  CCC=CC=C[SH]=CCCCN=CCc1ccccc1
    fitness:  26.492111390092813
    logP   :  4.8277000000000045
    sas    :  3.831502496825596
    ringP  :  0
    discrm :  [0.5120609]
-- Training of the discriminator, num_Updates[ 1 / 10]: Loss 0.43850
-- Training of the discriminator, num_Updates[ 2 / 10]: Loss 0.43335
-- Training of the discriminator, num_Updates[ 3 / 10]: Loss 0.43003
-- Training of the discriminator, num_Updates[ 4 / 10]: Loss 0.42869
-- Training of the discriminator, num_Updates[ 5 / 10]: Loss 0.42668
-- Training of the discriminator, num_Updates[ 6 / 10]: Loss 0.42284
-- Training of the discriminator, num_Updates[ 7 / 10]: Loss 0.41884
