nohup: ignoring input
wandb: Currently logged in as: kjappelbaum (use `wandb login --relogin` to force relogin)
wandb: wandb version 0.10.14 is available!  To upgrade, please run:
wandb:  $ pip install wandb --upgrade
wandb: Tracking run with wandb version 0.10.12
wandb: Syncing run sunny-bush-1833
wandb: ⭐️ View project at https://wandb.ai/kjappelbaum/ga_replication_study
wandb: 🚀 View run at https://wandb.ai/kjappelbaum/ga_replication_study/runs/6huzut85
wandb: Run data is saved locally in /home/kevin/Documents/replication_study/selfies_ga_nn_replication/wandb/run-20210123_105157-6huzut85
wandb: Run `wandb offline` to turn off syncing.
###   On generation 1 of 1000
Best best molecule in generation  1
    smile  :  C
    fitness:  -6.281431695634691
    logP   :  0.6361
    sas    :  7.3284153846153846
    ringP  :  0
    discrm :  [0.]
/home/kevin/anaconda3/envs/ga_replication/lib/python3.8/site-packages/torch/nn/functional.py:1351: UserWarning: nn.functional.sigmoid is deprecated. Use torch.sigmoid instead.
  warnings.warn("nn.functional.sigmoid is deprecated. Use torch.sigmoid instead.")
/home/kevin/anaconda3/envs/ga_replication/lib/python3.8/site-packages/torch/nn/modules/loss.py:498: UserWarning: Using a target size (torch.Size([1000])) that is different to the input size (torch.Size([1000, 1])) is deprecated. Please ensure they have the same size.
  return F.binary_cross_entropy(input, target, weight=self.weight, reduction=self.reduction)
-- Training of the discriminator, num_Updates[ 1 / 10]: Loss 0.72919
-- Training of the discriminator, num_Updates[ 2 / 10]: Loss 0.72493
-- Training of the discriminator, num_Updates[ 3 / 10]: Loss 0.72080
-- Training of the discriminator, num_Updates[ 4 / 10]: Loss 0.71684
-- Training of the discriminator, num_Updates[ 5 / 10]: Loss 0.71271
-- Training of the discriminator, num_Updates[ 6 / 10]: Loss 0.70884
-- Training of the discriminator, num_Updates[ 7 / 10]: Loss 0.70517
-- Training of the discriminator, num_Updates[ 8 / 10]: Loss 0.70162
-- Training of the discriminator, num_Updates[ 9 / 10]: Loss 0.69771
-- Training of the discriminator, num_Updates[ 10 / 10]: Loss 0.69419
Generation time:  4.07  seconds
###   On generation 2 of 1000
Best best molecule in generation  2
    smile  :  CC
    fitness:  -0.491076226348965
    logP   :  1.0262
    sas    :  2.7475679189493913
    ringP  :  0
    discrm :  [0.5831322]
-- Training of the discriminator, num_Updates[ 1 / 10]: Loss 0.69387
-- Training of the discriminator, num_Updates[ 2 / 10]: Loss 0.69088
-- Training of the discriminator, num_Updates[ 3 / 10]: Loss 0.68794
-- Training of the discriminator, num_Updates[ 4 / 10]: Loss 0.68508
-- Training of the discriminator, num_Updates[ 5 / 10]: Loss 0.68236
-- Training of the discriminator, num_Updates[ 6 / 10]: Loss 0.67958
-- Training of the discriminator, num_Updates[ 7 / 10]: Loss 0.67697
-- Training of the discriminator, num_Updates[ 8 / 10]: Loss 0.67438
-- Training of the discriminator, num_Updates[ 9 / 10]: Loss 0.67181
-- Training of the discriminator, num_Updates[ 10 / 10]: Loss 0.66921
Generation time:  9.21  seconds
###   On generation 3 of 1000
Best best molecule in generation  3
    smile  :  Cc1ccccc1
    fitness:  2.297094361113432
    logP   :  1.99502
    sas    :  1.0
    ringP  :  0
    discrm :  [0.565579]
-- Training of the discriminator, num_Updates[ 1 / 10]: Loss 0.67342
-- Training of the discriminator, num_Updates[ 2 / 10]: Loss 0.67123
-- Training of the discriminator, num_Updates[ 3 / 10]: Loss 0.66905
-- Training of the discriminator, num_Updates[ 4 / 10]: Loss 0.66692
-- Training of the discriminator, num_Updates[ 5 / 10]: Loss 0.66478
-- Training of the discriminator, num_Updates[ 6 / 10]: Loss 0.66268
-- Training of the discriminator, num_Updates[ 7 / 10]: Loss 0.66059
-- Training of the discriminator, num_Updates[ 8 / 10]: Loss 0.65849
-- Training of the discriminator, num_Updates[ 9 / 10]: Loss 0.65638
-- Training of the discriminator, num_Updates[ 10 / 10]: Loss 0.65429
Generation time:  14.88  seconds
###   On generation 4 of 1000
Best best molecule in generation  4
    smile  :  Cc1ccccc1
    fitness:  2.297094361113432
    logP   :  1.99502
    sas    :  1.0
    ringP  :  0
    discrm :  [0.5503243]
-- Training of the discriminator, num_Updates[ 1 / 10]: Loss 0.65431
-- Training of the discriminator, num_Updates[ 2 / 10]: Loss 0.65225
-- Training of the discriminator, num_Updates[ 3 / 10]: Loss 0.65017
-- Training of the discriminator, num_Updates[ 4 / 10]: Loss 0.64805
-- Training of the discriminator, num_Updates[ 5 / 10]: Loss 0.64592
-- Training of the discriminator, num_Updates[ 6 / 10]: Loss 0.64376
-- Training of the discriminator, num_Updates[ 7 / 10]: Loss 0.64157
-- Training of the discriminator, num_Updates[ 8 / 10]: Loss 0.63933
-- Training of the discriminator, num_Updates[ 9 / 10]: Loss 0.63707
-- Training of the discriminator, num_Updates[ 10 / 10]: Loss 0.63476
Generation time:  21.29  seconds
###   On generation 5 of 1000
Best best molecule in generation  5
    smile  :  Cc1ccccc1
    fitness:  2.297094361113432
    logP   :  1.99502
    sas    :  1.0
    ringP  :  0
    discrm :  [0.5434364]
-- Training of the discriminator, num_Updates[ 1 / 10]: Loss 0.63643
-- Training of the discriminator, num_Updates[ 2 / 10]: Loss 0.63410
-- Training of the discriminator, num_Updates[ 3 / 10]: Loss 0.63173
-- Training of the discriminator, num_Updates[ 4 / 10]: Loss 0.62931
-- Training of the discriminator, num_Updates[ 5 / 10]: Loss 0.62688
-- Training of the discriminator, num_Updates[ 6 / 10]: Loss 0.62441
-- Training of the discriminator, num_Updates[ 7 / 10]: Loss 0.62191
-- Training of the discriminator, num_Updates[ 8 / 10]: Loss 0.61938
-- Training of the discriminator, num_Updates[ 9 / 10]: Loss 0.61681
-- Training of the discriminator, num_Updates[ 10 / 10]: Loss 0.61419
Generation time:  26.95  seconds
###   On generation 6 of 1000
Best best molecule in generation  6
    smile  :  Cc1ccccc1
    fitness:  2.297094361113432
    logP   :  1.99502
    sas    :  1.0
    ringP  :  0
    discrm :  [0.53567576]
-- Training of the discriminator, num_Updates[ 1 / 10]: Loss 0.61717
-- Training of the discriminator, num_Updates[ 2 / 10]: Loss 0.61464
-- Training of the discriminator, num_Updates[ 3 / 10]: Loss 0.61207
-- Training of the discriminator, num_Updates[ 4 / 10]: Loss 0.60946
-- Training of the discriminator, num_Updates[ 5 / 10]: Loss 0.60682
-- Training of the discriminator, num_Updates[ 6 / 10]: Loss 0.60415
-- Training of the discriminator, num_Updates[ 7 / 10]: Loss 0.60144
-- Training of the discriminator, num_Updates[ 8 / 10]: Loss 0.59868
-- Training of the discriminator, num_Updates[ 9 / 10]: Loss 0.59587
-- Training of the discriminator, num_Updates[ 10 / 10]: Loss 0.59300
Generation time:  28.81  seconds
###   On generation 7 of 1000
Best best molecule in generation  7
    smile  :  Cc1ccccc1
    fitness:  2.297094361113432
    logP   :  1.99502
    sas    :  1.0
    ringP  :  0
    discrm :  [0.5285218]
-- Training of the discriminator, num_Updates[ 1 / 10]: Loss 0.59546
-- Training of the discriminator, num_Updates[ 2 / 10]: Loss 0.59255
-- Training of the discriminator, num_Updates[ 3 / 10]: Loss 0.58958
-- Training of the discriminator, num_Updates[ 4 / 10]: Loss 0.58656
-- Training of the discriminator, num_Updates[ 5 / 10]: Loss 0.58351
-- Training of the discriminator, num_Updates[ 6 / 10]: Loss 0.58045
-- Training of the discriminator, num_Updates[ 7 / 10]: Loss 0.57735
-- Training of the discriminator, num_Updates[ 8 / 10]: Loss 0.57422
-- Training of the discriminator, num_Updates[ 9 / 10]: Loss 0.57105
-- Training of the discriminator, num_Updates[ 10 / 10]: Loss 0.56785
Generation time:  28.95  seconds
###   On generation 8 of 1000
Best best molecule in generation  8
    smile  :  Cc1ccccc1
    fitness:  2.297094361113432
    logP   :  1.99502
    sas    :  1.0
    ringP  :  0
    discrm :  [0.51517266]
-- Training of the discriminator, num_Updates[ 1 / 10]: Loss 0.57051
-- Training of the discriminator, num_Updates[ 2 / 10]: Loss 0.56726
-- Training of the discriminator, num_Updates[ 3 / 10]: Loss 0.56394
-- Training of the discriminator, num_Updates[ 4 / 10]: Loss 0.56061
-- Training of the discriminator, num_Updates[ 5 / 10]: Loss 0.55730
-- Training of the discriminator, num_Updates[ 6 / 10]: Loss 0.55400
-- Training of the discriminator, num_Updates[ 7 / 10]: Loss 0.55068
-- Training of the discriminator, num_Updates[ 8 / 10]: Loss 0.54730
-- Training of the discriminator, num_Updates[ 9 / 10]: Loss 0.54385
-- Training of the discriminator, num_Updates[ 10 / 10]: Loss 0.54037
Generation time:  26.43  seconds
###   On generation 9 of 1000
Best best molecule in generation  9
    smile  :  CCCCc1ccccc1
    fitness:  2.901205129706411
    logP   :  3.0292000000000012
    sas    :  1.1049531863041597
    ringP  :  0
    discrm :  [0.52763164]
-- Training of the discriminator, num_Updates[ 1 / 10]: Loss 0.53358
-- Training of the discriminator, num_Updates[ 2 / 10]: Loss 0.52988
-- Training of the discriminator, num_Updates[ 3 / 10]: Loss 0.52617
-- Training of the discriminator, num_Updates[ 4 / 10]: Loss 0.52247
-- Training of the discriminator, num_Updates[ 5 / 10]: Loss 0.51877
-- Training of the discriminator, num_Updates[ 6 / 10]: Loss 0.51503
-- Training of the discriminator, num_Updates[ 7 / 10]: Loss 0.51126
-- Training of the discriminator, num_Updates[ 8 / 10]: Loss 0.50747
-- Training of the discriminator, num_Updates[ 9 / 10]: Loss 0.50370
-- Training of the discriminator, num_Updates[ 10 / 10]: Loss 0.49995
Generation time:  26.38  seconds
###   On generation 10 of 1000
Best best molecule in generation  10
    smile  :  CCCCc1ccccc1
    fitness:  2.901205129706411
    logP   :  3.0292000000000012
    sas    :  1.1049531863041597
    ringP  :  0
    discrm :  [0.5175271]
-- Training of the discriminator, num_Updates[ 1 / 10]: Loss 0.49722
-- Training of the discriminator, num_Updates[ 2 / 10]: Loss 0.49350
-- Training of the discriminator, num_Updates[ 3 / 10]: Loss 0.48976
-- Training of the discriminator, num_Updates[ 4 / 10]: Loss 0.48601
-- Training of the discriminator, num_Updates[ 5 / 10]: Loss 0.48228
-- Training of the discriminator, num_Updates[ 6 / 10]: Loss 0.47858
-- Training of the discriminator, num_Updates[ 7 / 10]: Loss 0.47490
-- Training of the discriminator, num_Updates[ 8 / 10]: Loss 0.47125
-- Training of the discriminator, num_Updates[ 9 / 10]: Loss 0.46761
-- Training of the discriminator, num_Updates[ 10 / 10]: Loss 0.46400
Generation time:  24.07  seconds
###   On generation 11 of 1000
Best best molecule in generation  11
    smile  :  CCCCc1ccccc1
    fitness:  2.901205129706411
    logP   :  3.0292000000000012
    sas    :  1.1049531863041597
    ringP  :  0
    discrm :  [0.5013533]
-- Training of the discriminator, num_Updates[ 1 / 10]: Loss 0.46045
-- Training of the discriminator, num_Updates[ 2 / 10]: Loss 0.45686
-- Training of the discriminator, num_Updates[ 3 / 10]: Loss 0.45333
-- Training of the discriminator, num_Updates[ 4 / 10]: Loss 0.44984
-- Training of the discriminator, num_Updates[ 5 / 10]: Loss 0.44638
-- Training of the discriminator, num_Updates[ 6 / 10]: Loss 0.44294
-- Training of the discriminator, num_Updates[ 7 / 10]: Loss 0.43952
-- Training of the discriminator, num_Updates[ 8 / 10]: Loss 0.43614
-- Training of the discriminator, num_Updates[ 9 / 10]: Loss 0.43281
-- Training of the discriminator, num_Updates[ 10 / 10]: Loss 0.42953
Generation time:  24.24  seconds
###   On generation 12 of 1000
Best best molecule in generation  12
    smile  :  CCCCc1ccccc1
    fitness:  2.901205129706411
    logP   :  3.0292000000000012
    sas    :  1.1049531863041597
    ringP  :  0
    discrm :  [0.48206612]
-- Training of the discriminator, num_Updates[ 1 / 10]: Loss 0.43001
-- Training of the discriminator, num_Updates[ 2 / 10]: Loss 0.42663
-- Training of the discriminator, num_Updates[ 3 / 10]: Loss 0.42327
-- Training of the discriminator, num_Updates[ 4 / 10]: Loss 0.42007
-- Training of the discriminator, num_Updates[ 5 / 10]: Loss 0.41703
-- Training of the discriminator, num_Updates[ 6 / 10]: Loss 0.41402
-- Training of the discriminator, num_Updates[ 7 / 10]: Loss 0.41095
-- Training of the discriminator, num_Updates[ 8 / 10]: Loss 0.40787
-- Training of the discriminator, num_Updates[ 9 / 10]: Loss 0.40487
-- Training of the discriminator, num_Updates[ 10 / 10]: Loss 0.40199
Generation time:  25.81  seconds
###   On generation 13 of 1000
Best best molecule in generation  13
    smile  :  CCCCc1ccccc1
    fitness:  2.901205129706411
    logP   :  3.0292000000000012
    sas    :  1.1049531863041597
    ringP  :  0
    discrm :  [0.45709056]
-- Training of the discriminator, num_Updates[ 1 / 10]: Loss 0.40077
-- Training of the discriminator, num_Updates[ 2 / 10]: Loss 0.39790
-- Training of the discriminator, num_Updates[ 3 / 10]: Loss 0.39506
-- Training of the discriminator, num_Updates[ 4 / 10]: Loss 0.39223
-- Training of the discriminator, num_Updates[ 5 / 10]: Loss 0.38945
-- Training of the discriminator, num_Updates[ 6 / 10]: Loss 0.38672
-- Training of the discriminator, num_Updates[ 7 / 10]: Loss 0.38405
-- Training of the discriminator, num_Updates[ 8 / 10]: Loss 0.38143
-- Training of the discriminator, num_Updates[ 9 / 10]: Loss 0.37885
-- Training of the discriminator, num_Updates[ 10 / 10]: Loss 0.37630
Generation time:  25.13  seconds
###   On generation 14 of 1000
Best best molecule in generation  14
    smile  :  CCCCc1ccccc1
    fitness:  2.901205129706411
    logP   :  3.0292000000000012
    sas    :  1.1049531863041597
    ringP  :  0
    discrm :  [0.43777767]
-- Training of the discriminator, num_Updates[ 1 / 10]: Loss 0.37872
-- Training of the discriminator, num_Updates[ 2 / 10]: Loss 0.37614
-- Training of the discriminator, num_Updates[ 3 / 10]: Loss 0.37356
-- Training of the discriminator, num_Updates[ 4 / 10]: Loss 0.37112
-- Training of the discriminator, num_Updates[ 5 / 10]: Loss 0.36882
-- Training of the discriminator, num_Updates[ 6 / 10]: Loss 0.36657
-- Training of the discriminator, num_Updates[ 7 / 10]: Loss 0.36428
-- Training of the discriminator, num_Updates[ 8 / 10]: Loss 0.36196
-- Training of the discriminator, num_Updates[ 9 / 10]: Loss 0.35971
-- Training of the discriminator, num_Updates[ 10 / 10]: Loss 0.35757
Generation time:  27.11  seconds
###   On generation 15 of 1000
Best best molecule in generation  15
    smile  :  CCCCc1ccccc1
    fitness:  2.901205129706411
    logP   :  3.0292000000000012
    sas    :  1.1049531863041597
    ringP  :  0
    discrm :  [0.41899547]
-- Training of the discriminator, num_Updates[ 1 / 10]: Loss 0.35847
-- Training of the discriminator, num_Updates[ 2 / 10]: Loss 0.35633
-- Training of the discriminator, num_Updates[ 3 / 10]: Loss 0.35413
-- Training of the discriminator, num_Updates[ 4 / 10]: Loss 0.35202
-- Training of the discriminator, num_Updates[ 5 / 10]: Loss 0.35004
-- Training of the discriminator, num_Updates[ 6 / 10]: Loss 0.34814
-- Training of the discriminator, num_Updates[ 7 / 10]: Loss 0.34622
-- Training of the discriminator, num_Updates[ 8 / 10]: Loss 0.34426
-- Training of the discriminator, num_Updates[ 9 / 10]: Loss 0.34233
-- Training of the discriminator, num_Updates[ 10 / 10]: Loss 0.34048
Generation time:  26.8  seconds
###   On generation 16 of 1000
Best best molecule in generation  16
    smile  :  CCCCCc1ccccc1
    fitness:  3.1174284538192008
    logP   :  3.4193000000000024
    sas    :  1.154220528604922
    ringP  :  0
    discrm :  [0.41298425]
-- Training of the discriminator, num_Updates[ 1 / 10]: Loss 0.33933
-- Training of the discriminator, num_Updates[ 2 / 10]: Loss 0.33750
-- Training of the discriminator, num_Updates[ 3 / 10]: Loss 0.33561
-- Training of the discriminator, num_Updates[ 4 / 10]: Loss 0.33377
-- Training of the discriminator, num_Updates[ 5 / 10]: Loss 0.33203
-- Training of the discriminator, num_Updates[ 6 / 10]: Loss 0.33037
-- Training of the discriminator, num_Updates[ 7 / 10]: Loss 0.32872
-- Training of the discriminator, num_Updates[ 8 / 10]: Loss 0.32704
-- Training of the discriminator, num_Updates[ 9 / 10]: Loss 0.32535
-- Training of the discriminator, num_Updates[ 10 / 10]: Loss 0.32372
Generation time:  26.84  seconds
###   On generation 17 of 1000
Best best molecule in generation  17
    smile  :  CCCCCc1ccccc1
    fitness:  3.1174284538192008
    logP   :  3.4193000000000024
    sas    :  1.154220528604922
    ringP  :  0
    discrm :  [0.39800406]
-- Training of the discriminator, num_Updates[ 1 / 10]: Loss 0.32341
-- Training of the discriminator, num_Updates[ 2 / 10]: Loss 0.32185
-- Training of the discriminator, num_Updates[ 3 / 10]: Loss 0.32025
-- Training of the discriminator, num_Updates[ 4 / 10]: Loss 0.31866
-- Training of the discriminator, num_Updates[ 5 / 10]: Loss 0.31711
-- Training of the discriminator, num_Updates[ 6 / 10]: Loss 0.31562
-- Training of the discriminator, num_Updates[ 7 / 10]: Loss 0.31417
-- Training of the discriminator, num_Updates[ 8 / 10]: Loss 0.31273
-- Training of the discriminator, num_Updates[ 9 / 10]: Loss 0.31127
-- Training of the discriminator, num_Updates[ 10 / 10]: Loss 0.30984
Generation time:  27.11  seconds
###   On generation 18 of 1000
Best best molecule in generation  18
    smile  :  CCCCCCc1ccccc1
    fitness:  3.326445316247869
    logP   :  3.809400000000003
    sas    :  1.2094738691001456
    ringP  :  0
    discrm :  [0.39235395]
-- Training of the discriminator, num_Updates[ 1 / 10]: Loss 0.31261
-- Training of the discriminator, num_Updates[ 2 / 10]: Loss 0.31119
-- Training of the discriminator, num_Updates[ 3 / 10]: Loss 0.30973
-- Training of the discriminator, num_Updates[ 4 / 10]: Loss 0.30830
-- Training of the discriminator, num_Updates[ 5 / 10]: Loss 0.30693
-- Training of the discriminator, num_Updates[ 6 / 10]: Loss 0.30561
-- Training of the discriminator, num_Updates[ 7 / 10]: Loss 0.30430
-- Training of the discriminator, num_Updates[ 8 / 10]: Loss 0.30296
-- Training of the discriminator, num_Updates[ 9 / 10]: Loss 0.30162
-- Training of the discriminator, num_Updates[ 10 / 10]: Loss 0.30032
Generation time:  25.82  seconds
###   On generation 19 of 1000
Best best molecule in generation  19
    smile  :  CCCCCCc1ccccc1
    fitness:  3.326445316247869
    logP   :  3.809400000000003
    sas    :  1.2094738691001456
    ringP  :  0
    discrm :  [0.37964997]
-- Training of the discriminator, num_Updates[ 1 / 10]: Loss 0.30506
-- Training of the discriminator, num_Updates[ 2 / 10]: Loss 0.30353
-- Training of the discriminator, num_Updates[ 3 / 10]: Loss 0.30191
-- Training of the discriminator, num_Updates[ 4 / 10]: Loss 0.30062
-- Training of the discriminator, num_Updates[ 5 / 10]: Loss 0.29969
-- Training of the discriminator, num_Updates[ 6 / 10]: Loss 0.29878
-- Training of the discriminator, num_Updates[ 7 / 10]: Loss 0.29762
-- Training of the discriminator, num_Updates[ 8 / 10]: Loss 0.29628
-- Training of the discriminator, num_Updates[ 9 / 10]: Loss 0.29500
-- Training of the discriminator, num_Updates[ 10 / 10]: Loss 0.29392
Generation time:  23.38  seconds
###   On generation 20 of 1000
Best best molecule in generation  20
    smile  :  CCCCCCc1ccccc1
    fitness:  3.326445316247869
    logP   :  3.809400000000003
    sas    :  1.2094738691001456
    ringP  :  0
    discrm :  [0.36729237]
-- Training of the discriminator, num_Updates[ 1 / 10]: Loss 0.29450
-- Training of the discriminator, num_Updates[ 2 / 10]: Loss 0.29343
-- Training of the discriminator, num_Updates[ 3 / 10]: Loss 0.29209
-- Training of the discriminator, num_Updates[ 4 / 10]: Loss 0.29080
-- Training of the discriminator, num_Updates[ 5 / 10]: Loss 0.28977
-- Training of the discriminator, num_Updates[ 6 / 10]: Loss 0.28891
-- Training of the discriminator, num_Updates[ 7 / 10]: Loss 0.28801
-- Training of the discriminator, num_Updates[ 8 / 10]: Loss 0.28693
-- Training of the discriminator, num_Updates[ 9 / 10]: Loss 0.28577
-- Training of the discriminator, num_Updates[ 10 / 10]: Loss 0.28470
Generation time:  26.54  seconds
###   On generation 21 of 1000
Best best molecule in generation  21
    smile  :  CCCCCCc1ccccc1
    fitness:  3.326445316247869
    logP   :  3.809400000000003
    sas    :  1.2094738691001456
    ringP  :  0
    discrm :  [0.35709065]
-- Training of the discriminator, num_Updates[ 1 / 10]: Loss 0.28562
-- Training of the discriminator, num_Updates[ 2 / 10]: Loss 0.28474
-- Training of the discriminator, num_Updates[ 3 / 10]: Loss 0.28385
-- Training of the discriminator, num_Updates[ 4 / 10]: Loss 0.28289
-- Training of the discriminator, num_Updates[ 5 / 10]: Loss 0.28189
-- Training of the discriminator, num_Updates[ 6 / 10]: Loss 0.28092
-- Training of the discriminator, num_Updates[ 7 / 10]: Loss 0.28001
-- Training of the discriminator, num_Updates[ 8 / 10]: Loss 0.27915
-- Training of the discriminator, num_Updates[ 9 / 10]: Loss 0.27828
-- Training of the discriminator, num_Updates[ 10 / 10]: Loss 0.27738
Generation time:  25.28  seconds
###   On generation 22 of 1000
Best best molecule in generation  22
    smile  :  CCCCCCCc1ccccc1
    fitness:  3.5406920293431976
    logP   :  4.199500000000003
    sas    :  1.260383069846883
    ringP  :  0
    discrm :  [0.35191095]
-- Training of the discriminator, num_Updates[ 1 / 10]: Loss 0.27072
-- Training of the discriminator, num_Updates[ 2 / 10]: Loss 0.26977
-- Training of the discriminator, num_Updates[ 3 / 10]: Loss 0.26888
-- Training of the discriminator, num_Updates[ 4 / 10]: Loss 0.26804
-- Training of the discriminator, num_Updates[ 5 / 10]: Loss 0.26723
-- Training of the discriminator, num_Updates[ 6 / 10]: Loss 0.26640
-- Training of the discriminator, num_Updates[ 7 / 10]: Loss 0.26553
-- Training of the discriminator, num_Updates[ 8 / 10]: Loss 0.26466
-- Training of the discriminator, num_Updates[ 9 / 10]: Loss 0.26381
-- Training of the discriminator, num_Updates[ 10 / 10]: Loss 0.26300
Generation time:  24.52  seconds
###   On generation 23 of 1000
Best best molecule in generation  23
    smile  :  CCCCCCCc1ccccc1
    fitness:  3.5406920293431976
    logP   :  4.199500000000003
    sas    :  1.260383069846883
    ringP  :  0
    discrm :  [0.34552935]
-- Training of the discriminator, num_Updates[ 1 / 10]: Loss 0.26513
-- Training of the discriminator, num_Updates[ 2 / 10]: Loss 0.26421
-- Training of the discriminator, num_Updates[ 3 / 10]: Loss 0.26338
-- Training of the discriminator, num_Updates[ 4 / 10]: Loss 0.26264
-- Training of the discriminator, num_Updates[ 5 / 10]: Loss 0.26189
-- Training of the discriminator, num_Updates[ 6 / 10]: Loss 0.26108
-- Training of the discriminator, num_Updates[ 7 / 10]: Loss 0.26023
-- Training of the discriminator, num_Updates[ 8 / 10]: Loss 0.25942
-- Training of the discriminator, num_Updates[ 9 / 10]: Loss 0.25866
-- Training of the discriminator, num_Updates[ 10 / 10]: Loss 0.25793
Generation time:  26.05  seconds
###   On generation 24 of 1000
Best best molecule in generation  24
    smile  :  CCCCCCCCc1ccccc1
    fitness:  3.758919536292796
    logP   :  4.589600000000004
    sas    :  1.3079856513581802
    ringP  :  0
    discrm :  [0.3410217]
-- Training of the discriminator, num_Updates[ 1 / 10]: Loss 0.25750
-- Training of the discriminator, num_Updates[ 2 / 10]: Loss 0.25674
-- Training of the discriminator, num_Updates[ 3 / 10]: Loss 0.25597
-- Training of the discriminator, num_Updates[ 4 / 10]: Loss 0.25522
-- Training of the discriminator, num_Updates[ 5 / 10]: Loss 0.25448
-- Training of the discriminator, num_Updates[ 6 / 10]: Loss 0.25375
-- Training of the discriminator, num_Updates[ 7 / 10]: Loss 0.25302
-- Training of the discriminator, num_Updates[ 8 / 10]: Loss 0.25228
-- Training of the discriminator, num_Updates[ 9 / 10]: Loss 0.25155
-- Training of the discriminator, num_Updates[ 10 / 10]: Loss 0.25084
Generation time:  26.24  seconds
###   On generation 25 of 1000
Best best molecule in generation  25
    smile  :  CCCCCCCc1ccccc1
    fitness:  3.5406920293431976
    logP   :  4.199500000000003
    sas    :  1.260383069846883
    ringP  :  0
    discrm :  [0.33193988]
-- Training of the discriminator, num_Updates[ 1 / 10]: Loss 0.25026
-- Training of the discriminator, num_Updates[ 2 / 10]: Loss 0.24946
-- Training of the discriminator, num_Updates[ 3 / 10]: Loss 0.24865
-- Training of the discriminator, num_Updates[ 4 / 10]: Loss 0.24792
-- Training of the discriminator, num_Updates[ 5 / 10]: Loss 0.24728
-- Training of the discriminator, num_Updates[ 6 / 10]: Loss 0.24664
-- Training of the discriminator, num_Updates[ 7 / 10]: Loss 0.24594
-- Training of the discriminator, num_Updates[ 8 / 10]: Loss 0.24520
-- Training of the discriminator, num_Updates[ 9 / 10]: Loss 0.24447
-- Training of the discriminator, num_Updates[ 10 / 10]: Loss 0.24379
Generation time:  26.53  seconds
###   On generation 26 of 1000
Best best molecule in generation  26
    smile  :  CCCCCCCc1ccccc1
    fitness:  3.5406920293431976
    logP   :  4.199500000000003
    sas    :  1.260383069846883
    ringP  :  0
    discrm :  [0.32542828]
-- Training of the discriminator, num_Updates[ 1 / 10]: Loss 0.24300
-- Training of the discriminator, num_Updates[ 2 / 10]: Loss 0.24237
-- Training of the discriminator, num_Updates[ 3 / 10]: Loss 0.24170
-- Training of the discriminator, num_Updates[ 4 / 10]: Loss 0.24102
-- Training of the discriminator, num_Updates[ 5 / 10]: Loss 0.24036
-- Training of the discriminator, num_Updates[ 6 / 10]: Loss 0.23973
-- Training of the discriminator, num_Updates[ 7 / 10]: Loss 0.23913
-- Training of the discriminator, num_Updates[ 8 / 10]: Loss 0.23852
-- Training of the discriminator, num_Updates[ 9 / 10]: Loss 0.23789
-- Training of the discriminator, num_Updates[ 10 / 10]: Loss 0.23725
Generation time:  26.56  seconds
###   On generation 27 of 1000
Best best molecule in generation  27
    smile  :  CCCCCCCCc1ccccc1
    fitness:  3.758919536292796
    logP   :  4.589600000000004
    sas    :  1.3079856513581802
    ringP  :  0
    discrm :  [0.32034734]
-- Training of the discriminator, num_Updates[ 1 / 10]: Loss 0.24154
-- Training of the discriminator, num_Updates[ 2 / 10]: Loss 0.24095
-- Training of the discriminator, num_Updates[ 3 / 10]: Loss 0.24036
-- Training of the discriminator, num_Updates[ 4 / 10]: Loss 0.23976
-- Training of the discriminator, num_Updates[ 5 / 10]: Loss 0.23916
-- Training of the discriminator, num_Updates[ 6 / 10]: Loss 0.23856
-- Training of the discriminator, num_Updates[ 7 / 10]: Loss 0.23796
-- Training of the discriminator, num_Updates[ 8 / 10]: Loss 0.23738
-- Training of the discriminator, num_Updates[ 9 / 10]: Loss 0.23680
-- Training of the discriminator, num_Updates[ 10 / 10]: Loss 0.23623
Generation time:  27.45  seconds
###   On generation 28 of 1000
Best best molecule in generation  28
    smile  :  CCCCCCCCc1ccccc1
    fitness:  3.758919536292796
    logP   :  4.589600000000004
    sas    :  1.3079856513581802
    ringP  :  0
    discrm :  [0.31454542]
-- Training of the discriminator, num_Updates[ 1 / 10]: Loss 0.23373
-- Training of the discriminator, num_Updates[ 2 / 10]: Loss 0.23315
-- Training of the discriminator, num_Updates[ 3 / 10]: Loss 0.23255
-- Training of the discriminator, num_Updates[ 4 / 10]: Loss 0.23197
-- Training of the discriminator, num_Updates[ 5 / 10]: Loss 0.23141
-- Training of the discriminator, num_Updates[ 6 / 10]: Loss 0.23087
-- Training of the discriminator, num_Updates[ 7 / 10]: Loss 0.23031
-- Training of the discriminator, num_Updates[ 8 / 10]: Loss 0.22975
-- Training of the discriminator, num_Updates[ 9 / 10]: Loss 0.22918
-- Training of the discriminator, num_Updates[ 10 / 10]: Loss 0.22862
Generation time:  25.93  seconds
###   On generation 29 of 1000
Best best molecule in generation  29
    smile  :  CCCCCCCCc1ccccc1
    fitness:  3.758919536292796
    logP   :  4.589600000000004
    sas    :  1.3079856513581802
    ringP  :  0
    discrm :  [0.30903876]
-- Training of the discriminator, num_Updates[ 1 / 10]: Loss 0.23742
-- Training of the discriminator, num_Updates[ 2 / 10]: Loss 0.23690
-- Training of the discriminator, num_Updates[ 3 / 10]: Loss 0.23634
-- Training of the discriminator, num_Updates[ 4 / 10]: Loss 0.23581
-- Training of the discriminator, num_Updates[ 5 / 10]: Loss 0.23532
-- Training of the discriminator, num_Updates[ 6 / 10]: Loss 0.23484
-- Training of the discriminator, num_Updates[ 7 / 10]: Loss 0.23433
-- Training of the discriminator, num_Updates[ 8 / 10]: Loss 0.23380
-- Training of the discriminator, num_Updates[ 9 / 10]: Loss 0.23328
-- Training of the discriminator, num_Updates[ 10 / 10]: Loss 0.23279
Generation time:  28.1  seconds
###   On generation 30 of 1000
Best best molecule in generation  30
    smile  :  CCCCCCCCc1ccccc1
    fitness:  3.758919536292796
    logP   :  4.589600000000004
    sas    :  1.3079856513581802
    ringP  :  0
    discrm :  [0.30390865]
-- Training of the discriminator, num_Updates[ 1 / 10]: Loss 0.22798
-- Training of the discriminator, num_Updates[ 2 / 10]: Loss 0.22750
-- Training of the discriminator, num_Updates[ 3 / 10]: Loss 0.22702
-- Training of the discriminator, num_Updates[ 4 / 10]: Loss 0.22653
-- Training of the discriminator, num_Updates[ 5 / 10]: Loss 0.22604
-- Training of the discriminator, num_Updates[ 6 / 10]: Loss 0.22556
-- Training of the discriminator, num_Updates[ 7 / 10]: Loss 0.22509
-- Training of the discriminator, num_Updates[ 8 / 10]: Loss 0.22461
-- Training of the discriminator, num_Updates[ 9 / 10]: Loss 0.22413
-- Training of the discriminator, num_Updates[ 10 / 10]: Loss 0.22365
Generation time:  27.27  seconds
###   On generation 31 of 1000
Best best molecule in generation  31
    smile  :  CCCCCCCCc1ccccc1
    fitness:  3.758919536292796
    logP   :  4.589600000000004
    sas    :  1.3079856513581802
    ringP  :  0
    discrm :  [0.2990808]
-- Training of the discriminator, num_Updates[ 1 / 10]: Loss 0.22780
-- Training of the discriminator, num_Updates[ 2 / 10]: Loss 0.22708
-- Training of the discriminator, num_Updates[ 3 / 10]: Loss 0.22630
-- Training of the discriminator, num_Updates[ 4 / 10]: Loss 0.22574
-- Training of the discriminator, num_Updates[ 5 / 10]: Loss 0.22545
-- Training of the discriminator, num_Updates[ 6 / 10]: Loss 0.22518
-- Training of the discriminator, num_Updates[ 7 / 10]: Loss 0.22470
-- Training of the discriminator, num_Updates[ 8 / 10]: Loss 0.22405
-- Training of the discriminator, num_Updates[ 9 / 10]: Loss 0.22345
-- Training of the discriminator, num_Updates[ 10 / 10]: Loss 0.22301
Generation time:  26.22  seconds
###   On generation 32 of 1000
Best best molecule in generation  32
    smile  :  CCCCCCCCCc1ccccc1
    fitness:  3.980226477774108
    logP   :  4.979700000000005
    sas    :  1.3530303216011195
    ringP  :  0
    discrm :  [0.29441112]
-- Training of the discriminator, num_Updates[ 1 / 10]: Loss 0.21636
-- Training of the discriminator, num_Updates[ 2 / 10]: Loss 0.21568
-- Training of the discriminator, num_Updates[ 3 / 10]: Loss 0.21521
-- Training of the discriminator, num_Updates[ 4 / 10]: Loss 0.21492
-- Training of the discriminator, num_Updates[ 5 / 10]: Loss 0.21461
-- Training of the discriminator, num_Updates[ 6 / 10]: Loss 0.21414
-- Training of the discriminator, num_Updates[ 7 / 10]: Loss 0.21357
-- Training of the discriminator, num_Updates[ 8 / 10]: Loss 0.21301
-- Training of the discriminator, num_Updates[ 9 / 10]: Loss 0.21256
-- Training of the discriminator, num_Updates[ 10 / 10]: Loss 0.21220
Generation time:  28.31  seconds
###   On generation 33 of 1000
Best best molecule in generation  33
    smile  :  CCCCCCCCCc1ccccc1
    fitness:  3.980226477774108
    logP   :  4.979700000000005
    sas    :  1.3530303216011195
    ringP  :  0
    discrm :  [0.2901838]
-- Training of the discriminator, num_Updates[ 1 / 10]: Loss 0.21795
-- Training of the discriminator, num_Updates[ 2 / 10]: Loss 0.21753
-- Training of the discriminator, num_Updates[ 3 / 10]: Loss 0.21704
-- Training of the discriminator, num_Updates[ 4 / 10]: Loss 0.21656
-- Training of the discriminator, num_Updates[ 5 / 10]: Loss 0.21614
-- Training of the discriminator, num_Updates[ 6 / 10]: Loss 0.21575
-- Training of the discriminator, num_Updates[ 7 / 10]: Loss 0.21534
-- Training of the discriminator, num_Updates[ 8 / 10]: Loss 0.21489
-- Training of the discriminator, num_Updates[ 9 / 10]: Loss 0.21442
-- Training of the discriminator, num_Updates[ 10 / 10]: Loss 0.21396
Generation time:  25.81  seconds
###   On generation 34 of 1000
Best best molecule in generation  34
    smile  :  CCCCCCCCCc1ccccc1
    fitness:  3.980226477774108
    logP   :  4.979700000000005
    sas    :  1.3530303216011195
    ringP  :  0
    discrm :  [0.28619945]
-- Training of the discriminator, num_Updates[ 1 / 10]: Loss 0.20885
-- Training of the discriminator, num_Updates[ 2 / 10]: Loss 0.20844
-- Training of the discriminator, num_Updates[ 3 / 10]: Loss 0.20803
-- Training of the discriminator, num_Updates[ 4 / 10]: Loss 0.20760
-- Training of the discriminator, num_Updates[ 5 / 10]: Loss 0.20715
-- Training of the discriminator, num_Updates[ 6 / 10]: Loss 0.20671
-- Training of the discriminator, num_Updates[ 7 / 10]: Loss 0.20629
-- Training of the discriminator, num_Updates[ 8 / 10]: Loss 0.20588
-- Training of the discriminator, num_Updates[ 9 / 10]: Loss 0.20546
-- Training of the discriminator, num_Updates[ 10 / 10]: Loss 0.20503
Generation time:  28.1  seconds
###   On generation 35 of 1000
Best best molecule in generation  35
    smile  :  CCCCCCCCCCc1ccccc1
    fitness:  4.203947303219907
    logP   :  5.369800000000005
    sas    :  1.396069915610198
    ringP  :  0
    discrm :  [0.28235915]
-- Training of the discriminator, num_Updates[ 1 / 10]: Loss 0.19735
-- Training of the discriminator, num_Updates[ 2 / 10]: Loss 0.19694
-- Training of the discriminator, num_Updates[ 3 / 10]: Loss 0.19653
-- Training of the discriminator, num_Updates[ 4 / 10]: Loss 0.19611
-- Training of the discriminator, num_Updates[ 5 / 10]: Loss 0.19569
-- Training of the discriminator, num_Updates[ 6 / 10]: Loss 0.19528
-- Training of the discriminator, num_Updates[ 7 / 10]: Loss 0.19488
-- Training of the discriminator, num_Updates[ 8 / 10]: Loss 0.19448
-- Training of the discriminator, num_Updates[ 9 / 10]: Loss 0.19407
-- Training of the discriminator, num_Updates[ 10 / 10]: Loss 0.19366
Generation time:  27.39  seconds
###   On generation 36 of 1000
Best best molecule in generation  36
    smile  :  CCCCCCCCCCc1ccccc1
    fitness:  4.203947303219907
    logP   :  5.369800000000005
    sas    :  1.396069915610198
    ringP  :  0
    discrm :  [0.27830276]
-- Training of the discriminator, num_Updates[ 1 / 10]: Loss 0.20492
-- Training of the discriminator, num_Updates[ 2 / 10]: Loss 0.20442
-- Training of the discriminator, num_Updates[ 3 / 10]: Loss 0.20387
-- Training of the discriminator, num_Updates[ 4 / 10]: Loss 0.20342
-- Training of the discriminator, num_Updates[ 5 / 10]: Loss 0.20309
-- Training of the discriminator, num_Updates[ 6 / 10]: Loss 0.20278
-- Training of the discriminator, num_Updates[ 7 / 10]: Loss 0.20239
-- Training of the discriminator, num_Updates[ 8 / 10]: Loss 0.20191
-- Training of the discriminator, num_Updates[ 9 / 10]: Loss 0.20144
-- Training of the discriminator, num_Updates[ 10 / 10]: Loss 0.20104
Generation time:  28.82  seconds
###   On generation 37 of 1000
Best best molecule in generation  37
    smile  :  CCCCCCCCCCCc1ccccc1
    fitness:  4.429580831960599
    logP   :  5.759900000000005
    sas    :  1.4375207356867108
    ringP  :  0
    discrm :  [0.2748476]
-- Training of the discriminator, num_Updates[ 1 / 10]: Loss 0.19745
-- Training of the discriminator, num_Updates[ 2 / 10]: Loss 0.19711
-- Training of the discriminator, num_Updates[ 3 / 10]: Loss 0.19674
-- Training of the discriminator, num_Updates[ 4 / 10]: Loss 0.19632
-- Training of the discriminator, num_Updates[ 5 / 10]: Loss 0.19589
-- Training of the discriminator, num_Updates[ 6 / 10]: Loss 0.19548
-- Training of the discriminator, num_Updates[ 7 / 10]: Loss 0.19508
-- Training of the discriminator, num_Updates[ 8 / 10]: Loss 0.19468
-- Training of the discriminator, num_Updates[ 9 / 10]: Loss 0.19426
-- Training of the discriminator, num_Updates[ 10 / 10]: Loss 0.19383
Generation time:  27.4  seconds
###   On generation 38 of 1000
Best best molecule in generation  38
    smile  :  CCCCCCCCCCCc1ccccc1
    fitness:  4.429580831960599
    logP   :  5.759900000000005
    sas    :  1.4375207356867108
    ringP  :  0
    discrm :  [0.2708882]
-- Training of the discriminator, num_Updates[ 1 / 10]: Loss 0.19458
-- Training of the discriminator, num_Updates[ 2 / 10]: Loss 0.19327
-- Training of the discriminator, num_Updates[ 3 / 10]: Loss 0.19230
-- Training of the discriminator, num_Updates[ 4 / 10]: Loss 0.19211
-- Training of the discriminator, num_Updates[ 5 / 10]: Loss 0.19226
-- Training of the discriminator, num_Updates[ 6 / 10]: Loss 0.19206
-- Training of the discriminator, num_Updates[ 7 / 10]: Loss 0.19134
-- Training of the discriminator, num_Updates[ 8 / 10]: Loss 0.19047
-- Training of the discriminator, num_Updates[ 9 / 10]: Loss 0.18990
-- Training of the discriminator, num_Updates[ 10 / 10]: Loss 0.18970
Generation time:  29.62  seconds
###   On generation 39 of 1000
Best best molecule in generation  39
    smile  :  CCCCCCCCCCCc1ccccc1
    fitness:  4.429580831960599
    logP   :  5.759900000000005
    sas    :  1.4375207356867108
    ringP  :  0
    discrm :  [0.2663408]
-- Training of the discriminator, num_Updates[ 1 / 10]: Loss 0.19856
-- Training of the discriminator, num_Updates[ 2 / 10]: Loss 0.19814
-- Training of the discriminator, num_Updates[ 3 / 10]: Loss 0.19742
-- Training of the discriminator, num_Updates[ 4 / 10]: Loss 0.19677
-- Training of the discriminator, num_Updates[ 5 / 10]: Loss 0.19640
-- Training of the discriminator, num_Updates[ 6 / 10]: Loss 0.19621
-- Training of the discriminator, num_Updates[ 7 / 10]: Loss 0.19596
-- Training of the discriminator, num_Updates[ 8 / 10]: Loss 0.19552
-- Training of the discriminator, num_Updates[ 9 / 10]: Loss 0.19496
-- Training of the discriminator, num_Updates[ 10 / 10]: Loss 0.19444
Generation time:  28.18  seconds
###   On generation 40 of 1000
Best best molecule in generation  40
    smile  :  CCCCCCCCCCCc1ccccc1
    fitness:  4.429580831960599
    logP   :  5.759900000000005
    sas    :  1.4375207356867108
    ringP  :  0
    discrm :  [0.2621386]
-- Training of the discriminator, num_Updates[ 1 / 10]: Loss 0.19687
-- Training of the discriminator, num_Updates[ 2 / 10]: Loss 0.19643
-- Training of the discriminator, num_Updates[ 3 / 10]: Loss 0.19564
-- Training of the discriminator, num_Updates[ 4 / 10]: Loss 0.19505
-- Training of the discriminator, num_Updates[ 5 / 10]: Loss 0.19484
-- Training of the discriminator, num_Updates[ 6 / 10]: Loss 0.19462
-- Training of the discriminator, num_Updates[ 7 / 10]: Loss 0.19410
-- Training of the discriminator, num_Updates[ 8 / 10]: Loss 0.19346
-- Training of the discriminator, num_Updates[ 9 / 10]: Loss 0.19299
-- Training of the discriminator, num_Updates[ 10 / 10]: Loss 0.19271
Generation time:  29.82  seconds
###   On generation 41 of 1000
Best best molecule in generation  41
    smile  :  CCCCCCCCCCCc1ccccc1
    fitness:  4.429580831960599
    logP   :  5.759900000000005
    sas    :  1.4375207356867108
    ringP  :  0
    discrm :  [0.25842962]
-- Training of the discriminator, num_Updates[ 1 / 10]: Loss 0.19291
-- Training of the discriminator, num_Updates[ 2 / 10]: Loss 0.19230
-- Training of the discriminator, num_Updates[ 3 / 10]: Loss 0.19180
-- Training of the discriminator, num_Updates[ 4 / 10]: Loss 0.19146
-- Training of the discriminator, num_Updates[ 5 / 10]: Loss 0.19114
-- Training of the discriminator, num_Updates[ 6 / 10]: Loss 0.19070
-- Training of the discriminator, num_Updates[ 7 / 10]: Loss 0.19014
-- Training of the discriminator, num_Updates[ 8 / 10]: Loss 0.18961
-- Training of the discriminator, num_Updates[ 9 / 10]: Loss 0.18917
-- Training of the discriminator, num_Updates[ 10 / 10]: Loss 0.18879
Generation time:  29.48  seconds
###   On generation 42 of 1000
Best best molecule in generation  42
    smile  :  CCCCCCCCCCCc1ccccc1
    fitness:  4.429580831960599
    logP   :  5.759900000000005
    sas    :  1.4375207356867108
    ringP  :  0
    discrm :  [0.2549576]
-- Training of the discriminator, num_Updates[ 1 / 10]: Loss 0.19007
-- Training of the discriminator, num_Updates[ 2 / 10]: Loss 0.18967
-- Training of the discriminator, num_Updates[ 3 / 10]: Loss 0.18929
-- Training of the discriminator, num_Updates[ 4 / 10]: Loss 0.18897
-- Training of the discriminator, num_Updates[ 5 / 10]: Loss 0.18869
-- Training of the discriminator, num_Updates[ 6 / 10]: Loss 0.18839
-- Training of the discriminator, num_Updates[ 7 / 10]: Loss 0.18805
-- Training of the discriminator, num_Updates[ 8 / 10]: Loss 0.18768
-- Training of the discriminator, num_Updates[ 9 / 10]: Loss 0.18731
-- Training of the discriminator, num_Updates[ 10 / 10]: Loss 0.18698
Generation time:  29.35  seconds
###   On generation 43 of 1000
Best best molecule in generation  43
    smile  :  CCCCCCCCCCCSc1ccccc1
    fitness:  4.487383673539834
    logP   :  6.309500000000006
    sas    :  1.7119576611152816
    ringP  :  0
    discrm :  [0.25477937]
-- Training of the discriminator, num_Updates[ 1 / 10]: Loss 0.17946
-- Training of the discriminator, num_Updates[ 2 / 10]: Loss 0.17916
-- Training of the discriminator, num_Updates[ 3 / 10]: Loss 0.17886
-- Training of the discriminator, num_Updates[ 4 / 10]: Loss 0.17855
-- Training of the discriminator, num_Updates[ 5 / 10]: Loss 0.17822
-- Training of the discriminator, num_Updates[ 6 / 10]: Loss 0.17789
-- Training of the discriminator, num_Updates[ 7 / 10]: Loss 0.17758
-- Training of the discriminator, num_Updates[ 8 / 10]: Loss 0.17727
-- Training of the discriminator, num_Updates[ 9 / 10]: Loss 0.17697
-- Training of the discriminator, num_Updates[ 10 / 10]: Loss 0.17665
Generation time:  28.68  seconds
###   On generation 44 of 1000
Best best molecule in generation  44
    smile  :  CCCCCCCCCCCSc1ccccc1
    fitness:  4.487383673539834
    logP   :  6.309500000000006
    sas    :  1.7119576611152816
    ringP  :  0
    discrm :  [0.2508619]
-- Training of the discriminator, num_Updates[ 1 / 10]: Loss 0.18652
-- Training of the discriminator, num_Updates[ 2 / 10]: Loss 0.18585
-- Training of the discriminator, num_Updates[ 3 / 10]: Loss 0.18519
-- Training of the discriminator, num_Updates[ 4 / 10]: Loss 0.18485
-- Training of the discriminator, num_Updates[ 5 / 10]: Loss 0.18468
-- Training of the discriminator, num_Updates[ 6 / 10]: Loss 0.18437
-- Training of the discriminator, num_Updates[ 7 / 10]: Loss 0.18382
-- Training of the discriminator, num_Updates[ 8 / 10]: Loss 0.18321
-- Training of the discriminator, num_Updates[ 9 / 10]: Loss 0.18275
-- Training of the discriminator, num_Updates[ 10 / 10]: Loss 0.18244
Generation time:  30.86  seconds
###   On generation 45 of 1000
Best best molecule in generation  45
    smile  :  CCCCCCCCCCCSc1ccccc1
    fitness:  4.487383673539834
    logP   :  6.309500000000006
    sas    :  1.7119576611152816
    ringP  :  0
    discrm :  [0.24689561]
-- Training of the discriminator, num_Updates[ 1 / 10]: Loss 0.17287
-- Training of the discriminator, num_Updates[ 2 / 10]: Loss 0.17212
-- Training of the discriminator, num_Updates[ 3 / 10]: Loss 0.17161
-- Training of the discriminator, num_Updates[ 4 / 10]: Loss 0.17146
-- Training of the discriminator, num_Updates[ 5 / 10]: Loss 0.17136
-- Training of the discriminator, num_Updates[ 6 / 10]: Loss 0.17096
-- Training of the discriminator, num_Updates[ 7 / 10]: Loss 0.17038
-- Training of the discriminator, num_Updates[ 8 / 10]: Loss 0.16992
-- Training of the discriminator, num_Updates[ 9 / 10]: Loss 0.16967
-- Training of the discriminator, num_Updates[ 10 / 10]: Loss 0.16947
Generation time:  30.79  seconds
###   On generation 46 of 1000
Best best molecule in generation  46
    smile  :  CCCCCCCCCCCSc1ccccc1
    fitness:  4.487383673539834
    logP   :  6.309500000000006
    sas    :  1.7119576611152816
    ringP  :  0
    discrm :  [0.2437754]
-- Training of the discriminator, num_Updates[ 1 / 10]: Loss 0.17260
-- Training of the discriminator, num_Updates[ 2 / 10]: Loss 0.17206
-- Training of the discriminator, num_Updates[ 3 / 10]: Loss 0.17156
-- Training of the discriminator, num_Updates[ 4 / 10]: Loss 0.17126
-- Training of the discriminator, num_Updates[ 5 / 10]: Loss 0.17107
-- Training of the discriminator, num_Updates[ 6 / 10]: Loss 0.17074
-- Training of the discriminator, num_Updates[ 7 / 10]: Loss 0.17027
-- Training of the discriminator, num_Updates[ 8 / 10]: Loss 0.16983
-- Training of the discriminator, num_Updates[ 9 / 10]: Loss 0.16952
-- Training of the discriminator, num_Updates[ 10 / 10]: Loss 0.16926
Generation time:  29.49  seconds
###   On generation 47 of 1000
Best best molecule in generation  47
    smile  :  CCCCCCCCCCCCc1ccccc1
    fitness:  4.656743197525968
    logP   :  6.150000000000007
    sas    :  1.4777016378932224
    ringP  :  0
    discrm :  [0.2382936]
-- Training of the discriminator, num_Updates[ 1 / 10]: Loss 0.16733
-- Training of the discriminator, num_Updates[ 2 / 10]: Loss 0.16682
-- Training of the discriminator, num_Updates[ 3 / 10]: Loss 0.16629
-- Training of the discriminator, num_Updates[ 4 / 10]: Loss 0.16591
-- Training of the discriminator, num_Updates[ 5 / 10]: Loss 0.16569
-- Training of the discriminator, num_Updates[ 6 / 10]: Loss 0.16553
-- Training of the discriminator, num_Updates[ 7 / 10]: Loss 0.16530
-- Training of the discriminator, num_Updates[ 8 / 10]: Loss 0.16496
-- Training of the discriminator, num_Updates[ 9 / 10]: Loss 0.16455
-- Training of the discriminator, num_Updates[ 10 / 10]: Loss 0.16415
Generation time:  31.69  seconds
###   On generation 48 of 1000
Best best molecule in generation  48
    smile  :  CCCCCCCCCCCCc1ccccc1
    fitness:  4.656743197525968
    logP   :  6.150000000000007
    sas    :  1.4777016378932224
    ringP  :  0
    discrm :  [0.23501867]
-- Training of the discriminator, num_Updates[ 1 / 10]: Loss 0.16493
-- Training of the discriminator, num_Updates[ 2 / 10]: Loss 0.16429
-- Training of the discriminator, num_Updates[ 3 / 10]: Loss 0.16386
-- Training of the discriminator, num_Updates[ 4 / 10]: Loss 0.16371
-- Training of the discriminator, num_Updates[ 5 / 10]: Loss 0.16365
-- Training of the discriminator, num_Updates[ 6 / 10]: Loss 0.16346
-- Training of the discriminator, num_Updates[ 7 / 10]: Loss 0.16307
-- Training of the discriminator, num_Updates[ 8 / 10]: Loss 0.16257
-- Training of the discriminator, num_Updates[ 9 / 10]: Loss 0.16214
-- Training of the discriminator, num_Updates[ 10 / 10]: Loss 0.16184
Generation time:  30.7  seconds
###   On generation 49 of 1000
Best best molecule in generation  49
    smile  :  CCCCCCCCCc1ccccc1-c1ccccc1
    fitness:  4.867133933140206
    logP   :  6.646700000000006
    sas    :  1.594356027380062
    ringP  :  0
    discrm :  [0.23319116]
-- Training of the discriminator, num_Updates[ 1 / 10]: Loss 0.16337
-- Training of the discriminator, num_Updates[ 2 / 10]: Loss 0.16282
-- Training of the discriminator, num_Updates[ 3 / 10]: Loss 0.16261
-- Training of the discriminator, num_Updates[ 4 / 10]: Loss 0.16257
-- Training of the discriminator, num_Updates[ 5 / 10]: Loss 0.16240
-- Training of the discriminator, num_Updates[ 6 / 10]: Loss 0.16199
-- Training of the discriminator, num_Updates[ 7 / 10]: Loss 0.16151
-- Training of the discriminator, num_Updates[ 8 / 10]: Loss 0.16116
-- Training of the discriminator, num_Updates[ 9 / 10]: Loss 0.16098
-- Training of the discriminator, num_Updates[ 10 / 10]: Loss 0.16082
Generation time:  30.75  seconds
###   On generation 50 of 1000
Best best molecule in generation  50
    smile  :  CCCCCCCCCc1ccccc1-c1ccccc1
    fitness:  4.867133933140206
    logP   :  6.646700000000006
    sas    :  1.594356027380062
    ringP  :  0
    discrm :  [0.23005584]
-- Training of the discriminator, num_Updates[ 1 / 10]: Loss 0.16014
-- Training of the discriminator, num_Updates[ 2 / 10]: Loss 0.15973
-- Training of the discriminator, num_Updates[ 3 / 10]: Loss 0.15936
-- Training of the discriminator, num_Updates[ 4 / 10]: Loss 0.15909
-- Training of the discriminator, num_Updates[ 5 / 10]: Loss 0.15888
-- Training of the discriminator, num_Updates[ 6 / 10]: Loss 0.15862
-- Training of the discriminator, num_Updates[ 7 / 10]: Loss 0.15829
-- Training of the discriminator, num_Updates[ 8 / 10]: Loss 0.15793
-- Training of the discriminator, num_Updates[ 9 / 10]: Loss 0.15761
-- Training of the discriminator, num_Updates[ 10 / 10]: Loss 0.15734
Generation time:  30.35  seconds
###   On generation 51 of 1000
Best best molecule in generation  51
    smile  :  CCCCCCCCCCc1ccccc1-c1ccccc1
    fitness:  5.098071613266923
    logP   :  7.036800000000007
    sas    :  1.6314009903228506
    ringP  :  0
    discrm :  [0.2267663]
-- Training of the discriminator, num_Updates[ 1 / 10]: Loss 0.15794
-- Training of the discriminator, num_Updates[ 2 / 10]: Loss 0.15766
-- Training of the discriminator, num_Updates[ 3 / 10]: Loss 0.15737
-- Training of the discriminator, num_Updates[ 4 / 10]: Loss 0.15706
-- Training of the discriminator, num_Updates[ 5 / 10]: Loss 0.15676
-- Training of the discriminator, num_Updates[ 6 / 10]: Loss 0.15647
-- Training of the discriminator, num_Updates[ 7 / 10]: Loss 0.15618
-- Training of the discriminator, num_Updates[ 8 / 10]: Loss 0.15588
-- Training of the discriminator, num_Updates[ 9 / 10]: Loss 0.15558
-- Training of the discriminator, num_Updates[ 10 / 10]: Loss 0.15528
Generation time:  31.7  seconds
###   On generation 52 of 1000
Best best molecule in generation  52
    smile  :  CCCCCCCCCCc1ccccc1-c1ccccc1
    fitness:  5.098071613266923
    logP   :  7.036800000000007
    sas    :  1.6314009903228506
    ringP  :  0
    discrm :  [0.22386509]
-- Training of the discriminator, num_Updates[ 1 / 10]: Loss 0.16625
-- Training of the discriminator, num_Updates[ 2 / 10]: Loss 0.16587
-- Training of the discriminator, num_Updates[ 3 / 10]: Loss 0.16558
-- Training of the discriminator, num_Updates[ 4 / 10]: Loss 0.16538
-- Training of the discriminator, num_Updates[ 5 / 10]: Loss 0.16511
-- Training of the discriminator, num_Updates[ 6 / 10]: Loss 0.16474
-- Training of the discriminator, num_Updates[ 7 / 10]: Loss 0.16438
-- Training of the discriminator, num_Updates[ 8 / 10]: Loss 0.16408
-- Training of the discriminator, num_Updates[ 9 / 10]: Loss 0.16381
-- Training of the discriminator, num_Updates[ 10 / 10]: Loss 0.16347
Generation time:  30.44  seconds
###   On generation 53 of 1000
Best best molecule in generation  53
    smile  :  CCCCCCCCCCc1ccccc1-c1ccccc1
    fitness:  5.098071613266923
    logP   :  7.036800000000007
    sas    :  1.6314009903228506
    ringP  :  0
    discrm :  [0.22104031]
-- Training of the discriminator, num_Updates[ 1 / 10]: Loss 0.15798
-- Training of the discriminator, num_Updates[ 2 / 10]: Loss 0.15708
-- Training of the discriminator, num_Updates[ 3 / 10]: Loss 0.15598
-- Training of the discriminator, num_Updates[ 4 / 10]: Loss 0.15540
-- Training of the discriminator, num_Updates[ 5 / 10]: Loss 0.15546
-- Training of the discriminator, num_Updates[ 6 / 10]: Loss 0.15566
-- Training of the discriminator, num_Updates[ 7 / 10]: Loss 0.15544
-- Training of the discriminator, num_Updates[ 8 / 10]: Loss 0.15478
-- Training of the discriminator, num_Updates[ 9 / 10]: Loss 0.15405
-- Training of the discriminator, num_Updates[ 10 / 10]: Loss 0.15364
Generation time:  30.73  seconds
###   On generation 54 of 1000
Best best molecule in generation  54
    smile  :  CCCCCCCCCC1=CC=CC1=Cc1ccccc1-c1ccccc1
    fitness:  5.150391148720749
    logP   :  8.373900000000006
    sas    :  2.372419038761098
    ringP  :  0
    discrm :  [0.21805012]
-- Training of the discriminator, num_Updates[ 1 / 10]: Loss 0.15524
-- Training of the discriminator, num_Updates[ 2 / 10]: Loss 0.15524
-- Training of the discriminator, num_Updates[ 3 / 10]: Loss 0.15488
-- Training of the discriminator, num_Updates[ 4 / 10]: Loss 0.15430
-- Training of the discriminator, num_Updates[ 5 / 10]: Loss 0.15381
-- Training of the discriminator, num_Updates[ 6 / 10]: Loss 0.15356
-- Training of the discriminator, num_Updates[ 7 / 10]: Loss 0.15347
-- Training of the discriminator, num_Updates[ 8 / 10]: Loss 0.15335
-- Training of the discriminator, num_Updates[ 9 / 10]: Loss 0.15309
-- Training of the discriminator, num_Updates[ 10 / 10]: Loss 0.15269
Generation time:  32.41  seconds
###   On generation 55 of 1000
Best best molecule in generation  55
    smile  :  CCCCCCCCC(C)=CC=Cc1ccccc1-c1ccccc1
    fitness:  5.185522735700477
    logP   :  8.063700000000008
    sas    :  2.1612428062504048
    ringP  :  0
    discrm :  [0.21471408]
-- Training of the discriminator, num_Updates[ 1 / 10]: Loss 0.15077
-- Training of the discriminator, num_Updates[ 2 / 10]: Loss 0.15053
-- Training of the discriminator, num_Updates[ 3 / 10]: Loss 0.15037
-- Training of the discriminator, num_Updates[ 4 / 10]: Loss 0.15019
-- Training of the discriminator, num_Updates[ 5 / 10]: Loss 0.14991
-- Training of the discriminator, num_Updates[ 6 / 10]: Loss 0.14956
-- Training of the discriminator, num_Updates[ 7 / 10]: Loss 0.14925
-- Training of the discriminator, num_Updates[ 8 / 10]: Loss 0.14901
-- Training of the discriminator, num_Updates[ 9 / 10]: Loss 0.14880
-- Training of the discriminator, num_Updates[ 10 / 10]: Loss 0.14856
Generation time:  33.59  seconds
###   On generation 56 of 1000
Best best molecule in generation  56
    smile  :  CCCCCCCCCCCC=CC=Cc1ccccc1-c1ccccc1
    fitness:  5.732651820422373
    logP   :  8.843900000000003
    sas    :  2.1645173079918667
    ringP  :  0
    discrm :  [0.21189933]
-- Training of the discriminator, num_Updates[ 1 / 10]: Loss 0.14702
-- Training of the discriminator, num_Updates[ 2 / 10]: Loss 0.14518
-- Training of the discriminator, num_Updates[ 3 / 10]: Loss 0.14306
-- Training of the discriminator, num_Updates[ 4 / 10]: Loss 0.14175
-- Training of the discriminator, num_Updates[ 5 / 10]: Loss 0.14194
-- Training of the discriminator, num_Updates[ 6 / 10]: Loss 0.14316
-- Training of the discriminator, num_Updates[ 7 / 10]: Loss 0.14346
-- Training of the discriminator, num_Updates[ 8 / 10]: Loss 0.14217
-- Training of the discriminator, num_Updates[ 9 / 10]: Loss 0.14080
-- Training of the discriminator, num_Updates[ 10 / 10]: Loss 0.14029
Generation time:  33.48  seconds
###   On generation 57 of 1000
Best best molecule in generation  57
    smile  :  CCCCCCCCC(C)=CC=Cc1ccccc1-c1ccccc1
    fitness:  5.185522735700477
    logP   :  8.063700000000008
    sas    :  2.1612428062504048
    ringP  :  0
    discrm :  [0.20969167]
-- Training of the discriminator, num_Updates[ 1 / 10]: Loss 0.14341
-- Training of the discriminator, num_Updates[ 2 / 10]: Loss 0.14306
-- Training of the discriminator, num_Updates[ 3 / 10]: Loss 0.14320
-- Training of the discriminator, num_Updates[ 4 / 10]: Loss 0.14339
-- Training of the discriminator, num_Updates[ 5 / 10]: Loss 0.14322
-- Training of the discriminator, num_Updates[ 6 / 10]: Loss 0.14265
-- Training of the discriminator, num_Updates[ 7 / 10]: Loss 0.14195
-- Training of the discriminator, num_Updates[ 8 / 10]: Loss 0.14143
-- Training of the discriminator, num_Updates[ 9 / 10]: Loss 0.14121
-- Training of the discriminator, num_Updates[ 10 / 10]: Loss 0.14116
Generation time:  32.22  seconds
###   On generation 58 of 1000
Best best molecule in generation  58
    smile  :  CCCCCCCCC=CC=CC=CCCc1ccccc1-c1ccccc1
    fitness:  5.356308758314926
    logP   :  8.705400000000004
    sas    :  2.3958661174152116
    ringP  :  0
    discrm :  [0.20691827]
-- Training of the discriminator, num_Updates[ 1 / 10]: Loss 0.14495
-- Training of the discriminator, num_Updates[ 2 / 10]: Loss 0.14462
-- Training of the discriminator, num_Updates[ 3 / 10]: Loss 0.14431
-- Training of the discriminator, num_Updates[ 4 / 10]: Loss 0.14402
-- Training of the discriminator, num_Updates[ 5 / 10]: Loss 0.14372
-- Training of the discriminator, num_Updates[ 6 / 10]: Loss 0.14340
-- Training of the discriminator, num_Updates[ 7 / 10]: Loss 0.14305
-- Training of the discriminator, num_Updates[ 8 / 10]: Loss 0.14269
-- Training of the discriminator, num_Updates[ 9 / 10]: Loss 0.14232
-- Training of the discriminator, num_Updates[ 10 / 10]: Loss 0.14198
Generation time:  32.67  seconds
###   On generation 59 of 1000
Best best molecule in generation  59
    smile  :  CCCCCCCCC=CC=CC=CCCc1ccccc1-c1ccccc1
    fitness:  5.356308758314926
    logP   :  8.705400000000004
    sas    :  2.3958661174152116
    ringP  :  0
    discrm :  [0.20439644]
-- Training of the discriminator, num_Updates[ 1 / 10]: Loss 0.13763
-- Training of the discriminator, num_Updates[ 2 / 10]: Loss 0.13732
-- Training of the discriminator, num_Updates[ 3 / 10]: Loss 0.13695
-- Training of the discriminator, num_Updates[ 4 / 10]: Loss 0.13658
-- Training of the discriminator, num_Updates[ 5 / 10]: Loss 0.13626
-- Training of the discriminator, num_Updates[ 6 / 10]: Loss 0.13600
-- Training of the discriminator, num_Updates[ 7 / 10]: Loss 0.13576
-- Training of the discriminator, num_Updates[ 8 / 10]: Loss 0.13548
-- Training of the discriminator, num_Updates[ 9 / 10]: Loss 0.13516
-- Training of the discriminator, num_Updates[ 10 / 10]: Loss 0.13481
Generation time:  30.49  seconds
###   On generation 60 of 1000
Best best molecule in generation  60
    smile  :  CCCCCCCCC1=C=CC=C1C=CC=CC=C=CC=CC=CCCCc1ccccc1-c1ccccc1
    fitness:  5.587745877030592
    logP   :  11.384499999999987
    sas    :  3.7754531128753896
    ringP  :  0
    discrm :  [0.20175919]
-- Training of the discriminator, num_Updates[ 1 / 10]: Loss 0.13417
-- Training of the discriminator, num_Updates[ 2 / 10]: Loss 0.13388
-- Training of the discriminator, num_Updates[ 3 / 10]: Loss 0.13362
-- Training of the discriminator, num_Updates[ 4 / 10]: Loss 0.13335
-- Training of the discriminator, num_Updates[ 5 / 10]: Loss 0.13306
-- Training of the discriminator, num_Updates[ 6 / 10]: Loss 0.13275
-- Training of the discriminator, num_Updates[ 7 / 10]: Loss 0.13244
-- Training of the discriminator, num_Updates[ 8 / 10]: Loss 0.13213
-- Training of the discriminator, num_Updates[ 9 / 10]: Loss 0.13184
-- Training of the discriminator, num_Updates[ 10 / 10]: Loss 0.13157
Generation time:  34.52  seconds
###   On generation 61 of 1000
Best best molecule in generation  61
    smile  :  CCCCCCCCC1=C=CC=C1C=CC=CC=C=CC=CC=CCCCc1ccccc1-c1ccccc1
    fitness:  5.587745877030592
    logP   :  11.384499999999987
    sas    :  3.7754531128753896
    ringP  :  0
    discrm :  [0.1992033]
-- Training of the discriminator, num_Updates[ 1 / 10]: Loss 0.13083
-- Training of the discriminator, num_Updates[ 2 / 10]: Loss 0.12953
-- Training of the discriminator, num_Updates[ 3 / 10]: Loss 0.12831
-- Training of the discriminator, num_Updates[ 4 / 10]: Loss 0.12790
-- Training of the discriminator, num_Updates[ 5 / 10]: Loss 0.12812
-- Training of the discriminator, num_Updates[ 6 / 10]: Loss 0.12843
-- Training of the discriminator, num_Updates[ 7 / 10]: Loss 0.12840
-- Training of the discriminator, num_Updates[ 8 / 10]: Loss 0.12793
-- Training of the discriminator, num_Updates[ 9 / 10]: Loss 0.12724
-- Training of the discriminator, num_Updates[ 10 / 10]: Loss 0.12663
Generation time:  35.76  seconds
###   On generation 62 of 1000
Best best molecule in generation  62
    smile  :  CCCCCCCCC1=C=CC=C1C=CC=CC=C=CC=CC=CCCCc1ccccc1-c1ccccc1
    fitness:  5.587745877030592
    logP   :  11.384499999999987
    sas    :  3.7754531128753896
    ringP  :  0
    discrm :  [0.19644721]
-- Training of the discriminator, num_Updates[ 1 / 10]: Loss 0.13276
-- Training of the discriminator, num_Updates[ 2 / 10]: Loss 0.13244
-- Training of the discriminator, num_Updates[ 3 / 10]: Loss 0.13240
-- Training of the discriminator, num_Updates[ 4 / 10]: Loss 0.13245
-- Training of the discriminator, num_Updates[ 5 / 10]: Loss 0.13234
-- Training of the discriminator, num_Updates[ 6 / 10]: Loss 0.13199
-- Training of the discriminator, num_Updates[ 7 / 10]: Loss 0.13151
-- Training of the discriminator, num_Updates[ 8 / 10]: Loss 0.13109
-- Training of the discriminator, num_Updates[ 9 / 10]: Loss 0.13082
-- Training of the discriminator, num_Updates[ 10 / 10]: Loss 0.13066
Generation time:  31.89  seconds
###   On generation 63 of 1000
Best best molecule in generation  63
    smile  :  CCCCCCCCCC(F)=CC(C)=CC=CC=CC1=CC=CC1=Cc1cc(C)cc2ccccc12
    fitness:  5.850179825225155
    logP   :  11.080619999999987
    sas    :  3.37917767159348
    ringP  :  0
    discrm :  [0.19439906]
-- Training of the discriminator, num_Updates[ 1 / 10]: Loss 0.13177
-- Training of the discriminator, num_Updates[ 2 / 10]: Loss 0.13146
-- Training of the discriminator, num_Updates[ 3 / 10]: Loss 0.13083
-- Training of the discriminator, num_Updates[ 4 / 10]: Loss 0.13020
-- Training of the discriminator, num_Updates[ 5 / 10]: Loss 0.12983
-- Training of the discriminator, num_Updates[ 6 / 10]: Loss 0.12978
-- Training of the discriminator, num_Updates[ 7 / 10]: Loss 0.12983
-- Training of the discriminator, num_Updates[ 8 / 10]: Loss 0.12967
-- Training of the discriminator, num_Updates[ 9 / 10]: Loss 0.12926
-- Training of the discriminator, num_Updates[ 10 / 10]: Loss 0.12880
Generation time:  35.22  seconds
###   On generation 64 of 1000
Best best molecule in generation  64
    smile  :  CCCCCCCCC(C)=CC=CC=CC=CC=Cc1ccccc1-c1ccccc1
    fitness:  5.725870049723734
    logP   :  9.732299999999997
    sas    :  2.691375047642973
    ringP  :  0
    discrm :  [0.19176319]
