nohup: ignoring input
wandb: Currently logged in as: kjappelbaum (use `wandb login --relogin` to force relogin)
wandb: wandb version 0.10.14 is available!  To upgrade, please run:
wandb:  $ pip install wandb --upgrade
wandb: Tracking run with wandb version 0.10.12
wandb: Syncing run youthful-sea-1877
wandb: ⭐️ View project at https://wandb.ai/kjappelbaum/ga_replication_study
wandb: 🚀 View run at https://wandb.ai/kjappelbaum/ga_replication_study/runs/15gufswn
wandb: Run data is saved locally in /home/kevin/Documents/ga_replication/selfies_ga_nn_replication/wandb/run-20210123_165733-15gufswn
wandb: Run `wandb offline` to turn off syncing.
###   On generation 1 of 500
Best best molecule in generation  1
    smile  :  C
    fitness:  -6.281431695634691
    logP   :  0.6361
    sas    :  7.3284153846153846
    ringP  :  0
    discrm :  [0.]
/home/kevin/anaconda3/envs/ga_replication/lib/python3.8/site-packages/torch/nn/functional.py:1351: UserWarning: nn.functional.sigmoid is deprecated. Use torch.sigmoid instead.
  warnings.warn("nn.functional.sigmoid is deprecated. Use torch.sigmoid instead.")
/home/kevin/anaconda3/envs/ga_replication/lib/python3.8/site-packages/torch/nn/modules/loss.py:498: UserWarning: Using a target size (torch.Size([1000])) that is different to the input size (torch.Size([1000, 1])) is deprecated. Please ensure they have the same size.
  return F.binary_cross_entropy(input, target, weight=self.weight, reduction=self.reduction)
-- Training of the discriminator, num_Updates[ 1 / 10]: Loss 0.69785
-- Training of the discriminator, num_Updates[ 2 / 10]: Loss 0.69364
-- Training of the discriminator, num_Updates[ 3 / 10]: Loss 0.68953
-- Training of the discriminator, num_Updates[ 4 / 10]: Loss 0.68552
-- Training of the discriminator, num_Updates[ 5 / 10]: Loss 0.68118
-- Training of the discriminator, num_Updates[ 6 / 10]: Loss 0.67732
-- Training of the discriminator, num_Updates[ 7 / 10]: Loss 0.67349
-- Training of the discriminator, num_Updates[ 8 / 10]: Loss 0.66968
-- Training of the discriminator, num_Updates[ 9 / 10]: Loss 0.66575
-- Training of the discriminator, num_Updates[ 10 / 10]: Loss 0.66201
Generation time:  8.68  seconds
###   On generation 2 of 500
Best best molecule in generation  2
    smile  :  CC
    fitness:  -0.5421445881975577
    logP   :  1.0262
    sas    :  2.7475679189493913
    ringP  :  0
    discrm :  [0.5106836]
-- Training of the discriminator, num_Updates[ 1 / 10]: Loss 0.66459
-- Training of the discriminator, num_Updates[ 2 / 10]: Loss 0.66157
-- Training of the discriminator, num_Updates[ 3 / 10]: Loss 0.65848
-- Training of the discriminator, num_Updates[ 4 / 10]: Loss 0.65560
-- Training of the discriminator, num_Updates[ 5 / 10]: Loss 0.65281
-- Training of the discriminator, num_Updates[ 6 / 10]: Loss 0.64990
-- Training of the discriminator, num_Updates[ 7 / 10]: Loss 0.64710
-- Training of the discriminator, num_Updates[ 8 / 10]: Loss 0.64422
-- Training of the discriminator, num_Updates[ 9 / 10]: Loss 0.64136
-- Training of the discriminator, num_Updates[ 10 / 10]: Loss 0.63837
Generation time:  14.97  seconds
###   On generation 3 of 500
Best best molecule in generation  3
    smile  :  C1=CCC1
    fitness:  0.5055157211234609
    logP   :  1.3364
    sas    :  2.058307661852597
    ringP  :  0
    discrm :  [0.5229969]
-- Training of the discriminator, num_Updates[ 1 / 10]: Loss 0.64948
-- Training of the discriminator, num_Updates[ 2 / 10]: Loss 0.64705
-- Training of the discriminator, num_Updates[ 3 / 10]: Loss 0.64456
-- Training of the discriminator, num_Updates[ 4 / 10]: Loss 0.64199
-- Training of the discriminator, num_Updates[ 5 / 10]: Loss 0.63932
-- Training of the discriminator, num_Updates[ 6 / 10]: Loss 0.63660
-- Training of the discriminator, num_Updates[ 7 / 10]: Loss 0.63385
-- Training of the discriminator, num_Updates[ 8 / 10]: Loss 0.63096
-- Training of the discriminator, num_Updates[ 9 / 10]: Loss 0.62802
-- Training of the discriminator, num_Updates[ 10 / 10]: Loss 0.62500
Generation time:  17.63  seconds
###   On generation 4 of 500
Best best molecule in generation  4
    smile  :  Cc1ccccc1
    fitness:  2.2446018245090276
    logP   :  1.99502
    sas    :  1.0
    ringP  :  0
    discrm :  [0.52492535]
-- Training of the discriminator, num_Updates[ 1 / 10]: Loss 0.62844
-- Training of the discriminator, num_Updates[ 2 / 10]: Loss 0.62536
-- Training of the discriminator, num_Updates[ 3 / 10]: Loss 0.62223
-- Training of the discriminator, num_Updates[ 4 / 10]: Loss 0.61903
-- Training of the discriminator, num_Updates[ 5 / 10]: Loss 0.61576
-- Training of the discriminator, num_Updates[ 6 / 10]: Loss 0.61243
-- Training of the discriminator, num_Updates[ 7 / 10]: Loss 0.60905
-- Training of the discriminator, num_Updates[ 8 / 10]: Loss 0.60561
-- Training of the discriminator, num_Updates[ 9 / 10]: Loss 0.60211
-- Training of the discriminator, num_Updates[ 10 / 10]: Loss 0.59855
Generation time:  21.2  seconds
###   On generation 5 of 500
Best best molecule in generation  5
    smile  :  Cc1ccccc1
    fitness:  2.2476889800299436
    logP   :  1.99502
    sas    :  1.0
    ringP  :  0
    discrm :  [0.4940538]
-- Training of the discriminator, num_Updates[ 1 / 10]: Loss 0.59685
-- Training of the discriminator, num_Updates[ 2 / 10]: Loss 0.59314
-- Training of the discriminator, num_Updates[ 3 / 10]: Loss 0.58931
-- Training of the discriminator, num_Updates[ 4 / 10]: Loss 0.58542
-- Training of the discriminator, num_Updates[ 5 / 10]: Loss 0.58141
-- Training of the discriminator, num_Updates[ 6 / 10]: Loss 0.57730
-- Training of the discriminator, num_Updates[ 7 / 10]: Loss 0.57310
-- Training of the discriminator, num_Updates[ 8 / 10]: Loss 0.56881
-- Training of the discriminator, num_Updates[ 9 / 10]: Loss 0.56443
-- Training of the discriminator, num_Updates[ 10 / 10]: Loss 0.55996
Generation time:  22.24  seconds
###   On generation 6 of 500
Best best molecule in generation  6
    smile  :  Cc1ccccc1
    fitness:  2.250096303599003
    logP   :  1.99502
    sas    :  1.0
    ringP  :  0
    discrm :  [0.46998057]
-- Training of the discriminator, num_Updates[ 1 / 10]: Loss 0.55797
-- Training of the discriminator, num_Updates[ 2 / 10]: Loss 0.55336
-- Training of the discriminator, num_Updates[ 3 / 10]: Loss 0.54867
-- Training of the discriminator, num_Updates[ 4 / 10]: Loss 0.54389
-- Training of the discriminator, num_Updates[ 5 / 10]: Loss 0.53904
-- Training of the discriminator, num_Updates[ 6 / 10]: Loss 0.53411
-- Training of the discriminator, num_Updates[ 7 / 10]: Loss 0.52910
-- Training of the discriminator, num_Updates[ 8 / 10]: Loss 0.52402
-- Training of the discriminator, num_Updates[ 9 / 10]: Loss 0.51887
-- Training of the discriminator, num_Updates[ 10 / 10]: Loss 0.51366
Generation time:  19.54  seconds
###   On generation 7 of 500
Best best molecule in generation  7
    smile  :  Cc1ccccc1
    fitness:  2.252280839907053
    logP   :  1.99502
    sas    :  1.0
    ringP  :  0
    discrm :  [0.4481352]
-- Training of the discriminator, num_Updates[ 1 / 10]: Loss 0.50922
-- Training of the discriminator, num_Updates[ 2 / 10]: Loss 0.50397
-- Training of the discriminator, num_Updates[ 3 / 10]: Loss 0.49870
-- Training of the discriminator, num_Updates[ 4 / 10]: Loss 0.49341
-- Training of the discriminator, num_Updates[ 5 / 10]: Loss 0.48811
-- Training of the discriminator, num_Updates[ 6 / 10]: Loss 0.48282
-- Training of the discriminator, num_Updates[ 7 / 10]: Loss 0.47754
-- Training of the discriminator, num_Updates[ 8 / 10]: Loss 0.47228
-- Training of the discriminator, num_Updates[ 9 / 10]: Loss 0.46705
-- Training of the discriminator, num_Updates[ 10 / 10]: Loss 0.46184
Generation time:  21.74  seconds
###   On generation 8 of 500
Best best molecule in generation  8
    smile  :  Cc1ccccc1
    fitness:  2.255264071004513
    logP   :  1.99502
    sas    :  1.0
    ringP  :  0
    discrm :  [0.4183029]
-- Training of the discriminator, num_Updates[ 1 / 10]: Loss 0.46608
-- Training of the discriminator, num_Updates[ 2 / 10]: Loss 0.46093
-- Training of the discriminator, num_Updates[ 3 / 10]: Loss 0.45583
-- Training of the discriminator, num_Updates[ 4 / 10]: Loss 0.45077
-- Training of the discriminator, num_Updates[ 5 / 10]: Loss 0.44576
-- Training of the discriminator, num_Updates[ 6 / 10]: Loss 0.44079
-- Training of the discriminator, num_Updates[ 7 / 10]: Loss 0.43586
-- Training of the discriminator, num_Updates[ 8 / 10]: Loss 0.43096
-- Training of the discriminator, num_Updates[ 9 / 10]: Loss 0.42611
-- Training of the discriminator, num_Updates[ 10 / 10]: Loss 0.42131
Generation time:  20.29  seconds
###   On generation 9 of 500
Best best molecule in generation  9
    smile  :  Cc1ccccc1
    fitness:  2.258779571579817
    logP   :  1.99502
    sas    :  1.0
    ringP  :  0
    discrm :  [0.3831479]
-- Training of the discriminator, num_Updates[ 1 / 10]: Loss 0.41503
-- Training of the discriminator, num_Updates[ 2 / 10]: Loss 0.41028
-- Training of the discriminator, num_Updates[ 3 / 10]: Loss 0.40555
-- Training of the discriminator, num_Updates[ 4 / 10]: Loss 0.40089
-- Training of the discriminator, num_Updates[ 5 / 10]: Loss 0.39630
-- Training of the discriminator, num_Updates[ 6 / 10]: Loss 0.39176
-- Training of the discriminator, num_Updates[ 7 / 10]: Loss 0.38726
-- Training of the discriminator, num_Updates[ 8 / 10]: Loss 0.38279
-- Training of the discriminator, num_Updates[ 9 / 10]: Loss 0.37839
-- Training of the discriminator, num_Updates[ 10 / 10]: Loss 0.37407
Generation time:  20.03  seconds
###   On generation 10 of 500
Best best molecule in generation  10
    smile  :  CC=CC=C1C=CC=C1C=CCCCC=CC=C=CC=CC=C=CCC=C1C=CC=C1
    fitness:  2.5164735688908864
    logP   :  8.689100000000002
    sas    :  4.695604874170959
    ringP  :  0
    discrm :  [0.59698004]
-- Training of the discriminator, num_Updates[ 1 / 10]: Loss 0.38248
-- Training of the discriminator, num_Updates[ 2 / 10]: Loss 0.37794
-- Training of the discriminator, num_Updates[ 3 / 10]: Loss 0.37332
-- Training of the discriminator, num_Updates[ 4 / 10]: Loss 0.36889
-- Training of the discriminator, num_Updates[ 5 / 10]: Loss 0.36482
-- Training of the discriminator, num_Updates[ 6 / 10]: Loss 0.36102
-- Training of the discriminator, num_Updates[ 7 / 10]: Loss 0.35720
-- Training of the discriminator, num_Updates[ 8 / 10]: Loss 0.35322
-- Training of the discriminator, num_Updates[ 9 / 10]: Loss 0.34914
-- Training of the discriminator, num_Updates[ 10 / 10]: Loss 0.34516
Generation time:  20.02  seconds
###   On generation 11 of 500
Best best molecule in generation  11
    smile  :  CC=CC=C1C=CC=C1C=CCCCC=CC=C=CC=CC=C=CCC=C1C=CC=C1
    fitness:  2.5232642478390503
    logP   :  8.689100000000002
    sas    :  4.695604874170959
    ringP  :  0
    discrm :  [0.52907324]
-- Training of the discriminator, num_Updates[ 1 / 10]: Loss 0.34921
-- Training of the discriminator, num_Updates[ 2 / 10]: Loss 0.34551
-- Training of the discriminator, num_Updates[ 3 / 10]: Loss 0.34162
-- Training of the discriminator, num_Updates[ 4 / 10]: Loss 0.33765
-- Training of the discriminator, num_Updates[ 5 / 10]: Loss 0.33377
-- Training of the discriminator, num_Updates[ 6 / 10]: Loss 0.33010
-- Training of the discriminator, num_Updates[ 7 / 10]: Loss 0.32662
-- Training of the discriminator, num_Updates[ 8 / 10]: Loss 0.32321
-- Training of the discriminator, num_Updates[ 9 / 10]: Loss 0.31974
-- Training of the discriminator, num_Updates[ 10 / 10]: Loss 0.31620
Generation time:  22.22  seconds
###   On generation 12 of 500
Best best molecule in generation  12
    smile  :  CC=CC=C1C=CC=C1C=CCCCC=CC=C=CC=CC=C=CCC=C1C=CC=C1F
    fitness:  2.7033453099128995
    logP   :  8.9863
    sas    :  4.724669925701994
    ringP  :  0
    discrm :  [0.4775368]
-- Training of the discriminator, num_Updates[ 1 / 10]: Loss 0.32547
-- Training of the discriminator, num_Updates[ 2 / 10]: Loss 0.32189
-- Training of the discriminator, num_Updates[ 3 / 10]: Loss 0.31811
-- Training of the discriminator, num_Updates[ 4 / 10]: Loss 0.31437
-- Training of the discriminator, num_Updates[ 5 / 10]: Loss 0.31090
-- Training of the discriminator, num_Updates[ 6 / 10]: Loss 0.30767
-- Training of the discriminator, num_Updates[ 7 / 10]: Loss 0.30447
-- Training of the discriminator, num_Updates[ 8 / 10]: Loss 0.30115
-- Training of the discriminator, num_Updates[ 9 / 10]: Loss 0.29779
-- Training of the discriminator, num_Updates[ 10 / 10]: Loss 0.29455
Generation time:  23.24  seconds
###   On generation 13 of 500
Best best molecule in generation  13
    smile  :  CC=CC=C1C=CC=C1C=CCCCC=CC=C=CC=CC=CC=CC=C=C=CCC=C1C=CC=C1F
    fitness:  3.3518429147545854
    logP   :  10.253799999999991
    sas    :  4.938663846525132
    ringP  :  0
    discrm :  [0.36892876]
-- Training of the discriminator, num_Updates[ 1 / 10]: Loss 0.30337
-- Training of the discriminator, num_Updates[ 2 / 10]: Loss 0.29954
-- Training of the discriminator, num_Updates[ 3 / 10]: Loss 0.29539
-- Training of the discriminator, num_Updates[ 4 / 10]: Loss 0.29190
-- Training of the discriminator, num_Updates[ 5 / 10]: Loss 0.28927
-- Training of the discriminator, num_Updates[ 6 / 10]: Loss 0.28683
-- Training of the discriminator, num_Updates[ 7 / 10]: Loss 0.28390
-- Training of the discriminator, num_Updates[ 8 / 10]: Loss 0.28057
-- Training of the discriminator, num_Updates[ 9 / 10]: Loss 0.27735
-- Training of the discriminator, num_Updates[ 10 / 10]: Loss 0.27458
Generation time:  22.91  seconds
###   On generation 14 of 500
Best best molecule in generation  14
    smile  :  CC=CC=CC=CC=CCC=C1C=CC=C1CCC=CC=C=CC=CC=C=CCC=CC=CCC=C1C=CC=C1
    fitness:  4.122881930590814
    logP   :  11.303999999999986
    sas    :  4.921676899364764
    ringP  :  0
    discrm :  [0.28081948]
-- Training of the discriminator, num_Updates[ 1 / 10]: Loss 0.28704
-- Training of the discriminator, num_Updates[ 2 / 10]: Loss 0.28207
-- Training of the discriminator, num_Updates[ 3 / 10]: Loss 0.27642
-- Training of the discriminator, num_Updates[ 4 / 10]: Loss 0.27247
-- Training of the discriminator, num_Updates[ 5 / 10]: Loss 0.27056
-- Training of the discriminator, num_Updates[ 6 / 10]: Loss 0.26922
-- Training of the discriminator, num_Updates[ 7 / 10]: Loss 0.26693
-- Training of the discriminator, num_Updates[ 8 / 10]: Loss 0.26351
-- Training of the discriminator, num_Updates[ 9 / 10]: Loss 0.25979
-- Training of the discriminator, num_Updates[ 10 / 10]: Loss 0.25666
Generation time:  24.77  seconds
###   On generation 15 of 500
Best best molecule in generation  15
    smile  :  CC=CC=CC=CC=CCC=C1C=CC=C1CCC=CC=C=CC=CC=C=CCC=CC=CCC=C1C=CC=C1
    fitness:  4.131309997559732
    logP   :  11.303999999999986
    sas    :  4.921676899364764
    ringP  :  0
    discrm :  [0.1965388]
-- Training of the discriminator, num_Updates[ 1 / 10]: Loss 0.26345
-- Training of the discriminator, num_Updates[ 2 / 10]: Loss 0.26098
-- Training of the discriminator, num_Updates[ 3 / 10]: Loss 0.25690
-- Training of the discriminator, num_Updates[ 4 / 10]: Loss 0.25270
-- Training of the discriminator, num_Updates[ 5 / 10]: Loss 0.24954
-- Training of the discriminator, num_Updates[ 6 / 10]: Loss 0.24744
-- Training of the discriminator, num_Updates[ 7 / 10]: Loss 0.24564
-- Training of the discriminator, num_Updates[ 8 / 10]: Loss 0.24342
-- Training of the discriminator, num_Updates[ 9 / 10]: Loss 0.24066
-- Training of the discriminator, num_Updates[ 10 / 10]: Loss 0.23773
Generation time:  29.55  seconds
###   On generation 16 of 500
Best best molecule in generation  16
    smile  :  CC=CC=CC=CC=C(C)CCCC=CC=C=CCC=CC=CC=C=CC=CC=CC(C)=CCC=C1C=CC=C1F
    fitness:  4.848659352497107
    logP   :  12.07119999999998
    sas    :  4.778374765018349
    ringP  :  0
    discrm :  [0.1671306]
-- Training of the discriminator, num_Updates[ 1 / 10]: Loss 0.23647
-- Training of the discriminator, num_Updates[ 2 / 10]: Loss 0.23411
-- Training of the discriminator, num_Updates[ 3 / 10]: Loss 0.23166
-- Training of the discriminator, num_Updates[ 4 / 10]: Loss 0.22895
-- Training of the discriminator, num_Updates[ 5 / 10]: Loss 0.22613
-- Training of the discriminator, num_Updates[ 6 / 10]: Loss 0.22347
-- Training of the discriminator, num_Updates[ 7 / 10]: Loss 0.22110
-- Training of the discriminator, num_Updates[ 8 / 10]: Loss 0.21896
-- Training of the discriminator, num_Updates[ 9 / 10]: Loss 0.21691
-- Training of the discriminator, num_Updates[ 10 / 10]: Loss 0.21484
Generation time:  31.0  seconds
###   On generation 17 of 500
Best best molecule in generation  17
    smile  :  CC=CC=C1C=CC=C1C=CCCCC=CC=C=CC=CC=CC=CCC=CC=CC=C(C)CCC=C1C=CC=C1F
    fitness:  5.116069564636816
    logP   :  12.226299999999979
    sas    :  4.648542697873188
    ringP  :  0
    discrm :  [0.15156206]
-- Training of the discriminator, num_Updates[ 1 / 10]: Loss 0.20976
-- Training of the discriminator, num_Updates[ 2 / 10]: Loss 0.20742
-- Training of the discriminator, num_Updates[ 3 / 10]: Loss 0.20518
-- Training of the discriminator, num_Updates[ 4 / 10]: Loss 0.20315
-- Training of the discriminator, num_Updates[ 5 / 10]: Loss 0.20129
-- Training of the discriminator, num_Updates[ 6 / 10]: Loss 0.19952
-- Training of the discriminator, num_Updates[ 7 / 10]: Loss 0.19775
-- Training of the discriminator, num_Updates[ 8 / 10]: Loss 0.19596
-- Training of the discriminator, num_Updates[ 9 / 10]: Loss 0.19418
-- Training of the discriminator, num_Updates[ 10 / 10]: Loss 0.19247
Generation time:  34.06  seconds
###   On generation 18 of 500
Best best molecule in generation  18
    smile  :  C=CC=CC1=CC=CC1=CC=CC(C=CC=C=CCC=CC=CC)=CC=CCCC1=CC=CC1=CCC=CC=CC=CC=CC
    fitness:  5.1017858222791705
    logP   :  12.817499999999974
    sas    :  5.00822029034517
    ringP  :  0
    discrm :  [0.14005643]
-- Training of the discriminator, num_Updates[ 1 / 10]: Loss 0.18866
-- Training of the discriminator, num_Updates[ 2 / 10]: Loss 0.18713
-- Training of the discriminator, num_Updates[ 3 / 10]: Loss 0.18570
-- Training of the discriminator, num_Updates[ 4 / 10]: Loss 0.18434
-- Training of the discriminator, num_Updates[ 5 / 10]: Loss 0.18301
-- Training of the discriminator, num_Updates[ 6 / 10]: Loss 0.18170
-- Training of the discriminator, num_Updates[ 7 / 10]: Loss 0.18039
-- Training of the discriminator, num_Updates[ 8 / 10]: Loss 0.17911
-- Training of the discriminator, num_Updates[ 9 / 10]: Loss 0.17786
-- Training of the discriminator, num_Updates[ 10 / 10]: Loss 0.17666
Generation time:  33.91  seconds
###   On generation 19 of 500
Best best molecule in generation  19
    smile  :  C=CC=CC1=CC=CC1=CC=CCC=CC=CCCC(C=CC=CC1=CC=C=C1)=CC=CCCC1=CC=CC1=CCC=CC=CC=CC=CC
    fitness:  5.800367016652704
    logP   :  14.073999999999968
    sas    :  5.165819598745686
    ringP  :  0
    discrm :  [0.1318443]
-- Training of the discriminator, num_Updates[ 1 / 10]: Loss 0.17556
-- Training of the discriminator, num_Updates[ 2 / 10]: Loss 0.17441
-- Training of the discriminator, num_Updates[ 3 / 10]: Loss 0.17325
-- Training of the discriminator, num_Updates[ 4 / 10]: Loss 0.17210
-- Training of the discriminator, num_Updates[ 5 / 10]: Loss 0.17096
-- Training of the discriminator, num_Updates[ 6 / 10]: Loss 0.16984
-- Training of the discriminator, num_Updates[ 7 / 10]: Loss 0.16877
-- Training of the discriminator, num_Updates[ 8 / 10]: Loss 0.16772
-- Training of the discriminator, num_Updates[ 9 / 10]: Loss 0.16670
-- Training of the discriminator, num_Updates[ 10 / 10]: Loss 0.16569
Generation time:  32.66  seconds
###   On generation 20 of 500
Best best molecule in generation  20
    smile  :  C=CC=CC1=CC=CC1=CC=CCC=CC=CCC=C=C=CC=CC=CCC(C)=CC=CCCC1=CC=CC1=CCC=CC=CC=CC=CC
    fitness:  5.982325348840162
    logP   :  14.308999999999966
    sas    :  5.153066932107304
    ringP  :  0
    discrm :  [0.12564164]
-- Training of the discriminator, num_Updates[ 1 / 10]: Loss 0.16440
-- Training of the discriminator, num_Updates[ 2 / 10]: Loss 0.16344
-- Training of the discriminator, num_Updates[ 3 / 10]: Loss 0.16246
-- Training of the discriminator, num_Updates[ 4 / 10]: Loss 0.16150
-- Training of the discriminator, num_Updates[ 5 / 10]: Loss 0.16058
-- Training of the discriminator, num_Updates[ 6 / 10]: Loss 0.15970
-- Training of the discriminator, num_Updates[ 7 / 10]: Loss 0.15886
-- Training of the discriminator, num_Updates[ 8 / 10]: Loss 0.15804
-- Training of the discriminator, num_Updates[ 9 / 10]: Loss 0.15723
-- Training of the discriminator, num_Updates[ 10 / 10]: Loss 0.15642
Generation time:  34.49  seconds
###   On generation 21 of 500
Best best molecule in generation  21
    smile  :  CC=CC=CC=CC=Cc1cccc(CCC=CCSC=C2C=CC=C2C=CC=CC=CC=CC=C=C=CCC=CC=CCC=C2C=CC=C2)c1
    fitness:  6.042569928700628
    logP   :  14.026599999999968
    sas    :  4.937344283636632
    ringP  :  0
    discrm :  [0.12560248]
-- Training of the discriminator, num_Updates[ 1 / 10]: Loss 0.15628
-- Training of the discriminator, num_Updates[ 2 / 10]: Loss 0.15531
-- Training of the discriminator, num_Updates[ 3 / 10]: Loss 0.15431
-- Training of the discriminator, num_Updates[ 4 / 10]: Loss 0.15338
-- Training of the discriminator, num_Updates[ 5 / 10]: Loss 0.15254
-- Training of the discriminator, num_Updates[ 6 / 10]: Loss 0.15180
-- Training of the discriminator, num_Updates[ 7 / 10]: Loss 0.15110
-- Training of the discriminator, num_Updates[ 8 / 10]: Loss 0.15041
-- Training of the discriminator, num_Updates[ 9 / 10]: Loss 0.14969
-- Training of the discriminator, num_Updates[ 10 / 10]: Loss 0.14894
Generation time:  35.82  seconds
###   On generation 22 of 500
Best best molecule in generation  22
    smile  :  CCSC=CCCC=CCCC=CC=CC=C=C1C=CC=C1CCCCC=C=CC=CC=C(C)CCC=CC=CCC=C1C=CC=C1
    fitness:  6.177125240378566
    logP   :  14.169199999999966
    sas    :  4.9100452778294965
    ringP  :  0
    discrm :  [0.11591133]
-- Training of the discriminator, num_Updates[ 1 / 10]: Loss 0.15142
-- Training of the discriminator, num_Updates[ 2 / 10]: Loss 0.15025
-- Training of the discriminator, num_Updates[ 3 / 10]: Loss 0.14896
-- Training of the discriminator, num_Updates[ 4 / 10]: Loss 0.14774
-- Training of the discriminator, num_Updates[ 5 / 10]: Loss 0.14673
-- Training of the discriminator, num_Updates[ 6 / 10]: Loss 0.14599
-- Training of the discriminator, num_Updates[ 7 / 10]: Loss 0.14547
-- Training of the discriminator, num_Updates[ 8 / 10]: Loss 0.14502
-- Training of the discriminator, num_Updates[ 9 / 10]: Loss 0.14450
-- Training of the discriminator, num_Updates[ 10 / 10]: Loss 0.14382
Generation time:  33.73  seconds
###   On generation 23 of 500
Best best molecule in generation  23
    smile  :  CC=C=CC=CC=CCCCC(=CC=CC=CSC=CC=CCC(C)=CC=CC=CCC=CC=CC=CC=CC)CCC=C1C=CC=C1
    fitness:  6.436270675038834
    logP   :  14.715899999999964
    sas    :  5.015597979944268
    ringP  :  0
    discrm :  [0.11517627]
-- Training of the discriminator, num_Updates[ 1 / 10]: Loss 0.14294
-- Training of the discriminator, num_Updates[ 2 / 10]: Loss 0.14131
-- Training of the discriminator, num_Updates[ 3 / 10]: Loss 0.13954
-- Training of the discriminator, num_Updates[ 4 / 10]: Loss 0.13804
-- Training of the discriminator, num_Updates[ 5 / 10]: Loss 0.13696
-- Training of the discriminator, num_Updates[ 6 / 10]: Loss 0.13628
-- Training of the discriminator, num_Updates[ 7 / 10]: Loss 0.13588
-- Training of the discriminator, num_Updates[ 8 / 10]: Loss 0.13560
-- Training of the discriminator, num_Updates[ 9 / 10]: Loss 0.13532
-- Training of the discriminator, num_Updates[ 10 / 10]: Loss 0.13496
Generation time:  35.65  seconds
###   On generation 24 of 500
Best best molecule in generation  24
    smile  :  C=CC=CC1=CC=CC1=CCC=CCC=CC=CCC=C=C=CC=CC=CCC(C)=CC=CCC(C)=C=CC=CC=CCC=CC=CC=CC=CC
    fitness:  6.313192319292074
    logP   :  15.100199999999962
    sas    :  5.344095366426879
    ringP  :  0
    discrm :  [0.10561402]
-- Training of the discriminator, num_Updates[ 1 / 10]: Loss 0.13682
-- Training of the discriminator, num_Updates[ 2 / 10]: Loss 0.13609
-- Training of the discriminator, num_Updates[ 3 / 10]: Loss 0.13519
-- Training of the discriminator, num_Updates[ 4 / 10]: Loss 0.13420
-- Training of the discriminator, num_Updates[ 5 / 10]: Loss 0.13324
-- Training of the discriminator, num_Updates[ 6 / 10]: Loss 0.13238
-- Training of the discriminator, num_Updates[ 7 / 10]: Loss 0.13169
-- Training of the discriminator, num_Updates[ 8 / 10]: Loss 0.13116
-- Training of the discriminator, num_Updates[ 9 / 10]: Loss 0.13075
-- Training of the discriminator, num_Updates[ 10 / 10]: Loss 0.13037
Generation time:  35.64  seconds
###   On generation 25 of 500
Best best molecule in generation  25
    smile  :  C=C=CC=CC=CCC(=CC=CCCC1=CC=CC1=CCC=CC=CC=CC=CC)CCC=CC=CCC=CC=Cc1cscc1C=CC=C
    fitness:  6.642589455835985
    logP   :  14.963199999999963
    sas    :  4.989963007460524
    ringP  :  0
    discrm :  [0.10733487]
-- Training of the discriminator, num_Updates[ 1 / 10]: Loss 0.12856
-- Training of the discriminator, num_Updates[ 2 / 10]: Loss 0.12797
-- Training of the discriminator, num_Updates[ 3 / 10]: Loss 0.12740
-- Training of the discriminator, num_Updates[ 4 / 10]: Loss 0.12686
-- Training of the discriminator, num_Updates[ 5 / 10]: Loss 0.12633
-- Training of the discriminator, num_Updates[ 6 / 10]: Loss 0.12582
-- Training of the discriminator, num_Updates[ 7 / 10]: Loss 0.12531
-- Training of the discriminator, num_Updates[ 8 / 10]: Loss 0.12480
-- Training of the discriminator, num_Updates[ 9 / 10]: Loss 0.12428
-- Training of the discriminator, num_Updates[ 10 / 10]: Loss 0.12376
Generation time:  35.52  seconds
###   On generation 26 of 500
Best best molecule in generation  26
    smile  :  C=CC=CC1=CC=CC1=CC=CCC=CC=CCCC1=CC=CC1=CC=CCC(C)=CC=CCCC1=CC=CC1=CCC=CC=CC=CC=CCC
    fitness:  6.772147868553882
    logP   :  15.08919999999996
    sas    :  4.9568515524235455
    ringP  :  0
    discrm :  [0.1003388]
-- Training of the discriminator, num_Updates[ 1 / 10]: Loss 0.12261
-- Training of the discriminator, num_Updates[ 2 / 10]: Loss 0.12207
-- Training of the discriminator, num_Updates[ 3 / 10]: Loss 0.12154
-- Training of the discriminator, num_Updates[ 4 / 10]: Loss 0.12101
-- Training of the discriminator, num_Updates[ 5 / 10]: Loss 0.12050
-- Training of the discriminator, num_Updates[ 6 / 10]: Loss 0.12001
-- Training of the discriminator, num_Updates[ 7 / 10]: Loss 0.11953
-- Training of the discriminator, num_Updates[ 8 / 10]: Loss 0.11906
-- Training of the discriminator, num_Updates[ 9 / 10]: Loss 0.11860
-- Training of the discriminator, num_Updates[ 10 / 10]: Loss 0.11814
Generation time:  35.05  seconds
###   On generation 27 of 500
Best best molecule in generation  27
    smile  :  CC=CC=Cc1cscc1C=CCCCC=CC=C=CCC=CC=CC=C(C)CC=CC=CC=C=CC(C)=CCC=CC=C1C=CC=C1C=CC=CF
    fitness:  6.92117694713813
    logP   :  15.80559999999996
    sas    :  5.253587902924229
    ringP  :  0
    discrm :  [0.09775919]
-- Training of the discriminator, num_Updates[ 1 / 10]: Loss 0.11923
-- Training of the discriminator, num_Updates[ 2 / 10]: Loss 0.11876
-- Training of the discriminator, num_Updates[ 3 / 10]: Loss 0.11829
-- Training of the discriminator, num_Updates[ 4 / 10]: Loss 0.11783
-- Training of the discriminator, num_Updates[ 5 / 10]: Loss 0.11737
-- Training of the discriminator, num_Updates[ 6 / 10]: Loss 0.11691
-- Training of the discriminator, num_Updates[ 7 / 10]: Loss 0.11645
-- Training of the discriminator, num_Updates[ 8 / 10]: Loss 0.11599
-- Training of the discriminator, num_Updates[ 9 / 10]: Loss 0.11554
-- Training of the discriminator, num_Updates[ 10 / 10]: Loss 0.11509
Generation time:  35.59  seconds
###   On generation 28 of 500
Best best molecule in generation  28
    smile  :  CC=CCC=CCCC(=CC=CCC(=CC=CC=CC=CC=C=CCC(C=CC=CC=C=CCCCC)=CC)CC)CC=CC=CC=C1C=CC=C1F
    fitness:  7.2099325197396125
    logP   :  16.08039999999996
    sas    :  5.1754620906719655
    ringP  :  0
    discrm :  [0.09171807]
-- Training of the discriminator, num_Updates[ 1 / 10]: Loss 0.11775
-- Training of the discriminator, num_Updates[ 2 / 10]: Loss 0.11730
-- Training of the discriminator, num_Updates[ 3 / 10]: Loss 0.11685
-- Training of the discriminator, num_Updates[ 4 / 10]: Loss 0.11640
-- Training of the discriminator, num_Updates[ 5 / 10]: Loss 0.11596
-- Training of the discriminator, num_Updates[ 6 / 10]: Loss 0.11553
-- Training of the discriminator, num_Updates[ 7 / 10]: Loss 0.11510
-- Training of the discriminator, num_Updates[ 8 / 10]: Loss 0.11467
-- Training of the discriminator, num_Updates[ 9 / 10]: Loss 0.11425
-- Training of the discriminator, num_Updates[ 10 / 10]: Loss 0.11383
Generation time:  33.21  seconds
###   On generation 29 of 500
Best best molecule in generation  29
    smile  :  C=C(C)CCCC1=CC=CC1=CC(C=CC=C(C)CCC=CC=CCC=CC=CC)=CC=CC=C=CC=CC=CCCC=CCCC=CSCC
    fitness:  7.289098899922395
    logP   :  15.762599999999956
    sas    :  4.923428135808642
    ringP  :  0
    discrm :  [0.08957034]
-- Training of the discriminator, num_Updates[ 1 / 10]: Loss 0.11261
-- Training of the discriminator, num_Updates[ 2 / 10]: Loss 0.11208
-- Training of the discriminator, num_Updates[ 3 / 10]: Loss 0.11150
-- Training of the discriminator, num_Updates[ 4 / 10]: Loss 0.11094
-- Training of the discriminator, num_Updates[ 5 / 10]: Loss 0.11043
-- Training of the discriminator, num_Updates[ 6 / 10]: Loss 0.10999
-- Training of the discriminator, num_Updates[ 7 / 10]: Loss 0.10959
-- Training of the discriminator, num_Updates[ 8 / 10]: Loss 0.10923
-- Training of the discriminator, num_Updates[ 9 / 10]: Loss 0.10888
-- Training of the discriminator, num_Updates[ 10 / 10]: Loss 0.10852
Generation time:  35.25  seconds
###   On generation 30 of 500
Best best molecule in generation  30
    smile  :  CC=C(C=CC=CC=C=CCCCC)CC=C=CC=CC=CC=CC=C(CC)CC=CC=CCCC=CCC=CC=CC=CC=CC=C1C=CC=C1SF
    fitness:  7.451629174291716
    logP   :  16.504599999999964
    sas    :  5.2240875470090895
    ringP  :  0
    discrm :  [0.08556762]
-- Training of the discriminator, num_Updates[ 1 / 10]: Loss 0.10634
-- Training of the discriminator, num_Updates[ 2 / 10]: Loss 0.10596
-- Training of the discriminator, num_Updates[ 3 / 10]: Loss 0.10555
-- Training of the discriminator, num_Updates[ 4 / 10]: Loss 0.10513
-- Training of the discriminator, num_Updates[ 5 / 10]: Loss 0.10471
-- Training of the discriminator, num_Updates[ 6 / 10]: Loss 0.10429
-- Training of the discriminator, num_Updates[ 7 / 10]: Loss 0.10388
-- Training of the discriminator, num_Updates[ 8 / 10]: Loss 0.10348
-- Training of the discriminator, num_Updates[ 9 / 10]: Loss 0.10310
-- Training of the discriminator, num_Updates[ 10 / 10]: Loss 0.10273
Generation time:  32.33  seconds
###   On generation 31 of 500
Best best molecule in generation  31
    smile  :  C=CC=CC=CC=CC=CC(=CC=CC=C=CC=CC=CCCC=CCCC=CSCC)CCCC(=C)CC=CC=C(C)CCC=CC=CCC=CC=CC
    fitness:  8.086914341022105
    logP   :  17.120999999999967
    sas    :  5.058268162780526
    ringP  :  0
    discrm :  [0.08275216]
-- Training of the discriminator, num_Updates[ 1 / 10]: Loss 0.10142
-- Training of the discriminator, num_Updates[ 2 / 10]: Loss 0.10109
-- Training of the discriminator, num_Updates[ 3 / 10]: Loss 0.10073
-- Training of the discriminator, num_Updates[ 4 / 10]: Loss 0.10036
-- Training of the discriminator, num_Updates[ 5 / 10]: Loss 0.09997
-- Training of the discriminator, num_Updates[ 6 / 10]: Loss 0.09958
-- Training of the discriminator, num_Updates[ 7 / 10]: Loss 0.09920
-- Training of the discriminator, num_Updates[ 8 / 10]: Loss 0.09883
-- Training of the discriminator, num_Updates[ 9 / 10]: Loss 0.09848
-- Training of the discriminator, num_Updates[ 10 / 10]: Loss 0.09814
Generation time:  33.5  seconds
###   On generation 32 of 500
Best best molecule in generation  32
    smile  :  C=CC=CC=CC=CC=CC(=CC=CC=C=CC=CC=CCCC=CCCC=CSCC)CCCC(=C)CC=CC=C(C)CCC=CC=CCC=CC=CC
    fitness:  8.087200526204736
    logP   :  17.120999999999967
    sas    :  5.058268162780526
    ringP  :  0
    discrm :  [0.07989031]
-- Training of the discriminator, num_Updates[ 1 / 10]: Loss 0.10245
-- Training of the discriminator, num_Updates[ 2 / 10]: Loss 0.10213
-- Training of the discriminator, num_Updates[ 3 / 10]: Loss 0.10176
-- Training of the discriminator, num_Updates[ 4 / 10]: Loss 0.10135
-- Training of the discriminator, num_Updates[ 5 / 10]: Loss 0.10092
-- Training of the discriminator, num_Updates[ 6 / 10]: Loss 0.10048
-- Training of the discriminator, num_Updates[ 7 / 10]: Loss 0.10007
-- Training of the discriminator, num_Updates[ 8 / 10]: Loss 0.09968
-- Training of the discriminator, num_Updates[ 9 / 10]: Loss 0.09933
-- Training of the discriminator, num_Updates[ 10 / 10]: Loss 0.09901
Generation time:  34.94  seconds
###   On generation 33 of 500
Best best molecule in generation  33
    smile  :  C=CC=CC=CC=CC=CC(=CC=CC=C=CC=CC=CCCC=CCCC=CSCC)CCCC(=C)CC=CC=C(C)CCC=CC=CCC=CC=CC
    fitness:  8.087420224734426
    logP   :  17.120999999999967
    sas    :  5.058268162780526
    ringP  :  0
    discrm :  [0.07769333]
-- Training of the discriminator, num_Updates[ 1 / 10]: Loss 0.10122
-- Training of the discriminator, num_Updates[ 2 / 10]: Loss 0.10080
-- Training of the discriminator, num_Updates[ 3 / 10]: Loss 0.10011
-- Training of the discriminator, num_Updates[ 4 / 10]: Loss 0.09936
-- Training of the discriminator, num_Updates[ 5 / 10]: Loss 0.09872
-- Training of the discriminator, num_Updates[ 6 / 10]: Loss 0.09825
-- Training of the discriminator, num_Updates[ 7 / 10]: Loss 0.09794
-- Training of the discriminator, num_Updates[ 8 / 10]: Loss 0.09772
-- Training of the discriminator, num_Updates[ 9 / 10]: Loss 0.09753
-- Training of the discriminator, num_Updates[ 10 / 10]: Loss 0.09732
Generation time:  33.7  seconds
###   On generation 34 of 500
Best best molecule in generation  34
    smile  :  C=CC=CC=CC=CC=CC(=CC=CC=C=CC=CC=CCCC=CCCC=CSCC)CCCC(=C)CC=CC=C(C)CCC=CC=CCC=CC=CC
    fitness:  8.087706717253507
    logP   :  17.120999999999967
    sas    :  5.058268162780526
    ringP  :  0
    discrm :  [0.0748284]
-- Training of the discriminator, num_Updates[ 1 / 10]: Loss 0.10340
-- Training of the discriminator, num_Updates[ 2 / 10]: Loss 0.10308
-- Training of the discriminator, num_Updates[ 3 / 10]: Loss 0.10269
-- Training of the discriminator, num_Updates[ 4 / 10]: Loss 0.10225
-- Training of the discriminator, num_Updates[ 5 / 10]: Loss 0.10179
-- Training of the discriminator, num_Updates[ 6 / 10]: Loss 0.10133
-- Training of the discriminator, num_Updates[ 7 / 10]: Loss 0.10090
-- Training of the discriminator, num_Updates[ 8 / 10]: Loss 0.10049
-- Training of the discriminator, num_Updates[ 9 / 10]: Loss 0.10012
-- Training of the discriminator, num_Updates[ 10 / 10]: Loss 0.09978
Generation time:  35.46  seconds
###   On generation 35 of 500
Best best molecule in generation  35
    smile  :  C=CC=CC=CC=CC=CC(=CSCC=C=CC=CC=CCCC=CCCC=CSCC)CCCCCC=C=CC=CC=C(C)CCC=CC=CCC=C(C)C
    fitness:  8.33900515233966
    logP   :  17.634599999999974
    sas    :  5.151017069918707
    ringP  :  0
    discrm :  [0.07291441]
-- Training of the discriminator, num_Updates[ 1 / 10]: Loss 0.09128
-- Training of the discriminator, num_Updates[ 2 / 10]: Loss 0.09105
-- Training of the discriminator, num_Updates[ 3 / 10]: Loss 0.09079
-- Training of the discriminator, num_Updates[ 4 / 10]: Loss 0.09048
-- Training of the discriminator, num_Updates[ 5 / 10]: Loss 0.09013
-- Training of the discriminator, num_Updates[ 6 / 10]: Loss 0.08975
-- Training of the discriminator, num_Updates[ 7 / 10]: Loss 0.08935
-- Training of the discriminator, num_Updates[ 8 / 10]: Loss 0.08896
-- Training of the discriminator, num_Updates[ 9 / 10]: Loss 0.08858
-- Training of the discriminator, num_Updates[ 10 / 10]: Loss 0.08823
Generation time:  33.17  seconds
###   On generation 36 of 500
Best best molecule in generation  36
    smile  :  C=CC=CC=CC=CC=CC(=CC=CC=Cc1ccccc1CCC=CCCC=CSCC)CCCC(=C)CC=CC=C(C)CCC=CC=CCC=CC=CC
    fitness:  8.547833302013114
    logP   :  17.163099999999968
    sas    :  4.701070585728051
    ringP  :  0
    discrm :  [0.07117643]
-- Training of the discriminator, num_Updates[ 1 / 10]: Loss 0.09236
-- Training of the discriminator, num_Updates[ 2 / 10]: Loss 0.09218
-- Training of the discriminator, num_Updates[ 3 / 10]: Loss 0.09195
-- Training of the discriminator, num_Updates[ 4 / 10]: Loss 0.09167
-- Training of the discriminator, num_Updates[ 5 / 10]: Loss 0.09134
-- Training of the discriminator, num_Updates[ 6 / 10]: Loss 0.09099
-- Training of the discriminator, num_Updates[ 7 / 10]: Loss 0.09063
-- Training of the discriminator, num_Updates[ 8 / 10]: Loss 0.09028
-- Training of the discriminator, num_Updates[ 9 / 10]: Loss 0.08996
-- Training of the discriminator, num_Updates[ 10 / 10]: Loss 0.08967
Generation time:  32.75  seconds
###   On generation 37 of 500
Best best molecule in generation  37
    smile  :  C=CC=CC=CC=CC=CC(=CC=CC=Cc1ccccc1CCC=CCCC=CSCC)CCCC(=C)CC=CC=C(C)CCC=CC=CCC=CC=CC
    fitness:  8.547985200725034
    logP   :  17.163099999999968
    sas    :  4.701070585728051
    ringP  :  0
    discrm :  [0.06965744]
-- Training of the discriminator, num_Updates[ 1 / 10]: Loss 0.08604
-- Training of the discriminator, num_Updates[ 2 / 10]: Loss 0.08579
-- Training of the discriminator, num_Updates[ 3 / 10]: Loss 0.08553
-- Training of the discriminator, num_Updates[ 4 / 10]: Loss 0.08526
-- Training of the discriminator, num_Updates[ 5 / 10]: Loss 0.08498
-- Training of the discriminator, num_Updates[ 6 / 10]: Loss 0.08468
-- Training of the discriminator, num_Updates[ 7 / 10]: Loss 0.08437
-- Training of the discriminator, num_Updates[ 8 / 10]: Loss 0.08404
-- Training of the discriminator, num_Updates[ 9 / 10]: Loss 0.08372
-- Training of the discriminator, num_Updates[ 10 / 10]: Loss 0.08339
Generation time:  30.66  seconds
###   On generation 38 of 500
Best best molecule in generation  38
    smile  :  C=CC=CC=CC=CC=CC(=CSCCC(C)=CC=CCCC=CCCC=CSCC)CCCCCC=C=CC=CC=C(C)CCC=CC=CCC=C(C)C
    fitness:  8.641077281899342
    logP   :  17.703499999999973
    sas    :  4.94104016386906
    ringP  :  0
    discrm :  [0.06673127]
-- Training of the discriminator, num_Updates[ 1 / 10]: Loss 0.08480
-- Training of the discriminator, num_Updates[ 2 / 10]: Loss 0.08453
-- Training of the discriminator, num_Updates[ 3 / 10]: Loss 0.08423
-- Training of the discriminator, num_Updates[ 4 / 10]: Loss 0.08392
-- Training of the discriminator, num_Updates[ 5 / 10]: Loss 0.08360
-- Training of the discriminator, num_Updates[ 6 / 10]: Loss 0.08327
-- Training of the discriminator, num_Updates[ 7 / 10]: Loss 0.08294
-- Training of the discriminator, num_Updates[ 8 / 10]: Loss 0.08261
-- Training of the discriminator, num_Updates[ 9 / 10]: Loss 0.08229
-- Training of the discriminator, num_Updates[ 10 / 10]: Loss 0.08197
Generation time:  30.05  seconds
###   On generation 39 of 500
Best best molecule in generation  39
    smile  :  C=CC=CC=CC=CC=CC(=CSCCC(C)=CC=CCCC=CCCC=CSCC)CCCCCC=C=CC=CC=C(C)CCC=CC=CCC=C(C)C
    fitness:  8.641247612881997
    logP   :  17.703499999999973
    sas    :  4.94104016386906
    ringP  :  0
    discrm :  [0.06502796]
-- Training of the discriminator, num_Updates[ 1 / 10]: Loss 0.08211
-- Training of the discriminator, num_Updates[ 2 / 10]: Loss 0.08187
-- Training of the discriminator, num_Updates[ 3 / 10]: Loss 0.08157
-- Training of the discriminator, num_Updates[ 4 / 10]: Loss 0.08121
-- Training of the discriminator, num_Updates[ 5 / 10]: Loss 0.08083
-- Training of the discriminator, num_Updates[ 6 / 10]: Loss 0.08043
-- Training of the discriminator, num_Updates[ 7 / 10]: Loss 0.08005
-- Training of the discriminator, num_Updates[ 8 / 10]: Loss 0.07969
-- Training of the discriminator, num_Updates[ 9 / 10]: Loss 0.07937
-- Training of the discriminator, num_Updates[ 10 / 10]: Loss 0.07910
Generation time:  28.93  seconds
###   On generation 40 of 500
Best best molecule in generation  40
    smile  :  C=CC=CC=CC=CC=CC(=CSCCC(C)=CC=CCCC=CCCC=CSCC)CCCCCC=C=CC=CC=C(C)CCC=CC=CCC=C(C)CC
    fitness:  8.862574431574757
    logP   :  18.093599999999977
    sas    :  4.986282174003443
    ringP  :  0
    discrm :  [0.06245344]
-- Training of the discriminator, num_Updates[ 1 / 10]: Loss 0.07800
-- Training of the discriminator, num_Updates[ 2 / 10]: Loss 0.07785
-- Training of the discriminator, num_Updates[ 3 / 10]: Loss 0.07767
-- Training of the discriminator, num_Updates[ 4 / 10]: Loss 0.07745
-- Training of the discriminator, num_Updates[ 5 / 10]: Loss 0.07718
-- Training of the discriminator, num_Updates[ 6 / 10]: Loss 0.07689
-- Training of the discriminator, num_Updates[ 7 / 10]: Loss 0.07657
-- Training of the discriminator, num_Updates[ 8 / 10]: Loss 0.07625
-- Training of the discriminator, num_Updates[ 9 / 10]: Loss 0.07594
-- Training of the discriminator, num_Updates[ 10 / 10]: Loss 0.07564
Generation time:  29.45  seconds
###   On generation 41 of 500
Best best molecule in generation  41
    smile  :  C=CC=CC=CC=CC=CC(=CSCCC(C)=CC=CCCC=CCCC=CSCC)CCCCC(=C)CC=CC=C(C)CCC=CC=CCC=C(C)CC
    fitness:  8.871370440539213
    logP   :  17.938499999999973
    sas    :  4.8880799702294055
    ringP  :  0
    discrm :  [0.06123329]
-- Training of the discriminator, num_Updates[ 1 / 10]: Loss 0.07823
-- Training of the discriminator, num_Updates[ 2 / 10]: Loss 0.07805
-- Training of the discriminator, num_Updates[ 3 / 10]: Loss 0.07787
-- Training of the discriminator, num_Updates[ 4 / 10]: Loss 0.07768
-- Training of the discriminator, num_Updates[ 5 / 10]: Loss 0.07747
-- Training of the discriminator, num_Updates[ 6 / 10]: Loss 0.07725
-- Training of the discriminator, num_Updates[ 7 / 10]: Loss 0.07701
-- Training of the discriminator, num_Updates[ 8 / 10]: Loss 0.07677
-- Training of the discriminator, num_Updates[ 9 / 10]: Loss 0.07652
-- Training of the discriminator, num_Updates[ 10 / 10]: Loss 0.07627
Generation time:  29.1  seconds
###   On generation 42 of 500
Best best molecule in generation  42
    smile  :  C=CC=CC=CC=CC=CC(=CSCCC(C)=CC=CCCCC=CCCC=CSCC)CCCCCC=C=CC=CC=C(C)CCC=CC=CCC=C(C)C
    fitness:  8.923425032881026
    logP   :  18.093599999999977
    sas    :  4.936011233832501
    ringP  :  0
    discrm :  [0.05915242]
-- Training of the discriminator, num_Updates[ 1 / 10]: Loss 0.07507
-- Training of the discriminator, num_Updates[ 2 / 10]: Loss 0.07473
-- Training of the discriminator, num_Updates[ 3 / 10]: Loss 0.07440
-- Training of the discriminator, num_Updates[ 4 / 10]: Loss 0.07409
-- Training of the discriminator, num_Updates[ 5 / 10]: Loss 0.07381
-- Training of the discriminator, num_Updates[ 6 / 10]: Loss 0.07357
-- Training of the discriminator, num_Updates[ 7 / 10]: Loss 0.07336
-- Training of the discriminator, num_Updates[ 8 / 10]: Loss 0.07317
-- Training of the discriminator, num_Updates[ 9 / 10]: Loss 0.07300
-- Training of the discriminator, num_Updates[ 10 / 10]: Loss 0.07282
Generation time:  31.02  seconds
###   On generation 43 of 500
Best best molecule in generation  43
    smile  :  C=CC=CCC=CC=CC(=CSCCC(C)=CC=CCCC=CCCC=CSCC)CCCCC(=C)CC=CC=C(C)CCC=CC=CCC=C(C)CCC
    fitness:  9.088957873179615
    logP   :  18.162499999999977
    sas    :  4.839086494085297
    ringP  :  0
    discrm :  [0.05734255]
-- Training of the discriminator, num_Updates[ 1 / 10]: Loss 0.07482
-- Training of the discriminator, num_Updates[ 2 / 10]: Loss 0.07464
-- Training of the discriminator, num_Updates[ 3 / 10]: Loss 0.07444
-- Training of the discriminator, num_Updates[ 4 / 10]: Loss 0.07423
-- Training of the discriminator, num_Updates[ 5 / 10]: Loss 0.07401
-- Training of the discriminator, num_Updates[ 6 / 10]: Loss 0.07379
-- Training of the discriminator, num_Updates[ 7 / 10]: Loss 0.07357
-- Training of the discriminator, num_Updates[ 8 / 10]: Loss 0.07336
-- Training of the discriminator, num_Updates[ 9 / 10]: Loss 0.07316
-- Training of the discriminator, num_Updates[ 10 / 10]: Loss 0.07296
Generation time:  29.45  seconds
###   On generation 44 of 500
Best best molecule in generation  44
    smile  :  C=CC=CCC=CC=CC(=CSCCC(C)=CC=CCCC=CCCC=CSCC)CCCCSC(=C)CC=CC=C(C)CCC=CC=CCC=C(C)CCC
    fitness:  9.156363461987564
    logP   :  18.463099999999983
    sas    :  4.959525057689804
    ringP  :  0
    discrm :  [0.05654246]
-- Training of the discriminator, num_Updates[ 1 / 10]: Loss 0.06991
-- Training of the discriminator, num_Updates[ 2 / 10]: Loss 0.06966
-- Training of the discriminator, num_Updates[ 3 / 10]: Loss 0.06941
-- Training of the discriminator, num_Updates[ 4 / 10]: Loss 0.06917
-- Training of the discriminator, num_Updates[ 5 / 10]: Loss 0.06894
-- Training of the discriminator, num_Updates[ 6 / 10]: Loss 0.06873
-- Training of the discriminator, num_Updates[ 7 / 10]: Loss 0.06853
-- Training of the discriminator, num_Updates[ 8 / 10]: Loss 0.06834
-- Training of the discriminator, num_Updates[ 9 / 10]: Loss 0.06816
-- Training of the discriminator, num_Updates[ 10 / 10]: Loss 0.06799
Generation time:  30.19  seconds
###   On generation 45 of 500
Best best molecule in generation  45
    smile  :  C=CCCCCC(C)=CC=CC=CC(=CC=CCCSCC=C=CCC=CC=CCCCC=CCCC=CSCC)CC=CC=C(C)CCC=CC=CCC=CCC
    fitness:  9.205252358011139
    logP   :  18.52619999999998
    sas    :  4.9560935971663245
    ringP  :  0
    discrm :  [0.05465259]
-- Training of the discriminator, num_Updates[ 1 / 10]: Loss 0.06979
-- Training of the discriminator, num_Updates[ 2 / 10]: Loss 0.06957
-- Training of the discriminator, num_Updates[ 3 / 10]: Loss 0.06936
-- Training of the discriminator, num_Updates[ 4 / 10]: Loss 0.06916
-- Training of the discriminator, num_Updates[ 5 / 10]: Loss 0.06896
-- Training of the discriminator, num_Updates[ 6 / 10]: Loss 0.06877
-- Training of the discriminator, num_Updates[ 7 / 10]: Loss 0.06858
-- Training of the discriminator, num_Updates[ 8 / 10]: Loss 0.06839
-- Training of the discriminator, num_Updates[ 9 / 10]: Loss 0.06819
-- Training of the discriminator, num_Updates[ 10 / 10]: Loss 0.06798
Generation time:  31.73  seconds
###   On generation 46 of 500
Best best molecule in generation  46
    smile  :  C=CC=CC=CC=CC=CC(=CSCCC(C)=CC=CCCC=CCCC=CSCC)CCCCCC=C(CC=CC=C(C)CCC=CC)CCC=C(C)CC
    fitness:  9.369574937140204
    logP   :  18.55259999999998
    sas    :  4.8351668159315615
    ringP  :  0
    discrm :  [0.05371645]
-- Training of the discriminator, num_Updates[ 1 / 10]: Loss 0.06719
-- Training of the discriminator, num_Updates[ 2 / 10]: Loss 0.06689
-- Training of the discriminator, num_Updates[ 3 / 10]: Loss 0.06655
-- Training of the discriminator, num_Updates[ 4 / 10]: Loss 0.06621
-- Training of the discriminator, num_Updates[ 5 / 10]: Loss 0.06588
-- Training of the discriminator, num_Updates[ 6 / 10]: Loss 0.06560
-- Training of the discriminator, num_Updates[ 7 / 10]: Loss 0.06536
-- Training of the discriminator, num_Updates[ 8 / 10]: Loss 0.06515
-- Training of the discriminator, num_Updates[ 9 / 10]: Loss 0.06498
-- Training of the discriminator, num_Updates[ 10 / 10]: Loss 0.06484
Generation time:  32.25  seconds
###   On generation 47 of 500
Best best molecule in generation  47
    smile  :  C=CC=CC=CC=CC=CC(=CSCCC(C)=CC=CCCC=CCCC=CSCC)CCCCCC=C(CC=CC=C(C)CCC=CC)CCC=C(C)CC
    fitness:  9.369778807377077
    logP   :  18.55259999999998
    sas    :  4.8351668159315615
    ringP  :  0
    discrm :  [0.05167774]
-- Training of the discriminator, num_Updates[ 1 / 10]: Loss 0.06530
-- Training of the discriminator, num_Updates[ 2 / 10]: Loss 0.06520
-- Training of the discriminator, num_Updates[ 3 / 10]: Loss 0.06505
-- Training of the discriminator, num_Updates[ 4 / 10]: Loss 0.06486
-- Training of the discriminator, num_Updates[ 5 / 10]: Loss 0.06463
-- Training of the discriminator, num_Updates[ 6 / 10]: Loss 0.06438
-- Training of the discriminator, num_Updates[ 7 / 10]: Loss 0.06413
-- Training of the discriminator, num_Updates[ 8 / 10]: Loss 0.06389
-- Training of the discriminator, num_Updates[ 9 / 10]: Loss 0.06368
-- Training of the discriminator, num_Updates[ 10 / 10]: Loss 0.06349
Generation time:  29.13  seconds
###   On generation 48 of 500
Best best molecule in generation  48
    smile  :  C=C(CC=CC=C(C)CCCCC=CCC=CC=CC)CCCC(C=CCCC=CC=CC)=CC=CCC(=CC=CC=CCCC=CCCC=CSCCC)CC
    fitness:  9.552900399618176
    logP   :  18.80819999999998
    sas    :  4.833128742307878
    ringP  :  0
    discrm :  [0.05035297]
-- Training of the discriminator, num_Updates[ 1 / 10]: Loss 0.06709
-- Training of the discriminator, num_Updates[ 2 / 10]: Loss 0.06690
-- Training of the discriminator, num_Updates[ 3 / 10]: Loss 0.06673
-- Training of the discriminator, num_Updates[ 4 / 10]: Loss 0.06658
-- Training of the discriminator, num_Updates[ 5 / 10]: Loss 0.06644
-- Training of the discriminator, num_Updates[ 6 / 10]: Loss 0.06630
-- Training of the discriminator, num_Updates[ 7 / 10]: Loss 0.06616
-- Training of the discriminator, num_Updates[ 8 / 10]: Loss 0.06602
-- Training of the discriminator, num_Updates[ 9 / 10]: Loss 0.06587
-- Training of the discriminator, num_Updates[ 10 / 10]: Loss 0.06571
Generation time:  29.05  seconds
###   On generation 49 of 500
Best best molecule in generation  49
    smile  :  C=C(CC=CC=C(C)CCCCC=CCC=CC=CC)CCCC(C=CCCC=CC=CC)=CC=CCC(=CC=CC=CCCC=CCCC=CSCCC)CC
    fitness:  9.553009863548306
    logP   :  18.80819999999998
    sas    :  4.833128742307878
    ringP  :  0
    discrm :  [0.04925833]
-- Training of the discriminator, num_Updates[ 1 / 10]: Loss 0.06261
-- Training of the discriminator, num_Updates[ 2 / 10]: Loss 0.06245
-- Training of the discriminator, num_Updates[ 3 / 10]: Loss 0.06230
-- Training of the discriminator, num_Updates[ 4 / 10]: Loss 0.06214
-- Training of the discriminator, num_Updates[ 5 / 10]: Loss 0.06199
-- Training of the discriminator, num_Updates[ 6 / 10]: Loss 0.06184
-- Training of the discriminator, num_Updates[ 7 / 10]: Loss 0.06169
-- Training of the discriminator, num_Updates[ 8 / 10]: Loss 0.06154
-- Training of the discriminator, num_Updates[ 9 / 10]: Loss 0.06139
-- Training of the discriminator, num_Updates[ 10 / 10]: Loss 0.06123
Generation time:  31.3  seconds
###   On generation 50 of 500
Best best molecule in generation  50
    smile  :  C=CC=CCC=CCCC(=CSCCC(C)=CC=CCCC=CCCC=CSCC)CCCCC(=C)CC=CC=C(C)CCCC=CC=CCC=C(C)CCC
    fitness:  9.585173793533098
    logP   :  18.776599999999984
    sas    :  4.787945411249288
    ringP  :  0
    discrm :  [0.04837774]
-- Training of the discriminator, num_Updates[ 1 / 10]: Loss 0.06556
-- Training of the discriminator, num_Updates[ 2 / 10]: Loss 0.06538
-- Training of the discriminator, num_Updates[ 3 / 10]: Loss 0.06517
-- Training of the discriminator, num_Updates[ 4 / 10]: Loss 0.06494
-- Training of the discriminator, num_Updates[ 5 / 10]: Loss 0.06472
-- Training of the discriminator, num_Updates[ 6 / 10]: Loss 0.06450
-- Training of the discriminator, num_Updates[ 7 / 10]: Loss 0.06430
-- Training of the discriminator, num_Updates[ 8 / 10]: Loss 0.06412
-- Training of the discriminator, num_Updates[ 9 / 10]: Loss 0.06397
-- Training of the discriminator, num_Updates[ 10 / 10]: Loss 0.06382
Generation time:  30.71  seconds
###   On generation 51 of 500
Best best molecule in generation  51
    smile  :  C=CCCCC=CC=CC(=CSCCC(C)=CC=CCCC=CCCC=CSSC)CCCCC(=C)CC=CC=C(C)CCCC=CC=CCC=C(C)CCC
    fitness:  9.726163230420592
    logP   :  19.034699999999987
    sas    :  4.822358693619091
    ringP  :  0
    discrm :  [0.04719963]
-- Training of the discriminator, num_Updates[ 1 / 10]: Loss 0.06324
-- Training of the discriminator, num_Updates[ 2 / 10]: Loss 0.06308
-- Training of the discriminator, num_Updates[ 3 / 10]: Loss 0.06293
-- Training of the discriminator, num_Updates[ 4 / 10]: Loss 0.06279
-- Training of the discriminator, num_Updates[ 5 / 10]: Loss 0.06263
-- Training of the discriminator, num_Updates[ 6 / 10]: Loss 0.06248
-- Training of the discriminator, num_Updates[ 7 / 10]: Loss 0.06231
-- Training of the discriminator, num_Updates[ 8 / 10]: Loss 0.06214
-- Training of the discriminator, num_Updates[ 9 / 10]: Loss 0.06196
-- Training of the discriminator, num_Updates[ 10 / 10]: Loss 0.06178
Generation time:  30.33  seconds
###   On generation 52 of 500
Best best molecule in generation  52
    smile  :  C=CC=CCC=CC=CC(=CSSCCC(C)=CC=CCCC=CCCC=CSCC)CCCCCC=C(CC=CC=C(C)CCC=CC)CCC=C(C)CC
    fitness:  9.655336518121235
    logP   :  19.034699999999987
    sas    :  4.881284828353921
    ringP  :  0
    discrm :  [0.04606304]
-- Training of the discriminator, num_Updates[ 1 / 10]: Loss 0.05773
-- Training of the discriminator, num_Updates[ 2 / 10]: Loss 0.05755
-- Training of the discriminator, num_Updates[ 3 / 10]: Loss 0.05737
-- Training of the discriminator, num_Updates[ 4 / 10]: Loss 0.05719
-- Training of the discriminator, num_Updates[ 5 / 10]: Loss 0.05702
-- Training of the discriminator, num_Updates[ 6 / 10]: Loss 0.05686
-- Training of the discriminator, num_Updates[ 7 / 10]: Loss 0.05671
-- Training of the discriminator, num_Updates[ 8 / 10]: Loss 0.05656
-- Training of the discriminator, num_Updates[ 9 / 10]: Loss 0.05642
-- Training of the discriminator, num_Updates[ 10 / 10]: Loss 0.05628
Generation time:  28.89  seconds
###   On generation 53 of 500
Best best molecule in generation  53
    smile  :  CC=CC=CCC(=CSCCC(C)=CC=CCCC=CCCC=CSCC)CC=CC=C(C)CCCCCCCCC=C(C)CCC=CC=CCC=C(C)CC
    fitness:  9.837120032432818
    logP   :  19.000599999999984
    sas    :  4.710369109290378
    ringP  :  0
    discrm :  [0.04500369]
-- Training of the discriminator, num_Updates[ 1 / 10]: Loss 0.06008
-- Training of the discriminator, num_Updates[ 2 / 10]: Loss 0.05987
-- Training of the discriminator, num_Updates[ 3 / 10]: Loss 0.05963
-- Training of the discriminator, num_Updates[ 4 / 10]: Loss 0.05940
-- Training of the discriminator, num_Updates[ 5 / 10]: Loss 0.05920
-- Training of the discriminator, num_Updates[ 6 / 10]: Loss 0.05902
-- Training of the discriminator, num_Updates[ 7 / 10]: Loss 0.05888
-- Training of the discriminator, num_Updates[ 8 / 10]: Loss 0.05876
-- Training of the discriminator, num_Updates[ 9 / 10]: Loss 0.05865
-- Training of the discriminator, num_Updates[ 10 / 10]: Loss 0.05853
Generation time:  30.83  seconds
###   On generation 54 of 500
Best best molecule in generation  54
    smile  :  CC=CC=CCC(=CSCCC(C)=CC=CCCC=CCCC=CSCC)CC=CC=C(C)CCCCCCCCC=C(C)CCC=CC=CCC=C(C)CC
    fitness:  9.837178500398391
    logP   :  19.000599999999984
    sas    :  4.710369109290378
    ringP  :  0
    discrm :  [0.04441901]
-- Training of the discriminator, num_Updates[ 1 / 10]: Loss 0.05980
-- Training of the discriminator, num_Updates[ 2 / 10]: Loss 0.05909
-- Training of the discriminator, num_Updates[ 3 / 10]: Loss 0.05806
-- Training of the discriminator, num_Updates[ 4 / 10]: Loss 0.05704
-- Training of the discriminator, num_Updates[ 5 / 10]: Loss 0.05624
-- Training of the discriminator, num_Updates[ 6 / 10]: Loss 0.05573
-- Training of the discriminator, num_Updates[ 7 / 10]: Loss 0.05549
-- Training of the discriminator, num_Updates[ 8 / 10]: Loss 0.05545
-- Training of the discriminator, num_Updates[ 9 / 10]: Loss 0.05551
-- Training of the discriminator, num_Updates[ 10 / 10]: Loss 0.05559
Generation time:  30.48  seconds
###   On generation 55 of 500
Best best molecule in generation  55
    smile  :  CCCC(C)=CCC=CC=CCCC(C)=CC=CCCCCCCC(C)=CC=CC=CC=CC=CCCSCCCC(C)=CC=CCCC=CCCC=CSCC
    fitness:  9.908302404838949
    logP   :  18.81909999999998
    sas    :  4.544957161371092
    ringP  :  0
    discrm :  [0.04258026]
-- Training of the discriminator, num_Updates[ 1 / 10]: Loss 0.05282
-- Training of the discriminator, num_Updates[ 2 / 10]: Loss 0.05277
-- Training of the discriminator, num_Updates[ 3 / 10]: Loss 0.05268
-- Training of the discriminator, num_Updates[ 4 / 10]: Loss 0.05255
-- Training of the discriminator, num_Updates[ 5 / 10]: Loss 0.05239
-- Training of the discriminator, num_Updates[ 6 / 10]: Loss 0.05219
-- Training of the discriminator, num_Updates[ 7 / 10]: Loss 0.05198
-- Training of the discriminator, num_Updates[ 8 / 10]: Loss 0.05177
-- Training of the discriminator, num_Updates[ 9 / 10]: Loss 0.05158
-- Training of the discriminator, num_Updates[ 10 / 10]: Loss 0.05140
Generation time:  30.84  seconds
###   On generation 56 of 500
Best best molecule in generation  56
    smile  :  C=CC=CCC=CC=CC(=CSSCCC(C)=CC=CCCC=CCCC=CSCC)CCCCCC=CC=CC=CC=C(C)CCC=CCCCC=C(C)CCC
    fitness:  10.115855096111424
    logP   :  19.590899999999994
    sas    :  4.8254377742909735
    ringP  :  0
    discrm :  [0.04176667]
-- Training of the discriminator, num_Updates[ 1 / 10]: Loss 0.05733
-- Training of the discriminator, num_Updates[ 2 / 10]: Loss 0.05685
-- Training of the discriminator, num_Updates[ 3 / 10]: Loss 0.05636
-- Training of the discriminator, num_Updates[ 4 / 10]: Loss 0.05592
-- Training of the discriminator, num_Updates[ 5 / 10]: Loss 0.05554
-- Training of the discriminator, num_Updates[ 6 / 10]: Loss 0.05525
-- Training of the discriminator, num_Updates[ 7 / 10]: Loss 0.05503
-- Training of the discriminator, num_Updates[ 8 / 10]: Loss 0.05488
-- Training of the discriminator, num_Updates[ 9 / 10]: Loss 0.05478
-- Training of the discriminator, num_Updates[ 10 / 10]: Loss 0.05471
Generation time:  31.45  seconds
###   On generation 57 of 500
Best best molecule in generation  57
    smile  :  CCCC(C)=CCC=CC=CCCC(C)=CC=CCCCCCCC(C)=CC=CC=CCC=CC=CCCSCCCC(C)=CC=CCCC=CCCC=CSCC
    fitness:  10.132034640448737
    logP   :  19.209199999999985
    sas    :  4.588089535490149
    ringP  :  0
    discrm :  [0.04134919]
-- Training of the discriminator, num_Updates[ 1 / 10]: Loss 0.05097
-- Training of the discriminator, num_Updates[ 2 / 10]: Loss 0.05092
-- Training of the discriminator, num_Updates[ 3 / 10]: Loss 0.05073
-- Training of the discriminator, num_Updates[ 4 / 10]: Loss 0.05045
-- Training of the discriminator, num_Updates[ 5 / 10]: Loss 0.05011
-- Training of the discriminator, num_Updates[ 6 / 10]: Loss 0.04976
-- Training of the discriminator, num_Updates[ 7 / 10]: Loss 0.04943
-- Training of the discriminator, num_Updates[ 8 / 10]: Loss 0.04915
-- Training of the discriminator, num_Updates[ 9 / 10]: Loss 0.04892
-- Training of the discriminator, num_Updates[ 10 / 10]: Loss 0.04875
Generation time:  29.71  seconds
###   On generation 58 of 500
Best best molecule in generation  58
    smile  :  CCCC(C)=CCC=CC=CCCC(C)=CC=CCCCCCCC(C)=CC=CC=CCC=CC=CCCSCCCC(C)=CC=CCCC=CCCC=CSCC
    fitness:  10.132165062862086
    logP   :  19.209199999999985
    sas    :  4.588089535490149
    ringP  :  0
    discrm :  [0.04004497]
-- Training of the discriminator, num_Updates[ 1 / 10]: Loss 0.04910
-- Training of the discriminator, num_Updates[ 2 / 10]: Loss 0.04911
-- Training of the discriminator, num_Updates[ 3 / 10]: Loss 0.04910
-- Training of the discriminator, num_Updates[ 4 / 10]: Loss 0.04905
-- Training of the discriminator, num_Updates[ 5 / 10]: Loss 0.04895
-- Training of the discriminator, num_Updates[ 6 / 10]: Loss 0.04880
-- Training of the discriminator, num_Updates[ 7 / 10]: Loss 0.04862
-- Training of the discriminator, num_Updates[ 8 / 10]: Loss 0.04842
-- Training of the discriminator, num_Updates[ 9 / 10]: Loss 0.04821
-- Training of the discriminator, num_Updates[ 10 / 10]: Loss 0.04802
Generation time:  31.02  seconds
###   On generation 59 of 500
Best best molecule in generation  59
    smile  :  CC=CCC(=CSCCC(C)=CC=CCCCCCCC=CSCC)CCCC=CC=C(C)CCCCCC=CC=CC=C(C)CCC=CC=CCC=C(C)CC
    fitness:  10.167185549318052
    logP   :  19.39069999999999
    sas    :  4.6655518942778595
    ringP  :  0
    discrm :  [0.03925293]
-- Training of the discriminator, num_Updates[ 1 / 10]: Loss 0.05135
-- Training of the discriminator, num_Updates[ 2 / 10]: Loss 0.05132
-- Training of the discriminator, num_Updates[ 3 / 10]: Loss 0.05127
-- Training of the discriminator, num_Updates[ 4 / 10]: Loss 0.05118
-- Training of the discriminator, num_Updates[ 5 / 10]: Loss 0.05105
-- Training of the discriminator, num_Updates[ 6 / 10]: Loss 0.05090
-- Training of the discriminator, num_Updates[ 7 / 10]: Loss 0.05073
-- Training of the discriminator, num_Updates[ 8 / 10]: Loss 0.05056
-- Training of the discriminator, num_Updates[ 9 / 10]: Loss 0.05041
-- Training of the discriminator, num_Updates[ 10 / 10]: Loss 0.05029
Generation time:  31.48  seconds
###   On generation 60 of 500
Best best molecule in generation  60
    smile  :  CCSC=CCCC=CCCC=CC=C(C)CCCCSCCC=CCC=CC=CC=CC=C(C)CCCCCCC=CC=C(C)CCC=CSC=CCC=C(C)CC
    fitness:  10.346905266635888
    logP   :  19.85739999999999
    sas    :  4.790145833936516
    ringP  :  0
    discrm :  [0.03848381]
-- Training of the discriminator, num_Updates[ 1 / 10]: Loss 0.05022
-- Training of the discriminator, num_Updates[ 2 / 10]: Loss 0.05017
-- Training of the discriminator, num_Updates[ 3 / 10]: Loss 0.05010
-- Training of the discriminator, num_Updates[ 4 / 10]: Loss 0.04998
-- Training of the discriminator, num_Updates[ 5 / 10]: Loss 0.04983
-- Training of the discriminator, num_Updates[ 6 / 10]: Loss 0.04966
-- Training of the discriminator, num_Updates[ 7 / 10]: Loss 0.04948
-- Training of the discriminator, num_Updates[ 8 / 10]: Loss 0.04930
-- Training of the discriminator, num_Updates[ 9 / 10]: Loss 0.04912
-- Training of the discriminator, num_Updates[ 10 / 10]: Loss 0.04896
Generation time:  32.04  seconds
###   On generation 61 of 500
Best best molecule in generation  61
    smile  :  C=C(CC=CC=C(C)CCCCC=CCC=CCCCC)CCCC(C=CCCC=CC=CC)=CC=CSC(=CCCC=CCCC=CCCC=CSCCC)CC
    fitness:  10.34434803723212
    logP   :  19.904399999999995
    sas    :  4.819908378686579
    ringP  :  0
    discrm :  [0.0377195]
-- Training of the discriminator, num_Updates[ 1 / 10]: Loss 0.05149
-- Training of the discriminator, num_Updates[ 2 / 10]: Loss 0.05147
-- Training of the discriminator, num_Updates[ 3 / 10]: Loss 0.05143
-- Training of the discriminator, num_Updates[ 4 / 10]: Loss 0.05135
-- Training of the discriminator, num_Updates[ 5 / 10]: Loss 0.05123
-- Training of the discriminator, num_Updates[ 6 / 10]: Loss 0.05109
-- Training of the discriminator, num_Updates[ 7 / 10]: Loss 0.05092
-- Training of the discriminator, num_Updates[ 8 / 10]: Loss 0.05076
-- Training of the discriminator, num_Updates[ 9 / 10]: Loss 0.05060
-- Training of the discriminator, num_Updates[ 10 / 10]: Loss 0.05046
Generation time:  30.86  seconds
###   On generation 62 of 500
Best best molecule in generation  62
    smile  :  C=CC=CCC=CC=CC(=CC=CC(C)=CC=CCC=CCCCCCCC=CSCC)CCCCCC(=C)CC=CC=C(C)C=CCCCCCCCCCC
    fitness:  10.381904022939908
    logP   :  19.25619999999999
    sas    :  4.408483987063123
    ringP  :  0
    discrm :  [0.03687271]
-- Training of the discriminator, num_Updates[ 1 / 10]: Loss 0.04477
-- Training of the discriminator, num_Updates[ 2 / 10]: Loss 0.04468
-- Training of the discriminator, num_Updates[ 3 / 10]: Loss 0.04459
-- Training of the discriminator, num_Updates[ 4 / 10]: Loss 0.04452
-- Training of the discriminator, num_Updates[ 5 / 10]: Loss 0.04444
-- Training of the discriminator, num_Updates[ 6 / 10]: Loss 0.04436
-- Training of the discriminator, num_Updates[ 7 / 10]: Loss 0.04427
-- Training of the discriminator, num_Updates[ 8 / 10]: Loss 0.04419
-- Training of the discriminator, num_Updates[ 9 / 10]: Loss 0.04409
-- Training of the discriminator, num_Updates[ 10 / 10]: Loss 0.04400
Generation time:  31.41  seconds
###   On generation 63 of 500
Best best molecule in generation  63
    smile  :  CCSC=CCCC=CCCC=CC=C(C)CCCCSCCC=CC=CC=CC=CC=C(C)CCCCCCC=CC=C(C)CCC=CSC=CCCC=C(C)CC
    fitness:  10.45899943235151
    logP   :  19.857399999999995
    sas    :  4.6972217951266995
    ringP  :  0
    discrm :  [0.036242]
-- Training of the discriminator, num_Updates[ 1 / 10]: Loss 0.04632
-- Training of the discriminator, num_Updates[ 2 / 10]: Loss 0.04622
-- Training of the discriminator, num_Updates[ 3 / 10]: Loss 0.04611
-- Training of the discriminator, num_Updates[ 4 / 10]: Loss 0.04601
-- Training of the discriminator, num_Updates[ 5 / 10]: Loss 0.04591
-- Training of the discriminator, num_Updates[ 6 / 10]: Loss 0.04581
-- Training of the discriminator, num_Updates[ 7 / 10]: Loss 0.04571
-- Training of the discriminator, num_Updates[ 8 / 10]: Loss 0.04561
-- Training of the discriminator, num_Updates[ 9 / 10]: Loss 0.04551
-- Training of the discriminator, num_Updates[ 10 / 10]: Loss 0.04541
Generation time:  30.41  seconds
###   On generation 64 of 500
Best best molecule in generation  64
    smile  :  C=CC=CCC=CC=CC(=CC=CC(C)=CC=CCCC=CCCCCCCC=CSCC)CCCCCC(=C)CC=CC=C(C)C=CCCCCCCCCCC
    fitness:  10.62549860071581
    logP   :  19.646299999999993
    sas    :  4.43513695011515
    ringP  :  0
    discrm :  [0.0354116]
-- Training of the discriminator, num_Updates[ 1 / 10]: Loss 0.04765
-- Training of the discriminator, num_Updates[ 2 / 10]: Loss 0.04755
-- Training of the discriminator, num_Updates[ 3 / 10]: Loss 0.04745
-- Training of the discriminator, num_Updates[ 4 / 10]: Loss 0.04735
-- Training of the discriminator, num_Updates[ 5 / 10]: Loss 0.04725
-- Training of the discriminator, num_Updates[ 6 / 10]: Loss 0.04715
-- Training of the discriminator, num_Updates[ 7 / 10]: Loss 0.04705
-- Training of the discriminator, num_Updates[ 8 / 10]: Loss 0.04694
-- Training of the discriminator, num_Updates[ 9 / 10]: Loss 0.04684
-- Training of the discriminator, num_Updates[ 10 / 10]: Loss 0.04673
Generation time:  30.52  seconds
###   On generation 65 of 500
Best best molecule in generation  65
    smile  :  CCCC=CCCC=CCCC=CC=C(C)CCCCSCCC=CC=CC=CC=CC=C(C)CCCCCCC=CC=C(C)CCC=CSC=CCCC=C(C)CC
    fitness:  10.711673741046162
    logP   :  19.946899999999996
    sas    :  4.539971859816768
    ringP  :  0
    discrm :  [0.03476626]
-- Training of the discriminator, num_Updates[ 1 / 10]: Loss 0.04454
-- Training of the discriminator, num_Updates[ 2 / 10]: Loss 0.04442
-- Training of the discriminator, num_Updates[ 3 / 10]: Loss 0.04427
-- Training of the discriminator, num_Updates[ 4 / 10]: Loss 0.04411
-- Training of the discriminator, num_Updates[ 5 / 10]: Loss 0.04394
-- Training of the discriminator, num_Updates[ 6 / 10]: Loss 0.04377
-- Training of the discriminator, num_Updates[ 7 / 10]: Loss 0.04362
-- Training of the discriminator, num_Updates[ 8 / 10]: Loss 0.04349
-- Training of the discriminator, num_Updates[ 9 / 10]: Loss 0.04338
-- Training of the discriminator, num_Updates[ 10 / 10]: Loss 0.04327
Generation time:  28.47  seconds
###   On generation 66 of 500
Best best molecule in generation  66
    smile  :  CCCCCCCCC(=CC=CC=CC=CC=CCCSCCCCC(C)=CCC=CCCC=CCCC=CSCC)CC=C(C)CCC=CSC=CCC=C(C)CCC
    fitness:  10.793637127727077
    logP   :  20.4715
    sas    :  4.779702508159717
    ringP  :  0
    discrm :  [0.03440484]
-- Training of the discriminator, num_Updates[ 1 / 10]: Loss 0.04410
-- Training of the discriminator, num_Updates[ 2 / 10]: Loss 0.04395
-- Training of the discriminator, num_Updates[ 3 / 10]: Loss 0.04360
-- Training of the discriminator, num_Updates[ 4 / 10]: Loss 0.04316
-- Training of the discriminator, num_Updates[ 5 / 10]: Loss 0.04274
-- Training of the discriminator, num_Updates[ 6 / 10]: Loss 0.04239
-- Training of the discriminator, num_Updates[ 7 / 10]: Loss 0.04210
-- Training of the discriminator, num_Updates[ 8 / 10]: Loss 0.04189
-- Training of the discriminator, num_Updates[ 9 / 10]: Loss 0.04174
-- Training of the discriminator, num_Updates[ 10 / 10]: Loss 0.04164
Generation time:  28.73  seconds
###   On generation 67 of 500
Best best molecule in generation  67
    smile  :  C=CC=CCC=CC=CCC(=CC=CC(C)=CC=CCCC=CCCCCCCC=CSCC)CCCCCC(=C)CC=CC=C(C)C=CCCCCCCCCCC
    fitness:  10.810452219558046
    logP   :  20.036399999999997
    sas    :  4.5105569598654265
    ringP  :  0
    discrm :  [0.03326025]
-- Training of the discriminator, num_Updates[ 1 / 10]: Loss 0.04731
-- Training of the discriminator, num_Updates[ 2 / 10]: Loss 0.04743
-- Training of the discriminator, num_Updates[ 3 / 10]: Loss 0.04736
-- Training of the discriminator, num_Updates[ 4 / 10]: Loss 0.04711
-- Training of the discriminator, num_Updates[ 5 / 10]: Loss 0.04675
-- Training of the discriminator, num_Updates[ 6 / 10]: Loss 0.04636
-- Training of the discriminator, num_Updates[ 7 / 10]: Loss 0.04600
-- Training of the discriminator, num_Updates[ 8 / 10]: Loss 0.04572
-- Training of the discriminator, num_Updates[ 9 / 10]: Loss 0.04554
-- Training of the discriminator, num_Updates[ 10 / 10]: Loss 0.04545
Generation time:  29.22  seconds
###   On generation 68 of 500
Best best molecule in generation  68
    smile  :  CCCCCCCCC(=CC=CC=CC=CC=CCCSCCCCC(C)=CCC=CCCC=CCCC=CSCC)CC=C(C)CCC=CSC=CCC=C(C)CCC
    fitness:  10.793788398960412
    logP   :  20.4715
    sas    :  4.779702508159717
    ringP  :  0
    discrm :  [0.03289213]
-- Training of the discriminator, num_Updates[ 1 / 10]: Loss 0.04093
-- Training of the discriminator, num_Updates[ 2 / 10]: Loss 0.04097
-- Training of the discriminator, num_Updates[ 3 / 10]: Loss 0.04095
-- Training of the discriminator, num_Updates[ 4 / 10]: Loss 0.04085
-- Training of the discriminator, num_Updates[ 5 / 10]: Loss 0.04069
-- Training of the discriminator, num_Updates[ 6 / 10]: Loss 0.04048
-- Training of the discriminator, num_Updates[ 7 / 10]: Loss 0.04025
-- Training of the discriminator, num_Updates[ 8 / 10]: Loss 0.04002
-- Training of the discriminator, num_Updates[ 9 / 10]: Loss 0.03980
-- Training of the discriminator, num_Updates[ 10 / 10]: Loss 0.03962
Generation time:  30.18  seconds
###   On generation 69 of 500
Best best molecule in generation  69
    smile  :  CCCCCCCCC(=CC=CCCC=CC=CCCSCCCCC(C)=CCC=CCCC=CCCC=CSCC)CC=C(C)CCC=CSC=CCC=C(C)CCC
    fitness:  10.971410944571401
    logP   :  20.695500000000003
    sas    :  4.763644948478019
    ringP  :  0
    discrm :  [0.03213925]
-- Training of the discriminator, num_Updates[ 1 / 10]: Loss 0.04615
-- Training of the discriminator, num_Updates[ 2 / 10]: Loss 0.04605
-- Training of the discriminator, num_Updates[ 3 / 10]: Loss 0.04596
-- Training of the discriminator, num_Updates[ 4 / 10]: Loss 0.04588
-- Training of the discriminator, num_Updates[ 5 / 10]: Loss 0.04580
-- Training of the discriminator, num_Updates[ 6 / 10]: Loss 0.04569
-- Training of the discriminator, num_Updates[ 7 / 10]: Loss 0.04556
-- Training of the discriminator, num_Updates[ 8 / 10]: Loss 0.04541
-- Training of the discriminator, num_Updates[ 9 / 10]: Loss 0.04524
-- Training of the discriminator, num_Updates[ 10 / 10]: Loss 0.04506
Generation time:  30.11  seconds
###   On generation 70 of 500
Best best molecule in generation  70
    smile  :  CCCCCCCCC(=CC=CCCC=CC=CCCSCCCCC(C)=CCC=CCCC=CCCC=CSCC)CC=C(C)CCC=CSC=CCC=C(C)CCC
    fitness:  10.971474317812975
    logP   :  20.695500000000003
    sas    :  4.763644948478019
    ringP  :  0
    discrm :  [0.03150552]
-- Training of the discriminator, num_Updates[ 1 / 10]: Loss 0.04013
-- Training of the discriminator, num_Updates[ 2 / 10]: Loss 0.04002
-- Training of the discriminator, num_Updates[ 3 / 10]: Loss 0.03990
-- Training of the discriminator, num_Updates[ 4 / 10]: Loss 0.03976
-- Training of the discriminator, num_Updates[ 5 / 10]: Loss 0.03961
-- Training of the discriminator, num_Updates[ 6 / 10]: Loss 0.03946
-- Training of the discriminator, num_Updates[ 7 / 10]: Loss 0.03930
-- Training of the discriminator, num_Updates[ 8 / 10]: Loss 0.03915
-- Training of the discriminator, num_Updates[ 9 / 10]: Loss 0.03900
-- Training of the discriminator, num_Updates[ 10 / 10]: Loss 0.03887
Generation time:  29.91  seconds
###   On generation 71 of 500
Best best molecule in generation  71
    smile  :  CCCCCCCCC(=CC=CCCC=CC=CCCSCCCCC(C)=CCC=CCCC=CCCC=CSCC)CC=C(C)CCC=CSC=CCC=C(C)CCC
    fitness:  10.971533693119566
    logP   :  20.695500000000003
    sas    :  4.763644948478019
    ringP  :  0
    discrm :  [0.03091176]
-- Training of the discriminator, num_Updates[ 1 / 10]: Loss 0.04571
-- Training of the discriminator, num_Updates[ 2 / 10]: Loss 0.04561
-- Training of the discriminator, num_Updates[ 3 / 10]: Loss 0.04538
-- Training of the discriminator, num_Updates[ 4 / 10]: Loss 0.04507
-- Training of the discriminator, num_Updates[ 5 / 10]: Loss 0.04475
-- Training of the discriminator, num_Updates[ 6 / 10]: Loss 0.04445
-- Training of the discriminator, num_Updates[ 7 / 10]: Loss 0.04420
-- Training of the discriminator, num_Updates[ 8 / 10]: Loss 0.04400
-- Training of the discriminator, num_Updates[ 9 / 10]: Loss 0.04385
-- Training of the discriminator, num_Updates[ 10 / 10]: Loss 0.04374
Generation time:  28.86  seconds
###   On generation 72 of 500
Best best molecule in generation  72
    smile  :  C=C(CC=CC=C(C)CCCCC=CCC=CCCCC)CCCC(C=CCCC=CC=CCC)=CC=CSC(=CCCCCCCC=CCCC=CSSCCC)CC
    fitness:  11.246064954572702
    logP   :  21.16670000000001
    sas    :  4.812080226992608
    ringP  :  0
    discrm :  [0.03067538]
-- Training of the discriminator, num_Updates[ 1 / 10]: Loss 0.04278
-- Training of the discriminator, num_Updates[ 2 / 10]: Loss 0.04246
-- Training of the discriminator, num_Updates[ 3 / 10]: Loss 0.04222
-- Training of the discriminator, num_Updates[ 4 / 10]: Loss 0.04208
-- Training of the discriminator, num_Updates[ 5 / 10]: Loss 0.04203
-- Training of the discriminator, num_Updates[ 6 / 10]: Loss 0.04203
-- Training of the discriminator, num_Updates[ 7 / 10]: Loss 0.04199
-- Training of the discriminator, num_Updates[ 8 / 10]: Loss 0.04188
-- Training of the discriminator, num_Updates[ 9 / 10]: Loss 0.04170
-- Training of the discriminator, num_Updates[ 10 / 10]: Loss 0.04149
Generation time:  32.14  seconds
###   On generation 73 of 500
Best best molecule in generation  73
    smile  :  CCCCCCCCC(=CC=CCCC=CC=CCCSCCCCC(C)=CCC=CCCC=CCCC=CSCCC)CC=C(C)CCC=CSC=CCC=C(C)CCC
    fitness:  11.251407420812225
    logP   :  21.085600000000007
    sas    :  4.760082601032057
    ringP  :  0
    discrm :  [0.03041717]
-- Training of the discriminator, num_Updates[ 1 / 10]: Loss 0.03999
-- Training of the discriminator, num_Updates[ 2 / 10]: Loss 0.03980
-- Training of the discriminator, num_Updates[ 3 / 10]: Loss 0.03966
-- Training of the discriminator, num_Updates[ 4 / 10]: Loss 0.03957
-- Training of the discriminator, num_Updates[ 5 / 10]: Loss 0.03950
-- Training of the discriminator, num_Updates[ 6 / 10]: Loss 0.03945
-- Training of the discriminator, num_Updates[ 7 / 10]: Loss 0.03938
-- Training of the discriminator, num_Updates[ 8 / 10]: Loss 0.03931
-- Training of the discriminator, num_Updates[ 9 / 10]: Loss 0.03922
-- Training of the discriminator, num_Updates[ 10 / 10]: Loss 0.03912
Generation time:  30.76  seconds
###   On generation 74 of 500
Best best molecule in generation  74
    smile  :  C=C(CC=CC=C(C)CCCCC=CCC=CCCCC)CCCC(C=CCCC=CC=CCC)=CSCSC(=CCCCCCCC=CCCC=CSSCCC)CC
    fitness:  11.295561824919979
    logP   :  21.301200000000012
    sas    :  4.849948662005871
    ringP  :  0
    discrm :  [0.02981474]
-- Training of the discriminator, num_Updates[ 1 / 10]: Loss 0.03745
-- Training of the discriminator, num_Updates[ 2 / 10]: Loss 0.03737
-- Training of the discriminator, num_Updates[ 3 / 10]: Loss 0.03726
-- Training of the discriminator, num_Updates[ 4 / 10]: Loss 0.03713
-- Training of the discriminator, num_Updates[ 5 / 10]: Loss 0.03700
-- Training of the discriminator, num_Updates[ 6 / 10]: Loss 0.03687
-- Training of the discriminator, num_Updates[ 7 / 10]: Loss 0.03675
-- Training of the discriminator, num_Updates[ 8 / 10]: Loss 0.03666
-- Training of the discriminator, num_Updates[ 9 / 10]: Loss 0.03658
-- Training of the discriminator, num_Updates[ 10 / 10]: Loss 0.03651
Generation time:  29.01  seconds
###   On generation 75 of 500
