nohup: ignoring input
wandb: Currently logged in as: kjappelbaum (use `wandb login --relogin` to force relogin)
wandb: wandb version 0.10.14 is available!  To upgrade, please run:
wandb:  $ pip install wandb --upgrade
wandb: Tracking run with wandb version 0.10.12
wandb: Syncing run elated-fog-1838
wandb: ⭐️ View project at https://wandb.ai/kjappelbaum/ga_replication_study
wandb: 🚀 View run at https://wandb.ai/kjappelbaum/ga_replication_study/runs/kn6as70i
wandb: Run data is saved locally in /home/kevin/Documents/replication_study/selfies_ga_nn_replication/wandb/run-20210123_105236-kn6as70i
wandb: Run `wandb offline` to turn off syncing.
###   On generation 1 of 1000
Best best molecule in generation  1
    smile  :  C
    fitness:  -6.281431695634691
    logP   :  0.6361
    sas    :  7.3284153846153846
    ringP  :  0
    discrm :  [0.]
/home/kevin/anaconda3/envs/ga_replication/lib/python3.8/site-packages/torch/nn/functional.py:1351: UserWarning: nn.functional.sigmoid is deprecated. Use torch.sigmoid instead.
  warnings.warn("nn.functional.sigmoid is deprecated. Use torch.sigmoid instead.")
/home/kevin/anaconda3/envs/ga_replication/lib/python3.8/site-packages/torch/nn/modules/loss.py:498: UserWarning: Using a target size (torch.Size([1000])) that is different to the input size (torch.Size([1000, 1])) is deprecated. Please ensure they have the same size.
  return F.binary_cross_entropy(input, target, weight=self.weight, reduction=self.reduction)
-- Training of the discriminator, num_Updates[ 1 / 10]: Loss 0.73245
-- Training of the discriminator, num_Updates[ 2 / 10]: Loss 0.72548
-- Training of the discriminator, num_Updates[ 3 / 10]: Loss 0.71870
-- Training of the discriminator, num_Updates[ 4 / 10]: Loss 0.71213
-- Training of the discriminator, num_Updates[ 5 / 10]: Loss 0.70564
-- Training of the discriminator, num_Updates[ 6 / 10]: Loss 0.69935
-- Training of the discriminator, num_Updates[ 7 / 10]: Loss 0.69335
-- Training of the discriminator, num_Updates[ 8 / 10]: Loss 0.68754
-- Training of the discriminator, num_Updates[ 9 / 10]: Loss 0.68190
-- Training of the discriminator, num_Updates[ 10 / 10]: Loss 0.67651
Generation time:  10.39  seconds
###   On generation 2 of 1000
Best best molecule in generation  2
    smile  :  CC
    fitness:  -0.491076226348965
    logP   :  1.0262
    sas    :  2.7475679189493913
    ringP  :  0
    discrm :  [0.40163243]
-- Training of the discriminator, num_Updates[ 1 / 10]: Loss 0.67601
-- Training of the discriminator, num_Updates[ 2 / 10]: Loss 0.67155
-- Training of the discriminator, num_Updates[ 3 / 10]: Loss 0.66732
-- Training of the discriminator, num_Updates[ 4 / 10]: Loss 0.66331
-- Training of the discriminator, num_Updates[ 5 / 10]: Loss 0.65948
-- Training of the discriminator, num_Updates[ 6 / 10]: Loss 0.65581
-- Training of the discriminator, num_Updates[ 7 / 10]: Loss 0.65221
-- Training of the discriminator, num_Updates[ 8 / 10]: Loss 0.64885
-- Training of the discriminator, num_Updates[ 9 / 10]: Loss 0.64557
-- Training of the discriminator, num_Updates[ 10 / 10]: Loss 0.64242
Generation time:  20.07  seconds
###   On generation 3 of 1000
Best best molecule in generation  3
    smile  :  c1ccccc1
    fitness:  2.079251008844443
    logP   :  1.6866
    sas    :  1.0
    ringP  :  0
    discrm :  [0.4496038]
-- Training of the discriminator, num_Updates[ 1 / 10]: Loss 0.65134
-- Training of the discriminator, num_Updates[ 2 / 10]: Loss 0.64894
-- Training of the discriminator, num_Updates[ 3 / 10]: Loss 0.64659
-- Training of the discriminator, num_Updates[ 4 / 10]: Loss 0.64427
-- Training of the discriminator, num_Updates[ 5 / 10]: Loss 0.64204
-- Training of the discriminator, num_Updates[ 6 / 10]: Loss 0.63978
-- Training of the discriminator, num_Updates[ 7 / 10]: Loss 0.63759
-- Training of the discriminator, num_Updates[ 8 / 10]: Loss 0.63539
-- Training of the discriminator, num_Updates[ 9 / 10]: Loss 0.63314
-- Training of the discriminator, num_Updates[ 10 / 10]: Loss 0.63088
Generation time:  23.35  seconds
###   On generation 4 of 1000
Best best molecule in generation  4
    smile  :  Cc1ccccc1
    fitness:  2.297094361113432
    logP   :  1.99502
    sas    :  1.0
    ringP  :  0
    discrm :  [0.46968]
-- Training of the discriminator, num_Updates[ 1 / 10]: Loss 0.63200
-- Training of the discriminator, num_Updates[ 2 / 10]: Loss 0.62981
-- Training of the discriminator, num_Updates[ 3 / 10]: Loss 0.62757
-- Training of the discriminator, num_Updates[ 4 / 10]: Loss 0.62527
-- Training of the discriminator, num_Updates[ 5 / 10]: Loss 0.62291
-- Training of the discriminator, num_Updates[ 6 / 10]: Loss 0.62049
-- Training of the discriminator, num_Updates[ 7 / 10]: Loss 0.61802
-- Training of the discriminator, num_Updates[ 8 / 10]: Loss 0.61549
-- Training of the discriminator, num_Updates[ 9 / 10]: Loss 0.61287
-- Training of the discriminator, num_Updates[ 10 / 10]: Loss 0.61016
Generation time:  23.37  seconds
###   On generation 5 of 1000
Best best molecule in generation  5
    smile  :  Cc1ccccc1
    fitness:  2.297094361113432
    logP   :  1.99502
    sas    :  1.0
    ringP  :  0
    discrm :  [0.4641141]
-- Training of the discriminator, num_Updates[ 1 / 10]: Loss 0.61616
-- Training of the discriminator, num_Updates[ 2 / 10]: Loss 0.61343
-- Training of the discriminator, num_Updates[ 3 / 10]: Loss 0.61062
-- Training of the discriminator, num_Updates[ 4 / 10]: Loss 0.60771
-- Training of the discriminator, num_Updates[ 5 / 10]: Loss 0.60473
-- Training of the discriminator, num_Updates[ 6 / 10]: Loss 0.60166
-- Training of the discriminator, num_Updates[ 7 / 10]: Loss 0.59851
-- Training of the discriminator, num_Updates[ 8 / 10]: Loss 0.59528
-- Training of the discriminator, num_Updates[ 9 / 10]: Loss 0.59198
-- Training of the discriminator, num_Updates[ 10 / 10]: Loss 0.58860
Generation time:  26.63  seconds
###   On generation 6 of 1000
Best best molecule in generation  6
    smile  :  Cc1ccccc1
    fitness:  2.297094361113432
    logP   :  1.99502
    sas    :  1.0
    ringP  :  0
    discrm :  [0.43873113]
-- Training of the discriminator, num_Updates[ 1 / 10]: Loss 0.58949
-- Training of the discriminator, num_Updates[ 2 / 10]: Loss 0.58599
-- Training of the discriminator, num_Updates[ 3 / 10]: Loss 0.58242
-- Training of the discriminator, num_Updates[ 4 / 10]: Loss 0.57881
-- Training of the discriminator, num_Updates[ 5 / 10]: Loss 0.57515
-- Training of the discriminator, num_Updates[ 6 / 10]: Loss 0.57146
-- Training of the discriminator, num_Updates[ 7 / 10]: Loss 0.56773
-- Training of the discriminator, num_Updates[ 8 / 10]: Loss 0.56397
-- Training of the discriminator, num_Updates[ 9 / 10]: Loss 0.56017
-- Training of the discriminator, num_Updates[ 10 / 10]: Loss 0.55633
Generation time:  25.28  seconds
###   On generation 7 of 1000
Best best molecule in generation  7
    smile  :  CCc1ccccc1
    fitness:  2.476485628246815
    logP   :  2.2490000000000006
    sas    :  1.0
    ringP  :  0
    discrm :  [0.4162031]
-- Training of the discriminator, num_Updates[ 1 / 10]: Loss 0.55726
-- Training of the discriminator, num_Updates[ 2 / 10]: Loss 0.55346
-- Training of the discriminator, num_Updates[ 3 / 10]: Loss 0.54962
-- Training of the discriminator, num_Updates[ 4 / 10]: Loss 0.54575
-- Training of the discriminator, num_Updates[ 5 / 10]: Loss 0.54183
-- Training of the discriminator, num_Updates[ 6 / 10]: Loss 0.53784
-- Training of the discriminator, num_Updates[ 7 / 10]: Loss 0.53385
-- Training of the discriminator, num_Updates[ 8 / 10]: Loss 0.52981
-- Training of the discriminator, num_Updates[ 9 / 10]: Loss 0.52574
-- Training of the discriminator, num_Updates[ 10 / 10]: Loss 0.52163
Generation time:  28.37  seconds
###   On generation 8 of 1000
Best best molecule in generation  8
    smile  :  CCc1ccccc1
    fitness:  2.476485628246815
    logP   :  2.2490000000000006
    sas    :  1.0
    ringP  :  0
    discrm :  [0.38762456]
-- Training of the discriminator, num_Updates[ 1 / 10]: Loss 0.52387
-- Training of the discriminator, num_Updates[ 2 / 10]: Loss 0.51977
-- Training of the discriminator, num_Updates[ 3 / 10]: Loss 0.51564
-- Training of the discriminator, num_Updates[ 4 / 10]: Loss 0.51149
-- Training of the discriminator, num_Updates[ 5 / 10]: Loss 0.50733
-- Training of the discriminator, num_Updates[ 6 / 10]: Loss 0.50314
-- Training of the discriminator, num_Updates[ 7 / 10]: Loss 0.49893
-- Training of the discriminator, num_Updates[ 8 / 10]: Loss 0.49468
-- Training of the discriminator, num_Updates[ 9 / 10]: Loss 0.49040
-- Training of the discriminator, num_Updates[ 10 / 10]: Loss 0.48610
Generation time:  27.07  seconds
###   On generation 9 of 1000
Best best molecule in generation  9
    smile  :  CCc1ccccc1
    fitness:  2.476485628246815
    logP   :  2.2490000000000006
    sas    :  1.0
    ringP  :  0
    discrm :  [0.35415027]
-- Training of the discriminator, num_Updates[ 1 / 10]: Loss 0.48948
-- Training of the discriminator, num_Updates[ 2 / 10]: Loss 0.48511
-- Training of the discriminator, num_Updates[ 3 / 10]: Loss 0.48069
-- Training of the discriminator, num_Updates[ 4 / 10]: Loss 0.47632
-- Training of the discriminator, num_Updates[ 5 / 10]: Loss 0.47202
-- Training of the discriminator, num_Updates[ 6 / 10]: Loss 0.46780
-- Training of the discriminator, num_Updates[ 7 / 10]: Loss 0.46358
-- Training of the discriminator, num_Updates[ 8 / 10]: Loss 0.45931
-- Training of the discriminator, num_Updates[ 9 / 10]: Loss 0.45502
-- Training of the discriminator, num_Updates[ 10 / 10]: Loss 0.45075
Generation time:  26.45  seconds
###   On generation 10 of 1000
Best best molecule in generation  10
    smile  :  C=CC=CC=CCC=CC=Cc1cccc(C=C(C)C)c1
    fitness:  2.8303155630186287
    logP   :  6.3677000000000055
    sas    :  3.122535928124477
    ringP  :  0
    discrm :  [0.47988507]
-- Training of the discriminator, num_Updates[ 1 / 10]: Loss 0.44863
-- Training of the discriminator, num_Updates[ 2 / 10]: Loss 0.44443
-- Training of the discriminator, num_Updates[ 3 / 10]: Loss 0.44019
-- Training of the discriminator, num_Updates[ 4 / 10]: Loss 0.43594
-- Training of the discriminator, num_Updates[ 5 / 10]: Loss 0.43170
-- Training of the discriminator, num_Updates[ 6 / 10]: Loss 0.42753
-- Training of the discriminator, num_Updates[ 7 / 10]: Loss 0.42342
-- Training of the discriminator, num_Updates[ 8 / 10]: Loss 0.41934
-- Training of the discriminator, num_Updates[ 9 / 10]: Loss 0.41527
-- Training of the discriminator, num_Updates[ 10 / 10]: Loss 0.41121
Generation time:  28.78  seconds
###   On generation 11 of 1000
Best best molecule in generation  11
    smile  :  CCc1ccccc1
    fitness:  2.476485628246815
    logP   :  2.2490000000000006
    sas    :  1.0
    ringP  :  0
    discrm :  [0.27271652]
-- Training of the discriminator, num_Updates[ 1 / 10]: Loss 0.40847
-- Training of the discriminator, num_Updates[ 2 / 10]: Loss 0.40433
-- Training of the discriminator, num_Updates[ 3 / 10]: Loss 0.40029
-- Training of the discriminator, num_Updates[ 4 / 10]: Loss 0.39639
-- Training of the discriminator, num_Updates[ 5 / 10]: Loss 0.39258
-- Training of the discriminator, num_Updates[ 6 / 10]: Loss 0.38877
-- Training of the discriminator, num_Updates[ 7 / 10]: Loss 0.38494
-- Training of the discriminator, num_Updates[ 8 / 10]: Loss 0.38110
-- Training of the discriminator, num_Updates[ 9 / 10]: Loss 0.37732
-- Training of the discriminator, num_Updates[ 10 / 10]: Loss 0.37365
Generation time:  26.89  seconds
###   On generation 12 of 1000
Best best molecule in generation  12
    smile  :  CCc1ccccc1
    fitness:  2.476485628246815
    logP   :  2.2490000000000006
    sas    :  1.0
    ringP  :  0
    discrm :  [0.2411193]
-- Training of the discriminator, num_Updates[ 1 / 10]: Loss 0.36482
-- Training of the discriminator, num_Updates[ 2 / 10]: Loss 0.36119
-- Training of the discriminator, num_Updates[ 3 / 10]: Loss 0.35749
-- Training of the discriminator, num_Updates[ 4 / 10]: Loss 0.35382
-- Training of the discriminator, num_Updates[ 5 / 10]: Loss 0.35025
-- Training of the discriminator, num_Updates[ 6 / 10]: Loss 0.34680
-- Training of the discriminator, num_Updates[ 7 / 10]: Loss 0.34344
-- Training of the discriminator, num_Updates[ 8 / 10]: Loss 0.34013
-- Training of the discriminator, num_Updates[ 9 / 10]: Loss 0.33682
-- Training of the discriminator, num_Updates[ 10 / 10]: Loss 0.33355
Generation time:  25.77  seconds
###   On generation 13 of 1000
Best best molecule in generation  13
    smile  :  CCCc1ccccc1
    fitness:  2.655211436584508
    logP   :  2.639100000000001
    sas    :  1.0804143977581013
    ringP  :  0
    discrm :  [0.23470116]
-- Training of the discriminator, num_Updates[ 1 / 10]: Loss 0.33071
-- Training of the discriminator, num_Updates[ 2 / 10]: Loss 0.32757
-- Training of the discriminator, num_Updates[ 3 / 10]: Loss 0.32454
-- Training of the discriminator, num_Updates[ 4 / 10]: Loss 0.32164
-- Training of the discriminator, num_Updates[ 5 / 10]: Loss 0.31881
-- Training of the discriminator, num_Updates[ 6 / 10]: Loss 0.31602
-- Training of the discriminator, num_Updates[ 7 / 10]: Loss 0.31323
-- Training of the discriminator, num_Updates[ 8 / 10]: Loss 0.31046
-- Training of the discriminator, num_Updates[ 9 / 10]: Loss 0.30775
-- Training of the discriminator, num_Updates[ 10 / 10]: Loss 0.30513
Generation time:  26.43  seconds
###   On generation 14 of 1000
Best best molecule in generation  14
    smile  :  CCCc1ccccc1
    fitness:  2.655211436584508
    logP   :  2.639100000000001
    sas    :  1.0804143977581013
    ringP  :  0
    discrm :  [0.20455284]
-- Training of the discriminator, num_Updates[ 1 / 10]: Loss 0.30711
-- Training of the discriminator, num_Updates[ 2 / 10]: Loss 0.30462
-- Training of the discriminator, num_Updates[ 3 / 10]: Loss 0.30215
-- Training of the discriminator, num_Updates[ 4 / 10]: Loss 0.29969
-- Training of the discriminator, num_Updates[ 5 / 10]: Loss 0.29728
-- Training of the discriminator, num_Updates[ 6 / 10]: Loss 0.29493
-- Training of the discriminator, num_Updates[ 7 / 10]: Loss 0.29264
-- Training of the discriminator, num_Updates[ 8 / 10]: Loss 0.29041
-- Training of the discriminator, num_Updates[ 9 / 10]: Loss 0.28820
-- Training of the discriminator, num_Updates[ 10 / 10]: Loss 0.28602
Generation time:  26.16  seconds
###   On generation 15 of 1000
Best best molecule in generation  15
    smile  :  CCCc1ccccc1
    fitness:  2.655211436584508
    logP   :  2.639100000000001
    sas    :  1.0804143977581013
    ringP  :  0
    discrm :  [0.1796639]
-- Training of the discriminator, num_Updates[ 1 / 10]: Loss 0.28887
-- Training of the discriminator, num_Updates[ 2 / 10]: Loss 0.28664
-- Training of the discriminator, num_Updates[ 3 / 10]: Loss 0.28445
-- Training of the discriminator, num_Updates[ 4 / 10]: Loss 0.28236
-- Training of the discriminator, num_Updates[ 5 / 10]: Loss 0.28036
-- Training of the discriminator, num_Updates[ 6 / 10]: Loss 0.27839
-- Training of the discriminator, num_Updates[ 7 / 10]: Loss 0.27642
-- Training of the discriminator, num_Updates[ 8 / 10]: Loss 0.27445
-- Training of the discriminator, num_Updates[ 9 / 10]: Loss 0.27249
-- Training of the discriminator, num_Updates[ 10 / 10]: Loss 0.27057
Generation time:  26.42  seconds
###   On generation 16 of 1000
Best best molecule in generation  16
    smile  :  CCCc1ccccc1
    fitness:  2.655211436584508
    logP   :  2.639100000000001
    sas    :  1.0804143977581013
    ringP  :  0
    discrm :  [0.16568598]
-- Training of the discriminator, num_Updates[ 1 / 10]: Loss 0.26043
-- Training of the discriminator, num_Updates[ 2 / 10]: Loss 0.25854
-- Training of the discriminator, num_Updates[ 3 / 10]: Loss 0.25671
-- Training of the discriminator, num_Updates[ 4 / 10]: Loss 0.25494
-- Training of the discriminator, num_Updates[ 5 / 10]: Loss 0.25319
-- Training of the discriminator, num_Updates[ 6 / 10]: Loss 0.25144
-- Training of the discriminator, num_Updates[ 7 / 10]: Loss 0.24969
-- Training of the discriminator, num_Updates[ 8 / 10]: Loss 0.24796
-- Training of the discriminator, num_Updates[ 9 / 10]: Loss 0.24627
-- Training of the discriminator, num_Updates[ 10 / 10]: Loss 0.24462
Generation time:  26.05  seconds
###   On generation 17 of 1000
Best best molecule in generation  17
    smile  :  CCCc1ccccc1
    fitness:  2.655211436584508
    logP   :  2.639100000000001
    sas    :  1.0804143977581013
    ringP  :  0
    discrm :  [0.15080845]
-- Training of the discriminator, num_Updates[ 1 / 10]: Loss 0.24681
-- Training of the discriminator, num_Updates[ 2 / 10]: Loss 0.24516
-- Training of the discriminator, num_Updates[ 3 / 10]: Loss 0.24356
-- Training of the discriminator, num_Updates[ 4 / 10]: Loss 0.24201
-- Training of the discriminator, num_Updates[ 5 / 10]: Loss 0.24049
-- Training of the discriminator, num_Updates[ 6 / 10]: Loss 0.23898
-- Training of the discriminator, num_Updates[ 7 / 10]: Loss 0.23748
-- Training of the discriminator, num_Updates[ 8 / 10]: Loss 0.23598
-- Training of the discriminator, num_Updates[ 9 / 10]: Loss 0.23449
-- Training of the discriminator, num_Updates[ 10 / 10]: Loss 0.23304
Generation time:  25.01  seconds
###   On generation 18 of 1000
Best best molecule in generation  18
    smile  :  CCCc1ccccc1
    fitness:  2.655211436584508
    logP   :  2.639100000000001
    sas    :  1.0804143977581013
    ringP  :  0
    discrm :  [0.14044943]
-- Training of the discriminator, num_Updates[ 1 / 10]: Loss 0.22978
-- Training of the discriminator, num_Updates[ 2 / 10]: Loss 0.22834
-- Training of the discriminator, num_Updates[ 3 / 10]: Loss 0.22694
-- Training of the discriminator, num_Updates[ 4 / 10]: Loss 0.22559
-- Training of the discriminator, num_Updates[ 5 / 10]: Loss 0.22427
-- Training of the discriminator, num_Updates[ 6 / 10]: Loss 0.22296
-- Training of the discriminator, num_Updates[ 7 / 10]: Loss 0.22165
-- Training of the discriminator, num_Updates[ 8 / 10]: Loss 0.22034
-- Training of the discriminator, num_Updates[ 9 / 10]: Loss 0.21903
-- Training of the discriminator, num_Updates[ 10 / 10]: Loss 0.21776
Generation time:  23.94  seconds
###   On generation 19 of 1000
Best best molecule in generation  19
    smile  :  CCCc1ccccc1
    fitness:  2.655211436584508
    logP   :  2.639100000000001
    sas    :  1.0804143977581013
    ringP  :  0
    discrm :  [0.12947223]
-- Training of the discriminator, num_Updates[ 1 / 10]: Loss 0.21472
-- Training of the discriminator, num_Updates[ 2 / 10]: Loss 0.21351
-- Training of the discriminator, num_Updates[ 3 / 10]: Loss 0.21230
-- Training of the discriminator, num_Updates[ 4 / 10]: Loss 0.21110
-- Training of the discriminator, num_Updates[ 5 / 10]: Loss 0.20991
-- Training of the discriminator, num_Updates[ 6 / 10]: Loss 0.20872
-- Training of the discriminator, num_Updates[ 7 / 10]: Loss 0.20755
-- Training of the discriminator, num_Updates[ 8 / 10]: Loss 0.20640
-- Training of the discriminator, num_Updates[ 9 / 10]: Loss 0.20527
-- Training of the discriminator, num_Updates[ 10 / 10]: Loss 0.20415
Generation time:  24.96  seconds
###   On generation 20 of 1000
Best best molecule in generation  20
    smile  :  CCCc1ccccc1
    fitness:  2.655211436584508
    logP   :  2.639100000000001
    sas    :  1.0804143977581013
    ringP  :  0
    discrm :  [0.12042172]
-- Training of the discriminator, num_Updates[ 1 / 10]: Loss 0.20444
-- Training of the discriminator, num_Updates[ 2 / 10]: Loss 0.20333
-- Training of the discriminator, num_Updates[ 3 / 10]: Loss 0.20223
-- Training of the discriminator, num_Updates[ 4 / 10]: Loss 0.20116
-- Training of the discriminator, num_Updates[ 5 / 10]: Loss 0.20010
-- Training of the discriminator, num_Updates[ 6 / 10]: Loss 0.19906
-- Training of the discriminator, num_Updates[ 7 / 10]: Loss 0.19802
-- Training of the discriminator, num_Updates[ 8 / 10]: Loss 0.19700
-- Training of the discriminator, num_Updates[ 9 / 10]: Loss 0.19597
-- Training of the discriminator, num_Updates[ 10 / 10]: Loss 0.19496
Generation time:  23.75  seconds
###   On generation 21 of 1000
Best best molecule in generation  21
    smile  :  CCCCc1ccccc1
    fitness:  2.901205129706411
    logP   :  3.0292000000000012
    sas    :  1.1049531863041597
    ringP  :  0
    discrm :  [0.12075172]
-- Training of the discriminator, num_Updates[ 1 / 10]: Loss 0.19556
-- Training of the discriminator, num_Updates[ 2 / 10]: Loss 0.19449
-- Training of the discriminator, num_Updates[ 3 / 10]: Loss 0.19344
-- Training of the discriminator, num_Updates[ 4 / 10]: Loss 0.19245
-- Training of the discriminator, num_Updates[ 5 / 10]: Loss 0.19151
-- Training of the discriminator, num_Updates[ 6 / 10]: Loss 0.19061
-- Training of the discriminator, num_Updates[ 7 / 10]: Loss 0.18970
-- Training of the discriminator, num_Updates[ 8 / 10]: Loss 0.18877
-- Training of the discriminator, num_Updates[ 9 / 10]: Loss 0.18782
-- Training of the discriminator, num_Updates[ 10 / 10]: Loss 0.18687
Generation time:  24.6  seconds
###   On generation 22 of 1000
Best best molecule in generation  22
    smile  :  c1ccc(Cc2ccccc2)cc1
    fitness:  3.168644422134308
    logP   :  3.277400000000002
    sas    :  1.0284255677733025
    ringP  :  0
    discrm :  [0.1311973]
-- Training of the discriminator, num_Updates[ 1 / 10]: Loss 0.18697
-- Training of the discriminator, num_Updates[ 2 / 10]: Loss 0.18608
-- Training of the discriminator, num_Updates[ 3 / 10]: Loss 0.18521
-- Training of the discriminator, num_Updates[ 4 / 10]: Loss 0.18436
-- Training of the discriminator, num_Updates[ 5 / 10]: Loss 0.18350
-- Training of the discriminator, num_Updates[ 6 / 10]: Loss 0.18263
-- Training of the discriminator, num_Updates[ 7 / 10]: Loss 0.18176
-- Training of the discriminator, num_Updates[ 8 / 10]: Loss 0.18090
-- Training of the discriminator, num_Updates[ 9 / 10]: Loss 0.18005
-- Training of the discriminator, num_Updates[ 10 / 10]: Loss 0.17921
Generation time:  23.22  seconds
###   On generation 23 of 1000
Best best molecule in generation  23
    smile  :  c1ccc(Cc2ccccc2)cc1
    fitness:  3.168644422134308
    logP   :  3.277400000000002
    sas    :  1.0284255677733025
    ringP  :  0
    discrm :  [0.12321299]
-- Training of the discriminator, num_Updates[ 1 / 10]: Loss 0.18001
-- Training of the discriminator, num_Updates[ 2 / 10]: Loss 0.17887
-- Training of the discriminator, num_Updates[ 3 / 10]: Loss 0.17757
-- Training of the discriminator, num_Updates[ 4 / 10]: Loss 0.17643
-- Training of the discriminator, num_Updates[ 5 / 10]: Loss 0.17562
-- Training of the discriminator, num_Updates[ 6 / 10]: Loss 0.17505
-- Training of the discriminator, num_Updates[ 7 / 10]: Loss 0.17446
-- Training of the discriminator, num_Updates[ 8 / 10]: Loss 0.17367
-- Training of the discriminator, num_Updates[ 9 / 10]: Loss 0.17270
-- Training of the discriminator, num_Updates[ 10 / 10]: Loss 0.17168
Generation time:  26.57  seconds
###   On generation 24 of 1000
Best best molecule in generation  24
    smile  :  c1ccc(Cc2ccccc2)cc1
    fitness:  3.168644422134308
    logP   :  3.277400000000002
    sas    :  1.0284255677733025
    ringP  :  0
    discrm :  [0.10589529]
-- Training of the discriminator, num_Updates[ 1 / 10]: Loss 0.17102
-- Training of the discriminator, num_Updates[ 2 / 10]: Loss 0.17029
-- Training of the discriminator, num_Updates[ 3 / 10]: Loss 0.16964
-- Training of the discriminator, num_Updates[ 4 / 10]: Loss 0.16897
-- Training of the discriminator, num_Updates[ 5 / 10]: Loss 0.16822
-- Training of the discriminator, num_Updates[ 6 / 10]: Loss 0.16740
-- Training of the discriminator, num_Updates[ 7 / 10]: Loss 0.16655
-- Training of the discriminator, num_Updates[ 8 / 10]: Loss 0.16575
-- Training of the discriminator, num_Updates[ 9 / 10]: Loss 0.16501
-- Training of the discriminator, num_Updates[ 10 / 10]: Loss 0.16431
Generation time:  27.85  seconds
###   On generation 25 of 1000
Best best molecule in generation  25
    smile  :  c1ccc(-c2ccccc2)cc1
    fitness:  3.2566871940218136
    logP   :  3.353600000000001
    sas    :  1.0
    ringP  :  0
    discrm :  [0.09204591]
-- Training of the discriminator, num_Updates[ 1 / 10]: Loss 0.16319
-- Training of the discriminator, num_Updates[ 2 / 10]: Loss 0.16250
-- Training of the discriminator, num_Updates[ 3 / 10]: Loss 0.16179
-- Training of the discriminator, num_Updates[ 4 / 10]: Loss 0.16105
-- Training of the discriminator, num_Updates[ 5 / 10]: Loss 0.16033
-- Training of the discriminator, num_Updates[ 6 / 10]: Loss 0.15962
-- Training of the discriminator, num_Updates[ 7 / 10]: Loss 0.15895
-- Training of the discriminator, num_Updates[ 8 / 10]: Loss 0.15829
-- Training of the discriminator, num_Updates[ 9 / 10]: Loss 0.15763
-- Training of the discriminator, num_Updates[ 10 / 10]: Loss 0.15697
Generation time:  26.65  seconds
###   On generation 26 of 1000
Best best molecule in generation  26
    smile  :  c1ccc(-c2ccccc2)cc1
    fitness:  3.2566871940218136
    logP   :  3.353600000000001
    sas    :  1.0
    ringP  :  0
    discrm :  [0.08946437]
-- Training of the discriminator, num_Updates[ 1 / 10]: Loss 0.15768
-- Training of the discriminator, num_Updates[ 2 / 10]: Loss 0.15694
-- Training of the discriminator, num_Updates[ 3 / 10]: Loss 0.15620
-- Training of the discriminator, num_Updates[ 4 / 10]: Loss 0.15550
-- Training of the discriminator, num_Updates[ 5 / 10]: Loss 0.15486
-- Training of the discriminator, num_Updates[ 6 / 10]: Loss 0.15425
-- Training of the discriminator, num_Updates[ 7 / 10]: Loss 0.15364
-- Training of the discriminator, num_Updates[ 8 / 10]: Loss 0.15301
-- Training of the discriminator, num_Updates[ 9 / 10]: Loss 0.15235
-- Training of the discriminator, num_Updates[ 10 / 10]: Loss 0.15168
Generation time:  27.25  seconds
###   On generation 27 of 1000
Best best molecule in generation  27
    smile  :  c1ccc(-c2ccccc2)cc1
    fitness:  3.2566871940218136
    logP   :  3.353600000000001
    sas    :  1.0
    ringP  :  0
    discrm :  [0.08387936]
-- Training of the discriminator, num_Updates[ 1 / 10]: Loss 0.15158
-- Training of the discriminator, num_Updates[ 2 / 10]: Loss 0.15079
-- Training of the discriminator, num_Updates[ 3 / 10]: Loss 0.15009
-- Training of the discriminator, num_Updates[ 4 / 10]: Loss 0.14949
-- Training of the discriminator, num_Updates[ 5 / 10]: Loss 0.14896
-- Training of the discriminator, num_Updates[ 6 / 10]: Loss 0.14841
-- Training of the discriminator, num_Updates[ 7 / 10]: Loss 0.14779
-- Training of the discriminator, num_Updates[ 8 / 10]: Loss 0.14711
-- Training of the discriminator, num_Updates[ 9 / 10]: Loss 0.14643
-- Training of the discriminator, num_Updates[ 10 / 10]: Loss 0.14580
Generation time:  27.08  seconds
###   On generation 28 of 1000
Best best molecule in generation  28
    smile  :  C(=Cc1ccccc1)c1ccccc1
    fitness:  3.2895406748006333
    logP   :  3.857000000000003
    sas    :  1.268055389767774
    ringP  :  0
    discrm :  [0.08845183]
-- Training of the discriminator, num_Updates[ 1 / 10]: Loss 0.15032
-- Training of the discriminator, num_Updates[ 2 / 10]: Loss 0.14971
-- Training of the discriminator, num_Updates[ 3 / 10]: Loss 0.14916
-- Training of the discriminator, num_Updates[ 4 / 10]: Loss 0.14862
-- Training of the discriminator, num_Updates[ 5 / 10]: Loss 0.14806
-- Training of the discriminator, num_Updates[ 6 / 10]: Loss 0.14747
-- Training of the discriminator, num_Updates[ 7 / 10]: Loss 0.14685
-- Training of the discriminator, num_Updates[ 8 / 10]: Loss 0.14625
-- Training of the discriminator, num_Updates[ 9 / 10]: Loss 0.14568
-- Training of the discriminator, num_Updates[ 10 / 10]: Loss 0.14514
Generation time:  26.54  seconds
###   On generation 29 of 1000
Best best molecule in generation  29
    smile  :  CCCCCCc1ccccc1
    fitness:  3.326445316247869
    logP   :  3.809400000000003
    sas    :  1.2094738691001456
    ringP  :  0
    discrm :  [0.0931995]
-- Training of the discriminator, num_Updates[ 1 / 10]: Loss 0.14548
-- Training of the discriminator, num_Updates[ 2 / 10]: Loss 0.14437
-- Training of the discriminator, num_Updates[ 3 / 10]: Loss 0.14307
-- Training of the discriminator, num_Updates[ 4 / 10]: Loss 0.14209
-- Training of the discriminator, num_Updates[ 5 / 10]: Loss 0.14164
-- Training of the discriminator, num_Updates[ 6 / 10]: Loss 0.14151
-- Training of the discriminator, num_Updates[ 7 / 10]: Loss 0.14131
-- Training of the discriminator, num_Updates[ 8 / 10]: Loss 0.14077
-- Training of the discriminator, num_Updates[ 9 / 10]: Loss 0.13995
-- Training of the discriminator, num_Updates[ 10 / 10]: Loss 0.13909
Generation time:  27.63  seconds
###   On generation 30 of 1000
Best best molecule in generation  30
    smile  :  CCCCCCc1ccccc1
    fitness:  3.326445316247869
    logP   :  3.809400000000003
    sas    :  1.2094738691001456
    ringP  :  0
    discrm :  [0.08072545]
-- Training of the discriminator, num_Updates[ 1 / 10]: Loss 0.14202
-- Training of the discriminator, num_Updates[ 2 / 10]: Loss 0.14150
-- Training of the discriminator, num_Updates[ 3 / 10]: Loss 0.14120
-- Training of the discriminator, num_Updates[ 4 / 10]: Loss 0.14086
-- Training of the discriminator, num_Updates[ 5 / 10]: Loss 0.14031
-- Training of the discriminator, num_Updates[ 6 / 10]: Loss 0.13959
-- Training of the discriminator, num_Updates[ 7 / 10]: Loss 0.13889
-- Training of the discriminator, num_Updates[ 8 / 10]: Loss 0.13834
-- Training of the discriminator, num_Updates[ 9 / 10]: Loss 0.13791
-- Training of the discriminator, num_Updates[ 10 / 10]: Loss 0.13750
Generation time:  28.49  seconds
###   On generation 31 of 1000
Best best molecule in generation  31
    smile  :  CCCCCCc1ccccc1
    fitness:  3.326445316247869
    logP   :  3.809400000000003
    sas    :  1.2094738691001456
    ringP  :  0
    discrm :  [0.0763767]
-- Training of the discriminator, num_Updates[ 1 / 10]: Loss 0.13701
-- Training of the discriminator, num_Updates[ 2 / 10]: Loss 0.13650
-- Training of the discriminator, num_Updates[ 3 / 10]: Loss 0.13599
-- Training of the discriminator, num_Updates[ 4 / 10]: Loss 0.13548
-- Training of the discriminator, num_Updates[ 5 / 10]: Loss 0.13498
-- Training of the discriminator, num_Updates[ 6 / 10]: Loss 0.13447
-- Training of the discriminator, num_Updates[ 7 / 10]: Loss 0.13397
-- Training of the discriminator, num_Updates[ 8 / 10]: Loss 0.13347
-- Training of the discriminator, num_Updates[ 9 / 10]: Loss 0.13297
-- Training of the discriminator, num_Updates[ 10 / 10]: Loss 0.13248
Generation time:  28.44  seconds
###   On generation 32 of 1000
Best best molecule in generation  32
    smile  :  CCCCCCc1ccccc1
    fitness:  3.326445316247869
    logP   :  3.809400000000003
    sas    :  1.2094738691001456
    ringP  :  0
    discrm :  [0.0732879]
-- Training of the discriminator, num_Updates[ 1 / 10]: Loss 0.13166
-- Training of the discriminator, num_Updates[ 2 / 10]: Loss 0.13118
-- Training of the discriminator, num_Updates[ 3 / 10]: Loss 0.13070
-- Training of the discriminator, num_Updates[ 4 / 10]: Loss 0.13023
-- Training of the discriminator, num_Updates[ 5 / 10]: Loss 0.12978
-- Training of the discriminator, num_Updates[ 6 / 10]: Loss 0.12932
-- Training of the discriminator, num_Updates[ 7 / 10]: Loss 0.12886
-- Training of the discriminator, num_Updates[ 8 / 10]: Loss 0.12839
-- Training of the discriminator, num_Updates[ 9 / 10]: Loss 0.12793
-- Training of the discriminator, num_Updates[ 10 / 10]: Loss 0.12748
Generation time:  29.11  seconds
###   On generation 33 of 1000
Best best molecule in generation  33
    smile  :  CCCCCCCc1ccccc1
    fitness:  3.5406920293431976
    logP   :  4.199500000000003
    sas    :  1.260383069846883
    ringP  :  0
    discrm :  [0.07400372]
-- Training of the discriminator, num_Updates[ 1 / 10]: Loss 0.12929
-- Training of the discriminator, num_Updates[ 2 / 10]: Loss 0.12882
-- Training of the discriminator, num_Updates[ 3 / 10]: Loss 0.12836
-- Training of the discriminator, num_Updates[ 4 / 10]: Loss 0.12791
-- Training of the discriminator, num_Updates[ 5 / 10]: Loss 0.12747
-- Training of the discriminator, num_Updates[ 6 / 10]: Loss 0.12702
-- Training of the discriminator, num_Updates[ 7 / 10]: Loss 0.12656
-- Training of the discriminator, num_Updates[ 8 / 10]: Loss 0.12610
-- Training of the discriminator, num_Updates[ 9 / 10]: Loss 0.12565
-- Training of the discriminator, num_Updates[ 10 / 10]: Loss 0.12521
Generation time:  28.33  seconds
###   On generation 34 of 1000
Best best molecule in generation  34
    smile  :  CCCCCCCc1ccccc1
    fitness:  3.5406920293431976
    logP   :  4.199500000000003
    sas    :  1.260383069846883
    ringP  :  0
    discrm :  [0.07139305]
-- Training of the discriminator, num_Updates[ 1 / 10]: Loss 0.12453
-- Training of the discriminator, num_Updates[ 2 / 10]: Loss 0.12398
-- Training of the discriminator, num_Updates[ 3 / 10]: Loss 0.12345
-- Training of the discriminator, num_Updates[ 4 / 10]: Loss 0.12302
-- Training of the discriminator, num_Updates[ 5 / 10]: Loss 0.12266
-- Training of the discriminator, num_Updates[ 6 / 10]: Loss 0.12231
-- Training of the discriminator, num_Updates[ 7 / 10]: Loss 0.12189
-- Training of the discriminator, num_Updates[ 8 / 10]: Loss 0.12142
-- Training of the discriminator, num_Updates[ 9 / 10]: Loss 0.12095
-- Training of the discriminator, num_Updates[ 10 / 10]: Loss 0.12052
Generation time:  29.91  seconds
###   On generation 35 of 1000
Best best molecule in generation  35
    smile  :  CCCCCCCc1ccccc1
    fitness:  3.5406920293431976
    logP   :  4.199500000000003
    sas    :  1.260383069846883
    ringP  :  0
    discrm :  [0.06761628]
-- Training of the discriminator, num_Updates[ 1 / 10]: Loss 0.12921
-- Training of the discriminator, num_Updates[ 2 / 10]: Loss 0.12886
-- Training of the discriminator, num_Updates[ 3 / 10]: Loss 0.12838
-- Training of the discriminator, num_Updates[ 4 / 10]: Loss 0.12789
-- Training of the discriminator, num_Updates[ 5 / 10]: Loss 0.12751
-- Training of the discriminator, num_Updates[ 6 / 10]: Loss 0.12721
-- Training of the discriminator, num_Updates[ 7 / 10]: Loss 0.12692
-- Training of the discriminator, num_Updates[ 8 / 10]: Loss 0.12656
-- Training of the discriminator, num_Updates[ 9 / 10]: Loss 0.12612
-- Training of the discriminator, num_Updates[ 10 / 10]: Loss 0.12569
Generation time:  27.31  seconds
###   On generation 36 of 1000
Best best molecule in generation  36
    smile  :  CCCCCCCc1ccccc1
    fitness:  3.5406920293431976
    logP   :  4.199500000000003
    sas    :  1.260383069846883
    ringP  :  0
    discrm :  [0.06394057]
-- Training of the discriminator, num_Updates[ 1 / 10]: Loss 0.12914
-- Training of the discriminator, num_Updates[ 2 / 10]: Loss 0.12756
-- Training of the discriminator, num_Updates[ 3 / 10]: Loss 0.12641
-- Training of the discriminator, num_Updates[ 4 / 10]: Loss 0.12624
-- Training of the discriminator, num_Updates[ 5 / 10]: Loss 0.12665
-- Training of the discriminator, num_Updates[ 6 / 10]: Loss 0.12675
-- Training of the discriminator, num_Updates[ 7 / 10]: Loss 0.12611
-- Training of the discriminator, num_Updates[ 8 / 10]: Loss 0.12511
-- Training of the discriminator, num_Updates[ 9 / 10]: Loss 0.12436
-- Training of the discriminator, num_Updates[ 10 / 10]: Loss 0.12411
Generation time:  29.84  seconds
###   On generation 37 of 1000
Best best molecule in generation  37
    smile  :  CCCCCCCc1ccccc1
    fitness:  3.5406920293431976
    logP   :  4.199500000000003
    sas    :  1.260383069846883
    ringP  :  0
    discrm :  [0.0640538]
-- Training of the discriminator, num_Updates[ 1 / 10]: Loss 0.11391
-- Training of the discriminator, num_Updates[ 2 / 10]: Loss 0.11376
-- Training of the discriminator, num_Updates[ 3 / 10]: Loss 0.11352
-- Training of the discriminator, num_Updates[ 4 / 10]: Loss 0.11308
-- Training of the discriminator, num_Updates[ 5 / 10]: Loss 0.11252
-- Training of the discriminator, num_Updates[ 6 / 10]: Loss 0.11203
-- Training of the discriminator, num_Updates[ 7 / 10]: Loss 0.11168
-- Training of the discriminator, num_Updates[ 8 / 10]: Loss 0.11141
-- Training of the discriminator, num_Updates[ 9 / 10]: Loss 0.11109
-- Training of the discriminator, num_Updates[ 10 / 10]: Loss 0.11066
Generation time:  28.13  seconds
###   On generation 38 of 1000
Best best molecule in generation  38
    smile  :  CCCCCCCCc1ccccc1
    fitness:  3.758919536292796
    logP   :  4.589600000000004
    sas    :  1.3079856513581802
    ringP  :  0
    discrm :  [0.06859694]
-- Training of the discriminator, num_Updates[ 1 / 10]: Loss 0.11502
-- Training of the discriminator, num_Updates[ 2 / 10]: Loss 0.11449
-- Training of the discriminator, num_Updates[ 3 / 10]: Loss 0.11412
-- Training of the discriminator, num_Updates[ 4 / 10]: Loss 0.11387
-- Training of the discriminator, num_Updates[ 5 / 10]: Loss 0.11359
-- Training of the discriminator, num_Updates[ 6 / 10]: Loss 0.11319
-- Training of the discriminator, num_Updates[ 7 / 10]: Loss 0.11272
-- Training of the discriminator, num_Updates[ 8 / 10]: Loss 0.11230
-- Training of the discriminator, num_Updates[ 9 / 10]: Loss 0.11197
-- Training of the discriminator, num_Updates[ 10 / 10]: Loss 0.11168
Generation time:  29.31  seconds
###   On generation 39 of 1000
Best best molecule in generation  39
    smile  :  CCCCCCCCc1ccccc1
    fitness:  3.758919536292796
    logP   :  4.589600000000004
    sas    :  1.3079856513581802
    ringP  :  0
    discrm :  [0.06558679]
-- Training of the discriminator, num_Updates[ 1 / 10]: Loss 0.11435
-- Training of the discriminator, num_Updates[ 2 / 10]: Loss 0.11353
-- Training of the discriminator, num_Updates[ 3 / 10]: Loss 0.11275
-- Training of the discriminator, num_Updates[ 4 / 10]: Loss 0.11244
-- Training of the discriminator, num_Updates[ 5 / 10]: Loss 0.11244
-- Training of the discriminator, num_Updates[ 6 / 10]: Loss 0.11226
-- Training of the discriminator, num_Updates[ 7 / 10]: Loss 0.11173
-- Training of the discriminator, num_Updates[ 8 / 10]: Loss 0.11109
-- Training of the discriminator, num_Updates[ 9 / 10]: Loss 0.11066
-- Training of the discriminator, num_Updates[ 10 / 10]: Loss 0.11048
Generation time:  28.75  seconds
###   On generation 40 of 1000
Best best molecule in generation  40
    smile  :  CCCCCCCCc1ccccc1
    fitness:  3.758919536292796
    logP   :  4.589600000000004
    sas    :  1.3079856513581802
    ringP  :  0
    discrm :  [0.06142119]
-- Training of the discriminator, num_Updates[ 1 / 10]: Loss 0.10471
-- Training of the discriminator, num_Updates[ 2 / 10]: Loss 0.10427
-- Training of the discriminator, num_Updates[ 3 / 10]: Loss 0.10366
-- Training of the discriminator, num_Updates[ 4 / 10]: Loss 0.10313
-- Training of the discriminator, num_Updates[ 5 / 10]: Loss 0.10280
-- Training of the discriminator, num_Updates[ 6 / 10]: Loss 0.10261
-- Training of the discriminator, num_Updates[ 7 / 10]: Loss 0.10239
-- Training of the discriminator, num_Updates[ 8 / 10]: Loss 0.10204
-- Training of the discriminator, num_Updates[ 9 / 10]: Loss 0.10159
-- Training of the discriminator, num_Updates[ 10 / 10]: Loss 0.10114
Generation time:  28.58  seconds
###   On generation 41 of 1000
Best best molecule in generation  41
    smile  :  CCCCCCCCc1ccccc1
    fitness:  3.758919536292796
    logP   :  4.589600000000004
    sas    :  1.3079856513581802
    ringP  :  0
    discrm :  [0.05685289]
-- Training of the discriminator, num_Updates[ 1 / 10]: Loss 0.11154
-- Training of the discriminator, num_Updates[ 2 / 10]: Loss 0.11133
-- Training of the discriminator, num_Updates[ 3 / 10]: Loss 0.11103
-- Training of the discriminator, num_Updates[ 4 / 10]: Loss 0.11063
-- Training of the discriminator, num_Updates[ 5 / 10]: Loss 0.11021
-- Training of the discriminator, num_Updates[ 6 / 10]: Loss 0.10986
-- Training of the discriminator, num_Updates[ 7 / 10]: Loss 0.10958
-- Training of the discriminator, num_Updates[ 8 / 10]: Loss 0.10929
-- Training of the discriminator, num_Updates[ 9 / 10]: Loss 0.10895
-- Training of the discriminator, num_Updates[ 10 / 10]: Loss 0.10857
Generation time:  28.14  seconds
###   On generation 42 of 1000
Best best molecule in generation  42
    smile  :  CCc1cccc(C2=CC=CC2=CCCCCc2ccccc2)c1
    fitness:  3.809890995070322
    logP   :  6.541600000000006
    sas    :  2.4108854583778836
    ringP  :  0
    discrm :  [0.05797295]
-- Training of the discriminator, num_Updates[ 1 / 10]: Loss 0.10622
-- Training of the discriminator, num_Updates[ 2 / 10]: Loss 0.10579
-- Training of the discriminator, num_Updates[ 3 / 10]: Loss 0.10545
-- Training of the discriminator, num_Updates[ 4 / 10]: Loss 0.10517
-- Training of the discriminator, num_Updates[ 5 / 10]: Loss 0.10486
-- Training of the discriminator, num_Updates[ 6 / 10]: Loss 0.10449
-- Training of the discriminator, num_Updates[ 7 / 10]: Loss 0.10407
-- Training of the discriminator, num_Updates[ 8 / 10]: Loss 0.10368
-- Training of the discriminator, num_Updates[ 9 / 10]: Loss 0.10334
-- Training of the discriminator, num_Updates[ 10 / 10]: Loss 0.10302
Generation time:  29.22  seconds
###   On generation 43 of 1000
Best best molecule in generation  43
    smile  :  CCc1cccc(C2=CC=CC2=CCCCCc2ccccc2)c1
    fitness:  3.809890995070322
    logP   :  6.541600000000006
    sas    :  2.4108854583778836
    ringP  :  0
    discrm :  [0.05738158]
-- Training of the discriminator, num_Updates[ 1 / 10]: Loss 0.10275
-- Training of the discriminator, num_Updates[ 2 / 10]: Loss 0.10241
-- Training of the discriminator, num_Updates[ 3 / 10]: Loss 0.10208
-- Training of the discriminator, num_Updates[ 4 / 10]: Loss 0.10176
-- Training of the discriminator, num_Updates[ 5 / 10]: Loss 0.10142
-- Training of the discriminator, num_Updates[ 6 / 10]: Loss 0.10108
-- Training of the discriminator, num_Updates[ 7 / 10]: Loss 0.10073
-- Training of the discriminator, num_Updates[ 8 / 10]: Loss 0.10038
-- Training of the discriminator, num_Updates[ 9 / 10]: Loss 0.10005
-- Training of the discriminator, num_Updates[ 10 / 10]: Loss 0.09971
Generation time:  29.03  seconds
###   On generation 44 of 1000
Best best molecule in generation  44
    smile  :  CCc1cccc(C2=CC=CC2=CCCCCc2ccccc2)c1
    fitness:  3.809890995070322
    logP   :  6.541600000000006
    sas    :  2.4108854583778836
    ringP  :  0
    discrm :  [0.05629196]
-- Training of the discriminator, num_Updates[ 1 / 10]: Loss 0.09567
-- Training of the discriminator, num_Updates[ 2 / 10]: Loss 0.09503
-- Training of the discriminator, num_Updates[ 3 / 10]: Loss 0.09443
-- Training of the discriminator, num_Updates[ 4 / 10]: Loss 0.09414
-- Training of the discriminator, num_Updates[ 5 / 10]: Loss 0.09406
-- Training of the discriminator, num_Updates[ 6 / 10]: Loss 0.09393
-- Training of the discriminator, num_Updates[ 7 / 10]: Loss 0.09358
-- Training of the discriminator, num_Updates[ 8 / 10]: Loss 0.09310
-- Training of the discriminator, num_Updates[ 9 / 10]: Loss 0.09267
-- Training of the discriminator, num_Updates[ 10 / 10]: Loss 0.09240
Generation time:  28.39  seconds
###   On generation 45 of 1000
Best best molecule in generation  45
    smile  :  CCc1cccc(C2=CC=CC2=CCCCCc2ccccc2)c1
    fitness:  3.809890995070322
    logP   :  6.541600000000006
    sas    :  2.4108854583778836
    ringP  :  0
    discrm :  [0.05273559]
-- Training of the discriminator, num_Updates[ 1 / 10]: Loss 0.09254
-- Training of the discriminator, num_Updates[ 2 / 10]: Loss 0.09225
-- Training of the discriminator, num_Updates[ 3 / 10]: Loss 0.09174
-- Training of the discriminator, num_Updates[ 4 / 10]: Loss 0.09125
-- Training of the discriminator, num_Updates[ 5 / 10]: Loss 0.09096
-- Training of the discriminator, num_Updates[ 6 / 10]: Loss 0.09082
-- Training of the discriminator, num_Updates[ 7 / 10]: Loss 0.09064
-- Training of the discriminator, num_Updates[ 8 / 10]: Loss 0.09032
-- Training of the discriminator, num_Updates[ 9 / 10]: Loss 0.08990
-- Training of the discriminator, num_Updates[ 10 / 10]: Loss 0.08953
Generation time:  28.1  seconds
###   On generation 46 of 1000
Best best molecule in generation  46
    smile  :  CCCCCCCc1cccc(C=CCc2ccccc2)c1
    fitness:  4.359295322305324
    logP   :  6.455400000000006
    sas    :  1.9039529429855726
    ringP  :  0
    discrm :  [0.05130333]
-- Training of the discriminator, num_Updates[ 1 / 10]: Loss 0.09837
-- Training of the discriminator, num_Updates[ 2 / 10]: Loss 0.09784
-- Training of the discriminator, num_Updates[ 3 / 10]: Loss 0.09764
-- Training of the discriminator, num_Updates[ 4 / 10]: Loss 0.09760
-- Training of the discriminator, num_Updates[ 5 / 10]: Loss 0.09737
-- Training of the discriminator, num_Updates[ 6 / 10]: Loss 0.09690
-- Training of the discriminator, num_Updates[ 7 / 10]: Loss 0.09647
-- Training of the discriminator, num_Updates[ 8 / 10]: Loss 0.09623
-- Training of the discriminator, num_Updates[ 9 / 10]: Loss 0.09608
-- Training of the discriminator, num_Updates[ 10 / 10]: Loss 0.09586
Generation time:  30.9  seconds
###   On generation 47 of 1000
Best best molecule in generation  47
    smile  :  CCCCCCCc1cccc(C=Cc2ccccc2)c1
    fitness:  4.481697765035178
    logP   :  6.369900000000007
    sas    :  1.7521173177026412
    ringP  :  0
    discrm :  [0.04864058]
-- Training of the discriminator, num_Updates[ 1 / 10]: Loss 0.09877
-- Training of the discriminator, num_Updates[ 2 / 10]: Loss 0.09783
-- Training of the discriminator, num_Updates[ 3 / 10]: Loss 0.09688
-- Training of the discriminator, num_Updates[ 4 / 10]: Loss 0.09659
-- Training of the discriminator, num_Updates[ 5 / 10]: Loss 0.09676
-- Training of the discriminator, num_Updates[ 6 / 10]: Loss 0.09676
-- Training of the discriminator, num_Updates[ 7 / 10]: Loss 0.09626
-- Training of the discriminator, num_Updates[ 8 / 10]: Loss 0.09554
-- Training of the discriminator, num_Updates[ 9 / 10]: Loss 0.09506
-- Training of the discriminator, num_Updates[ 10 / 10]: Loss 0.09492
Generation time:  30.3  seconds
###   On generation 48 of 1000
Best best molecule in generation  48
    smile  :  CCCCCCCCC1=CC=CC1=CC=CC=CC1=CC=CC1=CCc1ccccc1
    fitness:  4.385304306671758
    logP   :  8.937300000000002
    sas    :  3.338480125007079
    ringP  :  0
    discrm :  [0.04662608]
-- Training of the discriminator, num_Updates[ 1 / 10]: Loss 0.09681
-- Training of the discriminator, num_Updates[ 2 / 10]: Loss 0.09536
-- Training of the discriminator, num_Updates[ 3 / 10]: Loss 0.09364
-- Training of the discriminator, num_Updates[ 4 / 10]: Loss 0.09319
-- Training of the discriminator, num_Updates[ 5 / 10]: Loss 0.09376
-- Training of the discriminator, num_Updates[ 6 / 10]: Loss 0.09395
-- Training of the discriminator, num_Updates[ 7 / 10]: Loss 0.09312
-- Training of the discriminator, num_Updates[ 8 / 10]: Loss 0.09195
-- Training of the discriminator, num_Updates[ 9 / 10]: Loss 0.09137
-- Training of the discriminator, num_Updates[ 10 / 10]: Loss 0.09144
Generation time:  28.83  seconds
###   On generation 49 of 1000
Best best molecule in generation  49
    smile  :  CCCCCCCCC1=CC=CC1=CC=CC=CC1=CC=CC1=CCc1ccccc1
    fitness:  4.385304306671758
    logP   :  8.937300000000002
    sas    :  3.338480125007079
    ringP  :  0
    discrm :  [0.04365783]
-- Training of the discriminator, num_Updates[ 1 / 10]: Loss 0.09426
-- Training of the discriminator, num_Updates[ 2 / 10]: Loss 0.09341
-- Training of the discriminator, num_Updates[ 3 / 10]: Loss 0.09234
-- Training of the discriminator, num_Updates[ 4 / 10]: Loss 0.09198
-- Training of the discriminator, num_Updates[ 5 / 10]: Loss 0.09195
-- Training of the discriminator, num_Updates[ 6 / 10]: Loss 0.09147
-- Training of the discriminator, num_Updates[ 7 / 10]: Loss 0.09056
-- Training of the discriminator, num_Updates[ 8 / 10]: Loss 0.08986
-- Training of the discriminator, num_Updates[ 9 / 10]: Loss 0.08957
-- Training of the discriminator, num_Updates[ 10 / 10]: Loss 0.08926
Generation time:  33.08  seconds
###   On generation 50 of 1000
Best best molecule in generation  50
    smile  :  CCCCCCCC1=CC=CC1=CCC1=CC=CC1=CC=CC=CC1=CC=CC1=CCc1ccccc1
    fitness:  4.813888565143939
    logP   :  10.359899999999993
    sas    :  3.8171193222420747
    ringP  :  0
    discrm :  [0.04182368]
-- Training of the discriminator, num_Updates[ 1 / 10]: Loss 0.10225
-- Training of the discriminator, num_Updates[ 2 / 10]: Loss 0.10040
-- Training of the discriminator, num_Updates[ 3 / 10]: Loss 0.09971
-- Training of the discriminator, num_Updates[ 4 / 10]: Loss 0.09990
-- Training of the discriminator, num_Updates[ 5 / 10]: Loss 0.09973
-- Training of the discriminator, num_Updates[ 6 / 10]: Loss 0.09876
-- Training of the discriminator, num_Updates[ 7 / 10]: Loss 0.09755
-- Training of the discriminator, num_Updates[ 8 / 10]: Loss 0.09684
-- Training of the discriminator, num_Updates[ 9 / 10]: Loss 0.09669
-- Training of the discriminator, num_Updates[ 10 / 10]: Loss 0.09638
Generation time:  31.88  seconds
###   On generation 51 of 1000
Best best molecule in generation  51
    smile  :  CCCCCCCC(C)=CC=CCC1=CC=CC1=CC=CC=CC1=CC=CC1=CCc1ccccc1
    fitness:  5.04172250550456
    logP   :  10.439799999999993
    sas    :  3.6747479657768007
    ringP  :  0
    discrm :  [0.04064377]
-- Training of the discriminator, num_Updates[ 1 / 10]: Loss 0.10123
-- Training of the discriminator, num_Updates[ 2 / 10]: Loss 0.10059
-- Training of the discriminator, num_Updates[ 3 / 10]: Loss 0.10020
-- Training of the discriminator, num_Updates[ 4 / 10]: Loss 0.09977
-- Training of the discriminator, num_Updates[ 5 / 10]: Loss 0.09915
-- Training of the discriminator, num_Updates[ 6 / 10]: Loss 0.09849
-- Training of the discriminator, num_Updates[ 7 / 10]: Loss 0.09798
-- Training of the discriminator, num_Updates[ 8 / 10]: Loss 0.09755
-- Training of the discriminator, num_Updates[ 9 / 10]: Loss 0.09702
-- Training of the discriminator, num_Updates[ 10 / 10]: Loss 0.09642
Generation time:  35.65  seconds
###   On generation 52 of 1000
Best best molecule in generation  52
    smile  :  CCCCCCCC(C)=CC=CCC1=CC=CC1=CC=CC=CC1=CC=CC1=CCc1ccccc1
    fitness:  5.04172250550456
    logP   :  10.439799999999993
    sas    :  3.6747479657768007
    ringP  :  0
    discrm :  [0.03961592]
-- Training of the discriminator, num_Updates[ 1 / 10]: Loss 0.10627
-- Training of the discriminator, num_Updates[ 2 / 10]: Loss 0.10412
-- Training of the discriminator, num_Updates[ 3 / 10]: Loss 0.10400
-- Training of the discriminator, num_Updates[ 4 / 10]: Loss 0.10433
-- Training of the discriminator, num_Updates[ 5 / 10]: Loss 0.10322
-- Training of the discriminator, num_Updates[ 6 / 10]: Loss 0.10163
-- Training of the discriminator, num_Updates[ 7 / 10]: Loss 0.10111
-- Training of the discriminator, num_Updates[ 8 / 10]: Loss 0.10115
-- Training of the discriminator, num_Updates[ 9 / 10]: Loss 0.10036
-- Training of the discriminator, num_Updates[ 10 / 10]: Loss 0.09911
Generation time:  34.44  seconds
###   On generation 53 of 1000
Best best molecule in generation  53
    smile  :  C=CC=CCC=C1C=CC=C1CC=CC=CC=C(C)C=CC=CC=CC=CC=C1C=CC=C1CCCCCCC
    fitness:  5.492691782520342
    logP   :  11.997999999999982
    sas    :  4.214349755015899
    ringP  :  0
    discrm :  [0.03844341]
-- Training of the discriminator, num_Updates[ 1 / 10]: Loss 0.08918
-- Training of the discriminator, num_Updates[ 2 / 10]: Loss 0.08821
-- Training of the discriminator, num_Updates[ 3 / 10]: Loss 0.08812
-- Training of the discriminator, num_Updates[ 4 / 10]: Loss 0.08801
-- Training of the discriminator, num_Updates[ 5 / 10]: Loss 0.08727
-- Training of the discriminator, num_Updates[ 6 / 10]: Loss 0.08613
-- Training of the discriminator, num_Updates[ 7 / 10]: Loss 0.08523
-- Training of the discriminator, num_Updates[ 8 / 10]: Loss 0.08483
-- Training of the discriminator, num_Updates[ 9 / 10]: Loss 0.08458
-- Training of the discriminator, num_Updates[ 10 / 10]: Loss 0.08403
Generation time:  37.16  seconds
###   On generation 54 of 1000
Best best molecule in generation  54
    smile  :  C=CC=CCC=C1C=CC=C1CC=CC=CC=C(C)C=CC=CC=CC=CCC=C1C=CC=C1CCCCCCC
    fitness:  5.66508177331588
    logP   :  12.388099999999978
    sas    :  4.300026956356421
    ringP  :  0
    discrm :  [0.03784521]
-- Training of the discriminator, num_Updates[ 1 / 10]: Loss 0.07733
-- Training of the discriminator, num_Updates[ 2 / 10]: Loss 0.07689
-- Training of the discriminator, num_Updates[ 3 / 10]: Loss 0.07635
-- Training of the discriminator, num_Updates[ 4 / 10]: Loss 0.07575
-- Training of the discriminator, num_Updates[ 5 / 10]: Loss 0.07520
-- Training of the discriminator, num_Updates[ 6 / 10]: Loss 0.07472
-- Training of the discriminator, num_Updates[ 7 / 10]: Loss 0.07432
-- Training of the discriminator, num_Updates[ 8 / 10]: Loss 0.07393
-- Training of the discriminator, num_Updates[ 9 / 10]: Loss 0.07353
-- Training of the discriminator, num_Updates[ 10 / 10]: Loss 0.07309
Generation time:  39.98  seconds
###   On generation 55 of 1000
Best best molecule in generation  55
    smile  :  C=CC=CCC=C1C=CC=C1CC=C1C=CC=C1C=CC=CCC=CC=CC=C=CC=CC=C=CC=CCC=CC1=CC=C=C1CCCCCCC
    fitness:  6.087005486045539
    logP   :  14.832199999999963
    sas    :  5.383513002737937
    ringP  :  0
    discrm :  [0.03706457]
-- Training of the discriminator, num_Updates[ 1 / 10]: Loss 0.07831
-- Training of the discriminator, num_Updates[ 2 / 10]: Loss 0.07776
-- Training of the discriminator, num_Updates[ 3 / 10]: Loss 0.07734
-- Training of the discriminator, num_Updates[ 4 / 10]: Loss 0.07699
-- Training of the discriminator, num_Updates[ 5 / 10]: Loss 0.07660
-- Training of the discriminator, num_Updates[ 6 / 10]: Loss 0.07612
-- Training of the discriminator, num_Updates[ 7 / 10]: Loss 0.07562
-- Training of the discriminator, num_Updates[ 8 / 10]: Loss 0.07517
-- Training of the discriminator, num_Updates[ 9 / 10]: Loss 0.07479
-- Training of the discriminator, num_Updates[ 10 / 10]: Loss 0.07442
Generation time:  39.61  seconds
###   On generation 56 of 1000
Best best molecule in generation  56
    smile  :  C=CC=CCC=C1C=CC=C1CC=C1C=CC=C1C=CC=CCC=CC=CC=C=CC=CC=C=CC=CCC=CC1=CC=C=C1CCCCCCC
    fitness:  6.087005486045539
    logP   :  14.832199999999963
    sas    :  5.383513002737937
    ringP  :  0
    discrm :  [0.03636444]
-- Training of the discriminator, num_Updates[ 1 / 10]: Loss 0.06949
-- Training of the discriminator, num_Updates[ 2 / 10]: Loss 0.06895
-- Training of the discriminator, num_Updates[ 3 / 10]: Loss 0.06836
-- Training of the discriminator, num_Updates[ 4 / 10]: Loss 0.06788
-- Training of the discriminator, num_Updates[ 5 / 10]: Loss 0.06759
-- Training of the discriminator, num_Updates[ 6 / 10]: Loss 0.06742
-- Training of the discriminator, num_Updates[ 7 / 10]: Loss 0.06721
-- Training of the discriminator, num_Updates[ 8 / 10]: Loss 0.06686
-- Training of the discriminator, num_Updates[ 9 / 10]: Loss 0.06641
-- Training of the discriminator, num_Updates[ 10 / 10]: Loss 0.06599
Generation time:  41.64  seconds
###   On generation 57 of 1000
Best best molecule in generation  57
    smile  :  C=CC=CCC=C1C=CC=C1CC=C1C=CC=C1C=CC=CCC=CC=CC=C=CC=CC=C=CC=CCC=CC1=CC=C=C1CCCCCCC
    fitness:  6.087005486045539
    logP   :  14.832199999999963
    sas    :  5.383513002737937
    ringP  :  0
    discrm :  [0.03560992]
-- Training of the discriminator, num_Updates[ 1 / 10]: Loss 0.07155
-- Training of the discriminator, num_Updates[ 2 / 10]: Loss 0.07131
-- Training of the discriminator, num_Updates[ 3 / 10]: Loss 0.07112
-- Training of the discriminator, num_Updates[ 4 / 10]: Loss 0.07090
-- Training of the discriminator, num_Updates[ 5 / 10]: Loss 0.07062
-- Training of the discriminator, num_Updates[ 6 / 10]: Loss 0.07030
-- Training of the discriminator, num_Updates[ 7 / 10]: Loss 0.07000
-- Training of the discriminator, num_Updates[ 8 / 10]: Loss 0.06974
-- Training of the discriminator, num_Updates[ 9 / 10]: Loss 0.06952
-- Training of the discriminator, num_Updates[ 10 / 10]: Loss 0.06932
Generation time:  41.56  seconds
###   On generation 58 of 1000
Best best molecule in generation  58
    smile  :  C=CC=CCC=C1C=CC=C1CCC=C1C=CC=C1C=CC=CC=CC=CCC=CC=CC=C=CC=CC=C(CC)CCCCC=C1C=CC=C1
    fitness:  6.374091639291249
    logP   :  14.688099999999963
    sas    :  5.060503342676233
    ringP  :  0
    discrm :  [0.03493627]
-- Training of the discriminator, num_Updates[ 1 / 10]: Loss 0.06472
-- Training of the discriminator, num_Updates[ 2 / 10]: Loss 0.06398
-- Training of the discriminator, num_Updates[ 3 / 10]: Loss 0.06294
-- Training of the discriminator, num_Updates[ 4 / 10]: Loss 0.06204
-- Training of the discriminator, num_Updates[ 5 / 10]: Loss 0.06166
-- Training of the discriminator, num_Updates[ 6 / 10]: Loss 0.06188
-- Training of the discriminator, num_Updates[ 7 / 10]: Loss 0.06221
-- Training of the discriminator, num_Updates[ 8 / 10]: Loss 0.06207
-- Training of the discriminator, num_Updates[ 9 / 10]: Loss 0.06147
-- Training of the discriminator, num_Updates[ 10 / 10]: Loss 0.06080
Generation time:  42.39  seconds
###   On generation 59 of 1000
Best best molecule in generation  59
    smile  :  C=CC=CCC=CC=CC=C(C)C=CC=CC=C(C)C=CC=CC=CC=CCC=CC=CC=CC=CC=CC=C(C)C=C(CC#N)CCCCC
    fitness:  7.226810484997909
    logP   :  14.998679999999963
    sas    :  4.53441562133707
    ringP  :  0
    discrm :  [0.03432928]
-- Training of the discriminator, num_Updates[ 1 / 10]: Loss 0.06266
-- Training of the discriminator, num_Updates[ 2 / 10]: Loss 0.06272
-- Training of the discriminator, num_Updates[ 3 / 10]: Loss 0.06275
-- Training of the discriminator, num_Updates[ 4 / 10]: Loss 0.06267
-- Training of the discriminator, num_Updates[ 5 / 10]: Loss 0.06246
-- Training of the discriminator, num_Updates[ 6 / 10]: Loss 0.06216
-- Training of the discriminator, num_Updates[ 7 / 10]: Loss 0.06183
-- Training of the discriminator, num_Updates[ 8 / 10]: Loss 0.06154
-- Training of the discriminator, num_Updates[ 9 / 10]: Loss 0.06134
-- Training of the discriminator, num_Updates[ 10 / 10]: Loss 0.06123
Generation time:  43.36  seconds
###   On generation 60 of 1000
Best best molecule in generation  60
    smile  :  CCCCCC(=CC=CC=CC=CC=CC=CC=CC(C)=CC=CC=CC(C)=CC=CC=CC=CC1=CC=CC1=CCC=CCC=CC=CF)CC
    fitness:  7.471022786598773
    logP   :  15.71229999999996
    sas    :  4.750243377661027
    ringP  :  0
    discrm :  [0.03370264]
